[0.828s] Invoking command in '/home/shaqiloheal/ros2_ws/src/fibonacci': DEBUGINFOD_URLS=https://debuginfod.ubuntu.com PS1=(ros2_env) \[\e]0;\u@\h: \w\a\]${debian_chroot:+($debian_chroot)}\[\033[01;32m\]\u@\h\[\033[00m\]:\[\033[01;34m\]\w\[\033[00m\]\$ PYTHONPATH=/home/shaqiloheal/ros2_ws/build/fibonacci/prefix_override:/usr/lib/python3/dist-packages/colcon_core/task/python/colcon_distutils_commands:/home/shaqiloheal/ros2_ws/install/fibonacci/lib/python3.12/site-packages:${PYTHONPATH} VIRTUAL_ENV_PROMPT=(ros2_env) /usr/bin/python3 -W ignore:setup.py install is deprecated -W ignore:easy_install command is deprecated setup.py egg_info --egg-base ../../build/fibonacci build --build-base /home/shaqiloheal/ros2_ws/build/fibonacci/build install --record /home/shaqiloheal/ros2_ws/build/fibonacci/install.log --single-version-externally-managed install_data
[0.947s] running egg_info
[0.947s] creating ../../build/fibonacci/fibonacci.egg-info
[0.954s] writing ../../build/fibonacci/fibonacci.egg-info/PKG-INFO
[0.954s] writing dependency_links to ../../build/fibonacci/fibonacci.egg-info/dependency_links.txt
[0.954s] writing entry points to ../../build/fibonacci/fibonacci.egg-info/entry_points.txt
[0.954s] writing requirements to ../../build/fibonacci/fibonacci.egg-info/requires.txt
[0.954s] writing top-level names to ../../build/fibonacci/fibonacci.egg-info/top_level.txt
[0.954s] writing manifest file '../../build/fibonacci/fibonacci.egg-info/SOURCES.txt'
[0.970s] reading manifest file '../../build/fibonacci/fibonacci.egg-info/SOURCES.txt'
[0.970s] adding license file 'LICENSE'
[0.970s] writing manifest file '../../build/fibonacci/fibonacci.egg-info/SOURCES.txt'
[0.970s] running build
[0.970s] running build_py
[0.970s] creating /home/shaqiloheal/ros2_ws/build/fibonacci/build
[0.970s] creating /home/shaqiloheal/ros2_ws/build/fibonacci/build/lib
[0.970s] creating /home/shaqiloheal/ros2_ws/build/fibonacci/build/lib/fibonacci
[0.970s] copying fibonacci/fibonacci_action_client.py -> /home/shaqiloheal/ros2_ws/build/fibonacci/build/lib/fibonacci
[0.970s] copying fibonacci/__init__.py -> /home/shaqiloheal/ros2_ws/build/fibonacci/build/lib/fibonacci
[0.970s] copying fibonacci/fibonacci_action_server.py -> /home/shaqiloheal/ros2_ws/build/fibonacci/build/lib/fibonacci
[0.970s] running install
[0.974s] running install_lib
[0.981s] creating /home/shaqiloheal/ros2_ws/install/fibonacci/lib/python3.12/site-packages/fibonacci
[0.981s] copying /home/shaqiloheal/ros2_ws/build/fibonacci/build/lib/fibonacci/fibonacci_action_client.py -> /home/shaqiloheal/ros2_ws/install/fibonacci/lib/python3.12/site-packages/fibonacci
[0.982s] copying /home/shaqiloheal/ros2_ws/build/fibonacci/build/lib/fibonacci/__init__.py -> /home/shaqiloheal/ros2_ws/install/fibonacci/lib/python3.12/site-packages/fibonacci
[0.982s] copying /home/shaqiloheal/ros2_ws/build/fibonacci/build/lib/fibonacci/fibonacci_action_server.py -> /home/shaqiloheal/ros2_ws/install/fibonacci/lib/python3.12/site-packages/fibonacci
[0.982s] byte-compiling /home/shaqiloheal/ros2_ws/install/fibonacci/lib/python3.12/site-packages/fibonacci/fibonacci_action_client.py to fibonacci_action_client.cpython-312.pyc
[0.982s] byte-compiling /home/shaqiloheal/ros2_ws/install/fibonacci/lib/python3.12/site-packages/fibonacci/__init__.py to __init__.cpython-312.pyc
[0.983s] byte-compiling /home/shaqiloheal/ros2_ws/install/fibonacci/lib/python3.12/site-packages/fibonacci/fibonacci_action_server.py to fibonacci_action_server.cpython-312.pyc
[0.983s] running install_data
[0.983s] creating /home/shaqiloheal/ros2_ws/install/fibonacci/share/ament_index
[0.983s] creating /home/shaqiloheal/ros2_ws/install/fibonacci/share/ament_index/resource_index
[0.983s] creating /home/shaqiloheal/ros2_ws/install/fibonacci/share/ament_index/resource_index/packages
[0.983s] copying resource/fibonacci -> /home/shaqiloheal/ros2_ws/install/fibonacci/share/ament_index/resource_index/packages
[0.983s] copying package.xml -> /home/shaqiloheal/ros2_ws/install/fibonacci/share/fibonacci
[0.983s] running install_egg_info
[0.991s] Copying ../../build/fibonacci/fibonacci.egg-info to /home/shaqiloheal/ros2_ws/install/fibonacci/lib/python3.12/site-packages/fibonacci-0.0.0-py3.12.egg-info
[0.992s] running install_scripts
[1.052s] Installing fibonacci_action_client script to /home/shaqiloheal/ros2_ws/install/fibonacci/lib/fibonacci
[1.052s] Installing fibonacci_action_server script to /home/shaqiloheal/ros2_ws/install/fibonacci/lib/fibonacci
[1.052s] writing list of installed files to '/home/shaqiloheal/ros2_ws/build/fibonacci/install.log'
[1.073s] Invoked command in '/home/shaqiloheal/ros2_ws/src/fibonacci' returned '0': DEBUGINFOD_URLS=https://debuginfod.ubuntu.com PS1=(ros2_env) \[\e]0;\u@\h: \w\a\]${debian_chroot:+($debian_chroot)}\[\033[01;32m\]\u@\h\[\033[00m\]:\[\033[01;34m\]\w\[\033[00m\]\$ PYTHONPATH=/home/shaqiloheal/ros2_ws/build/fibonacci/prefix_override:/usr/lib/python3/dist-packages/colcon_core/task/python/colcon_distutils_commands:/home/shaqiloheal/ros2_ws/install/fibonacci/lib/python3.12/site-packages:${PYTHONPATH} VIRTUAL_ENV_PROMPT=(ros2_env) /usr/bin/python3 -W ignore:setup.py install is deprecated -W ignore:easy_install command is deprecated setup.py egg_info --egg-base ../../build/fibonacci build --build-base /home/shaqiloheal/ros2_ws/build/fibonacci/build install --record /home/shaqiloheal/ros2_ws/build/fibonacci/install.log --single-version-externally-managed install_data
