running egg_info
writing ../../build/battery_simulator/battery_simulator.egg-info/PKG-INFO
writing dependency_links to ../../build/battery_simulator/battery_simulator.egg-info/dependency_links.txt
writing entry points to ../../build/battery_simulator/battery_simulator.egg-info/entry_points.txt
writing requirements to ../../build/battery_simulator/battery_simulator.egg-info/requires.txt
writing top-level names to ../../build/battery_simulator/battery_simulator.egg-info/top_level.txt
reading manifest file '../../build/battery_simulator/battery_simulator.egg-info/SOURCES.txt'
writing manifest file '../../build/battery_simulator/battery_simulator.egg-info/SOURCES.txt'
running build
running build_py
copying battery_simulator/battery_charge_server.py -> /home/shaqiloheal/ros2_ws/build/battery_simulator/build/lib/battery_simulator
running install
running install_lib
copying /home/shaqiloheal/ros2_ws/build/battery_simulator/build/lib/battery_simulator/battery_charge_server.py -> /home/shaqiloheal/ros2_ws/install/battery_simulator/lib/python3.12/site-packages/battery_simulator
byte-compiling /home/shaqiloheal/ros2_ws/install/battery_simulator/lib/python3.12/site-packages/battery_simulator/battery_charge_server.py to battery_charge_server.cpython-312.pyc
running install_data
running install_egg_info
removing '/home/shaqiloheal/ros2_ws/install/battery_simulator/lib/python3.12/site-packages/battery_simulator-0.0.0-py3.12.egg-info' (and everything under it)
Copying ../../build/battery_simulator/battery_simulator.egg-info to /home/shaqiloheal/ros2_ws/install/battery_simulator/lib/python3.12/site-packages/battery_simulator-0.0.0-py3.12.egg-info
running install_scripts
error: [Errno 2] No such file or directory: '/home/shaqiloheal/ros2_ws/install/temperature_sensor/lib/python3.12/site-packages/temperature_sensor-0.0.0-py3.12.egg-info/PKG-INFO'
