[0.994s] Invoking command in '/home/shaqiloheal/ros2_ws/src/battery_simulator': DEBUGINFOD_URLS=https://debuginfod.ubuntu.com PS1=(ros2_env) \[\e]0;\u@\h: \w\a\]${debian_chroot:+($debian_chroot)}\[\033[01;32m\]\u@\h\[\033[00m\]:\[\033[01;34m\]\w\[\033[00m\]\$ PYTHONPATH=/home/shaqiloheal/ros2_ws/build/battery_simulator/prefix_override:/usr/lib/python3/dist-packages/colcon_core/task/python/colcon_distutils_commands:/home/shaqiloheal/ros2_ws/install/battery_simulator/lib/python3.12/site-packages:${PYTHONPATH} VIRTUAL_ENV_PROMPT=(ros2_env) /usr/bin/python3 -W ignore:setup.py install is deprecated -W ignore:easy_install command is deprecated setup.py egg_info --egg-base ../../build/battery_simulator build --build-base /home/shaqiloheal/ros2_ws/build/battery_simulator/build install --record /home/shaqiloheal/ros2_ws/build/battery_simulator/install.log --single-version-externally-managed install_data
[1.120s] running egg_info
[1.127s] writing ../../build/battery_simulator/battery_simulator.egg-info/PKG-INFO
[1.127s] writing dependency_links to ../../build/battery_simulator/battery_simulator.egg-info/dependency_links.txt
[1.128s] writing entry points to ../../build/battery_simulator/battery_simulator.egg-info/entry_points.txt
[1.128s] writing requirements to ../../build/battery_simulator/battery_simulator.egg-info/requires.txt
[1.128s] writing top-level names to ../../build/battery_simulator/battery_simulator.egg-info/top_level.txt
[1.145s] reading manifest file '../../build/battery_simulator/battery_simulator.egg-info/SOURCES.txt'
[1.146s] writing manifest file '../../build/battery_simulator/battery_simulator.egg-info/SOURCES.txt'
[1.146s] running build
[1.146s] running build_py
[1.146s] copying battery_simulator/battery_charge_server.py -> /home/shaqiloheal/ros2_ws/build/battery_simulator/build/lib/battery_simulator
[1.146s] running install
[1.149s] running install_lib
[1.158s] copying /home/shaqiloheal/ros2_ws/build/battery_simulator/build/lib/battery_simulator/battery_charge_server.py -> /home/shaqiloheal/ros2_ws/install/battery_simulator/lib/python3.12/site-packages/battery_simulator
[1.158s] byte-compiling /home/shaqiloheal/ros2_ws/install/battery_simulator/lib/python3.12/site-packages/battery_simulator/battery_charge_server.py to battery_charge_server.cpython-312.pyc
[1.158s] running install_data
[1.158s] running install_egg_info
[1.167s] removing '/home/shaqiloheal/ros2_ws/install/battery_simulator/lib/python3.12/site-packages/battery_simulator-0.0.0-py3.12.egg-info' (and everything under it)
[1.167s] Copying ../../build/battery_simulator/battery_simulator.egg-info to /home/shaqiloheal/ros2_ws/install/battery_simulator/lib/python3.12/site-packages/battery_simulator-0.0.0-py3.12.egg-info
[1.168s] running install_scripts
[1.183s] error: [Errno 2] No such file or directory: '/home/shaqiloheal/ros2_ws/install/temperature_sensor/lib/python3.12/site-packages/temperature_sensor-0.0.0-py3.12.egg-info/PKG-INFO'
[1.195s] Invoked command in '/home/shaqiloheal/ros2_ws/src/battery_simulator' returned '1': DEBUGINFOD_URLS=https://debuginfod.ubuntu.com PS1=(ros2_env) \[\e]0;\u@\h: \w\a\]${debian_chroot:+($debian_chroot)}\[\033[01;32m\]\u@\h\[\033[00m\]:\[\033[01;34m\]\w\[\033[00m\]\$ PYTHONPATH=/home/shaqiloheal/ros2_ws/build/battery_simulator/prefix_override:/usr/lib/python3/dist-packages/colcon_core/task/python/colcon_distutils_commands:/home/shaqiloheal/ros2_ws/install/battery_simulator/lib/python3.12/site-packages:${PYTHONPATH} VIRTUAL_ENV_PROMPT=(ros2_env) /usr/bin/python3 -W ignore:setup.py install is deprecated -W ignore:easy_install command is deprecated setup.py egg_info --egg-base ../../build/battery_simulator build --build-base /home/shaqiloheal/ros2_ws/build/battery_simulator/build install --record /home/shaqiloheal/ros2_ws/build/battery_simulator/install.log --single-version-externally-managed install_data
