-- The C compiler identification is GNU 13.3.0
-- The CXX compiler identification is GNU 13.3.0
-- Detecting C compiler ABI info
-- Detecting C compiler ABI info - done
-- Check for working C compiler: /usr/bin/cc - skipped
-- Detecting C compile features
-- Detecting C compile features - done
-- Detecting CXX compiler ABI info
-- Detecting CXX compiler ABI info - done
-- Check for working CXX compiler: /usr/bin/c++ - skipped
-- Detecting CXX compile features
-- Detecting CXX compile features - done
-- Found ament_cmake: 2.5.3 (/opt/ros/jazzy/share/ament_cmake/cmake)
-- Found Python3: /home/shaqiloheal/ros2_ws/ros2_env/bin/python3 (found version "3.12.3") found components: Interpreter 
-- Found rosidl_default_generators: 1.6.0 (/opt/ros/jazzy/share/rosidl_default_generators/cmake)
-- Using all available rosidl_typesupport_c: rosidl_typesupport_fastrtps_c;rosidl_typesupport_introspection_c
-- Using all available rosidl_typesupport_cpp: rosidl_typesupport_fastrtps_cpp;rosidl_typesupport_introspection_cpp
-- Found rosidl_adapter: 4.6.5 (/opt/ros/jazzy/share/rosidl_adapter/cmake)
-- Found ament_cmake_ros: 0.12.0 (/opt/ros/jazzy/share/ament_cmake_ros/cmake)
-- Using all available rosidl_typesupport_c: rosidl_typesupport_fastrtps_c;rosidl_typesupport_introspection_c
-- Using all available rosidl_typesupport_cpp: rosidl_typesupport_fastrtps_cpp;rosidl_typesupport_introspection_cpp
-- Found python_cmake_module: 0.11.1 (/opt/ros/jazzy/share/python_cmake_module/cmake)
-- Found PythonExtra: /home/shaqiloheal/ros2_ws/ros2_env/bin/python3  
-- Found Python3: /home/shaqiloheal/ros2_ws/ros2_env/bin/python3 (found version "3.12.3") found components: Interpreter Development NumPy Development.Module Development.Embed 
-- Found ament_lint_auto: 0.17.1 (/opt/ros/jazzy/share/ament_lint_auto/cmake)
-- Added test 'copyright' to check source files copyright and LICENSE
-- Added test 'lint_cmake' to check CMake code style
-- Added test 'xmllint' to check XML markup files
-- Configuring done (1.8s)
-- Generating done (0.0s)
-- Build files have been written to: /home/shaqiloheal/ros2_ws/build/rosmonitoring_interfaces
[  2%] [34m[1mGenerating type hashes for ROS interfaces[0m
[  2%] Built target ament_cmake_python_copy_rosmonitoring_interfaces
[  2%] Built target rosmonitoring_interfaces__rosidl_generator_type_description
[  5%] [34m[1mGenerating C code for ROS interfaces[0m
running egg_info
creating rosmonitoring_interfaces.egg-info
[  8%] [34m[1mGenerating C++ code for ROS interfaces[0m
writing rosmonitoring_interfaces.egg-info/PKG-INFO
writing dependency_links to rosmonitoring_interfaces.egg-info/dependency_links.txt
writing top-level names to rosmonitoring_interfaces.egg-info/top_level.txt
writing manifest file 'rosmonitoring_interfaces.egg-info/SOURCES.txt'
reading manifest file 'rosmonitoring_interfaces.egg-info/SOURCES.txt'
writing manifest file 'rosmonitoring_interfaces.egg-info/SOURCES.txt'
[  8%] Built target ament_cmake_python_build_rosmonitoring_interfaces_egg
[  8%] Built target rosmonitoring_interfaces__cpp
[ 11%] [32mBuilding C object CMakeFiles/rosmonitoring_interfaces__rosidl_generator_c.dir/rosidl_generator_c/rosmonitoring_interfaces/msg/detail/monitor_error__description.c.o[0m
[ 17%] [32mBuilding C object CMakeFiles/rosmonitoring_interfaces__rosidl_generator_c.dir/rosidl_generator_c/rosmonitoring_interfaces/msg/detail/monitor_error__type_support.c.o[0m
[ 17%] [32mBuilding C object CMakeFiles/rosmonitoring_interfaces__rosidl_generator_c.dir/rosidl_generator_c/rosmonitoring_interfaces/msg/detail/monitor_error__functions.c.o[0m
[ 20%] [32m[1mLinking C shared library librosmonitoring_interfaces__rosidl_generator_c.so[0m
[ 20%] Built target rosmonitoring_interfaces__rosidl_generator_c
[ 32%] [34m[1mGenerating C++ type support for eProsima Fast-RTPS[0m
[ 32%] [34m[1mGenerating C type support dispatch for ROS interfaces[0m
[ 32%] [34m[1mGenerating C++ type support dispatch for ROS interfaces[0m
[ 32%] [34m[1mGenerating C++ introspection for ROS interfaces[0m
[ 38%] [34m[1mGenerating C type support for eProsima Fast-RTPS[0m
[ 38%] [34m[1mGenerating C introspection for ROS interfaces[0m
[ 44%] [32mBuilding CXX object CMakeFiles/rosmonitoring_interfaces__rosidl_typesupport_c.dir/rosidl_typesupport_c/rosmonitoring_interfaces/msg/monitor_error__type_support.cpp.o[0m
[ 44%] [32mBuilding CXX object CMakeFiles/rosmonitoring_interfaces__rosidl_typesupport_cpp.dir/rosidl_typesupport_cpp/rosmonitoring_interfaces/msg/monitor_error__type_support.cpp.o[0m
[ 50%] [32mBuilding C object CMakeFiles/rosmonitoring_interfaces__rosidl_typesupport_introspection_c.dir/rosidl_typesupport_introspection_c/rosmonitoring_interfaces/msg/detail/monitor_error__type_support.c.o[0m
[ 50%] [32mBuilding CXX object CMakeFiles/rosmonitoring_interfaces__rosidl_typesupport_introspection_cpp.dir/rosidl_typesupport_introspection_cpp/rosmonitoring_interfaces/msg/detail/monitor_error__type_support.cpp.o[0m
[ 52%] [32mBuilding CXX object CMakeFiles/rosmonitoring_interfaces__rosidl_typesupport_fastrtps_cpp.dir/rosidl_typesupport_fastrtps_cpp/rosmonitoring_interfaces/msg/detail/dds_fastrtps/monitor_error__type_support.cpp.o[0m
[ 55%] [32mBuilding CXX object CMakeFiles/rosmonitoring_interfaces__rosidl_typesupport_fastrtps_c.dir/rosidl_typesupport_fastrtps_c/rosmonitoring_interfaces/msg/detail/monitor_error__type_support_c.cpp.o[0m
[ 58%] [32m[1mLinking CXX shared library librosmonitoring_interfaces__rosidl_typesupport_c.so[0m
[ 61%] [32m[1mLinking C shared library librosmonitoring_interfaces__rosidl_typesupport_introspection_c.so[0m
[ 61%] Built target rosmonitoring_interfaces__rosidl_typesupport_c
[ 61%] Built target rosmonitoring_interfaces__rosidl_typesupport_introspection_c
[ 64%] [32m[1mLinking CXX shared library librosmonitoring_interfaces__rosidl_typesupport_cpp.so[0m
[ 67%] [32m[1mLinking CXX shared library librosmonitoring_interfaces__rosidl_typesupport_introspection_cpp.so[0m
[ 67%] Built target rosmonitoring_interfaces__rosidl_typesupport_cpp
[ 67%] Built target rosmonitoring_interfaces__rosidl_typesupport_introspection_cpp
[ 73%] [32m[1mLinking CXX shared library librosmonitoring_interfaces__rosidl_typesupport_fastrtps_c.so[0m
[ 73%] [32m[1mLinking CXX shared library librosmonitoring_interfaces__rosidl_typesupport_fastrtps_cpp.so[0m
[ 73%] Built target rosmonitoring_interfaces__rosidl_typesupport_fastrtps_cpp
[ 73%] Built target rosmonitoring_interfaces__rosidl_typesupport_fastrtps_c
[ 73%] Built target rosmonitoring_interfaces
[ 76%] [34m[1mGenerating Python code for ROS interfaces[0m
[ 76%] Built target rosmonitoring_interfaces__py
[ 79%] [32mBuilding C object CMakeFiles/rosmonitoring_interfaces__rosidl_generator_py.dir/rosidl_generator_py/rosmonitoring_interfaces/msg/_monitor_error_s.c.o[0m
[ 82%] [32m[1mLinking C shared library librosmonitoring_interfaces__rosidl_generator_py.so[0m
[ 82%] Built target rosmonitoring_interfaces__rosidl_generator_py
[ 85%] [32mBuilding C object CMakeFiles/rosmonitoring_interfaces_s__rosidl_typesupport_introspection_c.dir/rosidl_generator_py/rosmonitoring_interfaces/_rosmonitoring_interfaces_s.ep.rosidl_typesupport_introspection_c.c.o[0m
[ 88%] [32mBuilding C object CMakeFiles/rosmonitoring_interfaces_s__rosidl_typesupport_c.dir/rosidl_generator_py/rosmonitoring_interfaces/_rosmonitoring_interfaces_s.ep.rosidl_typesupport_c.c.o[0m
[ 91%] [32mBuilding C object CMakeFiles/rosmonitoring_interfaces_s__rosidl_typesupport_fastrtps_c.dir/rosidl_generator_py/rosmonitoring_interfaces/_rosmonitoring_interfaces_s.ep.rosidl_typesupport_fastrtps_c.c.o[0m
[ 94%] [32m[1mLinking C shared module rosidl_generator_py/rosmonitoring_interfaces/rosmonitoring_interfaces_s__rosidl_typesupport_fastrtps_c.so[0m
[ 97%] [32m[1mLinking C shared module rosidl_generator_py/rosmonitoring_interfaces/rosmonitoring_interfaces_s__rosidl_typesupport_introspection_c.so[0m
[100%] [32m[1mLinking C shared module rosidl_generator_py/rosmonitoring_interfaces/rosmonitoring_interfaces_s__rosidl_typesupport_c.so[0m
[100%] Built target rosmonitoring_interfaces_s__rosidl_typesupport_fastrtps_c
[100%] Built target rosmonitoring_interfaces_s__rosidl_typesupport_introspection_c
[100%] Built target rosmonitoring_interfaces_s__rosidl_typesupport_c
-- Install configuration: ""
-- Installing: /home/shaqiloheal/ros2_ws/install/rosmonitoring_interfaces/share/ament_index/resource_index/rosidl_interfaces/rosmonitoring_interfaces
-- Installing: /home/shaqiloheal/ros2_ws/install/rosmonitoring_interfaces/share/rosmonitoring_interfaces/msg/MonitorError.json
-- Installing: /home/shaqiloheal/ros2_ws/install/rosmonitoring_interfaces/include/rosmonitoring_interfaces/rosmonitoring_interfaces
-- Installing: /home/shaqiloheal/ros2_ws/install/rosmonitoring_interfaces/include/rosmonitoring_interfaces/rosmonitoring_interfaces/msg
-- Installing: /home/shaqiloheal/ros2_ws/install/rosmonitoring_interfaces/include/rosmonitoring_interfaces/rosmonitoring_interfaces/msg/detail
-- Installing: /home/shaqiloheal/ros2_ws/install/rosmonitoring_interfaces/include/rosmonitoring_interfaces/rosmonitoring_interfaces/msg/detail/monitor_error__description.c
-- Installing: /home/shaqiloheal/ros2_ws/install/rosmonitoring_interfaces/include/rosmonitoring_interfaces/rosmonitoring_interfaces/msg/detail/monitor_error__type_support.c
-- Installing: /home/shaqiloheal/ros2_ws/install/rosmonitoring_interfaces/include/rosmonitoring_interfaces/rosmonitoring_interfaces/msg/detail/monitor_error__struct.h
-- Installing: /home/shaqiloheal/ros2_ws/install/rosmonitoring_interfaces/include/rosmonitoring_interfaces/rosmonitoring_interfaces/msg/detail/monitor_error__functions.h
-- Installing: /home/shaqiloheal/ros2_ws/install/rosmonitoring_interfaces/include/rosmonitoring_interfaces/rosmonitoring_interfaces/msg/detail/monitor_error__type_support.h
-- Installing: /home/shaqiloheal/ros2_ws/install/rosmonitoring_interfaces/include/rosmonitoring_interfaces/rosmonitoring_interfaces/msg/detail/monitor_error__functions.c
-- Installing: /home/shaqiloheal/ros2_ws/install/rosmonitoring_interfaces/include/rosmonitoring_interfaces/rosmonitoring_interfaces/msg/rosidl_generator_c__visibility_control.h
-- Installing: /home/shaqiloheal/ros2_ws/install/rosmonitoring_interfaces/include/rosmonitoring_interfaces/rosmonitoring_interfaces/msg/monitor_error.h
-- Installing: /home/shaqiloheal/ros2_ws/install/rosmonitoring_interfaces/share/rosmonitoring_interfaces/environment/library_path.sh
-- Installing: /home/shaqiloheal/ros2_ws/install/rosmonitoring_interfaces/share/rosmonitoring_interfaces/environment/library_path.dsv
-- Installing: /home/shaqiloheal/ros2_ws/install/rosmonitoring_interfaces/lib/librosmonitoring_interfaces__rosidl_generator_c.so
-- Set non-toolchain portion of runtime path of "/home/shaqiloheal/ros2_ws/install/rosmonitoring_interfaces/lib/librosmonitoring_interfaces__rosidl_generator_c.so" to ""
-- Up-to-date: /home/shaqiloheal/ros2_ws/install/rosmonitoring_interfaces/include/rosmonitoring_interfaces/rosmonitoring_interfaces
-- Up-to-date: /home/shaqiloheal/ros2_ws/install/rosmonitoring_interfaces/include/rosmonitoring_interfaces/rosmonitoring_interfaces/msg
-- Installing: /home/shaqiloheal/ros2_ws/install/rosmonitoring_interfaces/include/rosmonitoring_interfaces/rosmonitoring_interfaces/msg/rosidl_typesupport_fastrtps_c__visibility_control.h
-- Up-to-date: /home/shaqiloheal/ros2_ws/install/rosmonitoring_interfaces/include/rosmonitoring_interfaces/rosmonitoring_interfaces/msg/detail
-- Installing: /home/shaqiloheal/ros2_ws/install/rosmonitoring_interfaces/include/rosmonitoring_interfaces/rosmonitoring_interfaces/msg/detail/monitor_error__rosidl_typesupport_fastrtps_c.h
-- Installing: /home/shaqiloheal/ros2_ws/install/rosmonitoring_interfaces/lib/librosmonitoring_interfaces__rosidl_typesupport_fastrtps_c.so
-- Set non-toolchain portion of runtime path of "/home/shaqiloheal/ros2_ws/install/rosmonitoring_interfaces/lib/librosmonitoring_interfaces__rosidl_typesupport_fastrtps_c.so" to ""
-- Up-to-date: /home/shaqiloheal/ros2_ws/install/rosmonitoring_interfaces/include/rosmonitoring_interfaces/rosmonitoring_interfaces
-- Up-to-date: /home/shaqiloheal/ros2_ws/install/rosmonitoring_interfaces/include/rosmonitoring_interfaces/rosmonitoring_interfaces/msg
-- Up-to-date: /home/shaqiloheal/ros2_ws/install/rosmonitoring_interfaces/include/rosmonitoring_interfaces/rosmonitoring_interfaces/msg/detail
-- Up-to-date: /home/shaqiloheal/ros2_ws/install/rosmonitoring_interfaces/include/rosmonitoring_interfaces/rosmonitoring_interfaces/msg/detail/monitor_error__type_support.c
-- Installing: /home/shaqiloheal/ros2_ws/install/rosmonitoring_interfaces/include/rosmonitoring_interfaces/rosmonitoring_interfaces/msg/detail/monitor_error__rosidl_typesupport_introspection_c.h
-- Installing: /home/shaqiloheal/ros2_ws/install/rosmonitoring_interfaces/include/rosmonitoring_interfaces/rosmonitoring_interfaces/msg/rosidl_typesupport_introspection_c__visibility_control.h
-- Installing: /home/shaqiloheal/ros2_ws/install/rosmonitoring_interfaces/lib/librosmonitoring_interfaces__rosidl_typesupport_introspection_c.so
-- Set non-toolchain portion of runtime path of "/home/shaqiloheal/ros2_ws/install/rosmonitoring_interfaces/lib/librosmonitoring_interfaces__rosidl_typesupport_introspection_c.so" to ""
-- Installing: /home/shaqiloheal/ros2_ws/install/rosmonitoring_interfaces/lib/librosmonitoring_interfaces__rosidl_typesupport_c.so
-- Set non-toolchain portion of runtime path of "/home/shaqiloheal/ros2_ws/install/rosmonitoring_interfaces/lib/librosmonitoring_interfaces__rosidl_typesupport_c.so" to ""
-- Up-to-date: /home/shaqiloheal/ros2_ws/install/rosmonitoring_interfaces/include/rosmonitoring_interfaces/rosmonitoring_interfaces
-- Up-to-date: /home/shaqiloheal/ros2_ws/install/rosmonitoring_interfaces/include/rosmonitoring_interfaces/rosmonitoring_interfaces/msg
-- Installing: /home/shaqiloheal/ros2_ws/install/rosmonitoring_interfaces/include/rosmonitoring_interfaces/rosmonitoring_interfaces/msg/rosidl_generator_cpp__visibility_control.hpp
-- Up-to-date: /home/shaqiloheal/ros2_ws/install/rosmonitoring_interfaces/include/rosmonitoring_interfaces/rosmonitoring_interfaces/msg/detail
-- Installing: /home/shaqiloheal/ros2_ws/install/rosmonitoring_interfaces/include/rosmonitoring_interfaces/rosmonitoring_interfaces/msg/detail/monitor_error__builder.hpp
-- Installing: /home/shaqiloheal/ros2_ws/install/rosmonitoring_interfaces/include/rosmonitoring_interfaces/rosmonitoring_interfaces/msg/detail/monitor_error__type_support.hpp
-- Installing: /home/shaqiloheal/ros2_ws/install/rosmonitoring_interfaces/include/rosmonitoring_interfaces/rosmonitoring_interfaces/msg/detail/monitor_error__traits.hpp
-- Installing: /home/shaqiloheal/ros2_ws/install/rosmonitoring_interfaces/include/rosmonitoring_interfaces/rosmonitoring_interfaces/msg/detail/monitor_error__struct.hpp
-- Installing: /home/shaqiloheal/ros2_ws/install/rosmonitoring_interfaces/include/rosmonitoring_interfaces/rosmonitoring_interfaces/msg/monitor_error.hpp
-- Up-to-date: /home/shaqiloheal/ros2_ws/install/rosmonitoring_interfaces/include/rosmonitoring_interfaces/rosmonitoring_interfaces
-- Up-to-date: /home/shaqiloheal/ros2_ws/install/rosmonitoring_interfaces/include/rosmonitoring_interfaces/rosmonitoring_interfaces/msg
-- Up-to-date: /home/shaqiloheal/ros2_ws/install/rosmonitoring_interfaces/include/rosmonitoring_interfaces/rosmonitoring_interfaces/msg/detail
-- Installing: /home/shaqiloheal/ros2_ws/install/rosmonitoring_interfaces/include/rosmonitoring_interfaces/rosmonitoring_interfaces/msg/detail/monitor_error__rosidl_typesupport_fastrtps_cpp.hpp
-- Installing: /home/shaqiloheal/ros2_ws/install/rosmonitoring_interfaces/include/rosmonitoring_interfaces/rosmonitoring_interfaces/msg/detail/dds_fastrtps
-- Installing: /home/shaqiloheal/ros2_ws/install/rosmonitoring_interfaces/include/rosmonitoring_interfaces/rosmonitoring_interfaces/msg/rosidl_typesupport_fastrtps_cpp__visibility_control.h
-- Installing: /home/shaqiloheal/ros2_ws/install/rosmonitoring_interfaces/lib/librosmonitoring_interfaces__rosidl_typesupport_fastrtps_cpp.so
-- Set non-toolchain portion of runtime path of "/home/shaqiloheal/ros2_ws/install/rosmonitoring_interfaces/lib/librosmonitoring_interfaces__rosidl_typesupport_fastrtps_cpp.so" to ""
-- Up-to-date: /home/shaqiloheal/ros2_ws/install/rosmonitoring_interfaces/include/rosmonitoring_interfaces/rosmonitoring_interfaces
-- Up-to-date: /home/shaqiloheal/ros2_ws/install/rosmonitoring_interfaces/include/rosmonitoring_interfaces/rosmonitoring_interfaces/msg
-- Up-to-date: /home/shaqiloheal/ros2_ws/install/rosmonitoring_interfaces/include/rosmonitoring_interfaces/rosmonitoring_interfaces/msg/detail
-- Installing: /home/shaqiloheal/ros2_ws/install/rosmonitoring_interfaces/include/rosmonitoring_interfaces/rosmonitoring_interfaces/msg/detail/monitor_error__rosidl_typesupport_introspection_cpp.hpp
-- Installing: /home/shaqiloheal/ros2_ws/install/rosmonitoring_interfaces/include/rosmonitoring_interfaces/rosmonitoring_interfaces/msg/detail/monitor_error__type_support.cpp
-- Installing: /home/shaqiloheal/ros2_ws/install/rosmonitoring_interfaces/lib/librosmonitoring_interfaces__rosidl_typesupport_introspection_cpp.so
-- Set non-toolchain portion of runtime path of "/home/shaqiloheal/ros2_ws/install/rosmonitoring_interfaces/lib/librosmonitoring_interfaces__rosidl_typesupport_introspection_cpp.so" to ""
-- Installing: /home/shaqiloheal/ros2_ws/install/rosmonitoring_interfaces/lib/librosmonitoring_interfaces__rosidl_typesupport_cpp.so
-- Set non-toolchain portion of runtime path of "/home/shaqiloheal/ros2_ws/install/rosmonitoring_interfaces/lib/librosmonitoring_interfaces__rosidl_typesupport_cpp.so" to ""
-- Installing: /home/shaqiloheal/ros2_ws/install/rosmonitoring_interfaces/share/rosmonitoring_interfaces/environment/pythonpath.sh
-- Installing: /home/shaqiloheal/ros2_ws/install/rosmonitoring_interfaces/share/rosmonitoring_interfaces/environment/pythonpath.dsv
-- Installing: /home/shaqiloheal/ros2_ws/install/rosmonitoring_interfaces/lib/python3.12/site-packages/rosmonitoring_interfaces-0.0.0-py3.12.egg-info
-- Installing: /home/shaqiloheal/ros2_ws/install/rosmonitoring_interfaces/lib/python3.12/site-packages/rosmonitoring_interfaces-0.0.0-py3.12.egg-info/top_level.txt
-- Installing: /home/shaqiloheal/ros2_ws/install/rosmonitoring_interfaces/lib/python3.12/site-packages/rosmonitoring_interfaces-0.0.0-py3.12.egg-info/PKG-INFO
-- Installing: /home/shaqiloheal/ros2_ws/install/rosmonitoring_interfaces/lib/python3.12/site-packages/rosmonitoring_interfaces-0.0.0-py3.12.egg-info/SOURCES.txt
-- Installing: /home/shaqiloheal/ros2_ws/install/rosmonitoring_interfaces/lib/python3.12/site-packages/rosmonitoring_interfaces-0.0.0-py3.12.egg-info/dependency_links.txt
-- Installing: /home/shaqiloheal/ros2_ws/install/rosmonitoring_interfaces/lib/python3.12/site-packages/rosmonitoring_interfaces
-- Installing: /home/shaqiloheal/ros2_ws/install/rosmonitoring_interfaces/lib/python3.12/site-packages/rosmonitoring_interfaces/msg
-- Installing: /home/shaqiloheal/ros2_ws/install/rosmonitoring_interfaces/lib/python3.12/site-packages/rosmonitoring_interfaces/msg/_monitor_error_s.c
-- Installing: /home/shaqiloheal/ros2_ws/install/rosmonitoring_interfaces/lib/python3.12/site-packages/rosmonitoring_interfaces/msg/__init__.py
-- Installing: /home/shaqiloheal/ros2_ws/install/rosmonitoring_interfaces/lib/python3.12/site-packages/rosmonitoring_interfaces/msg/_monitor_error.py
-- Installing: /home/shaqiloheal/ros2_ws/install/rosmonitoring_interfaces/lib/python3.12/site-packages/rosmonitoring_interfaces/rosmonitoring_interfaces_s__rosidl_typesupport_fastrtps_c.so
-- Installing: /home/shaqiloheal/ros2_ws/install/rosmonitoring_interfaces/lib/python3.12/site-packages/rosmonitoring_interfaces/_rosmonitoring_interfaces_s.ep.rosidl_typesupport_c.c
-- Installing: /home/shaqiloheal/ros2_ws/install/rosmonitoring_interfaces/lib/python3.12/site-packages/rosmonitoring_interfaces/__init__.py
-- Installing: /home/shaqiloheal/ros2_ws/install/rosmonitoring_interfaces/lib/python3.12/site-packages/rosmonitoring_interfaces/_rosmonitoring_interfaces_s.ep.rosidl_typesupport_introspection_c.c
-- Installing: /home/shaqiloheal/ros2_ws/install/rosmonitoring_interfaces/lib/python3.12/site-packages/rosmonitoring_interfaces/rosmonitoring_interfaces_s__rosidl_typesupport_introspection_c.so
-- Installing: /home/shaqiloheal/ros2_ws/install/rosmonitoring_interfaces/lib/python3.12/site-packages/rosmonitoring_interfaces/_rosmonitoring_interfaces_s.ep.rosidl_typesupport_fastrtps_c.c
-- Installing: /home/shaqiloheal/ros2_ws/install/rosmonitoring_interfaces/lib/python3.12/site-packages/rosmonitoring_interfaces/rosmonitoring_interfaces_s__rosidl_typesupport_c.so
Listing '/home/shaqiloheal/ros2_ws/install/rosmonitoring_interfaces/lib/python3.12/site-packages/rosmonitoring_interfaces'...
Compiling '/home/shaqiloheal/ros2_ws/install/rosmonitoring_interfaces/lib/python3.12/site-packages/rosmonitoring_interfaces/__init__.py'...
Listing '/home/shaqiloheal/ros2_ws/install/rosmonitoring_interfaces/lib/python3.12/site-packages/rosmonitoring_interfaces/msg'...
Compiling '/home/shaqiloheal/ros2_ws/install/rosmonitoring_interfaces/lib/python3.12/site-packages/rosmonitoring_interfaces/msg/__init__.py'...
Compiling '/home/shaqiloheal/ros2_ws/install/rosmonitoring_interfaces/lib/python3.12/site-packages/rosmonitoring_interfaces/msg/_monitor_error.py'...
-- Installing: /home/shaqiloheal/ros2_ws/install/rosmonitoring_interfaces/lib/python3.12/site-packages/rosmonitoring_interfaces/rosmonitoring_interfaces_s__rosidl_typesupport_fastrtps_c.so
-- Set non-toolchain portion of runtime path of "/home/shaqiloheal/ros2_ws/install/rosmonitoring_interfaces/lib/python3.12/site-packages/rosmonitoring_interfaces/rosmonitoring_interfaces_s__rosidl_typesupport_fastrtps_c.so" to ""
-- Installing: /home/shaqiloheal/ros2_ws/install/rosmonitoring_interfaces/lib/python3.12/site-packages/rosmonitoring_interfaces/rosmonitoring_interfaces_s__rosidl_typesupport_introspection_c.so
-- Set non-toolchain portion of runtime path of "/home/shaqiloheal/ros2_ws/install/rosmonitoring_interfaces/lib/python3.12/site-packages/rosmonitoring_interfaces/rosmonitoring_interfaces_s__rosidl_typesupport_introspection_c.so" to ""
-- Installing: /home/shaqiloheal/ros2_ws/install/rosmonitoring_interfaces/lib/python3.12/site-packages/rosmonitoring_interfaces/rosmonitoring_interfaces_s__rosidl_typesupport_c.so
-- Set non-toolchain portion of runtime path of "/home/shaqiloheal/ros2_ws/install/rosmonitoring_interfaces/lib/python3.12/site-packages/rosmonitoring_interfaces/rosmonitoring_interfaces_s__rosidl_typesupport_c.so" to ""
-- Installing: /home/shaqiloheal/ros2_ws/install/rosmonitoring_interfaces/lib/librosmonitoring_interfaces__rosidl_generator_py.so
-- Set non-toolchain portion of runtime path of "/home/shaqiloheal/ros2_ws/install/rosmonitoring_interfaces/lib/librosmonitoring_interfaces__rosidl_generator_py.so" to ""
-- Installing: /home/shaqiloheal/ros2_ws/install/rosmonitoring_interfaces/share/rosmonitoring_interfaces/msg/MonitorError.idl
-- Installing: /home/shaqiloheal/ros2_ws/install/rosmonitoring_interfaces/share/rosmonitoring_interfaces/msg/MonitorError.msg
-- Installing: /home/shaqiloheal/ros2_ws/install/rosmonitoring_interfaces/share/ament_index/resource_index/package_run_dependencies/rosmonitoring_interfaces
-- Installing: /home/shaqiloheal/ros2_ws/install/rosmonitoring_interfaces/share/ament_index/resource_index/parent_prefix_path/rosmonitoring_interfaces
-- Installing: /home/shaqiloheal/ros2_ws/install/rosmonitoring_interfaces/share/rosmonitoring_interfaces/environment/ament_prefix_path.sh
-- Installing: /home/shaqiloheal/ros2_ws/install/rosmonitoring_interfaces/share/rosmonitoring_interfaces/environment/ament_prefix_path.dsv
-- Installing: /home/shaqiloheal/ros2_ws/install/rosmonitoring_interfaces/share/rosmonitoring_interfaces/environment/path.sh
-- Installing: /home/shaqiloheal/ros2_ws/install/rosmonitoring_interfaces/share/rosmonitoring_interfaces/environment/path.dsv
-- Installing: /home/shaqiloheal/ros2_ws/install/rosmonitoring_interfaces/share/rosmonitoring_interfaces/local_setup.bash
-- Installing: /home/shaqiloheal/ros2_ws/install/rosmonitoring_interfaces/share/rosmonitoring_interfaces/local_setup.sh
-- Installing: /home/shaqiloheal/ros2_ws/install/rosmonitoring_interfaces/share/rosmonitoring_interfaces/local_setup.zsh
-- Installing: /home/shaqiloheal/ros2_ws/install/rosmonitoring_interfaces/share/rosmonitoring_interfaces/local_setup.dsv
-- Installing: /home/shaqiloheal/ros2_ws/install/rosmonitoring_interfaces/share/rosmonitoring_interfaces/package.dsv
-- Installing: /home/shaqiloheal/ros2_ws/install/rosmonitoring_interfaces/share/ament_index/resource_index/packages/rosmonitoring_interfaces
-- Installing: /home/shaqiloheal/ros2_ws/install/rosmonitoring_interfaces/share/rosmonitoring_interfaces/cmake/export_rosmonitoring_interfaces__rosidl_generator_cExport.cmake
-- Installing: /home/shaqiloheal/ros2_ws/install/rosmonitoring_interfaces/share/rosmonitoring_interfaces/cmake/export_rosmonitoring_interfaces__rosidl_generator_cExport-noconfig.cmake
-- Installing: /home/shaqiloheal/ros2_ws/install/rosmonitoring_interfaces/share/rosmonitoring_interfaces/cmake/export_rosmonitoring_interfaces__rosidl_typesupport_fastrtps_cExport.cmake
-- Installing: /home/shaqiloheal/ros2_ws/install/rosmonitoring_interfaces/share/rosmonitoring_interfaces/cmake/export_rosmonitoring_interfaces__rosidl_typesupport_fastrtps_cExport-noconfig.cmake
-- Installing: /home/shaqiloheal/ros2_ws/install/rosmonitoring_interfaces/share/rosmonitoring_interfaces/cmake/rosmonitoring_interfaces__rosidl_typesupport_introspection_cExport.cmake
-- Installing: /home/shaqiloheal/ros2_ws/install/rosmonitoring_interfaces/share/rosmonitoring_interfaces/cmake/rosmonitoring_interfaces__rosidl_typesupport_introspection_cExport-noconfig.cmake
-- Installing: /home/shaqiloheal/ros2_ws/install/rosmonitoring_interfaces/share/rosmonitoring_interfaces/cmake/rosmonitoring_interfaces__rosidl_typesupport_cExport.cmake
-- Installing: /home/shaqiloheal/ros2_ws/install/rosmonitoring_interfaces/share/rosmonitoring_interfaces/cmake/rosmonitoring_interfaces__rosidl_typesupport_cExport-noconfig.cmake
-- Installing: /home/shaqiloheal/ros2_ws/install/rosmonitoring_interfaces/share/rosmonitoring_interfaces/cmake/export_rosmonitoring_interfaces__rosidl_generator_cppExport.cmake
-- Installing: /home/shaqiloheal/ros2_ws/install/rosmonitoring_interfaces/share/rosmonitoring_interfaces/cmake/export_rosmonitoring_interfaces__rosidl_typesupport_fastrtps_cppExport.cmake
-- Installing: /home/shaqiloheal/ros2_ws/install/rosmonitoring_interfaces/share/rosmonitoring_interfaces/cmake/export_rosmonitoring_interfaces__rosidl_typesupport_fastrtps_cppExport-noconfig.cmake
-- Installing: /home/shaqiloheal/ros2_ws/install/rosmonitoring_interfaces/share/rosmonitoring_interfaces/cmake/rosmonitoring_interfaces__rosidl_typesupport_introspection_cppExport.cmake
-- Installing: /home/shaqiloheal/ros2_ws/install/rosmonitoring_interfaces/share/rosmonitoring_interfaces/cmake/rosmonitoring_interfaces__rosidl_typesupport_introspection_cppExport-noconfig.cmake
-- Installing: /home/shaqiloheal/ros2_ws/install/rosmonitoring_interfaces/share/rosmonitoring_interfaces/cmake/rosmonitoring_interfaces__rosidl_typesupport_cppExport.cmake
-- Installing: /home/shaqiloheal/ros2_ws/install/rosmonitoring_interfaces/share/rosmonitoring_interfaces/cmake/rosmonitoring_interfaces__rosidl_typesupport_cppExport-noconfig.cmake
-- Installing: /home/shaqiloheal/ros2_ws/install/rosmonitoring_interfaces/share/rosmonitoring_interfaces/cmake/export_rosmonitoring_interfaces__rosidl_generator_pyExport.cmake
-- Installing: /home/shaqiloheal/ros2_ws/install/rosmonitoring_interfaces/share/rosmonitoring_interfaces/cmake/export_rosmonitoring_interfaces__rosidl_generator_pyExport-noconfig.cmake
-- Installing: /home/shaqiloheal/ros2_ws/install/rosmonitoring_interfaces/share/rosmonitoring_interfaces/cmake/rosidl_cmake-extras.cmake
-- Installing: /home/shaqiloheal/ros2_ws/install/rosmonitoring_interfaces/share/rosmonitoring_interfaces/cmake/ament_cmake_export_include_directories-extras.cmake
-- Installing: /home/shaqiloheal/ros2_ws/install/rosmonitoring_interfaces/share/rosmonitoring_interfaces/cmake/ament_cmake_export_libraries-extras.cmake
-- Installing: /home/shaqiloheal/ros2_ws/install/rosmonitoring_interfaces/share/rosmonitoring_interfaces/cmake/ament_cmake_export_targets-extras.cmake
-- Installing: /home/shaqiloheal/ros2_ws/install/rosmonitoring_interfaces/share/rosmonitoring_interfaces/cmake/rosidl_cmake_export_typesupport_targets-extras.cmake
-- Installing: /home/shaqiloheal/ros2_ws/install/rosmonitoring_interfaces/share/rosmonitoring_interfaces/cmake/ament_cmake_export_dependencies-extras.cmake
-- Installing: /home/shaqiloheal/ros2_ws/install/rosmonitoring_interfaces/share/rosmonitoring_interfaces/cmake/rosidl_cmake_export_typesupport_libraries-extras.cmake
-- Installing: /home/shaqiloheal/ros2_ws/install/rosmonitoring_interfaces/share/rosmonitoring_interfaces/cmake/rosmonitoring_interfacesConfig.cmake
-- Installing: /home/shaqiloheal/ros2_ws/install/rosmonitoring_interfaces/share/rosmonitoring_interfaces/cmake/rosmonitoring_interfacesConfig-version.cmake
-- Installing: /home/shaqiloheal/ros2_ws/install/rosmonitoring_interfaces/share/rosmonitoring_interfaces/package.xml
