[0.019s] Invoking command in '/home/shaqiloheal/ros2_ws/build/rosmonitoring_interfaces': CMAKE_PREFIX_PATH=${CMAKE_PREFIX_PATH}:/home/shaqiloheal/ros2_ws/install/temperature_sensor:/home/shaqiloheal/ros2_ws/install/monitor:/home/shaqiloheal/ros2_ws/install/py_srvcli:/home/shaqiloheal/ros2_ws/install/py_pubsub:/home/shaqiloheal/ros2_ws/install/fibonacci:/opt/ros/jazzy DEBUGINFOD_URLS=https://debuginfod.ubuntu.com PS1=(ros2_env) \[\e]0;\u@\h: \w\a\]${debian_chroot:+($debian_chroot)}\[\033[01;32m\]\u@\h\[\033[00m\]:\[\033[01;34m\]\w\[\033[00m\]\$ VIRTUAL_ENV_PROMPT=(ros2_env) /usr/bin/cmake /home/shaqiloheal/ros2_ws/src/rosmonitoring_interfaces -DCMAKE_INSTALL_PREFIX=/home/shaqiloheal/ros2_ws/install/rosmonitoring_interfaces
[0.453s] -- The C compiler identification is GNU 13.3.0
[0.453s] -- The CXX compiler identification is GNU 13.3.0
[0.453s] -- Detecting C compiler ABI info
[0.453s] -- Detecting C compiler ABI info - done
[0.453s] -- Check for working C compiler: /usr/bin/cc - skipped
[0.453s] -- Detecting C compile features
[0.453s] -- Detecting C compile features - done
[0.453s] -- Detecting CXX compiler ABI info
[0.453s] -- Detecting CXX compiler ABI info - done
[0.453s] -- Check for working CXX compiler: /usr/bin/c++ - skipped
[0.453s] -- Detecting CXX compile features
[0.454s] -- Detecting CXX compile features - done
[0.454s] -- Found ament_cmake: 2.5.3 (/opt/ros/jazzy/share/ament_cmake/cmake)
[0.454s] -- Found Python3: /home/shaqiloheal/ros2_ws/ros2_env/bin/python3 (found version "3.12.3") found components: Interpreter 
[0.454s] -- Found rosidl_default_generators: 1.6.0 (/opt/ros/jazzy/share/rosidl_default_generators/cmake)
[0.454s] -- Using all available rosidl_typesupport_c: rosidl_typesupport_fastrtps_c;rosidl_typesupport_introspection_c
[0.466s] -- Using all available rosidl_typesupport_cpp: rosidl_typesupport_fastrtps_cpp;rosidl_typesupport_introspection_cpp
[0.499s] -- Found rosidl_adapter: 4.6.5 (/opt/ros/jazzy/share/rosidl_adapter/cmake)
[0.834s] -- Found ament_cmake_ros: 0.12.0 (/opt/ros/jazzy/share/ament_cmake_ros/cmake)
[1.093s] -- Using all available rosidl_typesupport_c: rosidl_typesupport_fastrtps_c;rosidl_typesupport_introspection_c
[1.413s] -- Using all available rosidl_typesupport_cpp: rosidl_typesupport_fastrtps_cpp;rosidl_typesupport_introspection_cpp
[1.416s] -- Found python_cmake_module: 0.11.1 (/opt/ros/jazzy/share/python_cmake_module/cmake)
[1.493s] -- Found PythonExtra: /home/shaqiloheal/ros2_ws/ros2_env/bin/python3  
[1.737s] -- Found Python3: /home/shaqiloheal/ros2_ws/ros2_env/bin/python3 (found version "3.12.3") found components: Interpreter Development NumPy Development.Module Development.Embed 
[1.758s] -- Found ament_lint_auto: 0.17.1 (/opt/ros/jazzy/share/ament_lint_auto/cmake)
[1.782s] -- Added test 'copyright' to check source files copyright and LICENSE
[1.783s] -- Added test 'lint_cmake' to check CMake code style
[1.783s] -- Added test 'xmllint' to check XML markup files
[1.785s] -- Configuring done (1.8s)
[1.802s] -- Generating done (0.0s)
[1.807s] -- Build files have been written to: /home/shaqiloheal/ros2_ws/build/rosmonitoring_interfaces
[1.813s] Invoked command in '/home/shaqiloheal/ros2_ws/build/rosmonitoring_interfaces' returned '0': CMAKE_PREFIX_PATH=${CMAKE_PREFIX_PATH}:/home/shaqiloheal/ros2_ws/install/temperature_sensor:/home/shaqiloheal/ros2_ws/install/monitor:/home/shaqiloheal/ros2_ws/install/py_srvcli:/home/shaqiloheal/ros2_ws/install/py_pubsub:/home/shaqiloheal/ros2_ws/install/fibonacci:/opt/ros/jazzy DEBUGINFOD_URLS=https://debuginfod.ubuntu.com PS1=(ros2_env) \[\e]0;\u@\h: \w\a\]${debian_chroot:+($debian_chroot)}\[\033[01;32m\]\u@\h\[\033[00m\]:\[\033[01;34m\]\w\[\033[00m\]\$ VIRTUAL_ENV_PROMPT=(ros2_env) /usr/bin/cmake /home/shaqiloheal/ros2_ws/src/rosmonitoring_interfaces -DCMAKE_INSTALL_PREFIX=/home/shaqiloheal/ros2_ws/install/rosmonitoring_interfaces
[1.814s] Invoking command in '/home/shaqiloheal/ros2_ws/build/rosmonitoring_interfaces': CMAKE_PREFIX_PATH=${CMAKE_PREFIX_PATH}:/home/shaqiloheal/ros2_ws/install/temperature_sensor:/home/shaqiloheal/ros2_ws/install/monitor:/home/shaqiloheal/ros2_ws/install/py_srvcli:/home/shaqiloheal/ros2_ws/install/py_pubsub:/home/shaqiloheal/ros2_ws/install/fibonacci:/opt/ros/jazzy DEBUGINFOD_URLS=https://debuginfod.ubuntu.com PS1=(ros2_env) \[\e]0;\u@\h: \w\a\]${debian_chroot:+($debian_chroot)}\[\033[01;32m\]\u@\h\[\033[00m\]:\[\033[01;34m\]\w\[\033[00m\]\$ VIRTUAL_ENV_PROMPT=(ros2_env) /usr/bin/cmake --build /home/shaqiloheal/ros2_ws/build/rosmonitoring_interfaces -- -j16 -l16
[1.851s] [  2%] [34m[1mGenerating type hashes for ROS interfaces[0m
[1.856s] [  2%] Built target ament_cmake_python_copy_rosmonitoring_interfaces
[1.948s] [  2%] Built target rosmonitoring_interfaces__rosidl_generator_type_description
[1.955s] [  5%] [34m[1mGenerating C code for ROS interfaces[0m
[1.959s] running egg_info
[1.959s] creating rosmonitoring_interfaces.egg-info
[1.963s] [  8%] [34m[1mGenerating C++ code for ROS interfaces[0m
[1.967s] writing rosmonitoring_interfaces.egg-info/PKG-INFO
[1.967s] writing dependency_links to rosmonitoring_interfaces.egg-info/dependency_links.txt
[1.967s] writing top-level names to rosmonitoring_interfaces.egg-info/top_level.txt
[1.967s] writing manifest file 'rosmonitoring_interfaces.egg-info/SOURCES.txt'
[1.991s] reading manifest file 'rosmonitoring_interfaces.egg-info/SOURCES.txt'
[1.991s] writing manifest file 'rosmonitoring_interfaces.egg-info/SOURCES.txt'
[2.011s] [  8%] Built target ament_cmake_python_build_rosmonitoring_interfaces_egg
[2.083s] [  8%] Built target rosmonitoring_interfaces__cpp
[2.091s] [ 11%] [32mBuilding C object CMakeFiles/rosmonitoring_interfaces__rosidl_generator_c.dir/rosidl_generator_c/rosmonitoring_interfaces/msg/detail/monitor_error__description.c.o[0m
[2.091s] [ 17%] [32mBuilding C object CMakeFiles/rosmonitoring_interfaces__rosidl_generator_c.dir/rosidl_generator_c/rosmonitoring_interfaces/msg/detail/monitor_error__type_support.c.o[0m
[2.091s] [ 17%] [32mBuilding C object CMakeFiles/rosmonitoring_interfaces__rosidl_generator_c.dir/rosidl_generator_c/rosmonitoring_interfaces/msg/detail/monitor_error__functions.c.o[0m
[2.120s] [ 20%] [32m[1mLinking C shared library librosmonitoring_interfaces__rosidl_generator_c.so[0m
[2.142s] [ 20%] Built target rosmonitoring_interfaces__rosidl_generator_c
[2.149s] [ 32%] [34m[1mGenerating C++ type support for eProsima Fast-RTPS[0m
[2.149s] [ 32%] [34m[1mGenerating C type support dispatch for ROS interfaces[0m
[2.149s] [ 32%] [34m[1mGenerating C++ type support dispatch for ROS interfaces[0m
[2.149s] [ 32%] [34m[1mGenerating C++ introspection for ROS interfaces[0m
[2.149s] [ 38%] [34m[1mGenerating C type support for eProsima Fast-RTPS[0m
[2.149s] [ 38%] [34m[1mGenerating C introspection for ROS interfaces[0m
[2.264s] [ 44%] [32mBuilding CXX object CMakeFiles/rosmonitoring_interfaces__rosidl_typesupport_c.dir/rosidl_typesupport_c/rosmonitoring_interfaces/msg/monitor_error__type_support.cpp.o[0m
[2.264s] [ 44%] [32mBuilding CXX object CMakeFiles/rosmonitoring_interfaces__rosidl_typesupport_cpp.dir/rosidl_typesupport_cpp/rosmonitoring_interfaces/msg/monitor_error__type_support.cpp.o[0m
[2.272s] [ 50%] [32mBuilding C object CMakeFiles/rosmonitoring_interfaces__rosidl_typesupport_introspection_c.dir/rosidl_typesupport_introspection_c/rosmonitoring_interfaces/msg/detail/monitor_error__type_support.c.o[0m
[2.272s] [ 50%] [32mBuilding CXX object CMakeFiles/rosmonitoring_interfaces__rosidl_typesupport_introspection_cpp.dir/rosidl_typesupport_introspection_cpp/rosmonitoring_interfaces/msg/detail/monitor_error__type_support.cpp.o[0m
[2.279s] [ 52%] [32mBuilding CXX object CMakeFiles/rosmonitoring_interfaces__rosidl_typesupport_fastrtps_cpp.dir/rosidl_typesupport_fastrtps_cpp/rosmonitoring_interfaces/msg/detail/dds_fastrtps/monitor_error__type_support.cpp.o[0m
[2.283s] [ 55%] [32mBuilding CXX object CMakeFiles/rosmonitoring_interfaces__rosidl_typesupport_fastrtps_c.dir/rosidl_typesupport_fastrtps_c/rosmonitoring_interfaces/msg/detail/monitor_error__type_support_c.cpp.o[0m
[2.289s] [ 58%] [32m[1mLinking CXX shared library librosmonitoring_interfaces__rosidl_typesupport_c.so[0m
[2.294s] [ 61%] [32m[1mLinking C shared library librosmonitoring_interfaces__rosidl_typesupport_introspection_c.so[0m
[2.315s] [ 61%] Built target rosmonitoring_interfaces__rosidl_typesupport_c
[2.315s] [ 61%] Built target rosmonitoring_interfaces__rosidl_typesupport_introspection_c
[2.427s] [ 64%] [32m[1mLinking CXX shared library librosmonitoring_interfaces__rosidl_typesupport_cpp.so[0m
[2.440s] [ 67%] [32m[1mLinking CXX shared library librosmonitoring_interfaces__rosidl_typesupport_introspection_cpp.so[0m
[2.455s] [ 67%] Built target rosmonitoring_interfaces__rosidl_typesupport_cpp
[2.480s] [ 67%] Built target rosmonitoring_interfaces__rosidl_typesupport_introspection_cpp
[2.528s] [ 73%] [32m[1mLinking CXX shared library librosmonitoring_interfaces__rosidl_typesupport_fastrtps_c.so[0m
[2.528s] [ 73%] [32m[1mLinking CXX shared library librosmonitoring_interfaces__rosidl_typesupport_fastrtps_cpp.so[0m
[2.576s] [ 73%] Built target rosmonitoring_interfaces__rosidl_typesupport_fastrtps_cpp
[2.576s] [ 73%] Built target rosmonitoring_interfaces__rosidl_typesupport_fastrtps_c
[2.590s] [ 73%] Built target rosmonitoring_interfaces
[2.604s] [ 76%] [34m[1mGenerating Python code for ROS interfaces[0m
[2.747s] [ 76%] Built target rosmonitoring_interfaces__py
[2.763s] [ 79%] [32mBuilding C object CMakeFiles/rosmonitoring_interfaces__rosidl_generator_py.dir/rosidl_generator_py/rosmonitoring_interfaces/msg/_monitor_error_s.c.o[0m
[2.833s] [ 82%] [32m[1mLinking C shared library librosmonitoring_interfaces__rosidl_generator_py.so[0m
[2.860s] [ 82%] Built target rosmonitoring_interfaces__rosidl_generator_py
[2.877s] [ 85%] [32mBuilding C object CMakeFiles/rosmonitoring_interfaces_s__rosidl_typesupport_introspection_c.dir/rosidl_generator_py/rosmonitoring_interfaces/_rosmonitoring_interfaces_s.ep.rosidl_typesupport_introspection_c.c.o[0m
[2.877s] [ 88%] [32mBuilding C object CMakeFiles/rosmonitoring_interfaces_s__rosidl_typesupport_c.dir/rosidl_generator_py/rosmonitoring_interfaces/_rosmonitoring_interfaces_s.ep.rosidl_typesupport_c.c.o[0m
[2.877s] [ 91%] [32mBuilding C object CMakeFiles/rosmonitoring_interfaces_s__rosidl_typesupport_fastrtps_c.dir/rosidl_generator_py/rosmonitoring_interfaces/_rosmonitoring_interfaces_s.ep.rosidl_typesupport_fastrtps_c.c.o[0m
[2.942s] [ 94%] [32m[1mLinking C shared module rosidl_generator_py/rosmonitoring_interfaces/rosmonitoring_interfaces_s__rosidl_typesupport_fastrtps_c.so[0m
[2.946s] [ 97%] [32m[1mLinking C shared module rosidl_generator_py/rosmonitoring_interfaces/rosmonitoring_interfaces_s__rosidl_typesupport_introspection_c.so[0m
[2.954s] [100%] [32m[1mLinking C shared module rosidl_generator_py/rosmonitoring_interfaces/rosmonitoring_interfaces_s__rosidl_typesupport_c.so[0m
[2.971s] [100%] Built target rosmonitoring_interfaces_s__rosidl_typesupport_fastrtps_c
[2.971s] [100%] Built target rosmonitoring_interfaces_s__rosidl_typesupport_introspection_c
[2.981s] [100%] Built target rosmonitoring_interfaces_s__rosidl_typesupport_c
[2.993s] Invoked command in '/home/shaqiloheal/ros2_ws/build/rosmonitoring_interfaces' returned '0': CMAKE_PREFIX_PATH=${CMAKE_PREFIX_PATH}:/home/shaqiloheal/ros2_ws/install/temperature_sensor:/home/shaqiloheal/ros2_ws/install/monitor:/home/shaqiloheal/ros2_ws/install/py_srvcli:/home/shaqiloheal/ros2_ws/install/py_pubsub:/home/shaqiloheal/ros2_ws/install/fibonacci:/opt/ros/jazzy DEBUGINFOD_URLS=https://debuginfod.ubuntu.com PS1=(ros2_env) \[\e]0;\u@\h: \w\a\]${debian_chroot:+($debian_chroot)}\[\033[01;32m\]\u@\h\[\033[00m\]:\[\033[01;34m\]\w\[\033[00m\]\$ VIRTUAL_ENV_PROMPT=(ros2_env) /usr/bin/cmake --build /home/shaqiloheal/ros2_ws/build/rosmonitoring_interfaces -- -j16 -l16
[3.003s] Invoking command in '/home/shaqiloheal/ros2_ws/build/rosmonitoring_interfaces': CMAKE_PREFIX_PATH=${CMAKE_PREFIX_PATH}:/home/shaqiloheal/ros2_ws/install/temperature_sensor:/home/shaqiloheal/ros2_ws/install/monitor:/home/shaqiloheal/ros2_ws/install/py_srvcli:/home/shaqiloheal/ros2_ws/install/py_pubsub:/home/shaqiloheal/ros2_ws/install/fibonacci:/opt/ros/jazzy DEBUGINFOD_URLS=https://debuginfod.ubuntu.com PS1=(ros2_env) \[\e]0;\u@\h: \w\a\]${debian_chroot:+($debian_chroot)}\[\033[01;32m\]\u@\h\[\033[00m\]:\[\033[01;34m\]\w\[\033[00m\]\$ VIRTUAL_ENV_PROMPT=(ros2_env) /usr/bin/cmake --install /home/shaqiloheal/ros2_ws/build/rosmonitoring_interfaces
[3.012s] -- Install configuration: ""
[3.012s] -- Installing: /home/shaqiloheal/ros2_ws/install/rosmonitoring_interfaces/share/ament_index/resource_index/rosidl_interfaces/rosmonitoring_interfaces
[3.012s] -- Installing: /home/shaqiloheal/ros2_ws/install/rosmonitoring_interfaces/share/rosmonitoring_interfaces/msg/MonitorError.json
[3.012s] -- Installing: /home/shaqiloheal/ros2_ws/install/rosmonitoring_interfaces/include/rosmonitoring_interfaces/rosmonitoring_interfaces
[3.013s] -- Installing: /home/shaqiloheal/ros2_ws/install/rosmonitoring_interfaces/include/rosmonitoring_interfaces/rosmonitoring_interfaces/msg
[3.013s] -- Installing: /home/shaqiloheal/ros2_ws/install/rosmonitoring_interfaces/include/rosmonitoring_interfaces/rosmonitoring_interfaces/msg/detail
[3.013s] -- Installing: /home/shaqiloheal/ros2_ws/install/rosmonitoring_interfaces/include/rosmonitoring_interfaces/rosmonitoring_interfaces/msg/detail/monitor_error__description.c
[3.013s] -- Installing: /home/shaqiloheal/ros2_ws/install/rosmonitoring_interfaces/include/rosmonitoring_interfaces/rosmonitoring_interfaces/msg/detail/monitor_error__type_support.c
[3.013s] -- Installing: /home/shaqiloheal/ros2_ws/install/rosmonitoring_interfaces/include/rosmonitoring_interfaces/rosmonitoring_interfaces/msg/detail/monitor_error__struct.h
[3.013s] -- Installing: /home/shaqiloheal/ros2_ws/install/rosmonitoring_interfaces/include/rosmonitoring_interfaces/rosmonitoring_interfaces/msg/detail/monitor_error__functions.h
[3.013s] -- Installing: /home/shaqiloheal/ros2_ws/install/rosmonitoring_interfaces/include/rosmonitoring_interfaces/rosmonitoring_interfaces/msg/detail/monitor_error__type_support.h
[3.013s] -- Installing: /home/shaqiloheal/ros2_ws/install/rosmonitoring_interfaces/include/rosmonitoring_interfaces/rosmonitoring_interfaces/msg/detail/monitor_error__functions.c
[3.013s] -- Installing: /home/shaqiloheal/ros2_ws/install/rosmonitoring_interfaces/include/rosmonitoring_interfaces/rosmonitoring_interfaces/msg/rosidl_generator_c__visibility_control.h
[3.013s] -- Installing: /home/shaqiloheal/ros2_ws/install/rosmonitoring_interfaces/include/rosmonitoring_interfaces/rosmonitoring_interfaces/msg/monitor_error.h
[3.014s] -- Installing: /home/shaqiloheal/ros2_ws/install/rosmonitoring_interfaces/share/rosmonitoring_interfaces/environment/library_path.sh
[3.014s] -- Installing: /home/shaqiloheal/ros2_ws/install/rosmonitoring_interfaces/share/rosmonitoring_interfaces/environment/library_path.dsv
[3.014s] -- Installing: /home/shaqiloheal/ros2_ws/install/rosmonitoring_interfaces/lib/librosmonitoring_interfaces__rosidl_generator_c.so
[3.014s] -- Set non-toolchain portion of runtime path of "/home/shaqiloheal/ros2_ws/install/rosmonitoring_interfaces/lib/librosmonitoring_interfaces__rosidl_generator_c.so" to ""
[3.014s] -- Up-to-date: /home/shaqiloheal/ros2_ws/install/rosmonitoring_interfaces/include/rosmonitoring_interfaces/rosmonitoring_interfaces
[3.014s] -- Up-to-date: /home/shaqiloheal/ros2_ws/install/rosmonitoring_interfaces/include/rosmonitoring_interfaces/rosmonitoring_interfaces/msg
[3.014s] -- Installing: /home/shaqiloheal/ros2_ws/install/rosmonitoring_interfaces/include/rosmonitoring_interfaces/rosmonitoring_interfaces/msg/rosidl_typesupport_fastrtps_c__visibility_control.h
[3.014s] -- Up-to-date: /home/shaqiloheal/ros2_ws/install/rosmonitoring_interfaces/include/rosmonitoring_interfaces/rosmonitoring_interfaces/msg/detail
[3.014s] -- Installing: /home/shaqiloheal/ros2_ws/install/rosmonitoring_interfaces/include/rosmonitoring_interfaces/rosmonitoring_interfaces/msg/detail/monitor_error__rosidl_typesupport_fastrtps_c.h
[3.014s] -- Installing: /home/shaqiloheal/ros2_ws/install/rosmonitoring_interfaces/lib/librosmonitoring_interfaces__rosidl_typesupport_fastrtps_c.so
[3.015s] -- Set non-toolchain portion of runtime path of "/home/shaqiloheal/ros2_ws/install/rosmonitoring_interfaces/lib/librosmonitoring_interfaces__rosidl_typesupport_fastrtps_c.so" to ""
[3.015s] -- Up-to-date: /home/shaqiloheal/ros2_ws/install/rosmonitoring_interfaces/include/rosmonitoring_interfaces/rosmonitoring_interfaces
[3.015s] -- Up-to-date: /home/shaqiloheal/ros2_ws/install/rosmonitoring_interfaces/include/rosmonitoring_interfaces/rosmonitoring_interfaces/msg
[3.015s] -- Up-to-date: /home/shaqiloheal/ros2_ws/install/rosmonitoring_interfaces/include/rosmonitoring_interfaces/rosmonitoring_interfaces/msg/detail
[3.015s] -- Up-to-date: /home/shaqiloheal/ros2_ws/install/rosmonitoring_interfaces/include/rosmonitoring_interfaces/rosmonitoring_interfaces/msg/detail/monitor_error__type_support.c
[3.015s] -- Installing: /home/shaqiloheal/ros2_ws/install/rosmonitoring_interfaces/include/rosmonitoring_interfaces/rosmonitoring_interfaces/msg/detail/monitor_error__rosidl_typesupport_introspection_c.h
[3.015s] -- Installing: /home/shaqiloheal/ros2_ws/install/rosmonitoring_interfaces/include/rosmonitoring_interfaces/rosmonitoring_interfaces/msg/rosidl_typesupport_introspection_c__visibility_control.h
[3.015s] -- Installing: /home/shaqiloheal/ros2_ws/install/rosmonitoring_interfaces/lib/librosmonitoring_interfaces__rosidl_typesupport_introspection_c.so
[3.015s] -- Set non-toolchain portion of runtime path of "/home/shaqiloheal/ros2_ws/install/rosmonitoring_interfaces/lib/librosmonitoring_interfaces__rosidl_typesupport_introspection_c.so" to ""
[3.015s] -- Installing: /home/shaqiloheal/ros2_ws/install/rosmonitoring_interfaces/lib/librosmonitoring_interfaces__rosidl_typesupport_c.so
[3.016s] -- Set non-toolchain portion of runtime path of "/home/shaqiloheal/ros2_ws/install/rosmonitoring_interfaces/lib/librosmonitoring_interfaces__rosidl_typesupport_c.so" to ""
[3.016s] -- Up-to-date: /home/shaqiloheal/ros2_ws/install/rosmonitoring_interfaces/include/rosmonitoring_interfaces/rosmonitoring_interfaces
[3.016s] -- Up-to-date: /home/shaqiloheal/ros2_ws/install/rosmonitoring_interfaces/include/rosmonitoring_interfaces/rosmonitoring_interfaces/msg
[3.016s] -- Installing: /home/shaqiloheal/ros2_ws/install/rosmonitoring_interfaces/include/rosmonitoring_interfaces/rosmonitoring_interfaces/msg/rosidl_generator_cpp__visibility_control.hpp
[3.016s] -- Up-to-date: /home/shaqiloheal/ros2_ws/install/rosmonitoring_interfaces/include/rosmonitoring_interfaces/rosmonitoring_interfaces/msg/detail
[3.016s] -- Installing: /home/shaqiloheal/ros2_ws/install/rosmonitoring_interfaces/include/rosmonitoring_interfaces/rosmonitoring_interfaces/msg/detail/monitor_error__builder.hpp
[3.016s] -- Installing: /home/shaqiloheal/ros2_ws/install/rosmonitoring_interfaces/include/rosmonitoring_interfaces/rosmonitoring_interfaces/msg/detail/monitor_error__type_support.hpp
[3.016s] -- Installing: /home/shaqiloheal/ros2_ws/install/rosmonitoring_interfaces/include/rosmonitoring_interfaces/rosmonitoring_interfaces/msg/detail/monitor_error__traits.hpp
[3.016s] -- Installing: /home/shaqiloheal/ros2_ws/install/rosmonitoring_interfaces/include/rosmonitoring_interfaces/rosmonitoring_interfaces/msg/detail/monitor_error__struct.hpp
[3.016s] -- Installing: /home/shaqiloheal/ros2_ws/install/rosmonitoring_interfaces/include/rosmonitoring_interfaces/rosmonitoring_interfaces/msg/monitor_error.hpp
[3.016s] -- Up-to-date: /home/shaqiloheal/ros2_ws/install/rosmonitoring_interfaces/include/rosmonitoring_interfaces/rosmonitoring_interfaces
[3.016s] -- Up-to-date: /home/shaqiloheal/ros2_ws/install/rosmonitoring_interfaces/include/rosmonitoring_interfaces/rosmonitoring_interfaces/msg
[3.016s] -- Up-to-date: /home/shaqiloheal/ros2_ws/install/rosmonitoring_interfaces/include/rosmonitoring_interfaces/rosmonitoring_interfaces/msg/detail
[3.016s] -- Installing: /home/shaqiloheal/ros2_ws/install/rosmonitoring_interfaces/include/rosmonitoring_interfaces/rosmonitoring_interfaces/msg/detail/monitor_error__rosidl_typesupport_fastrtps_cpp.hpp
[3.017s] -- Installing: /home/shaqiloheal/ros2_ws/install/rosmonitoring_interfaces/include/rosmonitoring_interfaces/rosmonitoring_interfaces/msg/detail/dds_fastrtps
[3.017s] -- Installing: /home/shaqiloheal/ros2_ws/install/rosmonitoring_interfaces/include/rosmonitoring_interfaces/rosmonitoring_interfaces/msg/rosidl_typesupport_fastrtps_cpp__visibility_control.h
[3.017s] -- Installing: /home/shaqiloheal/ros2_ws/install/rosmonitoring_interfaces/lib/librosmonitoring_interfaces__rosidl_typesupport_fastrtps_cpp.so
[3.017s] -- Set non-toolchain portion of runtime path of "/home/shaqiloheal/ros2_ws/install/rosmonitoring_interfaces/lib/librosmonitoring_interfaces__rosidl_typesupport_fastrtps_cpp.so" to ""
[3.017s] -- Up-to-date: /home/shaqiloheal/ros2_ws/install/rosmonitoring_interfaces/include/rosmonitoring_interfaces/rosmonitoring_interfaces
[3.017s] -- Up-to-date: /home/shaqiloheal/ros2_ws/install/rosmonitoring_interfaces/include/rosmonitoring_interfaces/rosmonitoring_interfaces/msg
[3.017s] -- Up-to-date: /home/shaqiloheal/ros2_ws/install/rosmonitoring_interfaces/include/rosmonitoring_interfaces/rosmonitoring_interfaces/msg/detail
[3.017s] -- Installing: /home/shaqiloheal/ros2_ws/install/rosmonitoring_interfaces/include/rosmonitoring_interfaces/rosmonitoring_interfaces/msg/detail/monitor_error__rosidl_typesupport_introspection_cpp.hpp
[3.017s] -- Installing: /home/shaqiloheal/ros2_ws/install/rosmonitoring_interfaces/include/rosmonitoring_interfaces/rosmonitoring_interfaces/msg/detail/monitor_error__type_support.cpp
[3.017s] -- Installing: /home/shaqiloheal/ros2_ws/install/rosmonitoring_interfaces/lib/librosmonitoring_interfaces__rosidl_typesupport_introspection_cpp.so
[3.018s] -- Set non-toolchain portion of runtime path of "/home/shaqiloheal/ros2_ws/install/rosmonitoring_interfaces/lib/librosmonitoring_interfaces__rosidl_typesupport_introspection_cpp.so" to ""
[3.018s] -- Installing: /home/shaqiloheal/ros2_ws/install/rosmonitoring_interfaces/lib/librosmonitoring_interfaces__rosidl_typesupport_cpp.so
[3.018s] -- Set non-toolchain portion of runtime path of "/home/shaqiloheal/ros2_ws/install/rosmonitoring_interfaces/lib/librosmonitoring_interfaces__rosidl_typesupport_cpp.so" to ""
[3.018s] -- Installing: /home/shaqiloheal/ros2_ws/install/rosmonitoring_interfaces/share/rosmonitoring_interfaces/environment/pythonpath.sh
[3.018s] -- Installing: /home/shaqiloheal/ros2_ws/install/rosmonitoring_interfaces/share/rosmonitoring_interfaces/environment/pythonpath.dsv
[3.018s] -- Installing: /home/shaqiloheal/ros2_ws/install/rosmonitoring_interfaces/lib/python3.12/site-packages/rosmonitoring_interfaces-0.0.0-py3.12.egg-info
[3.018s] -- Installing: /home/shaqiloheal/ros2_ws/install/rosmonitoring_interfaces/lib/python3.12/site-packages/rosmonitoring_interfaces-0.0.0-py3.12.egg-info/top_level.txt
[3.019s] -- Installing: /home/shaqiloheal/ros2_ws/install/rosmonitoring_interfaces/lib/python3.12/site-packages/rosmonitoring_interfaces-0.0.0-py3.12.egg-info/PKG-INFO
[3.019s] -- Installing: /home/shaqiloheal/ros2_ws/install/rosmonitoring_interfaces/lib/python3.12/site-packages/rosmonitoring_interfaces-0.0.0-py3.12.egg-info/SOURCES.txt
[3.019s] -- Installing: /home/shaqiloheal/ros2_ws/install/rosmonitoring_interfaces/lib/python3.12/site-packages/rosmonitoring_interfaces-0.0.0-py3.12.egg-info/dependency_links.txt
[3.019s] -- Installing: /home/shaqiloheal/ros2_ws/install/rosmonitoring_interfaces/lib/python3.12/site-packages/rosmonitoring_interfaces
[3.019s] -- Installing: /home/shaqiloheal/ros2_ws/install/rosmonitoring_interfaces/lib/python3.12/site-packages/rosmonitoring_interfaces/msg
[3.019s] -- Installing: /home/shaqiloheal/ros2_ws/install/rosmonitoring_interfaces/lib/python3.12/site-packages/rosmonitoring_interfaces/msg/_monitor_error_s.c
[3.019s] -- Installing: /home/shaqiloheal/ros2_ws/install/rosmonitoring_interfaces/lib/python3.12/site-packages/rosmonitoring_interfaces/msg/__init__.py
[3.019s] -- Installing: /home/shaqiloheal/ros2_ws/install/rosmonitoring_interfaces/lib/python3.12/site-packages/rosmonitoring_interfaces/msg/_monitor_error.py
[3.019s] -- Installing: /home/shaqiloheal/ros2_ws/install/rosmonitoring_interfaces/lib/python3.12/site-packages/rosmonitoring_interfaces/rosmonitoring_interfaces_s__rosidl_typesupport_fastrtps_c.so
[3.019s] -- Installing: /home/shaqiloheal/ros2_ws/install/rosmonitoring_interfaces/lib/python3.12/site-packages/rosmonitoring_interfaces/_rosmonitoring_interfaces_s.ep.rosidl_typesupport_c.c
[3.020s] -- Installing: /home/shaqiloheal/ros2_ws/install/rosmonitoring_interfaces/lib/python3.12/site-packages/rosmonitoring_interfaces/__init__.py
[3.020s] -- Installing: /home/shaqiloheal/ros2_ws/install/rosmonitoring_interfaces/lib/python3.12/site-packages/rosmonitoring_interfaces/_rosmonitoring_interfaces_s.ep.rosidl_typesupport_introspection_c.c
[3.020s] -- Installing: /home/shaqiloheal/ros2_ws/install/rosmonitoring_interfaces/lib/python3.12/site-packages/rosmonitoring_interfaces/rosmonitoring_interfaces_s__rosidl_typesupport_introspection_c.so
[3.020s] -- Installing: /home/shaqiloheal/ros2_ws/install/rosmonitoring_interfaces/lib/python3.12/site-packages/rosmonitoring_interfaces/_rosmonitoring_interfaces_s.ep.rosidl_typesupport_fastrtps_c.c
[3.020s] -- Installing: /home/shaqiloheal/ros2_ws/install/rosmonitoring_interfaces/lib/python3.12/site-packages/rosmonitoring_interfaces/rosmonitoring_interfaces_s__rosidl_typesupport_c.so
[3.055s] Listing '/home/shaqiloheal/ros2_ws/install/rosmonitoring_interfaces/lib/python3.12/site-packages/rosmonitoring_interfaces'...
[3.055s] Compiling '/home/shaqiloheal/ros2_ws/install/rosmonitoring_interfaces/lib/python3.12/site-packages/rosmonitoring_interfaces/__init__.py'...
[3.056s] Listing '/home/shaqiloheal/ros2_ws/install/rosmonitoring_interfaces/lib/python3.12/site-packages/rosmonitoring_interfaces/msg'...
[3.056s] Compiling '/home/shaqiloheal/ros2_ws/install/rosmonitoring_interfaces/lib/python3.12/site-packages/rosmonitoring_interfaces/msg/__init__.py'...
[3.056s] Compiling '/home/shaqiloheal/ros2_ws/install/rosmonitoring_interfaces/lib/python3.12/site-packages/rosmonitoring_interfaces/msg/_monitor_error.py'...
[3.061s] -- Installing: /home/shaqiloheal/ros2_ws/install/rosmonitoring_interfaces/lib/python3.12/site-packages/rosmonitoring_interfaces/rosmonitoring_interfaces_s__rosidl_typesupport_fastrtps_c.so
[3.062s] -- Set non-toolchain portion of runtime path of "/home/shaqiloheal/ros2_ws/install/rosmonitoring_interfaces/lib/python3.12/site-packages/rosmonitoring_interfaces/rosmonitoring_interfaces_s__rosidl_typesupport_fastrtps_c.so" to ""
[3.062s] -- Installing: /home/shaqiloheal/ros2_ws/install/rosmonitoring_interfaces/lib/python3.12/site-packages/rosmonitoring_interfaces/rosmonitoring_interfaces_s__rosidl_typesupport_introspection_c.so
[3.062s] -- Set non-toolchain portion of runtime path of "/home/shaqiloheal/ros2_ws/install/rosmonitoring_interfaces/lib/python3.12/site-packages/rosmonitoring_interfaces/rosmonitoring_interfaces_s__rosidl_typesupport_introspection_c.so" to ""
[3.062s] -- Installing: /home/shaqiloheal/ros2_ws/install/rosmonitoring_interfaces/lib/python3.12/site-packages/rosmonitoring_interfaces/rosmonitoring_interfaces_s__rosidl_typesupport_c.so
[3.062s] -- Set non-toolchain portion of runtime path of "/home/shaqiloheal/ros2_ws/install/rosmonitoring_interfaces/lib/python3.12/site-packages/rosmonitoring_interfaces/rosmonitoring_interfaces_s__rosidl_typesupport_c.so" to ""
[3.062s] -- Installing: /home/shaqiloheal/ros2_ws/install/rosmonitoring_interfaces/lib/librosmonitoring_interfaces__rosidl_generator_py.so
[3.063s] -- Set non-toolchain portion of runtime path of "/home/shaqiloheal/ros2_ws/install/rosmonitoring_interfaces/lib/librosmonitoring_interfaces__rosidl_generator_py.so" to ""
[3.063s] -- Installing: /home/shaqiloheal/ros2_ws/install/rosmonitoring_interfaces/share/rosmonitoring_interfaces/msg/MonitorError.idl
[3.063s] -- Installing: /home/shaqiloheal/ros2_ws/install/rosmonitoring_interfaces/share/rosmonitoring_interfaces/msg/MonitorError.msg
[3.063s] -- Installing: /home/shaqiloheal/ros2_ws/install/rosmonitoring_interfaces/share/ament_index/resource_index/package_run_dependencies/rosmonitoring_interfaces
[3.063s] -- Installing: /home/shaqiloheal/ros2_ws/install/rosmonitoring_interfaces/share/ament_index/resource_index/parent_prefix_path/rosmonitoring_interfaces
[3.063s] -- Installing: /home/shaqiloheal/ros2_ws/install/rosmonitoring_interfaces/share/rosmonitoring_interfaces/environment/ament_prefix_path.sh
[3.064s] -- Installing: /home/shaqiloheal/ros2_ws/install/rosmonitoring_interfaces/share/rosmonitoring_interfaces/environment/ament_prefix_path.dsv
[3.064s] -- Installing: /home/shaqiloheal/ros2_ws/install/rosmonitoring_interfaces/share/rosmonitoring_interfaces/environment/path.sh
[3.064s] -- Installing: /home/shaqiloheal/ros2_ws/install/rosmonitoring_interfaces/share/rosmonitoring_interfaces/environment/path.dsv
[3.064s] -- Installing: /home/shaqiloheal/ros2_ws/install/rosmonitoring_interfaces/share/rosmonitoring_interfaces/local_setup.bash
[3.064s] -- Installing: /home/shaqiloheal/ros2_ws/install/rosmonitoring_interfaces/share/rosmonitoring_interfaces/local_setup.sh
[3.064s] -- Installing: /home/shaqiloheal/ros2_ws/install/rosmonitoring_interfaces/share/rosmonitoring_interfaces/local_setup.zsh
[3.064s] -- Installing: /home/shaqiloheal/ros2_ws/install/rosmonitoring_interfaces/share/rosmonitoring_interfaces/local_setup.dsv
[3.064s] -- Installing: /home/shaqiloheal/ros2_ws/install/rosmonitoring_interfaces/share/rosmonitoring_interfaces/package.dsv
[3.065s] -- Installing: /home/shaqiloheal/ros2_ws/install/rosmonitoring_interfaces/share/ament_index/resource_index/packages/rosmonitoring_interfaces
[3.065s] -- Installing: /home/shaqiloheal/ros2_ws/install/rosmonitoring_interfaces/share/rosmonitoring_interfaces/cmake/export_rosmonitoring_interfaces__rosidl_generator_cExport.cmake
[3.065s] -- Installing: /home/shaqiloheal/ros2_ws/install/rosmonitoring_interfaces/share/rosmonitoring_interfaces/cmake/export_rosmonitoring_interfaces__rosidl_generator_cExport-noconfig.cmake
[3.065s] -- Installing: /home/shaqiloheal/ros2_ws/install/rosmonitoring_interfaces/share/rosmonitoring_interfaces/cmake/export_rosmonitoring_interfaces__rosidl_typesupport_fastrtps_cExport.cmake
[3.065s] -- Installing: /home/shaqiloheal/ros2_ws/install/rosmonitoring_interfaces/share/rosmonitoring_interfaces/cmake/export_rosmonitoring_interfaces__rosidl_typesupport_fastrtps_cExport-noconfig.cmake
[3.065s] -- Installing: /home/shaqiloheal/ros2_ws/install/rosmonitoring_interfaces/share/rosmonitoring_interfaces/cmake/rosmonitoring_interfaces__rosidl_typesupport_introspection_cExport.cmake
[3.065s] -- Installing: /home/shaqiloheal/ros2_ws/install/rosmonitoring_interfaces/share/rosmonitoring_interfaces/cmake/rosmonitoring_interfaces__rosidl_typesupport_introspection_cExport-noconfig.cmake
[3.066s] -- Installing: /home/shaqiloheal/ros2_ws/install/rosmonitoring_interfaces/share/rosmonitoring_interfaces/cmake/rosmonitoring_interfaces__rosidl_typesupport_cExport.cmake
[3.066s] -- Installing: /home/shaqiloheal/ros2_ws/install/rosmonitoring_interfaces/share/rosmonitoring_interfaces/cmake/rosmonitoring_interfaces__rosidl_typesupport_cExport-noconfig.cmake
[3.066s] -- Installing: /home/shaqiloheal/ros2_ws/install/rosmonitoring_interfaces/share/rosmonitoring_interfaces/cmake/export_rosmonitoring_interfaces__rosidl_generator_cppExport.cmake
[3.066s] -- Installing: /home/shaqiloheal/ros2_ws/install/rosmonitoring_interfaces/share/rosmonitoring_interfaces/cmake/export_rosmonitoring_interfaces__rosidl_typesupport_fastrtps_cppExport.cmake
[3.066s] -- Installing: /home/shaqiloheal/ros2_ws/install/rosmonitoring_interfaces/share/rosmonitoring_interfaces/cmake/export_rosmonitoring_interfaces__rosidl_typesupport_fastrtps_cppExport-noconfig.cmake
[3.066s] -- Installing: /home/shaqiloheal/ros2_ws/install/rosmonitoring_interfaces/share/rosmonitoring_interfaces/cmake/rosmonitoring_interfaces__rosidl_typesupport_introspection_cppExport.cmake
[3.066s] -- Installing: /home/shaqiloheal/ros2_ws/install/rosmonitoring_interfaces/share/rosmonitoring_interfaces/cmake/rosmonitoring_interfaces__rosidl_typesupport_introspection_cppExport-noconfig.cmake
[3.066s] -- Installing: /home/shaqiloheal/ros2_ws/install/rosmonitoring_interfaces/share/rosmonitoring_interfaces/cmake/rosmonitoring_interfaces__rosidl_typesupport_cppExport.cmake
[3.067s] -- Installing: /home/shaqiloheal/ros2_ws/install/rosmonitoring_interfaces/share/rosmonitoring_interfaces/cmake/rosmonitoring_interfaces__rosidl_typesupport_cppExport-noconfig.cmake
[3.067s] -- Installing: /home/shaqiloheal/ros2_ws/install/rosmonitoring_interfaces/share/rosmonitoring_interfaces/cmake/export_rosmonitoring_interfaces__rosidl_generator_pyExport.cmake
[3.067s] -- Installing: /home/shaqiloheal/ros2_ws/install/rosmonitoring_interfaces/share/rosmonitoring_interfaces/cmake/export_rosmonitoring_interfaces__rosidl_generator_pyExport-noconfig.cmake
[3.067s] -- Installing: /home/shaqiloheal/ros2_ws/install/rosmonitoring_interfaces/share/rosmonitoring_interfaces/cmake/rosidl_cmake-extras.cmake
[3.067s] -- Installing: /home/shaqiloheal/ros2_ws/install/rosmonitoring_interfaces/share/rosmonitoring_interfaces/cmake/ament_cmake_export_include_directories-extras.cmake
[3.067s] -- Installing: /home/shaqiloheal/ros2_ws/install/rosmonitoring_interfaces/share/rosmonitoring_interfaces/cmake/ament_cmake_export_libraries-extras.cmake
[3.067s] -- Installing: /home/shaqiloheal/ros2_ws/install/rosmonitoring_interfaces/share/rosmonitoring_interfaces/cmake/ament_cmake_export_targets-extras.cmake
[3.068s] -- Installing: /home/shaqiloheal/ros2_ws/install/rosmonitoring_interfaces/share/rosmonitoring_interfaces/cmake/rosidl_cmake_export_typesupport_targets-extras.cmake
[3.068s] -- Installing: /home/shaqiloheal/ros2_ws/install/rosmonitoring_interfaces/share/rosmonitoring_interfaces/cmake/ament_cmake_export_dependencies-extras.cmake
[3.068s] -- Installing: /home/shaqiloheal/ros2_ws/install/rosmonitoring_interfaces/share/rosmonitoring_interfaces/cmake/rosidl_cmake_export_typesupport_libraries-extras.cmake
[3.068s] -- Installing: /home/shaqiloheal/ros2_ws/install/rosmonitoring_interfaces/share/rosmonitoring_interfaces/cmake/rosmonitoring_interfacesConfig.cmake
[3.068s] -- Installing: /home/shaqiloheal/ros2_ws/install/rosmonitoring_interfaces/share/rosmonitoring_interfaces/cmake/rosmonitoring_interfacesConfig-version.cmake
[3.068s] -- Installing: /home/shaqiloheal/ros2_ws/install/rosmonitoring_interfaces/share/rosmonitoring_interfaces/package.xml
[3.071s] Invoked command in '/home/shaqiloheal/ros2_ws/build/rosmonitoring_interfaces' returned '0': CMAKE_PREFIX_PATH=${CMAKE_PREFIX_PATH}:/home/shaqiloheal/ros2_ws/install/temperature_sensor:/home/shaqiloheal/ros2_ws/install/monitor:/home/shaqiloheal/ros2_ws/install/py_srvcli:/home/shaqiloheal/ros2_ws/install/py_pubsub:/home/shaqiloheal/ros2_ws/install/fibonacci:/opt/ros/jazzy DEBUGINFOD_URLS=https://debuginfod.ubuntu.com PS1=(ros2_env) \[\e]0;\u@\h: \w\a\]${debian_chroot:+($debian_chroot)}\[\033[01;32m\]\u@\h\[\033[00m\]:\[\033[01;34m\]\w\[\033[00m\]\$ VIRTUAL_ENV_PROMPT=(ros2_env) /usr/bin/cmake --install /home/shaqiloheal/ros2_ws/build/rosmonitoring_interfaces
