[0.962s] Invoking command in '/home/shaqiloheal/ros2_ws/src/py_pubsub': DEBUGINFOD_URLS=https://debuginfod.ubuntu.com PS1=(ros2_env) \[\e]0;\u@\h: \w\a\]${debian_chroot:+($debian_chroot)}\[\033[01;32m\]\u@\h\[\033[00m\]:\[\033[01;34m\]\w\[\033[00m\]\$ PYTHONPATH=/home/shaqiloheal/ros2_ws/build/py_pubsub/prefix_override:/usr/lib/python3/dist-packages/colcon_core/task/python/colcon_distutils_commands:/home/shaqiloheal/ros2_ws/install/py_pubsub/lib/python3.12/site-packages:${PYTHONPATH} VIRTUAL_ENV_PROMPT=(ros2_env) /usr/bin/python3 -W ignore:setup.py install is deprecated -W ignore:easy_install command is deprecated setup.py egg_info --egg-base ../../build/py_pubsub build --build-base /home/shaqiloheal/ros2_ws/build/py_pubsub/build install --record /home/shaqiloheal/ros2_ws/build/py_pubsub/install.log --single-version-externally-managed install_data
[1.085s] running egg_info
[1.085s] creating ../../build/py_pubsub/py_pubsub.egg-info
[1.093s] writing ../../build/py_pubsub/py_pubsub.egg-info/PKG-INFO
[1.093s] writing dependency_links to ../../build/py_pubsub/py_pubsub.egg-info/dependency_links.txt
[1.093s] writing entry points to ../../build/py_pubsub/py_pubsub.egg-info/entry_points.txt
[1.093s] writing requirements to ../../build/py_pubsub/py_pubsub.egg-info/requires.txt
[1.093s] writing top-level names to ../../build/py_pubsub/py_pubsub.egg-info/top_level.txt
[1.093s] writing manifest file '../../build/py_pubsub/py_pubsub.egg-info/SOURCES.txt'
[1.109s] reading manifest file '../../build/py_pubsub/py_pubsub.egg-info/SOURCES.txt'
[1.109s] adding license file 'LICENSE'
[1.109s] writing manifest file '../../build/py_pubsub/py_pubsub.egg-info/SOURCES.txt'
[1.109s] running build
[1.109s] running build_py
[1.109s] creating /home/shaqiloheal/ros2_ws/build/py_pubsub/build
[1.110s] creating /home/shaqiloheal/ros2_ws/build/py_pubsub/build/lib
[1.110s] creating /home/shaqiloheal/ros2_ws/build/py_pubsub/build/lib/py_pubsub
[1.110s] copying py_pubsub/subscriber_member_function.py -> /home/shaqiloheal/ros2_ws/build/py_pubsub/build/lib/py_pubsub
[1.110s] copying py_pubsub/publisher_member_function.py -> /home/shaqiloheal/ros2_ws/build/py_pubsub/build/lib/py_pubsub
[1.110s] copying py_pubsub/__init__.py -> /home/shaqiloheal/ros2_ws/build/py_pubsub/build/lib/py_pubsub
[1.110s] running install
[1.113s] running install_lib
[1.121s] creating /home/shaqiloheal/ros2_ws/install/py_pubsub/lib/python3.12/site-packages/py_pubsub
[1.121s] copying /home/shaqiloheal/ros2_ws/build/py_pubsub/build/lib/py_pubsub/subscriber_member_function.py -> /home/shaqiloheal/ros2_ws/install/py_pubsub/lib/python3.12/site-packages/py_pubsub
[1.121s] copying /home/shaqiloheal/ros2_ws/build/py_pubsub/build/lib/py_pubsub/publisher_member_function.py -> /home/shaqiloheal/ros2_ws/install/py_pubsub/lib/python3.12/site-packages/py_pubsub
[1.121s] copying /home/shaqiloheal/ros2_ws/build/py_pubsub/build/lib/py_pubsub/__init__.py -> /home/shaqiloheal/ros2_ws/install/py_pubsub/lib/python3.12/site-packages/py_pubsub
[1.121s] byte-compiling /home/shaqiloheal/ros2_ws/install/py_pubsub/lib/python3.12/site-packages/py_pubsub/subscriber_member_function.py to subscriber_member_function.cpython-312.pyc
[1.122s] byte-compiling /home/shaqiloheal/ros2_ws/install/py_pubsub/lib/python3.12/site-packages/py_pubsub/publisher_member_function.py to publisher_member_function.cpython-312.pyc
[1.122s] byte-compiling /home/shaqiloheal/ros2_ws/install/py_pubsub/lib/python3.12/site-packages/py_pubsub/__init__.py to __init__.cpython-312.pyc
[1.122s] running install_data
[1.122s] creating /home/shaqiloheal/ros2_ws/install/py_pubsub/share/ament_index
[1.122s] creating /home/shaqiloheal/ros2_ws/install/py_pubsub/share/ament_index/resource_index
[1.122s] creating /home/shaqiloheal/ros2_ws/install/py_pubsub/share/ament_index/resource_index/packages
[1.122s] copying resource/py_pubsub -> /home/shaqiloheal/ros2_ws/install/py_pubsub/share/ament_index/resource_index/packages
[1.122s] copying package.xml -> /home/shaqiloheal/ros2_ws/install/py_pubsub/share/py_pubsub
[1.122s] running install_egg_info
[1.131s] Copying ../../build/py_pubsub/py_pubsub.egg-info to /home/shaqiloheal/ros2_ws/install/py_pubsub/lib/python3.12/site-packages/py_pubsub-0.0.0-py3.12.egg-info
[1.131s] running install_scripts
[1.192s] Installing listener script to /home/shaqiloheal/ros2_ws/install/py_pubsub/lib/py_pubsub
[1.192s] Installing talker script to /home/shaqiloheal/ros2_ws/install/py_pubsub/lib/py_pubsub
[1.192s] writing list of installed files to '/home/shaqiloheal/ros2_ws/build/py_pubsub/install.log'
[1.212s] Invoked command in '/home/shaqiloheal/ros2_ws/src/py_pubsub' returned '0': DEBUGINFOD_URLS=https://debuginfod.ubuntu.com PS1=(ros2_env) \[\e]0;\u@\h: \w\a\]${debian_chroot:+($debian_chroot)}\[\033[01;32m\]\u@\h\[\033[00m\]:\[\033[01;34m\]\w\[\033[00m\]\$ PYTHONPATH=/home/shaqiloheal/ros2_ws/build/py_pubsub/prefix_override:/usr/lib/python3/dist-packages/colcon_core/task/python/colcon_distutils_commands:/home/shaqiloheal/ros2_ws/install/py_pubsub/lib/python3.12/site-packages:${PYTHONPATH} VIRTUAL_ENV_PROMPT=(ros2_env) /usr/bin/python3 -W ignore:setup.py install is deprecated -W ignore:easy_install command is deprecated setup.py egg_info --egg-base ../../build/py_pubsub build --build-base /home/shaqiloheal/ros2_ws/build/py_pubsub/build install --record /home/shaqiloheal/ros2_ws/build/py_pubsub/install.log --single-version-externally-managed install_data
