-- The C compiler identification is GNU 13.3.0
-- The CXX compiler identification is GNU 13.3.0
-- Detecting C compiler ABI info
-- Detecting C compiler ABI info - done
-- Check for working C compiler: /usr/bin/cc - skipped
-- Detecting C compile features
-- Detecting C compile features - done
-- Detecting CXX compiler ABI info
-- Detecting CXX compiler ABI info - done
-- Check for working CXX compiler: /usr/bin/c++ - skipped
-- Detecting CXX compile features
-- Detecting CXX compile features - done
-- Found ament_cmake: 2.5.3 (/opt/ros/jazzy/share/ament_cmake/cmake)
-- Found Python3: /home/shaqiloheal/ros2_ws/ros2_env/bin/python3 (found version "3.12.3") found components: Interpreter 
-- Found ament_lint_auto: 0.17.1 (/opt/ros/jazzy/share/ament_lint_auto/cmake)
-- Found rosidl_default_generators: 1.6.0 (/opt/ros/jazzy/share/rosidl_default_generators/cmake)
-- Using all available rosidl_typesupport_c: rosidl_typesupport_fastrtps_c;rosidl_typesupport_introspection_c
-- Using all available rosidl_typesupport_cpp: rosidl_typesupport_fastrtps_cpp;rosidl_typesupport_introspection_cpp
-- Found rosidl_adapter: 4.6.5 (/opt/ros/jazzy/share/rosidl_adapter/cmake)
-- Found ament_cmake_ros: 0.12.0 (/opt/ros/jazzy/share/ament_cmake_ros/cmake)
-- Using all available rosidl_typesupport_c: rosidl_typesupport_fastrtps_c;rosidl_typesupport_introspection_c
-- Using all available rosidl_typesupport_cpp: rosidl_typesupport_fastrtps_cpp;rosidl_typesupport_introspection_cpp
-- Found python_cmake_module: 0.11.1 (/opt/ros/jazzy/share/python_cmake_module/cmake)
-- Found PythonExtra: /home/shaqiloheal/ros2_ws/ros2_env/bin/python3  
-- Found Python3: /home/shaqiloheal/ros2_ws/ros2_env/bin/python3 (found version "3.12.3") found components: Interpreter Development NumPy Development.Module Development.Embed 
-- Added test 'flake8' to check Python code syntax and style conventions
-- Configured 'flake8' exclude dirs and/or files: 
-- Added test 'lint_cmake' to check CMake code style
-- Added test 'pep257' to check Python code against some of the docstring style conventions in PEP 257
-- Added test 'xmllint' to check XML markup files
-- Configuring done (1.9s)
-- Generating done (0.0s)
-- Build files have been written to: /home/shaqiloheal/ros2_ws/build/custom_action_interfaces
[  1%] [34m[1mGenerating type hashes for ROS interfaces[0m
[  1%] Built target ament_cmake_python_copy_custom_action_interfaces
running egg_info
creating custom_action_interfaces.egg-info
writing custom_action_interfaces.egg-info/PKG-INFO
writing dependency_links to custom_action_interfaces.egg-info/dependency_links.txt
writing top-level names to custom_action_interfaces.egg-info/top_level.txt
writing manifest file 'custom_action_interfaces.egg-info/SOURCES.txt'
[  1%] Built target custom_action_interfaces__rosidl_generator_type_description
[  3%] [34m[1mGenerating C code for ROS interfaces[0m
reading manifest file 'custom_action_interfaces.egg-info/SOURCES.txt'
writing manifest file 'custom_action_interfaces.egg-info/SOURCES.txt'
[  5%] [34m[1mGenerating C++ code for ROS interfaces[0m
[  5%] Built target ament_cmake_python_build_custom_action_interfaces_egg
[  5%] Built target custom_action_interfaces__cpp
[  7%] [32mBuilding C object CMakeFiles/custom_action_interfaces__rosidl_generator_c.dir/rosidl_generator_c/custom_action_interfaces/action/detail/fibonacci__functions.c.o[0m
[  9%] [32mBuilding C object CMakeFiles/custom_action_interfaces__rosidl_generator_c.dir/rosidl_generator_c/custom_action_interfaces/action/detail/fibonacci__description.c.o[0m
[ 14%] [32mBuilding C object CMakeFiles/custom_action_interfaces__rosidl_generator_c.dir/rosidl_generator_c/custom_action_interfaces/action/detail/charge__description.c.o[0m
[ 14%] [32mBuilding C object CMakeFiles/custom_action_interfaces__rosidl_generator_c.dir/rosidl_generator_c/custom_action_interfaces/action/detail/battery__type_support.c.o[0m
[ 14%] [32mBuilding C object CMakeFiles/custom_action_interfaces__rosidl_generator_c.dir/rosidl_generator_c/custom_action_interfaces/action/detail/fibonacci__type_support.c.o[0m
[ 16%] [32mBuilding C object CMakeFiles/custom_action_interfaces__rosidl_generator_c.dir/rosidl_generator_c/custom_action_interfaces/action/detail/charge__functions.c.o[0m
[ 18%] [32mBuilding C object CMakeFiles/custom_action_interfaces__rosidl_generator_c.dir/rosidl_generator_c/custom_action_interfaces/action/detail/battery__description.c.o[0m
[ 20%] [32mBuilding C object CMakeFiles/custom_action_interfaces__rosidl_generator_c.dir/rosidl_generator_c/custom_action_interfaces/action/detail/battery__functions.c.o[0m
[ 22%] [32mBuilding C object CMakeFiles/custom_action_interfaces__rosidl_generator_c.dir/rosidl_generator_c/custom_action_interfaces/action/detail/charge__type_support.c.o[0m
[ 24%] [32m[1mLinking C shared library libcustom_action_interfaces__rosidl_generator_c.so[0m
[ 24%] Built target custom_action_interfaces__rosidl_generator_c
[ 29%] [34m[1mGenerating C introspection for ROS interfaces[0m
[ 29%] [34m[1mGenerating C type support for eProsima Fast-RTPS[0m
[ 29%] [34m[1mGenerating C++ type support dispatch for ROS interfaces[0m
[ 31%] [34m[1mGenerating C type support dispatch for ROS interfaces[0m
[ 33%] [34m[1mGenerating C++ introspection for ROS interfaces[0m
[ 35%] [34m[1mGenerating C++ type support for eProsima Fast-RTPS[0m
[ 37%] [32mBuilding CXX object CMakeFiles/custom_action_interfaces__rosidl_typesupport_c.dir/rosidl_typesupport_c/custom_action_interfaces/action/fibonacci__type_support.cpp.o[0m
[ 38%] [32mBuilding CXX object CMakeFiles/custom_action_interfaces__rosidl_typesupport_c.dir/rosidl_typesupport_c/custom_action_interfaces/action/charge__type_support.cpp.o[0m
[ 40%] [32mBuilding CXX object CMakeFiles/custom_action_interfaces__rosidl_typesupport_c.dir/rosidl_typesupport_c/custom_action_interfaces/action/battery__type_support.cpp.o[0m
[ 42%] [32mBuilding CXX object CMakeFiles/custom_action_interfaces__rosidl_typesupport_cpp.dir/rosidl_typesupport_cpp/custom_action_interfaces/action/battery__type_support.cpp.o[0m
[ 44%] [32mBuilding CXX object CMakeFiles/custom_action_interfaces__rosidl_typesupport_cpp.dir/rosidl_typesupport_cpp/custom_action_interfaces/action/fibonacci__type_support.cpp.o[0m
[ 46%] [32mBuilding CXX object CMakeFiles/custom_action_interfaces__rosidl_typesupport_cpp.dir/rosidl_typesupport_cpp/custom_action_interfaces/action/charge__type_support.cpp.o[0m
[ 48%] [32m[1mLinking CXX shared library libcustom_action_interfaces__rosidl_typesupport_c.so[0m
[ 50%] [32mBuilding CXX object CMakeFiles/custom_action_interfaces__rosidl_typesupport_introspection_cpp.dir/rosidl_typesupport_introspection_cpp/custom_action_interfaces/action/detail/fibonacci__type_support.cpp.o[0m
[ 51%] [32mBuilding CXX object CMakeFiles/custom_action_interfaces__rosidl_typesupport_introspection_cpp.dir/rosidl_typesupport_introspection_cpp/custom_action_interfaces/action/detail/battery__type_support.cpp.o[0m
[ 53%] [32mBuilding CXX object CMakeFiles/custom_action_interfaces__rosidl_typesupport_introspection_cpp.dir/rosidl_typesupport_introspection_cpp/custom_action_interfaces/action/detail/charge__type_support.cpp.o[0m
[ 53%] Built target custom_action_interfaces__rosidl_typesupport_c
[ 55%] [32mBuilding C object CMakeFiles/custom_action_interfaces__rosidl_typesupport_introspection_c.dir/rosidl_typesupport_introspection_c/custom_action_interfaces/action/detail/fibonacci__type_support.c.o[0m
[ 57%] [32mBuilding C object CMakeFiles/custom_action_interfaces__rosidl_typesupport_introspection_c.dir/rosidl_typesupport_introspection_c/custom_action_interfaces/action/detail/battery__type_support.c.o[0m
[ 59%] [32mBuilding C object CMakeFiles/custom_action_interfaces__rosidl_typesupport_introspection_c.dir/rosidl_typesupport_introspection_c/custom_action_interfaces/action/detail/charge__type_support.c.o[0m
[ 61%] [32m[1mLinking C shared library libcustom_action_interfaces__rosidl_typesupport_introspection_c.so[0m
[ 61%] Built target custom_action_interfaces__rosidl_typesupport_introspection_c
[ 66%] [32mBuilding CXX object CMakeFiles/custom_action_interfaces__rosidl_typesupport_fastrtps_cpp.dir/rosidl_typesupport_fastrtps_cpp/custom_action_interfaces/action/detail/dds_fastrtps/fibonacci__type_support.cpp.o[0m
[ 66%] [32mBuilding CXX object CMakeFiles/custom_action_interfaces__rosidl_typesupport_fastrtps_cpp.dir/rosidl_typesupport_fastrtps_cpp/custom_action_interfaces/action/detail/dds_fastrtps/charge__type_support.cpp.o[0m
[ 66%] [32mBuilding CXX object CMakeFiles/custom_action_interfaces__rosidl_typesupport_fastrtps_cpp.dir/rosidl_typesupport_fastrtps_cpp/custom_action_interfaces/action/detail/dds_fastrtps/battery__type_support.cpp.o[0m
[ 70%] [32mBuilding CXX object CMakeFiles/custom_action_interfaces__rosidl_typesupport_fastrtps_c.dir/rosidl_typesupport_fastrtps_c/custom_action_interfaces/action/detail/battery__type_support_c.cpp.o[0m
[ 70%] [32mBuilding CXX object CMakeFiles/custom_action_interfaces__rosidl_typesupport_fastrtps_c.dir/rosidl_typesupport_fastrtps_c/custom_action_interfaces/action/detail/fibonacci__type_support_c.cpp.o[0m
[ 72%] [32mBuilding CXX object CMakeFiles/custom_action_interfaces__rosidl_typesupport_fastrtps_c.dir/rosidl_typesupport_fastrtps_c/custom_action_interfaces/action/detail/charge__type_support_c.cpp.o[0m
[ 74%] [32m[1mLinking CXX shared library libcustom_action_interfaces__rosidl_typesupport_cpp.so[0m
[ 74%] Built target custom_action_interfaces__rosidl_typesupport_cpp
[ 75%] [32m[1mLinking CXX shared library libcustom_action_interfaces__rosidl_typesupport_introspection_cpp.so[0m
[ 75%] Built target custom_action_interfaces__rosidl_typesupport_introspection_cpp
[ 77%] [32m[1mLinking CXX shared library libcustom_action_interfaces__rosidl_typesupport_fastrtps_c.so[0m
[ 77%] Built target custom_action_interfaces__rosidl_typesupport_fastrtps_c
[ 79%] [32m[1mLinking CXX shared library libcustom_action_interfaces__rosidl_typesupport_fastrtps_cpp.so[0m
[ 79%] Built target custom_action_interfaces__rosidl_typesupport_fastrtps_cpp
[ 79%] Built target custom_action_interfaces
[ 81%] [34m[1mGenerating Python code for ROS interfaces[0m
[ 81%] Built target custom_action_interfaces__py
[ 83%] [32mBuilding C object CMakeFiles/custom_action_interfaces__rosidl_generator_py.dir/rosidl_generator_py/custom_action_interfaces/action/_fibonacci_s.c.o[0m
[ 85%] [32mBuilding C object CMakeFiles/custom_action_interfaces__rosidl_generator_py.dir/rosidl_generator_py/custom_action_interfaces/action/_battery_s.c.o[0m
[ 87%] [32mBuilding C object CMakeFiles/custom_action_interfaces__rosidl_generator_py.dir/rosidl_generator_py/custom_action_interfaces/action/_charge_s.c.o[0m
[ 88%] [32m[1mLinking C shared library libcustom_action_interfaces__rosidl_generator_py.so[0m
[ 88%] Built target custom_action_interfaces__rosidl_generator_py
[ 90%] [32mBuilding C object CMakeFiles/custom_action_interfaces_s__rosidl_typesupport_c.dir/rosidl_generator_py/custom_action_interfaces/_custom_action_interfaces_s.ep.rosidl_typesupport_c.c.o[0m
[ 92%] [32mBuilding C object CMakeFiles/custom_action_interfaces_s__rosidl_typesupport_introspection_c.dir/rosidl_generator_py/custom_action_interfaces/_custom_action_interfaces_s.ep.rosidl_typesupport_introspection_c.c.o[0m
[ 94%] [32mBuilding C object CMakeFiles/custom_action_interfaces_s__rosidl_typesupport_fastrtps_c.dir/rosidl_generator_py/custom_action_interfaces/_custom_action_interfaces_s.ep.rosidl_typesupport_fastrtps_c.c.o[0m
[100%] [32m[1mLinking C shared module rosidl_generator_py/custom_action_interfaces/custom_action_interfaces_s__rosidl_typesupport_c.so[0m
[100%] [32m[1mLinking C shared module rosidl_generator_py/custom_action_interfaces/custom_action_interfaces_s__rosidl_typesupport_fastrtps_c.so[0m
[100%] [32m[1mLinking C shared module rosidl_generator_py/custom_action_interfaces/custom_action_interfaces_s__rosidl_typesupport_introspection_c.so[0m
[100%] Built target custom_action_interfaces_s__rosidl_typesupport_introspection_c
[100%] Built target custom_action_interfaces_s__rosidl_typesupport_c
[100%] Built target custom_action_interfaces_s__rosidl_typesupport_fastrtps_c
-- Install configuration: ""
-- Installing: /home/shaqiloheal/ros2_ws/install/custom_action_interfaces/share/ament_index/resource_index/rosidl_interfaces/custom_action_interfaces
-- Installing: /home/shaqiloheal/ros2_ws/install/custom_action_interfaces/share/custom_action_interfaces/action/Fibonacci.json
-- Installing: /home/shaqiloheal/ros2_ws/install/custom_action_interfaces/share/custom_action_interfaces/action/Battery.json
-- Installing: /home/shaqiloheal/ros2_ws/install/custom_action_interfaces/share/custom_action_interfaces/action/Charge.json
-- Installing: /home/shaqiloheal/ros2_ws/install/custom_action_interfaces/include/custom_action_interfaces/custom_action_interfaces
-- Installing: /home/shaqiloheal/ros2_ws/install/custom_action_interfaces/include/custom_action_interfaces/custom_action_interfaces/msg
-- Installing: /home/shaqiloheal/ros2_ws/install/custom_action_interfaces/include/custom_action_interfaces/custom_action_interfaces/msg/rosidl_generator_c__visibility_control.h
-- Installing: /home/shaqiloheal/ros2_ws/install/custom_action_interfaces/include/custom_action_interfaces/custom_action_interfaces/action
-- Installing: /home/shaqiloheal/ros2_ws/install/custom_action_interfaces/include/custom_action_interfaces/custom_action_interfaces/action/detail
-- Installing: /home/shaqiloheal/ros2_ws/install/custom_action_interfaces/include/custom_action_interfaces/custom_action_interfaces/action/detail/fibonacci__struct.h
-- Installing: /home/shaqiloheal/ros2_ws/install/custom_action_interfaces/include/custom_action_interfaces/custom_action_interfaces/action/detail/fibonacci__type_support.h
-- Installing: /home/shaqiloheal/ros2_ws/install/custom_action_interfaces/include/custom_action_interfaces/custom_action_interfaces/action/detail/fibonacci__description.c
-- Installing: /home/shaqiloheal/ros2_ws/install/custom_action_interfaces/include/custom_action_interfaces/custom_action_interfaces/action/detail/fibonacci__functions.h
-- Installing: /home/shaqiloheal/ros2_ws/install/custom_action_interfaces/include/custom_action_interfaces/custom_action_interfaces/action/detail/battery__type_support.c
-- Installing: /home/shaqiloheal/ros2_ws/install/custom_action_interfaces/include/custom_action_interfaces/custom_action_interfaces/action/detail/fibonacci__functions.c
-- Installing: /home/shaqiloheal/ros2_ws/install/custom_action_interfaces/include/custom_action_interfaces/custom_action_interfaces/action/detail/battery__type_support.h
-- Installing: /home/shaqiloheal/ros2_ws/install/custom_action_interfaces/include/custom_action_interfaces/custom_action_interfaces/action/detail/battery__struct.h
-- Installing: /home/shaqiloheal/ros2_ws/install/custom_action_interfaces/include/custom_action_interfaces/custom_action_interfaces/action/detail/battery__functions.c
-- Installing: /home/shaqiloheal/ros2_ws/install/custom_action_interfaces/include/custom_action_interfaces/custom_action_interfaces/action/detail/charge__struct.h
-- Installing: /home/shaqiloheal/ros2_ws/install/custom_action_interfaces/include/custom_action_interfaces/custom_action_interfaces/action/detail/charge__functions.c
-- Installing: /home/shaqiloheal/ros2_ws/install/custom_action_interfaces/include/custom_action_interfaces/custom_action_interfaces/action/detail/battery__description.c
-- Installing: /home/shaqiloheal/ros2_ws/install/custom_action_interfaces/include/custom_action_interfaces/custom_action_interfaces/action/detail/fibonacci__type_support.c
-- Installing: /home/shaqiloheal/ros2_ws/install/custom_action_interfaces/include/custom_action_interfaces/custom_action_interfaces/action/detail/charge__type_support.c
-- Installing: /home/shaqiloheal/ros2_ws/install/custom_action_interfaces/include/custom_action_interfaces/custom_action_interfaces/action/detail/charge__functions.h
-- Installing: /home/shaqiloheal/ros2_ws/install/custom_action_interfaces/include/custom_action_interfaces/custom_action_interfaces/action/detail/battery__functions.h
-- Installing: /home/shaqiloheal/ros2_ws/install/custom_action_interfaces/include/custom_action_interfaces/custom_action_interfaces/action/detail/charge__description.c
-- Installing: /home/shaqiloheal/ros2_ws/install/custom_action_interfaces/include/custom_action_interfaces/custom_action_interfaces/action/detail/charge__type_support.h
-- Installing: /home/shaqiloheal/ros2_ws/install/custom_action_interfaces/include/custom_action_interfaces/custom_action_interfaces/action/battery.h
-- Installing: /home/shaqiloheal/ros2_ws/install/custom_action_interfaces/include/custom_action_interfaces/custom_action_interfaces/action/charge.h
-- Installing: /home/shaqiloheal/ros2_ws/install/custom_action_interfaces/include/custom_action_interfaces/custom_action_interfaces/action/fibonacci.h
-- Installing: /home/shaqiloheal/ros2_ws/install/custom_action_interfaces/share/custom_action_interfaces/environment/library_path.sh
-- Installing: /home/shaqiloheal/ros2_ws/install/custom_action_interfaces/share/custom_action_interfaces/environment/library_path.dsv
-- Installing: /home/shaqiloheal/ros2_ws/install/custom_action_interfaces/lib/libcustom_action_interfaces__rosidl_generator_c.so
-- Set non-toolchain portion of runtime path of "/home/shaqiloheal/ros2_ws/install/custom_action_interfaces/lib/libcustom_action_interfaces__rosidl_generator_c.so" to ""
-- Up-to-date: /home/shaqiloheal/ros2_ws/install/custom_action_interfaces/include/custom_action_interfaces/custom_action_interfaces
-- Up-to-date: /home/shaqiloheal/ros2_ws/install/custom_action_interfaces/include/custom_action_interfaces/custom_action_interfaces/msg
-- Installing: /home/shaqiloheal/ros2_ws/install/custom_action_interfaces/include/custom_action_interfaces/custom_action_interfaces/msg/rosidl_typesupport_fastrtps_c__visibility_control.h
-- Up-to-date: /home/shaqiloheal/ros2_ws/install/custom_action_interfaces/include/custom_action_interfaces/custom_action_interfaces/action
-- Up-to-date: /home/shaqiloheal/ros2_ws/install/custom_action_interfaces/include/custom_action_interfaces/custom_action_interfaces/action/detail
-- Installing: /home/shaqiloheal/ros2_ws/install/custom_action_interfaces/include/custom_action_interfaces/custom_action_interfaces/action/detail/charge__rosidl_typesupport_fastrtps_c.h
-- Installing: /home/shaqiloheal/ros2_ws/install/custom_action_interfaces/include/custom_action_interfaces/custom_action_interfaces/action/detail/battery__rosidl_typesupport_fastrtps_c.h
-- Installing: /home/shaqiloheal/ros2_ws/install/custom_action_interfaces/include/custom_action_interfaces/custom_action_interfaces/action/detail/fibonacci__rosidl_typesupport_fastrtps_c.h
-- Installing: /home/shaqiloheal/ros2_ws/install/custom_action_interfaces/lib/libcustom_action_interfaces__rosidl_typesupport_fastrtps_c.so
-- Set non-toolchain portion of runtime path of "/home/shaqiloheal/ros2_ws/install/custom_action_interfaces/lib/libcustom_action_interfaces__rosidl_typesupport_fastrtps_c.so" to ""
-- Up-to-date: /home/shaqiloheal/ros2_ws/install/custom_action_interfaces/include/custom_action_interfaces/custom_action_interfaces
-- Up-to-date: /home/shaqiloheal/ros2_ws/install/custom_action_interfaces/include/custom_action_interfaces/custom_action_interfaces/msg
-- Installing: /home/shaqiloheal/ros2_ws/install/custom_action_interfaces/include/custom_action_interfaces/custom_action_interfaces/msg/rosidl_typesupport_introspection_c__visibility_control.h
-- Up-to-date: /home/shaqiloheal/ros2_ws/install/custom_action_interfaces/include/custom_action_interfaces/custom_action_interfaces/action
-- Up-to-date: /home/shaqiloheal/ros2_ws/install/custom_action_interfaces/include/custom_action_interfaces/custom_action_interfaces/action/detail
-- Up-to-date: /home/shaqiloheal/ros2_ws/install/custom_action_interfaces/include/custom_action_interfaces/custom_action_interfaces/action/detail/battery__type_support.c
-- Installing: /home/shaqiloheal/ros2_ws/install/custom_action_interfaces/include/custom_action_interfaces/custom_action_interfaces/action/detail/battery__rosidl_typesupport_introspection_c.h
-- Installing: /home/shaqiloheal/ros2_ws/install/custom_action_interfaces/include/custom_action_interfaces/custom_action_interfaces/action/detail/fibonacci__rosidl_typesupport_introspection_c.h
-- Installing: /home/shaqiloheal/ros2_ws/install/custom_action_interfaces/include/custom_action_interfaces/custom_action_interfaces/action/detail/charge__rosidl_typesupport_introspection_c.h
-- Up-to-date: /home/shaqiloheal/ros2_ws/install/custom_action_interfaces/include/custom_action_interfaces/custom_action_interfaces/action/detail/fibonacci__type_support.c
-- Up-to-date: /home/shaqiloheal/ros2_ws/install/custom_action_interfaces/include/custom_action_interfaces/custom_action_interfaces/action/detail/charge__type_support.c
-- Installing: /home/shaqiloheal/ros2_ws/install/custom_action_interfaces/lib/libcustom_action_interfaces__rosidl_typesupport_introspection_c.so
-- Set non-toolchain portion of runtime path of "/home/shaqiloheal/ros2_ws/install/custom_action_interfaces/lib/libcustom_action_interfaces__rosidl_typesupport_introspection_c.so" to ""
-- Installing: /home/shaqiloheal/ros2_ws/install/custom_action_interfaces/lib/libcustom_action_interfaces__rosidl_typesupport_c.so
-- Set non-toolchain portion of runtime path of "/home/shaqiloheal/ros2_ws/install/custom_action_interfaces/lib/libcustom_action_interfaces__rosidl_typesupport_c.so" to ""
-- Up-to-date: /home/shaqiloheal/ros2_ws/install/custom_action_interfaces/include/custom_action_interfaces/custom_action_interfaces
-- Up-to-date: /home/shaqiloheal/ros2_ws/install/custom_action_interfaces/include/custom_action_interfaces/custom_action_interfaces/msg
-- Installing: /home/shaqiloheal/ros2_ws/install/custom_action_interfaces/include/custom_action_interfaces/custom_action_interfaces/msg/rosidl_generator_cpp__visibility_control.hpp
-- Up-to-date: /home/shaqiloheal/ros2_ws/install/custom_action_interfaces/include/custom_action_interfaces/custom_action_interfaces/action
-- Up-to-date: /home/shaqiloheal/ros2_ws/install/custom_action_interfaces/include/custom_action_interfaces/custom_action_interfaces/action/detail
-- Installing: /home/shaqiloheal/ros2_ws/install/custom_action_interfaces/include/custom_action_interfaces/custom_action_interfaces/action/detail/fibonacci__struct.hpp
-- Installing: /home/shaqiloheal/ros2_ws/install/custom_action_interfaces/include/custom_action_interfaces/custom_action_interfaces/action/detail/charge__traits.hpp
-- Installing: /home/shaqiloheal/ros2_ws/install/custom_action_interfaces/include/custom_action_interfaces/custom_action_interfaces/action/detail/battery__struct.hpp
-- Installing: /home/shaqiloheal/ros2_ws/install/custom_action_interfaces/include/custom_action_interfaces/custom_action_interfaces/action/detail/battery__traits.hpp
-- Installing: /home/shaqiloheal/ros2_ws/install/custom_action_interfaces/include/custom_action_interfaces/custom_action_interfaces/action/detail/charge__struct.hpp
-- Installing: /home/shaqiloheal/ros2_ws/install/custom_action_interfaces/include/custom_action_interfaces/custom_action_interfaces/action/detail/fibonacci__builder.hpp
-- Installing: /home/shaqiloheal/ros2_ws/install/custom_action_interfaces/include/custom_action_interfaces/custom_action_interfaces/action/detail/charge__type_support.hpp
-- Installing: /home/shaqiloheal/ros2_ws/install/custom_action_interfaces/include/custom_action_interfaces/custom_action_interfaces/action/detail/charge__builder.hpp
-- Installing: /home/shaqiloheal/ros2_ws/install/custom_action_interfaces/include/custom_action_interfaces/custom_action_interfaces/action/detail/battery__type_support.hpp
-- Installing: /home/shaqiloheal/ros2_ws/install/custom_action_interfaces/include/custom_action_interfaces/custom_action_interfaces/action/detail/fibonacci__traits.hpp
-- Installing: /home/shaqiloheal/ros2_ws/install/custom_action_interfaces/include/custom_action_interfaces/custom_action_interfaces/action/detail/battery__builder.hpp
-- Installing: /home/shaqiloheal/ros2_ws/install/custom_action_interfaces/include/custom_action_interfaces/custom_action_interfaces/action/detail/fibonacci__type_support.hpp
-- Installing: /home/shaqiloheal/ros2_ws/install/custom_action_interfaces/include/custom_action_interfaces/custom_action_interfaces/action/fibonacci.hpp
-- Installing: /home/shaqiloheal/ros2_ws/install/custom_action_interfaces/include/custom_action_interfaces/custom_action_interfaces/action/battery.hpp
-- Installing: /home/shaqiloheal/ros2_ws/install/custom_action_interfaces/include/custom_action_interfaces/custom_action_interfaces/action/charge.hpp
-- Up-to-date: /home/shaqiloheal/ros2_ws/install/custom_action_interfaces/include/custom_action_interfaces/custom_action_interfaces
-- Up-to-date: /home/shaqiloheal/ros2_ws/install/custom_action_interfaces/include/custom_action_interfaces/custom_action_interfaces/msg
-- Installing: /home/shaqiloheal/ros2_ws/install/custom_action_interfaces/include/custom_action_interfaces/custom_action_interfaces/msg/rosidl_typesupport_fastrtps_cpp__visibility_control.h
-- Up-to-date: /home/shaqiloheal/ros2_ws/install/custom_action_interfaces/include/custom_action_interfaces/custom_action_interfaces/action
-- Up-to-date: /home/shaqiloheal/ros2_ws/install/custom_action_interfaces/include/custom_action_interfaces/custom_action_interfaces/action/detail
-- Installing: /home/shaqiloheal/ros2_ws/install/custom_action_interfaces/include/custom_action_interfaces/custom_action_interfaces/action/detail/battery__rosidl_typesupport_fastrtps_cpp.hpp
-- Installing: /home/shaqiloheal/ros2_ws/install/custom_action_interfaces/include/custom_action_interfaces/custom_action_interfaces/action/detail/charge__rosidl_typesupport_fastrtps_cpp.hpp
-- Installing: /home/shaqiloheal/ros2_ws/install/custom_action_interfaces/include/custom_action_interfaces/custom_action_interfaces/action/detail/fibonacci__rosidl_typesupport_fastrtps_cpp.hpp
-- Installing: /home/shaqiloheal/ros2_ws/install/custom_action_interfaces/include/custom_action_interfaces/custom_action_interfaces/action/detail/dds_fastrtps
-- Installing: /home/shaqiloheal/ros2_ws/install/custom_action_interfaces/lib/libcustom_action_interfaces__rosidl_typesupport_fastrtps_cpp.so
-- Set non-toolchain portion of runtime path of "/home/shaqiloheal/ros2_ws/install/custom_action_interfaces/lib/libcustom_action_interfaces__rosidl_typesupport_fastrtps_cpp.so" to ""
-- Up-to-date: /home/shaqiloheal/ros2_ws/install/custom_action_interfaces/include/custom_action_interfaces/custom_action_interfaces
-- Up-to-date: /home/shaqiloheal/ros2_ws/install/custom_action_interfaces/include/custom_action_interfaces/custom_action_interfaces/action
-- Up-to-date: /home/shaqiloheal/ros2_ws/install/custom_action_interfaces/include/custom_action_interfaces/custom_action_interfaces/action/detail
-- Installing: /home/shaqiloheal/ros2_ws/install/custom_action_interfaces/include/custom_action_interfaces/custom_action_interfaces/action/detail/battery__rosidl_typesupport_introspection_cpp.hpp
-- Installing: /home/shaqiloheal/ros2_ws/install/custom_action_interfaces/include/custom_action_interfaces/custom_action_interfaces/action/detail/battery__type_support.cpp
-- Installing: /home/shaqiloheal/ros2_ws/install/custom_action_interfaces/include/custom_action_interfaces/custom_action_interfaces/action/detail/charge__rosidl_typesupport_introspection_cpp.hpp
-- Installing: /home/shaqiloheal/ros2_ws/install/custom_action_interfaces/include/custom_action_interfaces/custom_action_interfaces/action/detail/fibonacci__rosidl_typesupport_introspection_cpp.hpp
-- Installing: /home/shaqiloheal/ros2_ws/install/custom_action_interfaces/include/custom_action_interfaces/custom_action_interfaces/action/detail/charge__type_support.cpp
-- Installing: /home/shaqiloheal/ros2_ws/install/custom_action_interfaces/include/custom_action_interfaces/custom_action_interfaces/action/detail/fibonacci__type_support.cpp
-- Installing: /home/shaqiloheal/ros2_ws/install/custom_action_interfaces/lib/libcustom_action_interfaces__rosidl_typesupport_introspection_cpp.so
-- Set non-toolchain portion of runtime path of "/home/shaqiloheal/ros2_ws/install/custom_action_interfaces/lib/libcustom_action_interfaces__rosidl_typesupport_introspection_cpp.so" to ""
-- Installing: /home/shaqiloheal/ros2_ws/install/custom_action_interfaces/lib/libcustom_action_interfaces__rosidl_typesupport_cpp.so
-- Set non-toolchain portion of runtime path of "/home/shaqiloheal/ros2_ws/install/custom_action_interfaces/lib/libcustom_action_interfaces__rosidl_typesupport_cpp.so" to ""
-- Installing: /home/shaqiloheal/ros2_ws/install/custom_action_interfaces/share/custom_action_interfaces/environment/pythonpath.sh
-- Installing: /home/shaqiloheal/ros2_ws/install/custom_action_interfaces/share/custom_action_interfaces/environment/pythonpath.dsv
-- Installing: /home/shaqiloheal/ros2_ws/install/custom_action_interfaces/lib/python3.12/site-packages/custom_action_interfaces-0.0.0-py3.12.egg-info
-- Installing: /home/shaqiloheal/ros2_ws/install/custom_action_interfaces/lib/python3.12/site-packages/custom_action_interfaces-0.0.0-py3.12.egg-info/top_level.txt
-- Installing: /home/shaqiloheal/ros2_ws/install/custom_action_interfaces/lib/python3.12/site-packages/custom_action_interfaces-0.0.0-py3.12.egg-info/PKG-INFO
-- Installing: /home/shaqiloheal/ros2_ws/install/custom_action_interfaces/lib/python3.12/site-packages/custom_action_interfaces-0.0.0-py3.12.egg-info/SOURCES.txt
-- Installing: /home/shaqiloheal/ros2_ws/install/custom_action_interfaces/lib/python3.12/site-packages/custom_action_interfaces-0.0.0-py3.12.egg-info/dependency_links.txt
-- Installing: /home/shaqiloheal/ros2_ws/install/custom_action_interfaces/lib/python3.12/site-packages/custom_action_interfaces
-- Installing: /home/shaqiloheal/ros2_ws/install/custom_action_interfaces/lib/python3.12/site-packages/custom_action_interfaces/_custom_action_interfaces_s.ep.rosidl_typesupport_fastrtps_c.c
-- Installing: /home/shaqiloheal/ros2_ws/install/custom_action_interfaces/lib/python3.12/site-packages/custom_action_interfaces/__init__.py
-- Installing: /home/shaqiloheal/ros2_ws/install/custom_action_interfaces/lib/python3.12/site-packages/custom_action_interfaces/_custom_action_interfaces_s.ep.rosidl_typesupport_introspection_c.c
-- Installing: /home/shaqiloheal/ros2_ws/install/custom_action_interfaces/lib/python3.12/site-packages/custom_action_interfaces/custom_action_interfaces_s__rosidl_typesupport_fastrtps_c.so
-- Installing: /home/shaqiloheal/ros2_ws/install/custom_action_interfaces/lib/python3.12/site-packages/custom_action_interfaces/_custom_action_interfaces_s.ep.rosidl_typesupport_c.c
-- Installing: /home/shaqiloheal/ros2_ws/install/custom_action_interfaces/lib/python3.12/site-packages/custom_action_interfaces/action
-- Installing: /home/shaqiloheal/ros2_ws/install/custom_action_interfaces/lib/python3.12/site-packages/custom_action_interfaces/action/_charge_s.c
-- Installing: /home/shaqiloheal/ros2_ws/install/custom_action_interfaces/lib/python3.12/site-packages/custom_action_interfaces/action/_fibonacci.py
-- Installing: /home/shaqiloheal/ros2_ws/install/custom_action_interfaces/lib/python3.12/site-packages/custom_action_interfaces/action/_battery.py
-- Installing: /home/shaqiloheal/ros2_ws/install/custom_action_interfaces/lib/python3.12/site-packages/custom_action_interfaces/action/__init__.py
-- Installing: /home/shaqiloheal/ros2_ws/install/custom_action_interfaces/lib/python3.12/site-packages/custom_action_interfaces/action/_fibonacci_s.c
-- Installing: /home/shaqiloheal/ros2_ws/install/custom_action_interfaces/lib/python3.12/site-packages/custom_action_interfaces/action/_battery_s.c
-- Installing: /home/shaqiloheal/ros2_ws/install/custom_action_interfaces/lib/python3.12/site-packages/custom_action_interfaces/action/_charge.py
-- Installing: /home/shaqiloheal/ros2_ws/install/custom_action_interfaces/lib/python3.12/site-packages/custom_action_interfaces/custom_action_interfaces_s__rosidl_typesupport_c.so
-- Installing: /home/shaqiloheal/ros2_ws/install/custom_action_interfaces/lib/python3.12/site-packages/custom_action_interfaces/custom_action_interfaces_s__rosidl_typesupport_introspection_c.so
Listing '/home/shaqiloheal/ros2_ws/install/custom_action_interfaces/lib/python3.12/site-packages/custom_action_interfaces'...
Compiling '/home/shaqiloheal/ros2_ws/install/custom_action_interfaces/lib/python3.12/site-packages/custom_action_interfaces/__init__.py'...
Listing '/home/shaqiloheal/ros2_ws/install/custom_action_interfaces/lib/python3.12/site-packages/custom_action_interfaces/action'...
Compiling '/home/shaqiloheal/ros2_ws/install/custom_action_interfaces/lib/python3.12/site-packages/custom_action_interfaces/action/__init__.py'...
Compiling '/home/shaqiloheal/ros2_ws/install/custom_action_interfaces/lib/python3.12/site-packages/custom_action_interfaces/action/_battery.py'...
Compiling '/home/shaqiloheal/ros2_ws/install/custom_action_interfaces/lib/python3.12/site-packages/custom_action_interfaces/action/_charge.py'...
Compiling '/home/shaqiloheal/ros2_ws/install/custom_action_interfaces/lib/python3.12/site-packages/custom_action_interfaces/action/_fibonacci.py'...
-- Installing: /home/shaqiloheal/ros2_ws/install/custom_action_interfaces/lib/python3.12/site-packages/custom_action_interfaces/custom_action_interfaces_s__rosidl_typesupport_fastrtps_c.so
-- Set non-toolchain portion of runtime path of "/home/shaqiloheal/ros2_ws/install/custom_action_interfaces/lib/python3.12/site-packages/custom_action_interfaces/custom_action_interfaces_s__rosidl_typesupport_fastrtps_c.so" to ""
-- Installing: /home/shaqiloheal/ros2_ws/install/custom_action_interfaces/lib/python3.12/site-packages/custom_action_interfaces/custom_action_interfaces_s__rosidl_typesupport_introspection_c.so
-- Set non-toolchain portion of runtime path of "/home/shaqiloheal/ros2_ws/install/custom_action_interfaces/lib/python3.12/site-packages/custom_action_interfaces/custom_action_interfaces_s__rosidl_typesupport_introspection_c.so" to ""
-- Installing: /home/shaqiloheal/ros2_ws/install/custom_action_interfaces/lib/python3.12/site-packages/custom_action_interfaces/custom_action_interfaces_s__rosidl_typesupport_c.so
-- Set non-toolchain portion of runtime path of "/home/shaqiloheal/ros2_ws/install/custom_action_interfaces/lib/python3.12/site-packages/custom_action_interfaces/custom_action_interfaces_s__rosidl_typesupport_c.so" to ""
-- Installing: /home/shaqiloheal/ros2_ws/install/custom_action_interfaces/lib/libcustom_action_interfaces__rosidl_generator_py.so
-- Set non-toolchain portion of runtime path of "/home/shaqiloheal/ros2_ws/install/custom_action_interfaces/lib/libcustom_action_interfaces__rosidl_generator_py.so" to ""
-- Installing: /home/shaqiloheal/ros2_ws/install/custom_action_interfaces/share/custom_action_interfaces/action/Fibonacci.idl
-- Installing: /home/shaqiloheal/ros2_ws/install/custom_action_interfaces/share/custom_action_interfaces/action/Battery.idl
-- Installing: /home/shaqiloheal/ros2_ws/install/custom_action_interfaces/share/custom_action_interfaces/action/Charge.idl
-- Installing: /home/shaqiloheal/ros2_ws/install/custom_action_interfaces/share/custom_action_interfaces/action/Fibonacci.action
-- Installing: /home/shaqiloheal/ros2_ws/install/custom_action_interfaces/share/custom_action_interfaces/action/Battery.action
-- Installing: /home/shaqiloheal/ros2_ws/install/custom_action_interfaces/share/custom_action_interfaces/action/Charge.action
-- Installing: /home/shaqiloheal/ros2_ws/install/custom_action_interfaces/share/ament_index/resource_index/package_run_dependencies/custom_action_interfaces
-- Installing: /home/shaqiloheal/ros2_ws/install/custom_action_interfaces/share/ament_index/resource_index/parent_prefix_path/custom_action_interfaces
-- Installing: /home/shaqiloheal/ros2_ws/install/custom_action_interfaces/share/custom_action_interfaces/environment/ament_prefix_path.sh
-- Installing: /home/shaqiloheal/ros2_ws/install/custom_action_interfaces/share/custom_action_interfaces/environment/ament_prefix_path.dsv
-- Installing: /home/shaqiloheal/ros2_ws/install/custom_action_interfaces/share/custom_action_interfaces/environment/path.sh
-- Installing: /home/shaqiloheal/ros2_ws/install/custom_action_interfaces/share/custom_action_interfaces/environment/path.dsv
-- Installing: /home/shaqiloheal/ros2_ws/install/custom_action_interfaces/share/custom_action_interfaces/local_setup.bash
-- Installing: /home/shaqiloheal/ros2_ws/install/custom_action_interfaces/share/custom_action_interfaces/local_setup.sh
-- Installing: /home/shaqiloheal/ros2_ws/install/custom_action_interfaces/share/custom_action_interfaces/local_setup.zsh
-- Installing: /home/shaqiloheal/ros2_ws/install/custom_action_interfaces/share/custom_action_interfaces/local_setup.dsv
-- Installing: /home/shaqiloheal/ros2_ws/install/custom_action_interfaces/share/custom_action_interfaces/package.dsv
-- Installing: /home/shaqiloheal/ros2_ws/install/custom_action_interfaces/share/ament_index/resource_index/packages/custom_action_interfaces
-- Installing: /home/shaqiloheal/ros2_ws/install/custom_action_interfaces/share/custom_action_interfaces/cmake/export_custom_action_interfaces__rosidl_generator_cExport.cmake
-- Installing: /home/shaqiloheal/ros2_ws/install/custom_action_interfaces/share/custom_action_interfaces/cmake/export_custom_action_interfaces__rosidl_generator_cExport-noconfig.cmake
-- Installing: /home/shaqiloheal/ros2_ws/install/custom_action_interfaces/share/custom_action_interfaces/cmake/export_custom_action_interfaces__rosidl_typesupport_fastrtps_cExport.cmake
-- Installing: /home/shaqiloheal/ros2_ws/install/custom_action_interfaces/share/custom_action_interfaces/cmake/export_custom_action_interfaces__rosidl_typesupport_fastrtps_cExport-noconfig.cmake
-- Installing: /home/shaqiloheal/ros2_ws/install/custom_action_interfaces/share/custom_action_interfaces/cmake/custom_action_interfaces__rosidl_typesupport_introspection_cExport.cmake
-- Installing: /home/shaqiloheal/ros2_ws/install/custom_action_interfaces/share/custom_action_interfaces/cmake/custom_action_interfaces__rosidl_typesupport_introspection_cExport-noconfig.cmake
-- Installing: /home/shaqiloheal/ros2_ws/install/custom_action_interfaces/share/custom_action_interfaces/cmake/custom_action_interfaces__rosidl_typesupport_cExport.cmake
-- Installing: /home/shaqiloheal/ros2_ws/install/custom_action_interfaces/share/custom_action_interfaces/cmake/custom_action_interfaces__rosidl_typesupport_cExport-noconfig.cmake
-- Installing: /home/shaqiloheal/ros2_ws/install/custom_action_interfaces/share/custom_action_interfaces/cmake/export_custom_action_interfaces__rosidl_generator_cppExport.cmake
-- Installing: /home/shaqiloheal/ros2_ws/install/custom_action_interfaces/share/custom_action_interfaces/cmake/export_custom_action_interfaces__rosidl_typesupport_fastrtps_cppExport.cmake
-- Installing: /home/shaqiloheal/ros2_ws/install/custom_action_interfaces/share/custom_action_interfaces/cmake/export_custom_action_interfaces__rosidl_typesupport_fastrtps_cppExport-noconfig.cmake
-- Installing: /home/shaqiloheal/ros2_ws/install/custom_action_interfaces/share/custom_action_interfaces/cmake/custom_action_interfaces__rosidl_typesupport_introspection_cppExport.cmake
-- Installing: /home/shaqiloheal/ros2_ws/install/custom_action_interfaces/share/custom_action_interfaces/cmake/custom_action_interfaces__rosidl_typesupport_introspection_cppExport-noconfig.cmake
-- Installing: /home/shaqiloheal/ros2_ws/install/custom_action_interfaces/share/custom_action_interfaces/cmake/custom_action_interfaces__rosidl_typesupport_cppExport.cmake
-- Installing: /home/shaqiloheal/ros2_ws/install/custom_action_interfaces/share/custom_action_interfaces/cmake/custom_action_interfaces__rosidl_typesupport_cppExport-noconfig.cmake
-- Installing: /home/shaqiloheal/ros2_ws/install/custom_action_interfaces/share/custom_action_interfaces/cmake/export_custom_action_interfaces__rosidl_generator_pyExport.cmake
-- Installing: /home/shaqiloheal/ros2_ws/install/custom_action_interfaces/share/custom_action_interfaces/cmake/export_custom_action_interfaces__rosidl_generator_pyExport-noconfig.cmake
-- Installing: /home/shaqiloheal/ros2_ws/install/custom_action_interfaces/share/custom_action_interfaces/cmake/rosidl_cmake-extras.cmake
-- Installing: /home/shaqiloheal/ros2_ws/install/custom_action_interfaces/share/custom_action_interfaces/cmake/ament_cmake_export_dependencies-extras.cmake
-- Installing: /home/shaqiloheal/ros2_ws/install/custom_action_interfaces/share/custom_action_interfaces/cmake/ament_cmake_export_include_directories-extras.cmake
-- Installing: /home/shaqiloheal/ros2_ws/install/custom_action_interfaces/share/custom_action_interfaces/cmake/ament_cmake_export_libraries-extras.cmake
-- Installing: /home/shaqiloheal/ros2_ws/install/custom_action_interfaces/share/custom_action_interfaces/cmake/ament_cmake_export_targets-extras.cmake
-- Installing: /home/shaqiloheal/ros2_ws/install/custom_action_interfaces/share/custom_action_interfaces/cmake/rosidl_cmake_export_typesupport_targets-extras.cmake
-- Installing: /home/shaqiloheal/ros2_ws/install/custom_action_interfaces/share/custom_action_interfaces/cmake/rosidl_cmake_export_typesupport_libraries-extras.cmake
-- Installing: /home/shaqiloheal/ros2_ws/install/custom_action_interfaces/share/custom_action_interfaces/cmake/custom_action_interfacesConfig.cmake
-- Installing: /home/shaqiloheal/ros2_ws/install/custom_action_interfaces/share/custom_action_interfaces/cmake/custom_action_interfacesConfig-version.cmake
-- Installing: /home/shaqiloheal/ros2_ws/install/custom_action_interfaces/share/custom_action_interfaces/package.xml
