[0.024s] Invoking command in '/home/shaqiloheal/ros2_ws/build/custom_action_interfaces': CMAKE_PREFIX_PATH=${CMAKE_PREFIX_PATH}:/home/shaqiloheal/ros2_ws/install/temperature_sensor:/home/shaqiloheal/ros2_ws/install/monitor:/home/shaqiloheal/ros2_ws/install/py_srvcli:/home/shaqiloheal/ros2_ws/install/py_pubsub:/home/shaqiloheal/ros2_ws/install/fibonacci:/home/shaqiloheal/ros2_ws/install/battery_simulator:/home/shaqiloheal/ros2_ws/install/battery:/opt/ros/jazzy DEBUGINFOD_URLS=https://debuginfod.ubuntu.com PS1=(ros2_env) \[\e]0;\u@\h: \w\a\]${debian_chroot:+($debian_chroot)}\[\033[01;32m\]\u@\h\[\033[00m\]:\[\033[01;34m\]\w\[\033[00m\]\$ VIRTUAL_ENV_PROMPT=(ros2_env) /usr/bin/cmake /home/shaqiloheal/ros2_ws/src/custom_action_interfaces -DCMAKE_INSTALL_PREFIX=/home/shaqiloheal/ros2_ws/install/custom_action_interfaces
[0.589s] -- The C compiler identification is GNU 13.3.0
[0.589s] -- The CXX compiler identification is GNU 13.3.0
[0.589s] -- Detecting C compiler ABI info
[0.589s] -- Detecting C compiler ABI info - done
[0.589s] -- Check for working C compiler: /usr/bin/cc - skipped
[0.589s] -- Detecting C compile features
[0.590s] -- Detecting C compile features - done
[0.590s] -- Detecting CXX compiler ABI info
[0.590s] -- Detecting CXX compiler ABI info - done
[0.590s] -- Check for working CXX compiler: /usr/bin/c++ - skipped
[0.590s] -- Detecting CXX compile features
[0.590s] -- Detecting CXX compile features - done
[0.590s] -- Found ament_cmake: 2.5.3 (/opt/ros/jazzy/share/ament_cmake/cmake)
[0.590s] -- Found Python3: /home/shaqiloheal/ros2_ws/ros2_env/bin/python3 (found version "3.12.3") found components: Interpreter 
[0.590s] -- Found ament_lint_auto: 0.17.1 (/opt/ros/jazzy/share/ament_lint_auto/cmake)
[0.590s] -- Found rosidl_default_generators: 1.6.0 (/opt/ros/jazzy/share/rosidl_default_generators/cmake)
[0.590s] -- Using all available rosidl_typesupport_c: rosidl_typesupport_fastrtps_c;rosidl_typesupport_introspection_c
[0.590s] -- Using all available rosidl_typesupport_cpp: rosidl_typesupport_fastrtps_cpp;rosidl_typesupport_introspection_cpp
[0.598s] -- Found rosidl_adapter: 4.6.5 (/opt/ros/jazzy/share/rosidl_adapter/cmake)
[0.937s] -- Found ament_cmake_ros: 0.12.0 (/opt/ros/jazzy/share/ament_cmake_ros/cmake)
[1.201s] -- Using all available rosidl_typesupport_c: rosidl_typesupport_fastrtps_c;rosidl_typesupport_introspection_c
[1.544s] -- Using all available rosidl_typesupport_cpp: rosidl_typesupport_fastrtps_cpp;rosidl_typesupport_introspection_cpp
[1.547s] -- Found python_cmake_module: 0.11.1 (/opt/ros/jazzy/share/python_cmake_module/cmake)
[1.628s] -- Found PythonExtra: /home/shaqiloheal/ros2_ws/ros2_env/bin/python3  
[1.878s] -- Found Python3: /home/shaqiloheal/ros2_ws/ros2_env/bin/python3 (found version "3.12.3") found components: Interpreter Development NumPy Development.Module Development.Embed 
[1.902s] -- Added test 'flake8' to check Python code syntax and style conventions
[1.902s] -- Configured 'flake8' exclude dirs and/or files: 
[1.902s] -- Added test 'lint_cmake' to check CMake code style
[1.903s] -- Added test 'pep257' to check Python code against some of the docstring style conventions in PEP 257
[1.904s] -- Added test 'xmllint' to check XML markup files
[1.907s] -- Configuring done (1.9s)
[1.929s] -- Generating done (0.0s)
[1.936s] -- Build files have been written to: /home/shaqiloheal/ros2_ws/build/custom_action_interfaces
[1.942s] Invoked command in '/home/shaqiloheal/ros2_ws/build/custom_action_interfaces' returned '0': CMAKE_PREFIX_PATH=${CMAKE_PREFIX_PATH}:/home/shaqiloheal/ros2_ws/install/temperature_sensor:/home/shaqiloheal/ros2_ws/install/monitor:/home/shaqiloheal/ros2_ws/install/py_srvcli:/home/shaqiloheal/ros2_ws/install/py_pubsub:/home/shaqiloheal/ros2_ws/install/fibonacci:/home/shaqiloheal/ros2_ws/install/battery_simulator:/home/shaqiloheal/ros2_ws/install/battery:/opt/ros/jazzy DEBUGINFOD_URLS=https://debuginfod.ubuntu.com PS1=(ros2_env) \[\e]0;\u@\h: \w\a\]${debian_chroot:+($debian_chroot)}\[\033[01;32m\]\u@\h\[\033[00m\]:\[\033[01;34m\]\w\[\033[00m\]\$ VIRTUAL_ENV_PROMPT=(ros2_env) /usr/bin/cmake /home/shaqiloheal/ros2_ws/src/custom_action_interfaces -DCMAKE_INSTALL_PREFIX=/home/shaqiloheal/ros2_ws/install/custom_action_interfaces
[1.943s] Invoking command in '/home/shaqiloheal/ros2_ws/build/custom_action_interfaces': CMAKE_PREFIX_PATH=${CMAKE_PREFIX_PATH}:/home/shaqiloheal/ros2_ws/install/temperature_sensor:/home/shaqiloheal/ros2_ws/install/monitor:/home/shaqiloheal/ros2_ws/install/py_srvcli:/home/shaqiloheal/ros2_ws/install/py_pubsub:/home/shaqiloheal/ros2_ws/install/fibonacci:/home/shaqiloheal/ros2_ws/install/battery_simulator:/home/shaqiloheal/ros2_ws/install/battery:/opt/ros/jazzy DEBUGINFOD_URLS=https://debuginfod.ubuntu.com PS1=(ros2_env) \[\e]0;\u@\h: \w\a\]${debian_chroot:+($debian_chroot)}\[\033[01;32m\]\u@\h\[\033[00m\]:\[\033[01;34m\]\w\[\033[00m\]\$ VIRTUAL_ENV_PROMPT=(ros2_env) /usr/bin/cmake --build /home/shaqiloheal/ros2_ws/build/custom_action_interfaces -- -j16 -l16
[1.981s] [  1%] [34m[1mGenerating type hashes for ROS interfaces[0m
[1.986s] [  1%] Built target ament_cmake_python_copy_custom_action_interfaces
[2.091s] running egg_info
[2.091s] creating custom_action_interfaces.egg-info
[2.099s] writing custom_action_interfaces.egg-info/PKG-INFO
[2.099s] writing dependency_links to custom_action_interfaces.egg-info/dependency_links.txt
[2.099s] writing top-level names to custom_action_interfaces.egg-info/top_level.txt
[2.099s] writing manifest file 'custom_action_interfaces.egg-info/SOURCES.txt'
[2.113s] [  1%] Built target custom_action_interfaces__rosidl_generator_type_description
[2.119s] [  3%] [34m[1mGenerating C code for ROS interfaces[0m
[2.124s] reading manifest file 'custom_action_interfaces.egg-info/SOURCES.txt'
[2.124s] writing manifest file 'custom_action_interfaces.egg-info/SOURCES.txt'
[2.126s] [  5%] [34m[1mGenerating C++ code for ROS interfaces[0m
[2.144s] [  5%] Built target ament_cmake_python_build_custom_action_interfaces_egg
[2.553s] [  5%] Built target custom_action_interfaces__cpp
[2.606s] [  7%] [32mBuilding C object CMakeFiles/custom_action_interfaces__rosidl_generator_c.dir/rosidl_generator_c/custom_action_interfaces/action/detail/fibonacci__functions.c.o[0m
[2.606s] [  9%] [32mBuilding C object CMakeFiles/custom_action_interfaces__rosidl_generator_c.dir/rosidl_generator_c/custom_action_interfaces/action/detail/fibonacci__description.c.o[0m
[2.606s] [ 14%] [32mBuilding C object CMakeFiles/custom_action_interfaces__rosidl_generator_c.dir/rosidl_generator_c/custom_action_interfaces/action/detail/charge__description.c.o[0m
[2.606s] [ 14%] [32mBuilding C object CMakeFiles/custom_action_interfaces__rosidl_generator_c.dir/rosidl_generator_c/custom_action_interfaces/action/detail/battery__type_support.c.o[0m
[2.606s] [ 14%] [32mBuilding C object CMakeFiles/custom_action_interfaces__rosidl_generator_c.dir/rosidl_generator_c/custom_action_interfaces/action/detail/fibonacci__type_support.c.o[0m
[2.606s] [ 16%] [32mBuilding C object CMakeFiles/custom_action_interfaces__rosidl_generator_c.dir/rosidl_generator_c/custom_action_interfaces/action/detail/charge__functions.c.o[0m
[2.607s] [ 18%] [32mBuilding C object CMakeFiles/custom_action_interfaces__rosidl_generator_c.dir/rosidl_generator_c/custom_action_interfaces/action/detail/battery__description.c.o[0m
[2.608s] [ 20%] [32mBuilding C object CMakeFiles/custom_action_interfaces__rosidl_generator_c.dir/rosidl_generator_c/custom_action_interfaces/action/detail/battery__functions.c.o[0m
[2.608s] [ 22%] [32mBuilding C object CMakeFiles/custom_action_interfaces__rosidl_generator_c.dir/rosidl_generator_c/custom_action_interfaces/action/detail/charge__type_support.c.o[0m
[2.698s] [ 24%] [32m[1mLinking C shared library libcustom_action_interfaces__rosidl_generator_c.so[0m
[2.726s] [ 24%] Built target custom_action_interfaces__rosidl_generator_c
[2.733s] [ 29%] [34m[1mGenerating C introspection for ROS interfaces[0m
[2.733s] [ 29%] [34m[1mGenerating C type support for eProsima Fast-RTPS[0m
[2.733s] [ 29%] [34m[1mGenerating C++ type support dispatch for ROS interfaces[0m
[2.733s] [ 31%] [34m[1mGenerating C type support dispatch for ROS interfaces[0m
[2.733s] [ 33%] [34m[1mGenerating C++ introspection for ROS interfaces[0m
[2.733s] [ 35%] [34m[1mGenerating C++ type support for eProsima Fast-RTPS[0m
[2.970s] [ 37%] [32mBuilding CXX object CMakeFiles/custom_action_interfaces__rosidl_typesupport_c.dir/rosidl_typesupport_c/custom_action_interfaces/action/fibonacci__type_support.cpp.o[0m
[2.970s] [ 38%] [32mBuilding CXX object CMakeFiles/custom_action_interfaces__rosidl_typesupport_c.dir/rosidl_typesupport_c/custom_action_interfaces/action/charge__type_support.cpp.o[0m
[2.971s] [ 40%] [32mBuilding CXX object CMakeFiles/custom_action_interfaces__rosidl_typesupport_c.dir/rosidl_typesupport_c/custom_action_interfaces/action/battery__type_support.cpp.o[0m
[2.986s] [ 42%] [32mBuilding CXX object CMakeFiles/custom_action_interfaces__rosidl_typesupport_cpp.dir/rosidl_typesupport_cpp/custom_action_interfaces/action/battery__type_support.cpp.o[0m
[2.986s] [ 44%] [32mBuilding CXX object CMakeFiles/custom_action_interfaces__rosidl_typesupport_cpp.dir/rosidl_typesupport_cpp/custom_action_interfaces/action/fibonacci__type_support.cpp.o[0m
[2.986s] [ 46%] [32mBuilding CXX object CMakeFiles/custom_action_interfaces__rosidl_typesupport_cpp.dir/rosidl_typesupport_cpp/custom_action_interfaces/action/charge__type_support.cpp.o[0m
[3.017s] [ 48%] [32m[1mLinking CXX shared library libcustom_action_interfaces__rosidl_typesupport_c.so[0m
[3.047s] [ 50%] [32mBuilding CXX object CMakeFiles/custom_action_interfaces__rosidl_typesupport_introspection_cpp.dir/rosidl_typesupport_introspection_cpp/custom_action_interfaces/action/detail/fibonacci__type_support.cpp.o[0m
[3.047s] [ 51%] [32mBuilding CXX object CMakeFiles/custom_action_interfaces__rosidl_typesupport_introspection_cpp.dir/rosidl_typesupport_introspection_cpp/custom_action_interfaces/action/detail/battery__type_support.cpp.o[0m
[3.047s] [ 53%] [32mBuilding CXX object CMakeFiles/custom_action_interfaces__rosidl_typesupport_introspection_cpp.dir/rosidl_typesupport_introspection_cpp/custom_action_interfaces/action/detail/charge__type_support.cpp.o[0m
[3.049s] [ 53%] Built target custom_action_interfaces__rosidl_typesupport_c
[3.085s] [ 55%] [32mBuilding C object CMakeFiles/custom_action_interfaces__rosidl_typesupport_introspection_c.dir/rosidl_typesupport_introspection_c/custom_action_interfaces/action/detail/fibonacci__type_support.c.o[0m
[3.087s] [ 57%] [32mBuilding C object CMakeFiles/custom_action_interfaces__rosidl_typesupport_introspection_c.dir/rosidl_typesupport_introspection_c/custom_action_interfaces/action/detail/battery__type_support.c.o[0m
[3.087s] [ 59%] [32mBuilding C object CMakeFiles/custom_action_interfaces__rosidl_typesupport_introspection_c.dir/rosidl_typesupport_introspection_c/custom_action_interfaces/action/detail/charge__type_support.c.o[0m
[3.146s] [ 61%] [32m[1mLinking C shared library libcustom_action_interfaces__rosidl_typesupport_introspection_c.so[0m
[3.181s] [ 61%] Built target custom_action_interfaces__rosidl_typesupport_introspection_c
[3.240s] [ 66%] [32mBuilding CXX object CMakeFiles/custom_action_interfaces__rosidl_typesupport_fastrtps_cpp.dir/rosidl_typesupport_fastrtps_cpp/custom_action_interfaces/action/detail/dds_fastrtps/fibonacci__type_support.cpp.o[0m
[3.240s] [ 66%] [32mBuilding CXX object CMakeFiles/custom_action_interfaces__rosidl_typesupport_fastrtps_cpp.dir/rosidl_typesupport_fastrtps_cpp/custom_action_interfaces/action/detail/dds_fastrtps/charge__type_support.cpp.o[0m
[3.240s] [ 66%] [32mBuilding CXX object CMakeFiles/custom_action_interfaces__rosidl_typesupport_fastrtps_cpp.dir/rosidl_typesupport_fastrtps_cpp/custom_action_interfaces/action/detail/dds_fastrtps/battery__type_support.cpp.o[0m
[3.316s] [ 70%] [32mBuilding CXX object CMakeFiles/custom_action_interfaces__rosidl_typesupport_fastrtps_c.dir/rosidl_typesupport_fastrtps_c/custom_action_interfaces/action/detail/battery__type_support_c.cpp.o[0m
[3.316s] [ 70%] [32mBuilding CXX object CMakeFiles/custom_action_interfaces__rosidl_typesupport_fastrtps_c.dir/rosidl_typesupport_fastrtps_c/custom_action_interfaces/action/detail/fibonacci__type_support_c.cpp.o[0m
[3.316s] [ 72%] [32mBuilding CXX object CMakeFiles/custom_action_interfaces__rosidl_typesupport_fastrtps_c.dir/rosidl_typesupport_fastrtps_c/custom_action_interfaces/action/detail/charge__type_support_c.cpp.o[0m
[3.399s] [ 74%] [32m[1mLinking CXX shared library libcustom_action_interfaces__rosidl_typesupport_cpp.so[0m
[3.451s] [ 74%] Built target custom_action_interfaces__rosidl_typesupport_cpp
[3.521s] [ 75%] [32m[1mLinking CXX shared library libcustom_action_interfaces__rosidl_typesupport_introspection_cpp.so[0m
[3.573s] [ 75%] Built target custom_action_interfaces__rosidl_typesupport_introspection_cpp
[3.640s] [ 77%] [32m[1mLinking CXX shared library libcustom_action_interfaces__rosidl_typesupport_fastrtps_c.so[0m
[3.676s] [ 77%] Built target custom_action_interfaces__rosidl_typesupport_fastrtps_c
[3.844s] [ 79%] [32m[1mLinking CXX shared library libcustom_action_interfaces__rosidl_typesupport_fastrtps_cpp.so[0m
[3.894s] [ 79%] Built target custom_action_interfaces__rosidl_typesupport_fastrtps_cpp
[3.908s] [ 79%] Built target custom_action_interfaces
[3.922s] [ 81%] [34m[1mGenerating Python code for ROS interfaces[0m
[4.680s] [ 81%] Built target custom_action_interfaces__py
[4.694s] [ 83%] [32mBuilding C object CMakeFiles/custom_action_interfaces__rosidl_generator_py.dir/rosidl_generator_py/custom_action_interfaces/action/_fibonacci_s.c.o[0m
[4.694s] [ 85%] [32mBuilding C object CMakeFiles/custom_action_interfaces__rosidl_generator_py.dir/rosidl_generator_py/custom_action_interfaces/action/_battery_s.c.o[0m
[4.694s] [ 87%] [32mBuilding C object CMakeFiles/custom_action_interfaces__rosidl_generator_py.dir/rosidl_generator_py/custom_action_interfaces/action/_charge_s.c.o[0m
[4.809s] [ 88%] [32m[1mLinking C shared library libcustom_action_interfaces__rosidl_generator_py.so[0m
[4.840s] [ 88%] Built target custom_action_interfaces__rosidl_generator_py
[4.854s] [ 90%] [32mBuilding C object CMakeFiles/custom_action_interfaces_s__rosidl_typesupport_c.dir/rosidl_generator_py/custom_action_interfaces/_custom_action_interfaces_s.ep.rosidl_typesupport_c.c.o[0m
[4.854s] [ 92%] [32mBuilding C object CMakeFiles/custom_action_interfaces_s__rosidl_typesupport_introspection_c.dir/rosidl_generator_py/custom_action_interfaces/_custom_action_interfaces_s.ep.rosidl_typesupport_introspection_c.c.o[0m
[4.854s] [ 94%] [32mBuilding C object CMakeFiles/custom_action_interfaces_s__rosidl_typesupport_fastrtps_c.dir/rosidl_generator_py/custom_action_interfaces/_custom_action_interfaces_s.ep.rosidl_typesupport_fastrtps_c.c.o[0m
[4.954s] [100%] [32m[1mLinking C shared module rosidl_generator_py/custom_action_interfaces/custom_action_interfaces_s__rosidl_typesupport_c.so[0m
[4.954s] [100%] [32m[1mLinking C shared module rosidl_generator_py/custom_action_interfaces/custom_action_interfaces_s__rosidl_typesupport_fastrtps_c.so[0m
[4.954s] [100%] [32m[1mLinking C shared module rosidl_generator_py/custom_action_interfaces/custom_action_interfaces_s__rosidl_typesupport_introspection_c.so[0m
[4.975s] [100%] Built target custom_action_interfaces_s__rosidl_typesupport_introspection_c
[4.975s] [100%] Built target custom_action_interfaces_s__rosidl_typesupport_c
[4.976s] [100%] Built target custom_action_interfaces_s__rosidl_typesupport_fastrtps_c
[4.985s] Invoked command in '/home/shaqiloheal/ros2_ws/build/custom_action_interfaces' returned '0': CMAKE_PREFIX_PATH=${CMAKE_PREFIX_PATH}:/home/shaqiloheal/ros2_ws/install/temperature_sensor:/home/shaqiloheal/ros2_ws/install/monitor:/home/shaqiloheal/ros2_ws/install/py_srvcli:/home/shaqiloheal/ros2_ws/install/py_pubsub:/home/shaqiloheal/ros2_ws/install/fibonacci:/home/shaqiloheal/ros2_ws/install/battery_simulator:/home/shaqiloheal/ros2_ws/install/battery:/opt/ros/jazzy DEBUGINFOD_URLS=https://debuginfod.ubuntu.com PS1=(ros2_env) \[\e]0;\u@\h: \w\a\]${debian_chroot:+($debian_chroot)}\[\033[01;32m\]\u@\h\[\033[00m\]:\[\033[01;34m\]\w\[\033[00m\]\$ VIRTUAL_ENV_PROMPT=(ros2_env) /usr/bin/cmake --build /home/shaqiloheal/ros2_ws/build/custom_action_interfaces -- -j16 -l16
[4.985s] Invoking command in '/home/shaqiloheal/ros2_ws/build/custom_action_interfaces': CMAKE_PREFIX_PATH=${CMAKE_PREFIX_PATH}:/home/shaqiloheal/ros2_ws/install/temperature_sensor:/home/shaqiloheal/ros2_ws/install/monitor:/home/shaqiloheal/ros2_ws/install/py_srvcli:/home/shaqiloheal/ros2_ws/install/py_pubsub:/home/shaqiloheal/ros2_ws/install/fibonacci:/home/shaqiloheal/ros2_ws/install/battery_simulator:/home/shaqiloheal/ros2_ws/install/battery:/opt/ros/jazzy DEBUGINFOD_URLS=https://debuginfod.ubuntu.com PS1=(ros2_env) \[\e]0;\u@\h: \w\a\]${debian_chroot:+($debian_chroot)}\[\033[01;32m\]\u@\h\[\033[00m\]:\[\033[01;34m\]\w\[\033[00m\]\$ VIRTUAL_ENV_PROMPT=(ros2_env) /usr/bin/cmake --install /home/shaqiloheal/ros2_ws/build/custom_action_interfaces
[4.991s] -- Install configuration: ""
[4.991s] -- Installing: /home/shaqiloheal/ros2_ws/install/custom_action_interfaces/share/ament_index/resource_index/rosidl_interfaces/custom_action_interfaces
[4.992s] -- Installing: /home/shaqiloheal/ros2_ws/install/custom_action_interfaces/share/custom_action_interfaces/action/Fibonacci.json
[4.992s] -- Installing: /home/shaqiloheal/ros2_ws/install/custom_action_interfaces/share/custom_action_interfaces/action/Battery.json
[4.992s] -- Installing: /home/shaqiloheal/ros2_ws/install/custom_action_interfaces/share/custom_action_interfaces/action/Charge.json
[4.992s] -- Installing: /home/shaqiloheal/ros2_ws/install/custom_action_interfaces/include/custom_action_interfaces/custom_action_interfaces
[4.992s] -- Installing: /home/shaqiloheal/ros2_ws/install/custom_action_interfaces/include/custom_action_interfaces/custom_action_interfaces/msg
[4.992s] -- Installing: /home/shaqiloheal/ros2_ws/install/custom_action_interfaces/include/custom_action_interfaces/custom_action_interfaces/msg/rosidl_generator_c__visibility_control.h
[4.992s] -- Installing: /home/shaqiloheal/ros2_ws/install/custom_action_interfaces/include/custom_action_interfaces/custom_action_interfaces/action
[4.992s] -- Installing: /home/shaqiloheal/ros2_ws/install/custom_action_interfaces/include/custom_action_interfaces/custom_action_interfaces/action/detail
[4.992s] -- Installing: /home/shaqiloheal/ros2_ws/install/custom_action_interfaces/include/custom_action_interfaces/custom_action_interfaces/action/detail/fibonacci__struct.h
[4.992s] -- Installing: /home/shaqiloheal/ros2_ws/install/custom_action_interfaces/include/custom_action_interfaces/custom_action_interfaces/action/detail/fibonacci__type_support.h
[4.992s] -- Installing: /home/shaqiloheal/ros2_ws/install/custom_action_interfaces/include/custom_action_interfaces/custom_action_interfaces/action/detail/fibonacci__description.c
[4.992s] -- Installing: /home/shaqiloheal/ros2_ws/install/custom_action_interfaces/include/custom_action_interfaces/custom_action_interfaces/action/detail/fibonacci__functions.h
[4.993s] -- Installing: /home/shaqiloheal/ros2_ws/install/custom_action_interfaces/include/custom_action_interfaces/custom_action_interfaces/action/detail/battery__type_support.c
[4.993s] -- Installing: /home/shaqiloheal/ros2_ws/install/custom_action_interfaces/include/custom_action_interfaces/custom_action_interfaces/action/detail/fibonacci__functions.c
[4.993s] -- Installing: /home/shaqiloheal/ros2_ws/install/custom_action_interfaces/include/custom_action_interfaces/custom_action_interfaces/action/detail/battery__type_support.h
[4.993s] -- Installing: /home/shaqiloheal/ros2_ws/install/custom_action_interfaces/include/custom_action_interfaces/custom_action_interfaces/action/detail/battery__struct.h
[4.993s] -- Installing: /home/shaqiloheal/ros2_ws/install/custom_action_interfaces/include/custom_action_interfaces/custom_action_interfaces/action/detail/battery__functions.c
[4.993s] -- Installing: /home/shaqiloheal/ros2_ws/install/custom_action_interfaces/include/custom_action_interfaces/custom_action_interfaces/action/detail/charge__struct.h
[4.993s] -- Installing: /home/shaqiloheal/ros2_ws/install/custom_action_interfaces/include/custom_action_interfaces/custom_action_interfaces/action/detail/charge__functions.c
[4.993s] -- Installing: /home/shaqiloheal/ros2_ws/install/custom_action_interfaces/include/custom_action_interfaces/custom_action_interfaces/action/detail/battery__description.c
[4.993s] -- Installing: /home/shaqiloheal/ros2_ws/install/custom_action_interfaces/include/custom_action_interfaces/custom_action_interfaces/action/detail/fibonacci__type_support.c
[4.993s] -- Installing: /home/shaqiloheal/ros2_ws/install/custom_action_interfaces/include/custom_action_interfaces/custom_action_interfaces/action/detail/charge__type_support.c
[4.993s] -- Installing: /home/shaqiloheal/ros2_ws/install/custom_action_interfaces/include/custom_action_interfaces/custom_action_interfaces/action/detail/charge__functions.h
[4.994s] -- Installing: /home/shaqiloheal/ros2_ws/install/custom_action_interfaces/include/custom_action_interfaces/custom_action_interfaces/action/detail/battery__functions.h
[4.994s] -- Installing: /home/shaqiloheal/ros2_ws/install/custom_action_interfaces/include/custom_action_interfaces/custom_action_interfaces/action/detail/charge__description.c
[4.994s] -- Installing: /home/shaqiloheal/ros2_ws/install/custom_action_interfaces/include/custom_action_interfaces/custom_action_interfaces/action/detail/charge__type_support.h
[4.994s] -- Installing: /home/shaqiloheal/ros2_ws/install/custom_action_interfaces/include/custom_action_interfaces/custom_action_interfaces/action/battery.h
[4.994s] -- Installing: /home/shaqiloheal/ros2_ws/install/custom_action_interfaces/include/custom_action_interfaces/custom_action_interfaces/action/charge.h
[4.994s] -- Installing: /home/shaqiloheal/ros2_ws/install/custom_action_interfaces/include/custom_action_interfaces/custom_action_interfaces/action/fibonacci.h
[4.994s] -- Installing: /home/shaqiloheal/ros2_ws/install/custom_action_interfaces/share/custom_action_interfaces/environment/library_path.sh
[4.994s] -- Installing: /home/shaqiloheal/ros2_ws/install/custom_action_interfaces/share/custom_action_interfaces/environment/library_path.dsv
[4.994s] -- Installing: /home/shaqiloheal/ros2_ws/install/custom_action_interfaces/lib/libcustom_action_interfaces__rosidl_generator_c.so
[4.995s] -- Set non-toolchain portion of runtime path of "/home/shaqiloheal/ros2_ws/install/custom_action_interfaces/lib/libcustom_action_interfaces__rosidl_generator_c.so" to ""
[4.995s] -- Up-to-date: /home/shaqiloheal/ros2_ws/install/custom_action_interfaces/include/custom_action_interfaces/custom_action_interfaces
[4.995s] -- Up-to-date: /home/shaqiloheal/ros2_ws/install/custom_action_interfaces/include/custom_action_interfaces/custom_action_interfaces/msg
[4.995s] -- Installing: /home/shaqiloheal/ros2_ws/install/custom_action_interfaces/include/custom_action_interfaces/custom_action_interfaces/msg/rosidl_typesupport_fastrtps_c__visibility_control.h
[4.995s] -- Up-to-date: /home/shaqiloheal/ros2_ws/install/custom_action_interfaces/include/custom_action_interfaces/custom_action_interfaces/action
[4.995s] -- Up-to-date: /home/shaqiloheal/ros2_ws/install/custom_action_interfaces/include/custom_action_interfaces/custom_action_interfaces/action/detail
[4.995s] -- Installing: /home/shaqiloheal/ros2_ws/install/custom_action_interfaces/include/custom_action_interfaces/custom_action_interfaces/action/detail/charge__rosidl_typesupport_fastrtps_c.h
[4.995s] -- Installing: /home/shaqiloheal/ros2_ws/install/custom_action_interfaces/include/custom_action_interfaces/custom_action_interfaces/action/detail/battery__rosidl_typesupport_fastrtps_c.h
[4.995s] -- Installing: /home/shaqiloheal/ros2_ws/install/custom_action_interfaces/include/custom_action_interfaces/custom_action_interfaces/action/detail/fibonacci__rosidl_typesupport_fastrtps_c.h
[4.995s] -- Installing: /home/shaqiloheal/ros2_ws/install/custom_action_interfaces/lib/libcustom_action_interfaces__rosidl_typesupport_fastrtps_c.so
[4.996s] -- Set non-toolchain portion of runtime path of "/home/shaqiloheal/ros2_ws/install/custom_action_interfaces/lib/libcustom_action_interfaces__rosidl_typesupport_fastrtps_c.so" to ""
[4.996s] -- Up-to-date: /home/shaqiloheal/ros2_ws/install/custom_action_interfaces/include/custom_action_interfaces/custom_action_interfaces
[4.996s] -- Up-to-date: /home/shaqiloheal/ros2_ws/install/custom_action_interfaces/include/custom_action_interfaces/custom_action_interfaces/msg
[4.996s] -- Installing: /home/shaqiloheal/ros2_ws/install/custom_action_interfaces/include/custom_action_interfaces/custom_action_interfaces/msg/rosidl_typesupport_introspection_c__visibility_control.h
[4.996s] -- Up-to-date: /home/shaqiloheal/ros2_ws/install/custom_action_interfaces/include/custom_action_interfaces/custom_action_interfaces/action
[4.996s] -- Up-to-date: /home/shaqiloheal/ros2_ws/install/custom_action_interfaces/include/custom_action_interfaces/custom_action_interfaces/action/detail
[4.996s] -- Up-to-date: /home/shaqiloheal/ros2_ws/install/custom_action_interfaces/include/custom_action_interfaces/custom_action_interfaces/action/detail/battery__type_support.c
[4.996s] -- Installing: /home/shaqiloheal/ros2_ws/install/custom_action_interfaces/include/custom_action_interfaces/custom_action_interfaces/action/detail/battery__rosidl_typesupport_introspection_c.h
[4.996s] -- Installing: /home/shaqiloheal/ros2_ws/install/custom_action_interfaces/include/custom_action_interfaces/custom_action_interfaces/action/detail/fibonacci__rosidl_typesupport_introspection_c.h
[4.996s] -- Installing: /home/shaqiloheal/ros2_ws/install/custom_action_interfaces/include/custom_action_interfaces/custom_action_interfaces/action/detail/charge__rosidl_typesupport_introspection_c.h
[4.996s] -- Up-to-date: /home/shaqiloheal/ros2_ws/install/custom_action_interfaces/include/custom_action_interfaces/custom_action_interfaces/action/detail/fibonacci__type_support.c
[4.996s] -- Up-to-date: /home/shaqiloheal/ros2_ws/install/custom_action_interfaces/include/custom_action_interfaces/custom_action_interfaces/action/detail/charge__type_support.c
[4.996s] -- Installing: /home/shaqiloheal/ros2_ws/install/custom_action_interfaces/lib/libcustom_action_interfaces__rosidl_typesupport_introspection_c.so
[4.996s] -- Set non-toolchain portion of runtime path of "/home/shaqiloheal/ros2_ws/install/custom_action_interfaces/lib/libcustom_action_interfaces__rosidl_typesupport_introspection_c.so" to ""
[4.996s] -- Installing: /home/shaqiloheal/ros2_ws/install/custom_action_interfaces/lib/libcustom_action_interfaces__rosidl_typesupport_c.so
[4.997s] -- Set non-toolchain portion of runtime path of "/home/shaqiloheal/ros2_ws/install/custom_action_interfaces/lib/libcustom_action_interfaces__rosidl_typesupport_c.so" to ""
[4.997s] -- Up-to-date: /home/shaqiloheal/ros2_ws/install/custom_action_interfaces/include/custom_action_interfaces/custom_action_interfaces
[4.997s] -- Up-to-date: /home/shaqiloheal/ros2_ws/install/custom_action_interfaces/include/custom_action_interfaces/custom_action_interfaces/msg
[4.997s] -- Installing: /home/shaqiloheal/ros2_ws/install/custom_action_interfaces/include/custom_action_interfaces/custom_action_interfaces/msg/rosidl_generator_cpp__visibility_control.hpp
[4.997s] -- Up-to-date: /home/shaqiloheal/ros2_ws/install/custom_action_interfaces/include/custom_action_interfaces/custom_action_interfaces/action
[4.997s] -- Up-to-date: /home/shaqiloheal/ros2_ws/install/custom_action_interfaces/include/custom_action_interfaces/custom_action_interfaces/action/detail
[4.997s] -- Installing: /home/shaqiloheal/ros2_ws/install/custom_action_interfaces/include/custom_action_interfaces/custom_action_interfaces/action/detail/fibonacci__struct.hpp
[4.997s] -- Installing: /home/shaqiloheal/ros2_ws/install/custom_action_interfaces/include/custom_action_interfaces/custom_action_interfaces/action/detail/charge__traits.hpp
[4.997s] -- Installing: /home/shaqiloheal/ros2_ws/install/custom_action_interfaces/include/custom_action_interfaces/custom_action_interfaces/action/detail/battery__struct.hpp
[4.997s] -- Installing: /home/shaqiloheal/ros2_ws/install/custom_action_interfaces/include/custom_action_interfaces/custom_action_interfaces/action/detail/battery__traits.hpp
[4.997s] -- Installing: /home/shaqiloheal/ros2_ws/install/custom_action_interfaces/include/custom_action_interfaces/custom_action_interfaces/action/detail/charge__struct.hpp
[4.997s] -- Installing: /home/shaqiloheal/ros2_ws/install/custom_action_interfaces/include/custom_action_interfaces/custom_action_interfaces/action/detail/fibonacci__builder.hpp
[4.997s] -- Installing: /home/shaqiloheal/ros2_ws/install/custom_action_interfaces/include/custom_action_interfaces/custom_action_interfaces/action/detail/charge__type_support.hpp
[4.997s] -- Installing: /home/shaqiloheal/ros2_ws/install/custom_action_interfaces/include/custom_action_interfaces/custom_action_interfaces/action/detail/charge__builder.hpp
[4.997s] -- Installing: /home/shaqiloheal/ros2_ws/install/custom_action_interfaces/include/custom_action_interfaces/custom_action_interfaces/action/detail/battery__type_support.hpp
[4.997s] -- Installing: /home/shaqiloheal/ros2_ws/install/custom_action_interfaces/include/custom_action_interfaces/custom_action_interfaces/action/detail/fibonacci__traits.hpp
[4.998s] -- Installing: /home/shaqiloheal/ros2_ws/install/custom_action_interfaces/include/custom_action_interfaces/custom_action_interfaces/action/detail/battery__builder.hpp
[4.998s] -- Installing: /home/shaqiloheal/ros2_ws/install/custom_action_interfaces/include/custom_action_interfaces/custom_action_interfaces/action/detail/fibonacci__type_support.hpp
[4.998s] -- Installing: /home/shaqiloheal/ros2_ws/install/custom_action_interfaces/include/custom_action_interfaces/custom_action_interfaces/action/fibonacci.hpp
[4.998s] -- Installing: /home/shaqiloheal/ros2_ws/install/custom_action_interfaces/include/custom_action_interfaces/custom_action_interfaces/action/battery.hpp
[4.998s] -- Installing: /home/shaqiloheal/ros2_ws/install/custom_action_interfaces/include/custom_action_interfaces/custom_action_interfaces/action/charge.hpp
[4.998s] -- Up-to-date: /home/shaqiloheal/ros2_ws/install/custom_action_interfaces/include/custom_action_interfaces/custom_action_interfaces
[4.998s] -- Up-to-date: /home/shaqiloheal/ros2_ws/install/custom_action_interfaces/include/custom_action_interfaces/custom_action_interfaces/msg
[4.998s] -- Installing: /home/shaqiloheal/ros2_ws/install/custom_action_interfaces/include/custom_action_interfaces/custom_action_interfaces/msg/rosidl_typesupport_fastrtps_cpp__visibility_control.h
[4.998s] -- Up-to-date: /home/shaqiloheal/ros2_ws/install/custom_action_interfaces/include/custom_action_interfaces/custom_action_interfaces/action
[4.998s] -- Up-to-date: /home/shaqiloheal/ros2_ws/install/custom_action_interfaces/include/custom_action_interfaces/custom_action_interfaces/action/detail
[4.998s] -- Installing: /home/shaqiloheal/ros2_ws/install/custom_action_interfaces/include/custom_action_interfaces/custom_action_interfaces/action/detail/battery__rosidl_typesupport_fastrtps_cpp.hpp
[4.998s] -- Installing: /home/shaqiloheal/ros2_ws/install/custom_action_interfaces/include/custom_action_interfaces/custom_action_interfaces/action/detail/charge__rosidl_typesupport_fastrtps_cpp.hpp
[4.998s] -- Installing: /home/shaqiloheal/ros2_ws/install/custom_action_interfaces/include/custom_action_interfaces/custom_action_interfaces/action/detail/fibonacci__rosidl_typesupport_fastrtps_cpp.hpp
[4.998s] -- Installing: /home/shaqiloheal/ros2_ws/install/custom_action_interfaces/include/custom_action_interfaces/custom_action_interfaces/action/detail/dds_fastrtps
[4.998s] -- Installing: /home/shaqiloheal/ros2_ws/install/custom_action_interfaces/lib/libcustom_action_interfaces__rosidl_typesupport_fastrtps_cpp.so
[4.999s] -- Set non-toolchain portion of runtime path of "/home/shaqiloheal/ros2_ws/install/custom_action_interfaces/lib/libcustom_action_interfaces__rosidl_typesupport_fastrtps_cpp.so" to ""
[4.999s] -- Up-to-date: /home/shaqiloheal/ros2_ws/install/custom_action_interfaces/include/custom_action_interfaces/custom_action_interfaces
[4.999s] -- Up-to-date: /home/shaqiloheal/ros2_ws/install/custom_action_interfaces/include/custom_action_interfaces/custom_action_interfaces/action
[4.999s] -- Up-to-date: /home/shaqiloheal/ros2_ws/install/custom_action_interfaces/include/custom_action_interfaces/custom_action_interfaces/action/detail
[4.999s] -- Installing: /home/shaqiloheal/ros2_ws/install/custom_action_interfaces/include/custom_action_interfaces/custom_action_interfaces/action/detail/battery__rosidl_typesupport_introspection_cpp.hpp
[4.999s] -- Installing: /home/shaqiloheal/ros2_ws/install/custom_action_interfaces/include/custom_action_interfaces/custom_action_interfaces/action/detail/battery__type_support.cpp
[4.999s] -- Installing: /home/shaqiloheal/ros2_ws/install/custom_action_interfaces/include/custom_action_interfaces/custom_action_interfaces/action/detail/charge__rosidl_typesupport_introspection_cpp.hpp
[4.999s] -- Installing: /home/shaqiloheal/ros2_ws/install/custom_action_interfaces/include/custom_action_interfaces/custom_action_interfaces/action/detail/fibonacci__rosidl_typesupport_introspection_cpp.hpp
[5.000s] -- Installing: /home/shaqiloheal/ros2_ws/install/custom_action_interfaces/include/custom_action_interfaces/custom_action_interfaces/action/detail/charge__type_support.cpp
[5.000s] -- Installing: /home/shaqiloheal/ros2_ws/install/custom_action_interfaces/include/custom_action_interfaces/custom_action_interfaces/action/detail/fibonacci__type_support.cpp
[5.000s] -- Installing: /home/shaqiloheal/ros2_ws/install/custom_action_interfaces/lib/libcustom_action_interfaces__rosidl_typesupport_introspection_cpp.so
[5.000s] -- Set non-toolchain portion of runtime path of "/home/shaqiloheal/ros2_ws/install/custom_action_interfaces/lib/libcustom_action_interfaces__rosidl_typesupport_introspection_cpp.so" to ""
[5.000s] -- Installing: /home/shaqiloheal/ros2_ws/install/custom_action_interfaces/lib/libcustom_action_interfaces__rosidl_typesupport_cpp.so
[5.001s] -- Set non-toolchain portion of runtime path of "/home/shaqiloheal/ros2_ws/install/custom_action_interfaces/lib/libcustom_action_interfaces__rosidl_typesupport_cpp.so" to ""
[5.001s] -- Installing: /home/shaqiloheal/ros2_ws/install/custom_action_interfaces/share/custom_action_interfaces/environment/pythonpath.sh
[5.001s] -- Installing: /home/shaqiloheal/ros2_ws/install/custom_action_interfaces/share/custom_action_interfaces/environment/pythonpath.dsv
[5.001s] -- Installing: /home/shaqiloheal/ros2_ws/install/custom_action_interfaces/lib/python3.12/site-packages/custom_action_interfaces-0.0.0-py3.12.egg-info
[5.001s] -- Installing: /home/shaqiloheal/ros2_ws/install/custom_action_interfaces/lib/python3.12/site-packages/custom_action_interfaces-0.0.0-py3.12.egg-info/top_level.txt
[5.001s] -- Installing: /home/shaqiloheal/ros2_ws/install/custom_action_interfaces/lib/python3.12/site-packages/custom_action_interfaces-0.0.0-py3.12.egg-info/PKG-INFO
[5.001s] -- Installing: /home/shaqiloheal/ros2_ws/install/custom_action_interfaces/lib/python3.12/site-packages/custom_action_interfaces-0.0.0-py3.12.egg-info/SOURCES.txt
[5.001s] -- Installing: /home/shaqiloheal/ros2_ws/install/custom_action_interfaces/lib/python3.12/site-packages/custom_action_interfaces-0.0.0-py3.12.egg-info/dependency_links.txt
[5.001s] -- Installing: /home/shaqiloheal/ros2_ws/install/custom_action_interfaces/lib/python3.12/site-packages/custom_action_interfaces
[5.001s] -- Installing: /home/shaqiloheal/ros2_ws/install/custom_action_interfaces/lib/python3.12/site-packages/custom_action_interfaces/_custom_action_interfaces_s.ep.rosidl_typesupport_fastrtps_c.c
[5.002s] -- Installing: /home/shaqiloheal/ros2_ws/install/custom_action_interfaces/lib/python3.12/site-packages/custom_action_interfaces/__init__.py
[5.002s] -- Installing: /home/shaqiloheal/ros2_ws/install/custom_action_interfaces/lib/python3.12/site-packages/custom_action_interfaces/_custom_action_interfaces_s.ep.rosidl_typesupport_introspection_c.c
[5.002s] -- Installing: /home/shaqiloheal/ros2_ws/install/custom_action_interfaces/lib/python3.12/site-packages/custom_action_interfaces/custom_action_interfaces_s__rosidl_typesupport_fastrtps_c.so
[5.002s] -- Installing: /home/shaqiloheal/ros2_ws/install/custom_action_interfaces/lib/python3.12/site-packages/custom_action_interfaces/_custom_action_interfaces_s.ep.rosidl_typesupport_c.c
[5.002s] -- Installing: /home/shaqiloheal/ros2_ws/install/custom_action_interfaces/lib/python3.12/site-packages/custom_action_interfaces/action
[5.002s] -- Installing: /home/shaqiloheal/ros2_ws/install/custom_action_interfaces/lib/python3.12/site-packages/custom_action_interfaces/action/_charge_s.c
[5.002s] -- Installing: /home/shaqiloheal/ros2_ws/install/custom_action_interfaces/lib/python3.12/site-packages/custom_action_interfaces/action/_fibonacci.py
[5.002s] -- Installing: /home/shaqiloheal/ros2_ws/install/custom_action_interfaces/lib/python3.12/site-packages/custom_action_interfaces/action/_battery.py
[5.003s] -- Installing: /home/shaqiloheal/ros2_ws/install/custom_action_interfaces/lib/python3.12/site-packages/custom_action_interfaces/action/__init__.py
[5.003s] -- Installing: /home/shaqiloheal/ros2_ws/install/custom_action_interfaces/lib/python3.12/site-packages/custom_action_interfaces/action/_fibonacci_s.c
[5.003s] -- Installing: /home/shaqiloheal/ros2_ws/install/custom_action_interfaces/lib/python3.12/site-packages/custom_action_interfaces/action/_battery_s.c
[5.003s] -- Installing: /home/shaqiloheal/ros2_ws/install/custom_action_interfaces/lib/python3.12/site-packages/custom_action_interfaces/action/_charge.py
[5.003s] -- Installing: /home/shaqiloheal/ros2_ws/install/custom_action_interfaces/lib/python3.12/site-packages/custom_action_interfaces/custom_action_interfaces_s__rosidl_typesupport_c.so
[5.003s] -- Installing: /home/shaqiloheal/ros2_ws/install/custom_action_interfaces/lib/python3.12/site-packages/custom_action_interfaces/custom_action_interfaces_s__rosidl_typesupport_introspection_c.so
[5.040s] Listing '/home/shaqiloheal/ros2_ws/install/custom_action_interfaces/lib/python3.12/site-packages/custom_action_interfaces'...
[5.040s] Compiling '/home/shaqiloheal/ros2_ws/install/custom_action_interfaces/lib/python3.12/site-packages/custom_action_interfaces/__init__.py'...
[5.040s] Listing '/home/shaqiloheal/ros2_ws/install/custom_action_interfaces/lib/python3.12/site-packages/custom_action_interfaces/action'...
[5.040s] Compiling '/home/shaqiloheal/ros2_ws/install/custom_action_interfaces/lib/python3.12/site-packages/custom_action_interfaces/action/__init__.py'...
[5.040s] Compiling '/home/shaqiloheal/ros2_ws/install/custom_action_interfaces/lib/python3.12/site-packages/custom_action_interfaces/action/_battery.py'...
[5.040s] Compiling '/home/shaqiloheal/ros2_ws/install/custom_action_interfaces/lib/python3.12/site-packages/custom_action_interfaces/action/_charge.py'...
[5.040s] Compiling '/home/shaqiloheal/ros2_ws/install/custom_action_interfaces/lib/python3.12/site-packages/custom_action_interfaces/action/_fibonacci.py'...
[5.043s] -- Installing: /home/shaqiloheal/ros2_ws/install/custom_action_interfaces/lib/python3.12/site-packages/custom_action_interfaces/custom_action_interfaces_s__rosidl_typesupport_fastrtps_c.so
[5.043s] -- Set non-toolchain portion of runtime path of "/home/shaqiloheal/ros2_ws/install/custom_action_interfaces/lib/python3.12/site-packages/custom_action_interfaces/custom_action_interfaces_s__rosidl_typesupport_fastrtps_c.so" to ""
[5.043s] -- Installing: /home/shaqiloheal/ros2_ws/install/custom_action_interfaces/lib/python3.12/site-packages/custom_action_interfaces/custom_action_interfaces_s__rosidl_typesupport_introspection_c.so
[5.044s] -- Set non-toolchain portion of runtime path of "/home/shaqiloheal/ros2_ws/install/custom_action_interfaces/lib/python3.12/site-packages/custom_action_interfaces/custom_action_interfaces_s__rosidl_typesupport_introspection_c.so" to ""
[5.044s] -- Installing: /home/shaqiloheal/ros2_ws/install/custom_action_interfaces/lib/python3.12/site-packages/custom_action_interfaces/custom_action_interfaces_s__rosidl_typesupport_c.so
[5.044s] -- Set non-toolchain portion of runtime path of "/home/shaqiloheal/ros2_ws/install/custom_action_interfaces/lib/python3.12/site-packages/custom_action_interfaces/custom_action_interfaces_s__rosidl_typesupport_c.so" to ""
[5.044s] -- Installing: /home/shaqiloheal/ros2_ws/install/custom_action_interfaces/lib/libcustom_action_interfaces__rosidl_generator_py.so
[5.045s] -- Set non-toolchain portion of runtime path of "/home/shaqiloheal/ros2_ws/install/custom_action_interfaces/lib/libcustom_action_interfaces__rosidl_generator_py.so" to ""
[5.045s] -- Installing: /home/shaqiloheal/ros2_ws/install/custom_action_interfaces/share/custom_action_interfaces/action/Fibonacci.idl
[5.045s] -- Installing: /home/shaqiloheal/ros2_ws/install/custom_action_interfaces/share/custom_action_interfaces/action/Battery.idl
[5.045s] -- Installing: /home/shaqiloheal/ros2_ws/install/custom_action_interfaces/share/custom_action_interfaces/action/Charge.idl
[5.045s] -- Installing: /home/shaqiloheal/ros2_ws/install/custom_action_interfaces/share/custom_action_interfaces/action/Fibonacci.action
[5.045s] -- Installing: /home/shaqiloheal/ros2_ws/install/custom_action_interfaces/share/custom_action_interfaces/action/Battery.action
[5.045s] -- Installing: /home/shaqiloheal/ros2_ws/install/custom_action_interfaces/share/custom_action_interfaces/action/Charge.action
[5.045s] -- Installing: /home/shaqiloheal/ros2_ws/install/custom_action_interfaces/share/ament_index/resource_index/package_run_dependencies/custom_action_interfaces
[5.046s] -- Installing: /home/shaqiloheal/ros2_ws/install/custom_action_interfaces/share/ament_index/resource_index/parent_prefix_path/custom_action_interfaces
[5.046s] -- Installing: /home/shaqiloheal/ros2_ws/install/custom_action_interfaces/share/custom_action_interfaces/environment/ament_prefix_path.sh
[5.046s] -- Installing: /home/shaqiloheal/ros2_ws/install/custom_action_interfaces/share/custom_action_interfaces/environment/ament_prefix_path.dsv
[5.046s] -- Installing: /home/shaqiloheal/ros2_ws/install/custom_action_interfaces/share/custom_action_interfaces/environment/path.sh
[5.046s] -- Installing: /home/shaqiloheal/ros2_ws/install/custom_action_interfaces/share/custom_action_interfaces/environment/path.dsv
[5.046s] -- Installing: /home/shaqiloheal/ros2_ws/install/custom_action_interfaces/share/custom_action_interfaces/local_setup.bash
[5.046s] -- Installing: /home/shaqiloheal/ros2_ws/install/custom_action_interfaces/share/custom_action_interfaces/local_setup.sh
[5.046s] -- Installing: /home/shaqiloheal/ros2_ws/install/custom_action_interfaces/share/custom_action_interfaces/local_setup.zsh
[5.047s] -- Installing: /home/shaqiloheal/ros2_ws/install/custom_action_interfaces/share/custom_action_interfaces/local_setup.dsv
[5.047s] -- Installing: /home/shaqiloheal/ros2_ws/install/custom_action_interfaces/share/custom_action_interfaces/package.dsv
[5.047s] -- Installing: /home/shaqiloheal/ros2_ws/install/custom_action_interfaces/share/ament_index/resource_index/packages/custom_action_interfaces
[5.047s] -- Installing: /home/shaqiloheal/ros2_ws/install/custom_action_interfaces/share/custom_action_interfaces/cmake/export_custom_action_interfaces__rosidl_generator_cExport.cmake
[5.047s] -- Installing: /home/shaqiloheal/ros2_ws/install/custom_action_interfaces/share/custom_action_interfaces/cmake/export_custom_action_interfaces__rosidl_generator_cExport-noconfig.cmake
[5.047s] -- Installing: /home/shaqiloheal/ros2_ws/install/custom_action_interfaces/share/custom_action_interfaces/cmake/export_custom_action_interfaces__rosidl_typesupport_fastrtps_cExport.cmake
[5.047s] -- Installing: /home/shaqiloheal/ros2_ws/install/custom_action_interfaces/share/custom_action_interfaces/cmake/export_custom_action_interfaces__rosidl_typesupport_fastrtps_cExport-noconfig.cmake
[5.047s] -- Installing: /home/shaqiloheal/ros2_ws/install/custom_action_interfaces/share/custom_action_interfaces/cmake/custom_action_interfaces__rosidl_typesupport_introspection_cExport.cmake
[5.048s] -- Installing: /home/shaqiloheal/ros2_ws/install/custom_action_interfaces/share/custom_action_interfaces/cmake/custom_action_interfaces__rosidl_typesupport_introspection_cExport-noconfig.cmake
[5.048s] -- Installing: /home/shaqiloheal/ros2_ws/install/custom_action_interfaces/share/custom_action_interfaces/cmake/custom_action_interfaces__rosidl_typesupport_cExport.cmake
[5.048s] -- Installing: /home/shaqiloheal/ros2_ws/install/custom_action_interfaces/share/custom_action_interfaces/cmake/custom_action_interfaces__rosidl_typesupport_cExport-noconfig.cmake
[5.048s] -- Installing: /home/shaqiloheal/ros2_ws/install/custom_action_interfaces/share/custom_action_interfaces/cmake/export_custom_action_interfaces__rosidl_generator_cppExport.cmake
[5.048s] -- Installing: /home/shaqiloheal/ros2_ws/install/custom_action_interfaces/share/custom_action_interfaces/cmake/export_custom_action_interfaces__rosidl_typesupport_fastrtps_cppExport.cmake
[5.048s] -- Installing: /home/shaqiloheal/ros2_ws/install/custom_action_interfaces/share/custom_action_interfaces/cmake/export_custom_action_interfaces__rosidl_typesupport_fastrtps_cppExport-noconfig.cmake
[5.048s] -- Installing: /home/shaqiloheal/ros2_ws/install/custom_action_interfaces/share/custom_action_interfaces/cmake/custom_action_interfaces__rosidl_typesupport_introspection_cppExport.cmake
[5.048s] -- Installing: /home/shaqiloheal/ros2_ws/install/custom_action_interfaces/share/custom_action_interfaces/cmake/custom_action_interfaces__rosidl_typesupport_introspection_cppExport-noconfig.cmake
[5.048s] -- Installing: /home/shaqiloheal/ros2_ws/install/custom_action_interfaces/share/custom_action_interfaces/cmake/custom_action_interfaces__rosidl_typesupport_cppExport.cmake
[5.049s] -- Installing: /home/shaqiloheal/ros2_ws/install/custom_action_interfaces/share/custom_action_interfaces/cmake/custom_action_interfaces__rosidl_typesupport_cppExport-noconfig.cmake
[5.049s] -- Installing: /home/shaqiloheal/ros2_ws/install/custom_action_interfaces/share/custom_action_interfaces/cmake/export_custom_action_interfaces__rosidl_generator_pyExport.cmake
[5.049s] -- Installing: /home/shaqiloheal/ros2_ws/install/custom_action_interfaces/share/custom_action_interfaces/cmake/export_custom_action_interfaces__rosidl_generator_pyExport-noconfig.cmake
[5.049s] -- Installing: /home/shaqiloheal/ros2_ws/install/custom_action_interfaces/share/custom_action_interfaces/cmake/rosidl_cmake-extras.cmake
[5.049s] -- Installing: /home/shaqiloheal/ros2_ws/install/custom_action_interfaces/share/custom_action_interfaces/cmake/ament_cmake_export_dependencies-extras.cmake
[5.049s] -- Installing: /home/shaqiloheal/ros2_ws/install/custom_action_interfaces/share/custom_action_interfaces/cmake/ament_cmake_export_include_directories-extras.cmake
[5.049s] -- Installing: /home/shaqiloheal/ros2_ws/install/custom_action_interfaces/share/custom_action_interfaces/cmake/ament_cmake_export_libraries-extras.cmake
[5.049s] -- Installing: /home/shaqiloheal/ros2_ws/install/custom_action_interfaces/share/custom_action_interfaces/cmake/ament_cmake_export_targets-extras.cmake
[5.049s] -- Installing: /home/shaqiloheal/ros2_ws/install/custom_action_interfaces/share/custom_action_interfaces/cmake/rosidl_cmake_export_typesupport_targets-extras.cmake
[5.050s] -- Installing: /home/shaqiloheal/ros2_ws/install/custom_action_interfaces/share/custom_action_interfaces/cmake/rosidl_cmake_export_typesupport_libraries-extras.cmake
[5.050s] -- Installing: /home/shaqiloheal/ros2_ws/install/custom_action_interfaces/share/custom_action_interfaces/cmake/custom_action_interfacesConfig.cmake
[5.050s] -- Installing: /home/shaqiloheal/ros2_ws/install/custom_action_interfaces/share/custom_action_interfaces/cmake/custom_action_interfacesConfig-version.cmake
[5.050s] -- Installing: /home/shaqiloheal/ros2_ws/install/custom_action_interfaces/share/custom_action_interfaces/package.xml
[5.052s] Invoked command in '/home/shaqiloheal/ros2_ws/build/custom_action_interfaces' returned '0': CMAKE_PREFIX_PATH=${CMAKE_PREFIX_PATH}:/home/shaqiloheal/ros2_ws/install/temperature_sensor:/home/shaqiloheal/ros2_ws/install/monitor:/home/shaqiloheal/ros2_ws/install/py_srvcli:/home/shaqiloheal/ros2_ws/install/py_pubsub:/home/shaqiloheal/ros2_ws/install/fibonacci:/home/shaqiloheal/ros2_ws/install/battery_simulator:/home/shaqiloheal/ros2_ws/install/battery:/opt/ros/jazzy DEBUGINFOD_URLS=https://debuginfod.ubuntu.com PS1=(ros2_env) \[\e]0;\u@\h: \w\a\]${debian_chroot:+($debian_chroot)}\[\033[01;32m\]\u@\h\[\033[00m\]:\[\033[01;34m\]\w\[\033[00m\]\$ VIRTUAL_ENV_PROMPT=(ros2_env) /usr/bin/cmake --install /home/shaqiloheal/ros2_ws/build/custom_action_interfaces
