[1.097s] Invoking command in '/home/shaqiloheal/ros2_ws/src/battery': DEBUGINFOD_URLS=https://debuginfod.ubuntu.com PS1=(ros2_env) \[\e]0;\u@\h: \w\a\]${debian_chroot:+($debian_chroot)}\[\033[01;32m\]\u@\h\[\033[00m\]:\[\033[01;34m\]\w\[\033[00m\]\$ PYTHONPATH=/home/shaqiloheal/ros2_ws/build/battery/prefix_override:/usr/lib/python3/dist-packages/colcon_core/task/python/colcon_distutils_commands:/home/shaqiloheal/ros2_ws/install/battery/lib/python3.12/site-packages:${PYTHONPATH} VIRTUAL_ENV_PROMPT=(ros2_env) /usr/bin/python3 -W ignore:setup.py install is deprecated -W ignore:easy_install command is deprecated setup.py egg_info --egg-base ../../build/battery build --build-base /home/shaqiloheal/ros2_ws/build/battery/build install --record /home/shaqiloheal/ros2_ws/build/battery/install.log --single-version-externally-managed install_data
[1.224s] running egg_info
[1.232s] writing ../../build/battery/battery.egg-info/PKG-INFO
[1.232s] writing dependency_links to ../../build/battery/battery.egg-info/dependency_links.txt
[1.232s] writing entry points to ../../build/battery/battery.egg-info/entry_points.txt
[1.232s] writing requirements to ../../build/battery/battery.egg-info/requires.txt
[1.232s] writing top-level names to ../../build/battery/battery.egg-info/top_level.txt
[1.249s] reading manifest file '../../build/battery/battery.egg-info/SOURCES.txt'
[1.249s] adding license file 'LICENSE'
[1.249s] writing manifest file '../../build/battery/battery.egg-info/SOURCES.txt'
[1.250s] running build
[1.250s] running build_py
[1.250s] running install
[1.253s] running install_lib
[1.261s] running install_data
[1.261s] running install_egg_info
[1.270s] removing '/home/shaqiloheal/ros2_ws/install/battery/lib/python3.12/site-packages/battery-0.0.0-py3.12.egg-info' (and everything under it)
[1.270s] Copying ../../build/battery/battery.egg-info to /home/shaqiloheal/ros2_ws/install/battery/lib/python3.12/site-packages/battery-0.0.0-py3.12.egg-info
[1.271s] running install_scripts
[1.334s] Installing battery_action_client script to /home/shaqiloheal/ros2_ws/install/battery/lib/battery
[1.334s] Installing battery_action_server script to /home/shaqiloheal/ros2_ws/install/battery/lib/battery
[1.334s] writing list of installed files to '/home/shaqiloheal/ros2_ws/build/battery/install.log'
[1.354s] Invoked command in '/home/shaqiloheal/ros2_ws/src/battery' returned '0': DEBUGINFOD_URLS=https://debuginfod.ubuntu.com PS1=(ros2_env) \[\e]0;\u@\h: \w\a\]${debian_chroot:+($debian_chroot)}\[\033[01;32m\]\u@\h\[\033[00m\]:\[\033[01;34m\]\w\[\033[00m\]\$ PYTHONPATH=/home/shaqiloheal/ros2_ws/build/battery/prefix_override:/usr/lib/python3/dist-packages/colcon_core/task/python/colcon_distutils_commands:/home/shaqiloheal/ros2_ws/install/battery/lib/python3.12/site-packages:${PYTHONPATH} VIRTUAL_ENV_PROMPT=(ros2_env) /usr/bin/python3 -W ignore:setup.py install is deprecated -W ignore:easy_install command is deprecated setup.py egg_info --egg-base ../../build/battery build --build-base /home/shaqiloheal/ros2_ws/build/battery/build install --record /home/shaqiloheal/ros2_ws/build/battery/install.log --single-version-externally-managed install_data
