running egg_info
writing ../../build/battery/battery.egg-info/PKG-INFO
writing dependency_links to ../../build/battery/battery.egg-info/dependency_links.txt
writing entry points to ../../build/battery/battery.egg-info/entry_points.txt
writing requirements to ../../build/battery/battery.egg-info/requires.txt
writing top-level names to ../../build/battery/battery.egg-info/top_level.txt
reading manifest file '../../build/battery/battery.egg-info/SOURCES.txt'
adding license file 'LICENSE'
writing manifest file '../../build/battery/battery.egg-info/SOURCES.txt'
running build
running build_py
copying battery/battery_action_server.py -> /home/shaqiloheal/ros2_ws/build/battery/build/lib/battery
running install
running install_lib
copying /home/shaqiloheal/ros2_ws/build/battery/build/lib/battery/battery_action_server.py -> /home/shaqiloheal/ros2_ws/install/battery/lib/python3.12/site-packages/battery
byte-compiling /home/shaqiloheal/ros2_ws/install/battery/lib/python3.12/site-packages/battery/battery_action_server.py to battery_action_server.cpython-312.pyc
running install_data
running install_egg_info
removing '/home/shaqiloheal/ros2_ws/install/battery/lib/python3.12/site-packages/battery-0.0.0-py3.12.egg-info' (and everything under it)
Copying ../../build/battery/battery.egg-info to /home/shaqiloheal/ros2_ws/install/battery/lib/python3.12/site-packages/battery-0.0.0-py3.12.egg-info
running install_scripts
Installing battery_action_client script to /home/shaqiloheal/ros2_ws/install/battery/lib/battery
Installing battery_action_server script to /home/shaqiloheal/ros2_ws/install/battery/lib/battery
writing list of installed files to '/home/shaqiloheal/ros2_ws/build/battery/install.log'
