[0.021s] Invoking command in '/home/shaqiloheal/ros2_ws/build/custom_action_interfaces': CMAKE_PREFIX_PATH=${CMAKE_PREFIX_PATH}:/home/shaqiloheal/ros2_ws/install/temperature_sensor:/home/shaqiloheal/ros2_ws/install/monitor:/home/shaqiloheal/ros2_ws/install/py_srvcli:/home/shaqiloheal/ros2_ws/install/py_pubsub:/home/shaqiloheal/ros2_ws/install/fibonacci:/opt/ros/jazzy DEBUGINFOD_URLS=https://debuginfod.ubuntu.com PS1=(ros2_env) \[\e]0;\u@\h: \w\a\]${debian_chroot:+($debian_chroot)}\[\033[01;32m\]\u@\h\[\033[00m\]:\[\033[01;34m\]\w\[\033[00m\]\$ VIRTUAL_ENV_PROMPT=(ros2_env) /usr/bin/cmake /home/shaqiloheal/ros2_ws/src/custom_action_interfaces -DCMAKE_INSTALL_PREFIX=/home/shaqiloheal/ros2_ws/install/custom_action_interfaces
[0.456s] -- The C compiler identification is GNU 13.3.0
[0.456s] -- The CXX compiler identification is GNU 13.3.0
[0.456s] -- Detecting C compiler ABI info
[0.456s] -- Detecting C compiler ABI info - done
[0.456s] -- Check for working C compiler: /usr/bin/cc - skipped
[0.456s] -- Detecting C compile features
[0.456s] -- Detecting C compile features - done
[0.456s] -- Detecting CXX compiler ABI info
[0.456s] -- Detecting CXX compiler ABI info - done
[0.456s] -- Check for working CXX compiler: /usr/bin/c++ - skipped
[0.456s] -- Detecting CXX compile features
[0.456s] -- Detecting CXX compile features - done
[0.456s] -- Found ament_cmake: 2.5.3 (/opt/ros/jazzy/share/ament_cmake/cmake)
[0.456s] -- Found Python3: /home/shaqiloheal/ros2_ws/ros2_env/bin/python3 (found version "3.12.3") found components: Interpreter 
[0.456s] -- Found ament_lint_auto: 0.17.1 (/opt/ros/jazzy/share/ament_lint_auto/cmake)
[0.486s] -- Found rosidl_default_generators: 1.6.0 (/opt/ros/jazzy/share/rosidl_default_generators/cmake)
[0.492s] -- Using all available rosidl_typesupport_c: rosidl_typesupport_fastrtps_c;rosidl_typesupport_introspection_c
[0.533s] -- Using all available rosidl_typesupport_cpp: rosidl_typesupport_fastrtps_cpp;rosidl_typesupport_introspection_cpp
[0.567s] -- Found rosidl_adapter: 4.6.5 (/opt/ros/jazzy/share/rosidl_adapter/cmake)
[0.907s] -- Found ament_cmake_ros: 0.12.0 (/opt/ros/jazzy/share/ament_cmake_ros/cmake)
[1.167s] -- Using all available rosidl_typesupport_c: rosidl_typesupport_fastrtps_c;rosidl_typesupport_introspection_c
[1.493s] -- Using all available rosidl_typesupport_cpp: rosidl_typesupport_fastrtps_cpp;rosidl_typesupport_introspection_cpp
[1.496s] -- Found python_cmake_module: 0.11.1 (/opt/ros/jazzy/share/python_cmake_module/cmake)
[1.574s] -- Found PythonExtra: /home/shaqiloheal/ros2_ws/ros2_env/bin/python3  
[1.823s] -- Found Python3: /home/shaqiloheal/ros2_ws/ros2_env/bin/python3 (found version "3.12.3") found components: Interpreter Development NumPy Development.Module Development.Embed 
[1.845s] -- Added test 'flake8' to check Python code syntax and style conventions
[1.846s] -- Configured 'flake8' exclude dirs and/or files: 
[1.846s] -- Added test 'lint_cmake' to check CMake code style
[1.846s] -- Added test 'pep257' to check Python code against some of the docstring style conventions in PEP 257
[1.847s] -- Added test 'xmllint' to check XML markup files
[1.851s] -- Configuring done (1.8s)
[1.872s] -- Generating done (0.0s)
[1.878s] -- Build files have been written to: /home/shaqiloheal/ros2_ws/build/custom_action_interfaces
[1.885s] Invoked command in '/home/shaqiloheal/ros2_ws/build/custom_action_interfaces' returned '0': CMAKE_PREFIX_PATH=${CMAKE_PREFIX_PATH}:/home/shaqiloheal/ros2_ws/install/temperature_sensor:/home/shaqiloheal/ros2_ws/install/monitor:/home/shaqiloheal/ros2_ws/install/py_srvcli:/home/shaqiloheal/ros2_ws/install/py_pubsub:/home/shaqiloheal/ros2_ws/install/fibonacci:/opt/ros/jazzy DEBUGINFOD_URLS=https://debuginfod.ubuntu.com PS1=(ros2_env) \[\e]0;\u@\h: \w\a\]${debian_chroot:+($debian_chroot)}\[\033[01;32m\]\u@\h\[\033[00m\]:\[\033[01;34m\]\w\[\033[00m\]\$ VIRTUAL_ENV_PROMPT=(ros2_env) /usr/bin/cmake /home/shaqiloheal/ros2_ws/src/custom_action_interfaces -DCMAKE_INSTALL_PREFIX=/home/shaqiloheal/ros2_ws/install/custom_action_interfaces
[1.885s] Invoking command in '/home/shaqiloheal/ros2_ws/build/custom_action_interfaces': CMAKE_PREFIX_PATH=${CMAKE_PREFIX_PATH}:/home/shaqiloheal/ros2_ws/install/temperature_sensor:/home/shaqiloheal/ros2_ws/install/monitor:/home/shaqiloheal/ros2_ws/install/py_srvcli:/home/shaqiloheal/ros2_ws/install/py_pubsub:/home/shaqiloheal/ros2_ws/install/fibonacci:/opt/ros/jazzy DEBUGINFOD_URLS=https://debuginfod.ubuntu.com PS1=(ros2_env) \[\e]0;\u@\h: \w\a\]${debian_chroot:+($debian_chroot)}\[\033[01;32m\]\u@\h\[\033[00m\]:\[\033[01;34m\]\w\[\033[00m\]\$ VIRTUAL_ENV_PROMPT=(ros2_env) /usr/bin/cmake --build /home/shaqiloheal/ros2_ws/build/custom_action_interfaces -- -j16 -l16
[1.923s] [  2%] [34m[1mGenerating type hashes for ROS interfaces[0m
[1.928s] [  2%] Built target ament_cmake_python_copy_custom_action_interfaces
[2.032s] running egg_info
[2.033s] creating custom_action_interfaces.egg-info
[2.036s] [  2%] Built target custom_action_interfaces__rosidl_generator_type_description
[2.040s] writing custom_action_interfaces.egg-info/PKG-INFO
[2.040s] writing dependency_links to custom_action_interfaces.egg-info/dependency_links.txt
[2.040s] writing top-level names to custom_action_interfaces.egg-info/top_level.txt
[2.041s] writing manifest file 'custom_action_interfaces.egg-info/SOURCES.txt'
[2.043s] [  4%] [34m[1mGenerating C code for ROS interfaces[0m
[2.050s] [  6%] [34m[1mGenerating C++ code for ROS interfaces[0m
[2.064s] reading manifest file 'custom_action_interfaces.egg-info/SOURCES.txt'
[2.064s] writing manifest file 'custom_action_interfaces.egg-info/SOURCES.txt'
[2.085s] [  6%] Built target ament_cmake_python_build_custom_action_interfaces_egg
[2.371s] [  6%] Built target custom_action_interfaces__cpp
[2.405s] [ 13%] [32mBuilding C object CMakeFiles/custom_action_interfaces__rosidl_generator_c.dir/rosidl_generator_c/custom_action_interfaces/action/detail/battery__functions.c.o[0m
[2.405s] [ 13%] [32mBuilding C object CMakeFiles/custom_action_interfaces__rosidl_generator_c.dir/rosidl_generator_c/custom_action_interfaces/action/detail/battery__type_support.c.o[0m
[2.405s] [ 13%] [32mBuilding C object CMakeFiles/custom_action_interfaces__rosidl_generator_c.dir/rosidl_generator_c/custom_action_interfaces/action/detail/fibonacci__description.c.o[0m
[2.405s] [ 15%] [32mBuilding C object CMakeFiles/custom_action_interfaces__rosidl_generator_c.dir/rosidl_generator_c/custom_action_interfaces/action/detail/fibonacci__type_support.c.o[0m
[2.406s] [ 18%] [32mBuilding C object CMakeFiles/custom_action_interfaces__rosidl_generator_c.dir/rosidl_generator_c/custom_action_interfaces/action/detail/fibonacci__functions.c.o[0m
[2.406s] [ 20%] [32mBuilding C object CMakeFiles/custom_action_interfaces__rosidl_generator_c.dir/rosidl_generator_c/custom_action_interfaces/action/detail/battery__description.c.o[0m
[2.499s] [ 22%] [32m[1mLinking C shared library libcustom_action_interfaces__rosidl_generator_c.so[0m
[2.527s] [ 22%] Built target custom_action_interfaces__rosidl_generator_c
[2.534s] [ 25%] [34m[1mGenerating C introspection for ROS interfaces[0m
[2.534s] [ 27%] [34m[1mGenerating C type support dispatch for ROS interfaces[0m
[2.534s] [ 29%] [34m[1mGenerating C type support for eProsima Fast-RTPS[0m
[2.534s] [ 31%] [34m[1mGenerating C++ type support dispatch for ROS interfaces[0m
[2.534s] [ 34%] [34m[1mGenerating C++ introspection for ROS interfaces[0m
[2.534s] [ 36%] [34m[1mGenerating C++ type support for eProsima Fast-RTPS[0m
[2.720s] [ 40%] [32mBuilding CXX object CMakeFiles/custom_action_interfaces__rosidl_typesupport_c.dir/rosidl_typesupport_c/custom_action_interfaces/action/battery__type_support.cpp.o[0m
[2.720s] [ 40%] [32mBuilding CXX object CMakeFiles/custom_action_interfaces__rosidl_typesupport_c.dir/rosidl_typesupport_c/custom_action_interfaces/action/fibonacci__type_support.cpp.o[0m
[2.734s] [ 43%] [32mBuilding CXX object CMakeFiles/custom_action_interfaces__rosidl_typesupport_cpp.dir/rosidl_typesupport_cpp/custom_action_interfaces/action/fibonacci__type_support.cpp.o[0m
[2.735s] [ 45%] [32mBuilding CXX object CMakeFiles/custom_action_interfaces__rosidl_typesupport_cpp.dir/rosidl_typesupport_cpp/custom_action_interfaces/action/battery__type_support.cpp.o[0m
[2.758s] [ 47%] [32m[1mLinking CXX shared library libcustom_action_interfaces__rosidl_typesupport_c.so[0m
[2.780s] [ 50%] [32mBuilding CXX object CMakeFiles/custom_action_interfaces__rosidl_typesupport_introspection_cpp.dir/rosidl_typesupport_introspection_cpp/custom_action_interfaces/action/detail/fibonacci__type_support.cpp.o[0m
[2.781s] [ 52%] [32mBuilding CXX object CMakeFiles/custom_action_interfaces__rosidl_typesupport_introspection_cpp.dir/rosidl_typesupport_introspection_cpp/custom_action_interfaces/action/detail/battery__type_support.cpp.o[0m
[2.789s] [ 52%] Built target custom_action_interfaces__rosidl_typesupport_c
[2.797s] [ 54%] [32mBuilding C object CMakeFiles/custom_action_interfaces__rosidl_typesupport_introspection_c.dir/rosidl_typesupport_introspection_c/custom_action_interfaces/action/detail/fibonacci__type_support.c.o[0m
[2.799s] [ 56%] [32mBuilding C object CMakeFiles/custom_action_interfaces__rosidl_typesupport_introspection_c.dir/rosidl_typesupport_introspection_c/custom_action_interfaces/action/detail/battery__type_support.c.o[0m
[2.849s] [ 59%] [32m[1mLinking C shared library libcustom_action_interfaces__rosidl_typesupport_introspection_c.so[0m
[2.872s] [ 59%] Built target custom_action_interfaces__rosidl_typesupport_introspection_c
[2.911s] [ 61%] [32mBuilding CXX object CMakeFiles/custom_action_interfaces__rosidl_typesupport_fastrtps_cpp.dir/rosidl_typesupport_fastrtps_cpp/custom_action_interfaces/action/detail/dds_fastrtps/fibonacci__type_support.cpp.o[0m
[2.913s] [ 63%] [32mBuilding CXX object CMakeFiles/custom_action_interfaces__rosidl_typesupport_fastrtps_cpp.dir/rosidl_typesupport_fastrtps_cpp/custom_action_interfaces/action/detail/dds_fastrtps/battery__type_support.cpp.o[0m
[2.949s] [ 65%] [32mBuilding CXX object CMakeFiles/custom_action_interfaces__rosidl_typesupport_fastrtps_c.dir/rosidl_typesupport_fastrtps_c/custom_action_interfaces/action/detail/fibonacci__type_support_c.cpp.o[0m
[2.951s] [ 68%] [32mBuilding CXX object CMakeFiles/custom_action_interfaces__rosidl_typesupport_fastrtps_c.dir/rosidl_typesupport_fastrtps_c/custom_action_interfaces/action/detail/battery__type_support_c.cpp.o[0m
[3.127s] [ 70%] [32m[1mLinking CXX shared library libcustom_action_interfaces__rosidl_typesupport_cpp.so[0m
[3.177s] [ 70%] Built target custom_action_interfaces__rosidl_typesupport_cpp
[3.238s] [ 72%] [32m[1mLinking CXX shared library libcustom_action_interfaces__rosidl_typesupport_introspection_cpp.so[0m
[3.279s] [ 75%] [32m[1mLinking CXX shared library libcustom_action_interfaces__rosidl_typesupport_fastrtps_c.so[0m
[3.288s] [ 75%] Built target custom_action_interfaces__rosidl_typesupport_introspection_cpp
[3.315s] [ 75%] Built target custom_action_interfaces__rosidl_typesupport_fastrtps_c
[3.464s] [ 77%] [32m[1mLinking CXX shared library libcustom_action_interfaces__rosidl_typesupport_fastrtps_cpp.so[0m
[3.513s] [ 77%] Built target custom_action_interfaces__rosidl_typesupport_fastrtps_cpp
[3.526s] [ 77%] Built target custom_action_interfaces
[3.540s] [ 79%] [34m[1mGenerating Python code for ROS interfaces[0m
[4.066s] [ 79%] Built target custom_action_interfaces__py
[4.081s] [ 81%] [32mBuilding C object CMakeFiles/custom_action_interfaces__rosidl_generator_py.dir/rosidl_generator_py/custom_action_interfaces/action/_fibonacci_s.c.o[0m
[4.081s] [ 84%] [32mBuilding C object CMakeFiles/custom_action_interfaces__rosidl_generator_py.dir/rosidl_generator_py/custom_action_interfaces/action/_battery_s.c.o[0m
[4.195s] [ 86%] [32m[1mLinking C shared library libcustom_action_interfaces__rosidl_generator_py.so[0m
[4.225s] [ 86%] Built target custom_action_interfaces__rosidl_generator_py
[4.239s] [ 88%] [32mBuilding C object CMakeFiles/custom_action_interfaces_s__rosidl_typesupport_c.dir/rosidl_generator_py/custom_action_interfaces/_custom_action_interfaces_s.ep.rosidl_typesupport_c.c.o[0m
[4.240s] [ 90%] [32mBuilding C object CMakeFiles/custom_action_interfaces_s__rosidl_typesupport_introspection_c.dir/rosidl_generator_py/custom_action_interfaces/_custom_action_interfaces_s.ep.rosidl_typesupport_introspection_c.c.o[0m
[4.240s] [ 93%] [32mBuilding C object CMakeFiles/custom_action_interfaces_s__rosidl_typesupport_fastrtps_c.dir/rosidl_generator_py/custom_action_interfaces/_custom_action_interfaces_s.ep.rosidl_typesupport_fastrtps_c.c.o[0m
[4.325s] [ 97%] [32m[1mLinking C shared module rosidl_generator_py/custom_action_interfaces/custom_action_interfaces_s__rosidl_typesupport_introspection_c.so[0m
[4.325s] [ 97%] [32m[1mLinking C shared module rosidl_generator_py/custom_action_interfaces/custom_action_interfaces_s__rosidl_typesupport_c.so[0m
[4.326s] [100%] [32m[1mLinking C shared module rosidl_generator_py/custom_action_interfaces/custom_action_interfaces_s__rosidl_typesupport_fastrtps_c.so[0m
[4.347s] [100%] Built target custom_action_interfaces_s__rosidl_typesupport_introspection_c
[4.347s] [100%] Built target custom_action_interfaces_s__rosidl_typesupport_c
[4.347s] [100%] Built target custom_action_interfaces_s__rosidl_typesupport_fastrtps_c
[4.355s] Invoked command in '/home/shaqiloheal/ros2_ws/build/custom_action_interfaces' returned '0': CMAKE_PREFIX_PATH=${CMAKE_PREFIX_PATH}:/home/shaqiloheal/ros2_ws/install/temperature_sensor:/home/shaqiloheal/ros2_ws/install/monitor:/home/shaqiloheal/ros2_ws/install/py_srvcli:/home/shaqiloheal/ros2_ws/install/py_pubsub:/home/shaqiloheal/ros2_ws/install/fibonacci:/opt/ros/jazzy DEBUGINFOD_URLS=https://debuginfod.ubuntu.com PS1=(ros2_env) \[\e]0;\u@\h: \w\a\]${debian_chroot:+($debian_chroot)}\[\033[01;32m\]\u@\h\[\033[00m\]:\[\033[01;34m\]\w\[\033[00m\]\$ VIRTUAL_ENV_PROMPT=(ros2_env) /usr/bin/cmake --build /home/shaqiloheal/ros2_ws/build/custom_action_interfaces -- -j16 -l16
[4.355s] Invoking command in '/home/shaqiloheal/ros2_ws/build/custom_action_interfaces': CMAKE_PREFIX_PATH=${CMAKE_PREFIX_PATH}:/home/shaqiloheal/ros2_ws/install/temperature_sensor:/home/shaqiloheal/ros2_ws/install/monitor:/home/shaqiloheal/ros2_ws/install/py_srvcli:/home/shaqiloheal/ros2_ws/install/py_pubsub:/home/shaqiloheal/ros2_ws/install/fibonacci:/opt/ros/jazzy DEBUGINFOD_URLS=https://debuginfod.ubuntu.com PS1=(ros2_env) \[\e]0;\u@\h: \w\a\]${debian_chroot:+($debian_chroot)}\[\033[01;32m\]\u@\h\[\033[00m\]:\[\033[01;34m\]\w\[\033[00m\]\$ VIRTUAL_ENV_PROMPT=(ros2_env) /usr/bin/cmake --install /home/shaqiloheal/ros2_ws/build/custom_action_interfaces
[4.361s] -- Install configuration: ""
[4.361s] -- Installing: /home/shaqiloheal/ros2_ws/install/custom_action_interfaces/share/ament_index/resource_index/rosidl_interfaces/custom_action_interfaces
[4.361s] -- Installing: /home/shaqiloheal/ros2_ws/install/custom_action_interfaces/share/custom_action_interfaces/action/Fibonacci.json
[4.361s] -- Installing: /home/shaqiloheal/ros2_ws/install/custom_action_interfaces/share/custom_action_interfaces/action/Battery.json
[4.361s] -- Installing: /home/shaqiloheal/ros2_ws/install/custom_action_interfaces/include/custom_action_interfaces/custom_action_interfaces
[4.361s] -- Installing: /home/shaqiloheal/ros2_ws/install/custom_action_interfaces/include/custom_action_interfaces/custom_action_interfaces/msg
[4.362s] -- Installing: /home/shaqiloheal/ros2_ws/install/custom_action_interfaces/include/custom_action_interfaces/custom_action_interfaces/msg/rosidl_generator_c__visibility_control.h
[4.362s] -- Installing: /home/shaqiloheal/ros2_ws/install/custom_action_interfaces/include/custom_action_interfaces/custom_action_interfaces/action
[4.362s] -- Installing: /home/shaqiloheal/ros2_ws/install/custom_action_interfaces/include/custom_action_interfaces/custom_action_interfaces/action/detail
[4.362s] -- Installing: /home/shaqiloheal/ros2_ws/install/custom_action_interfaces/include/custom_action_interfaces/custom_action_interfaces/action/detail/fibonacci__struct.h
[4.362s] -- Installing: /home/shaqiloheal/ros2_ws/install/custom_action_interfaces/include/custom_action_interfaces/custom_action_interfaces/action/detail/fibonacci__type_support.h
[4.362s] -- Installing: /home/shaqiloheal/ros2_ws/install/custom_action_interfaces/include/custom_action_interfaces/custom_action_interfaces/action/detail/fibonacci__description.c
[4.362s] -- Installing: /home/shaqiloheal/ros2_ws/install/custom_action_interfaces/include/custom_action_interfaces/custom_action_interfaces/action/detail/fibonacci__functions.h
[4.362s] -- Installing: /home/shaqiloheal/ros2_ws/install/custom_action_interfaces/include/custom_action_interfaces/custom_action_interfaces/action/detail/battery__type_support.c
[4.362s] -- Installing: /home/shaqiloheal/ros2_ws/install/custom_action_interfaces/include/custom_action_interfaces/custom_action_interfaces/action/detail/fibonacci__functions.c
[4.362s] -- Installing: /home/shaqiloheal/ros2_ws/install/custom_action_interfaces/include/custom_action_interfaces/custom_action_interfaces/action/detail/battery__type_support.h
[4.362s] -- Installing: /home/shaqiloheal/ros2_ws/install/custom_action_interfaces/include/custom_action_interfaces/custom_action_interfaces/action/detail/battery__struct.h
[4.363s] -- Installing: /home/shaqiloheal/ros2_ws/install/custom_action_interfaces/include/custom_action_interfaces/custom_action_interfaces/action/detail/battery__functions.c
[4.363s] -- Installing: /home/shaqiloheal/ros2_ws/install/custom_action_interfaces/include/custom_action_interfaces/custom_action_interfaces/action/detail/battery__description.c
[4.363s] -- Installing: /home/shaqiloheal/ros2_ws/install/custom_action_interfaces/include/custom_action_interfaces/custom_action_interfaces/action/detail/fibonacci__type_support.c
[4.363s] -- Installing: /home/shaqiloheal/ros2_ws/install/custom_action_interfaces/include/custom_action_interfaces/custom_action_interfaces/action/detail/battery__functions.h
[4.363s] -- Installing: /home/shaqiloheal/ros2_ws/install/custom_action_interfaces/include/custom_action_interfaces/custom_action_interfaces/action/battery.h
[4.363s] -- Installing: /home/shaqiloheal/ros2_ws/install/custom_action_interfaces/include/custom_action_interfaces/custom_action_interfaces/action/fibonacci.h
[4.363s] -- Installing: /home/shaqiloheal/ros2_ws/install/custom_action_interfaces/share/custom_action_interfaces/environment/library_path.sh
[4.363s] -- Installing: /home/shaqiloheal/ros2_ws/install/custom_action_interfaces/share/custom_action_interfaces/environment/library_path.dsv
[4.363s] -- Installing: /home/shaqiloheal/ros2_ws/install/custom_action_interfaces/lib/libcustom_action_interfaces__rosidl_generator_c.so
[4.364s] -- Set non-toolchain portion of runtime path of "/home/shaqiloheal/ros2_ws/install/custom_action_interfaces/lib/libcustom_action_interfaces__rosidl_generator_c.so" to ""
[4.364s] -- Up-to-date: /home/shaqiloheal/ros2_ws/install/custom_action_interfaces/include/custom_action_interfaces/custom_action_interfaces
[4.364s] -- Up-to-date: /home/shaqiloheal/ros2_ws/install/custom_action_interfaces/include/custom_action_interfaces/custom_action_interfaces/msg
[4.364s] -- Installing: /home/shaqiloheal/ros2_ws/install/custom_action_interfaces/include/custom_action_interfaces/custom_action_interfaces/msg/rosidl_typesupport_fastrtps_c__visibility_control.h
[4.364s] -- Up-to-date: /home/shaqiloheal/ros2_ws/install/custom_action_interfaces/include/custom_action_interfaces/custom_action_interfaces/action
[4.364s] -- Up-to-date: /home/shaqiloheal/ros2_ws/install/custom_action_interfaces/include/custom_action_interfaces/custom_action_interfaces/action/detail
[4.364s] -- Installing: /home/shaqiloheal/ros2_ws/install/custom_action_interfaces/include/custom_action_interfaces/custom_action_interfaces/action/detail/battery__rosidl_typesupport_fastrtps_c.h
[4.364s] -- Installing: /home/shaqiloheal/ros2_ws/install/custom_action_interfaces/include/custom_action_interfaces/custom_action_interfaces/action/detail/fibonacci__rosidl_typesupport_fastrtps_c.h
[4.364s] -- Installing: /home/shaqiloheal/ros2_ws/install/custom_action_interfaces/lib/libcustom_action_interfaces__rosidl_typesupport_fastrtps_c.so
[4.364s] -- Set non-toolchain portion of runtime path of "/home/shaqiloheal/ros2_ws/install/custom_action_interfaces/lib/libcustom_action_interfaces__rosidl_typesupport_fastrtps_c.so" to ""
[4.364s] -- Up-to-date: /home/shaqiloheal/ros2_ws/install/custom_action_interfaces/include/custom_action_interfaces/custom_action_interfaces
[4.364s] -- Up-to-date: /home/shaqiloheal/ros2_ws/install/custom_action_interfaces/include/custom_action_interfaces/custom_action_interfaces/msg
[4.364s] -- Installing: /home/shaqiloheal/ros2_ws/install/custom_action_interfaces/include/custom_action_interfaces/custom_action_interfaces/msg/rosidl_typesupport_introspection_c__visibility_control.h
[4.364s] -- Up-to-date: /home/shaqiloheal/ros2_ws/install/custom_action_interfaces/include/custom_action_interfaces/custom_action_interfaces/action
[4.364s] -- Up-to-date: /home/shaqiloheal/ros2_ws/install/custom_action_interfaces/include/custom_action_interfaces/custom_action_interfaces/action/detail
[4.365s] -- Up-to-date: /home/shaqiloheal/ros2_ws/install/custom_action_interfaces/include/custom_action_interfaces/custom_action_interfaces/action/detail/battery__type_support.c
[4.365s] -- Installing: /home/shaqiloheal/ros2_ws/install/custom_action_interfaces/include/custom_action_interfaces/custom_action_interfaces/action/detail/battery__rosidl_typesupport_introspection_c.h
[4.365s] -- Installing: /home/shaqiloheal/ros2_ws/install/custom_action_interfaces/include/custom_action_interfaces/custom_action_interfaces/action/detail/fibonacci__rosidl_typesupport_introspection_c.h
[4.365s] -- Up-to-date: /home/shaqiloheal/ros2_ws/install/custom_action_interfaces/include/custom_action_interfaces/custom_action_interfaces/action/detail/fibonacci__type_support.c
[4.365s] -- Installing: /home/shaqiloheal/ros2_ws/install/custom_action_interfaces/lib/libcustom_action_interfaces__rosidl_typesupport_introspection_c.so
[4.365s] -- Set non-toolchain portion of runtime path of "/home/shaqiloheal/ros2_ws/install/custom_action_interfaces/lib/libcustom_action_interfaces__rosidl_typesupport_introspection_c.so" to ""
[4.365s] -- Installing: /home/shaqiloheal/ros2_ws/install/custom_action_interfaces/lib/libcustom_action_interfaces__rosidl_typesupport_c.so
[4.365s] -- Set non-toolchain portion of runtime path of "/home/shaqiloheal/ros2_ws/install/custom_action_interfaces/lib/libcustom_action_interfaces__rosidl_typesupport_c.so" to ""
[4.365s] -- Up-to-date: /home/shaqiloheal/ros2_ws/install/custom_action_interfaces/include/custom_action_interfaces/custom_action_interfaces
[4.365s] -- Up-to-date: /home/shaqiloheal/ros2_ws/install/custom_action_interfaces/include/custom_action_interfaces/custom_action_interfaces/msg
[4.365s] -- Installing: /home/shaqiloheal/ros2_ws/install/custom_action_interfaces/include/custom_action_interfaces/custom_action_interfaces/msg/rosidl_generator_cpp__visibility_control.hpp
[4.365s] -- Up-to-date: /home/shaqiloheal/ros2_ws/install/custom_action_interfaces/include/custom_action_interfaces/custom_action_interfaces/action
[4.365s] -- Up-to-date: /home/shaqiloheal/ros2_ws/install/custom_action_interfaces/include/custom_action_interfaces/custom_action_interfaces/action/detail
[4.365s] -- Installing: /home/shaqiloheal/ros2_ws/install/custom_action_interfaces/include/custom_action_interfaces/custom_action_interfaces/action/detail/fibonacci__struct.hpp
[4.365s] -- Installing: /home/shaqiloheal/ros2_ws/install/custom_action_interfaces/include/custom_action_interfaces/custom_action_interfaces/action/detail/battery__struct.hpp
[4.366s] -- Installing: /home/shaqiloheal/ros2_ws/install/custom_action_interfaces/include/custom_action_interfaces/custom_action_interfaces/action/detail/battery__traits.hpp
[4.366s] -- Installing: /home/shaqiloheal/ros2_ws/install/custom_action_interfaces/include/custom_action_interfaces/custom_action_interfaces/action/detail/fibonacci__builder.hpp
[4.366s] -- Installing: /home/shaqiloheal/ros2_ws/install/custom_action_interfaces/include/custom_action_interfaces/custom_action_interfaces/action/detail/battery__type_support.hpp
[4.366s] -- Installing: /home/shaqiloheal/ros2_ws/install/custom_action_interfaces/include/custom_action_interfaces/custom_action_interfaces/action/detail/fibonacci__traits.hpp
[4.366s] -- Installing: /home/shaqiloheal/ros2_ws/install/custom_action_interfaces/include/custom_action_interfaces/custom_action_interfaces/action/detail/battery__builder.hpp
[4.366s] -- Installing: /home/shaqiloheal/ros2_ws/install/custom_action_interfaces/include/custom_action_interfaces/custom_action_interfaces/action/detail/fibonacci__type_support.hpp
[4.366s] -- Installing: /home/shaqiloheal/ros2_ws/install/custom_action_interfaces/include/custom_action_interfaces/custom_action_interfaces/action/fibonacci.hpp
[4.366s] -- Installing: /home/shaqiloheal/ros2_ws/install/custom_action_interfaces/include/custom_action_interfaces/custom_action_interfaces/action/battery.hpp
[4.366s] -- Up-to-date: /home/shaqiloheal/ros2_ws/install/custom_action_interfaces/include/custom_action_interfaces/custom_action_interfaces
[4.366s] -- Up-to-date: /home/shaqiloheal/ros2_ws/install/custom_action_interfaces/include/custom_action_interfaces/custom_action_interfaces/msg
[4.366s] -- Installing: /home/shaqiloheal/ros2_ws/install/custom_action_interfaces/include/custom_action_interfaces/custom_action_interfaces/msg/rosidl_typesupport_fastrtps_cpp__visibility_control.h
[4.366s] -- Up-to-date: /home/shaqiloheal/ros2_ws/install/custom_action_interfaces/include/custom_action_interfaces/custom_action_interfaces/action
[4.366s] -- Up-to-date: /home/shaqiloheal/ros2_ws/install/custom_action_interfaces/include/custom_action_interfaces/custom_action_interfaces/action/detail
[4.366s] -- Installing: /home/shaqiloheal/ros2_ws/install/custom_action_interfaces/include/custom_action_interfaces/custom_action_interfaces/action/detail/battery__rosidl_typesupport_fastrtps_cpp.hpp
[4.366s] -- Installing: /home/shaqiloheal/ros2_ws/install/custom_action_interfaces/include/custom_action_interfaces/custom_action_interfaces/action/detail/fibonacci__rosidl_typesupport_fastrtps_cpp.hpp
[4.366s] -- Installing: /home/shaqiloheal/ros2_ws/install/custom_action_interfaces/include/custom_action_interfaces/custom_action_interfaces/action/detail/dds_fastrtps
[4.367s] -- Installing: /home/shaqiloheal/ros2_ws/install/custom_action_interfaces/lib/libcustom_action_interfaces__rosidl_typesupport_fastrtps_cpp.so
[4.367s] -- Set non-toolchain portion of runtime path of "/home/shaqiloheal/ros2_ws/install/custom_action_interfaces/lib/libcustom_action_interfaces__rosidl_typesupport_fastrtps_cpp.so" to ""
[4.367s] -- Up-to-date: /home/shaqiloheal/ros2_ws/install/custom_action_interfaces/include/custom_action_interfaces/custom_action_interfaces
[4.367s] -- Up-to-date: /home/shaqiloheal/ros2_ws/install/custom_action_interfaces/include/custom_action_interfaces/custom_action_interfaces/action
[4.367s] -- Up-to-date: /home/shaqiloheal/ros2_ws/install/custom_action_interfaces/include/custom_action_interfaces/custom_action_interfaces/action/detail
[4.367s] -- Installing: /home/shaqiloheal/ros2_ws/install/custom_action_interfaces/include/custom_action_interfaces/custom_action_interfaces/action/detail/battery__rosidl_typesupport_introspection_cpp.hpp
[4.367s] -- Installing: /home/shaqiloheal/ros2_ws/install/custom_action_interfaces/include/custom_action_interfaces/custom_action_interfaces/action/detail/battery__type_support.cpp
[4.367s] -- Installing: /home/shaqiloheal/ros2_ws/install/custom_action_interfaces/include/custom_action_interfaces/custom_action_interfaces/action/detail/fibonacci__rosidl_typesupport_introspection_cpp.hpp
[4.367s] -- Installing: /home/shaqiloheal/ros2_ws/install/custom_action_interfaces/include/custom_action_interfaces/custom_action_interfaces/action/detail/fibonacci__type_support.cpp
[4.368s] -- Installing: /home/shaqiloheal/ros2_ws/install/custom_action_interfaces/lib/libcustom_action_interfaces__rosidl_typesupport_introspection_cpp.so
[4.368s] -- Set non-toolchain portion of runtime path of "/home/shaqiloheal/ros2_ws/install/custom_action_interfaces/lib/libcustom_action_interfaces__rosidl_typesupport_introspection_cpp.so" to ""
[4.368s] -- Installing: /home/shaqiloheal/ros2_ws/install/custom_action_interfaces/lib/libcustom_action_interfaces__rosidl_typesupport_cpp.so
[4.368s] -- Set non-toolchain portion of runtime path of "/home/shaqiloheal/ros2_ws/install/custom_action_interfaces/lib/libcustom_action_interfaces__rosidl_typesupport_cpp.so" to ""
[4.368s] -- Installing: /home/shaqiloheal/ros2_ws/install/custom_action_interfaces/share/custom_action_interfaces/environment/pythonpath.sh
[4.369s] -- Installing: /home/shaqiloheal/ros2_ws/install/custom_action_interfaces/share/custom_action_interfaces/environment/pythonpath.dsv
[4.369s] -- Installing: /home/shaqiloheal/ros2_ws/install/custom_action_interfaces/lib/python3.12/site-packages/custom_action_interfaces-0.0.0-py3.12.egg-info
[4.369s] -- Installing: /home/shaqiloheal/ros2_ws/install/custom_action_interfaces/lib/python3.12/site-packages/custom_action_interfaces-0.0.0-py3.12.egg-info/top_level.txt
[4.369s] -- Installing: /home/shaqiloheal/ros2_ws/install/custom_action_interfaces/lib/python3.12/site-packages/custom_action_interfaces-0.0.0-py3.12.egg-info/PKG-INFO
[4.369s] -- Installing: /home/shaqiloheal/ros2_ws/install/custom_action_interfaces/lib/python3.12/site-packages/custom_action_interfaces-0.0.0-py3.12.egg-info/SOURCES.txt
[4.369s] -- Installing: /home/shaqiloheal/ros2_ws/install/custom_action_interfaces/lib/python3.12/site-packages/custom_action_interfaces-0.0.0-py3.12.egg-info/dependency_links.txt
[4.369s] -- Installing: /home/shaqiloheal/ros2_ws/install/custom_action_interfaces/lib/python3.12/site-packages/custom_action_interfaces
[4.369s] -- Installing: /home/shaqiloheal/ros2_ws/install/custom_action_interfaces/lib/python3.12/site-packages/custom_action_interfaces/_custom_action_interfaces_s.ep.rosidl_typesupport_fastrtps_c.c
[4.369s] -- Installing: /home/shaqiloheal/ros2_ws/install/custom_action_interfaces/lib/python3.12/site-packages/custom_action_interfaces/__init__.py
[4.369s] -- Installing: /home/shaqiloheal/ros2_ws/install/custom_action_interfaces/lib/python3.12/site-packages/custom_action_interfaces/_custom_action_interfaces_s.ep.rosidl_typesupport_introspection_c.c
[4.369s] -- Installing: /home/shaqiloheal/ros2_ws/install/custom_action_interfaces/lib/python3.12/site-packages/custom_action_interfaces/custom_action_interfaces_s__rosidl_typesupport_fastrtps_c.so
[4.369s] -- Installing: /home/shaqiloheal/ros2_ws/install/custom_action_interfaces/lib/python3.12/site-packages/custom_action_interfaces/_custom_action_interfaces_s.ep.rosidl_typesupport_c.c
[4.370s] -- Installing: /home/shaqiloheal/ros2_ws/install/custom_action_interfaces/lib/python3.12/site-packages/custom_action_interfaces/action
[4.370s] -- Installing: /home/shaqiloheal/ros2_ws/install/custom_action_interfaces/lib/python3.12/site-packages/custom_action_interfaces/action/_fibonacci.py
[4.370s] -- Installing: /home/shaqiloheal/ros2_ws/install/custom_action_interfaces/lib/python3.12/site-packages/custom_action_interfaces/action/_battery.py
[4.370s] -- Installing: /home/shaqiloheal/ros2_ws/install/custom_action_interfaces/lib/python3.12/site-packages/custom_action_interfaces/action/__init__.py
[4.370s] -- Installing: /home/shaqiloheal/ros2_ws/install/custom_action_interfaces/lib/python3.12/site-packages/custom_action_interfaces/action/_fibonacci_s.c
[4.370s] -- Installing: /home/shaqiloheal/ros2_ws/install/custom_action_interfaces/lib/python3.12/site-packages/custom_action_interfaces/action/_battery_s.c
[4.370s] -- Installing: /home/shaqiloheal/ros2_ws/install/custom_action_interfaces/lib/python3.12/site-packages/custom_action_interfaces/custom_action_interfaces_s__rosidl_typesupport_c.so
[4.370s] -- Installing: /home/shaqiloheal/ros2_ws/install/custom_action_interfaces/lib/python3.12/site-packages/custom_action_interfaces/custom_action_interfaces_s__rosidl_typesupport_introspection_c.so
[4.401s] Listing '/home/shaqiloheal/ros2_ws/install/custom_action_interfaces/lib/python3.12/site-packages/custom_action_interfaces'...
[4.401s] Compiling '/home/shaqiloheal/ros2_ws/install/custom_action_interfaces/lib/python3.12/site-packages/custom_action_interfaces/__init__.py'...
[4.401s] Listing '/home/shaqiloheal/ros2_ws/install/custom_action_interfaces/lib/python3.12/site-packages/custom_action_interfaces/action'...
[4.401s] Compiling '/home/shaqiloheal/ros2_ws/install/custom_action_interfaces/lib/python3.12/site-packages/custom_action_interfaces/action/__init__.py'...
[4.401s] Compiling '/home/shaqiloheal/ros2_ws/install/custom_action_interfaces/lib/python3.12/site-packages/custom_action_interfaces/action/_battery.py'...
[4.401s] Compiling '/home/shaqiloheal/ros2_ws/install/custom_action_interfaces/lib/python3.12/site-packages/custom_action_interfaces/action/_fibonacci.py'...
[4.404s] -- Installing: /home/shaqiloheal/ros2_ws/install/custom_action_interfaces/lib/python3.12/site-packages/custom_action_interfaces/custom_action_interfaces_s__rosidl_typesupport_fastrtps_c.so
[4.404s] -- Set non-toolchain portion of runtime path of "/home/shaqiloheal/ros2_ws/install/custom_action_interfaces/lib/python3.12/site-packages/custom_action_interfaces/custom_action_interfaces_s__rosidl_typesupport_fastrtps_c.so" to ""
[4.404s] -- Installing: /home/shaqiloheal/ros2_ws/install/custom_action_interfaces/lib/python3.12/site-packages/custom_action_interfaces/custom_action_interfaces_s__rosidl_typesupport_introspection_c.so
[4.404s] -- Set non-toolchain portion of runtime path of "/home/shaqiloheal/ros2_ws/install/custom_action_interfaces/lib/python3.12/site-packages/custom_action_interfaces/custom_action_interfaces_s__rosidl_typesupport_introspection_c.so" to ""
[4.405s] -- Installing: /home/shaqiloheal/ros2_ws/install/custom_action_interfaces/lib/python3.12/site-packages/custom_action_interfaces/custom_action_interfaces_s__rosidl_typesupport_c.so
[4.405s] -- Set non-toolchain portion of runtime path of "/home/shaqiloheal/ros2_ws/install/custom_action_interfaces/lib/python3.12/site-packages/custom_action_interfaces/custom_action_interfaces_s__rosidl_typesupport_c.so" to ""
[4.405s] -- Installing: /home/shaqiloheal/ros2_ws/install/custom_action_interfaces/lib/libcustom_action_interfaces__rosidl_generator_py.so
[4.405s] -- Set non-toolchain portion of runtime path of "/home/shaqiloheal/ros2_ws/install/custom_action_interfaces/lib/libcustom_action_interfaces__rosidl_generator_py.so" to ""
[4.405s] -- Installing: /home/shaqiloheal/ros2_ws/install/custom_action_interfaces/share/custom_action_interfaces/action/Fibonacci.idl
[4.405s] -- Installing: /home/shaqiloheal/ros2_ws/install/custom_action_interfaces/share/custom_action_interfaces/action/Battery.idl
[4.405s] -- Installing: /home/shaqiloheal/ros2_ws/install/custom_action_interfaces/share/custom_action_interfaces/action/Fibonacci.action
[4.405s] -- Installing: /home/shaqiloheal/ros2_ws/install/custom_action_interfaces/share/custom_action_interfaces/action/Battery.action
[4.405s] -- Installing: /home/shaqiloheal/ros2_ws/install/custom_action_interfaces/share/ament_index/resource_index/package_run_dependencies/custom_action_interfaces
[4.405s] -- Installing: /home/shaqiloheal/ros2_ws/install/custom_action_interfaces/share/ament_index/resource_index/parent_prefix_path/custom_action_interfaces
[4.406s] -- Installing: /home/shaqiloheal/ros2_ws/install/custom_action_interfaces/share/custom_action_interfaces/environment/ament_prefix_path.sh
[4.406s] -- Installing: /home/shaqiloheal/ros2_ws/install/custom_action_interfaces/share/custom_action_interfaces/environment/ament_prefix_path.dsv
[4.406s] -- Installing: /home/shaqiloheal/ros2_ws/install/custom_action_interfaces/share/custom_action_interfaces/environment/path.sh
[4.406s] -- Installing: /home/shaqiloheal/ros2_ws/install/custom_action_interfaces/share/custom_action_interfaces/environment/path.dsv
[4.406s] -- Installing: /home/shaqiloheal/ros2_ws/install/custom_action_interfaces/share/custom_action_interfaces/local_setup.bash
[4.406s] -- Installing: /home/shaqiloheal/ros2_ws/install/custom_action_interfaces/share/custom_action_interfaces/local_setup.sh
[4.406s] -- Installing: /home/shaqiloheal/ros2_ws/install/custom_action_interfaces/share/custom_action_interfaces/local_setup.zsh
[4.406s] -- Installing: /home/shaqiloheal/ros2_ws/install/custom_action_interfaces/share/custom_action_interfaces/local_setup.dsv
[4.406s] -- Installing: /home/shaqiloheal/ros2_ws/install/custom_action_interfaces/share/custom_action_interfaces/package.dsv
[4.406s] -- Installing: /home/shaqiloheal/ros2_ws/install/custom_action_interfaces/share/ament_index/resource_index/packages/custom_action_interfaces
[4.406s] -- Installing: /home/shaqiloheal/ros2_ws/install/custom_action_interfaces/share/custom_action_interfaces/cmake/export_custom_action_interfaces__rosidl_generator_cExport.cmake
[4.407s] -- Installing: /home/shaqiloheal/ros2_ws/install/custom_action_interfaces/share/custom_action_interfaces/cmake/export_custom_action_interfaces__rosidl_generator_cExport-noconfig.cmake
[4.407s] -- Installing: /home/shaqiloheal/ros2_ws/install/custom_action_interfaces/share/custom_action_interfaces/cmake/export_custom_action_interfaces__rosidl_typesupport_fastrtps_cExport.cmake
[4.407s] -- Installing: /home/shaqiloheal/ros2_ws/install/custom_action_interfaces/share/custom_action_interfaces/cmake/export_custom_action_interfaces__rosidl_typesupport_fastrtps_cExport-noconfig.cmake
[4.407s] -- Installing: /home/shaqiloheal/ros2_ws/install/custom_action_interfaces/share/custom_action_interfaces/cmake/custom_action_interfaces__rosidl_typesupport_introspection_cExport.cmake
[4.407s] -- Installing: /home/shaqiloheal/ros2_ws/install/custom_action_interfaces/share/custom_action_interfaces/cmake/custom_action_interfaces__rosidl_typesupport_introspection_cExport-noconfig.cmake
[4.407s] -- Installing: /home/shaqiloheal/ros2_ws/install/custom_action_interfaces/share/custom_action_interfaces/cmake/custom_action_interfaces__rosidl_typesupport_cExport.cmake
[4.407s] -- Installing: /home/shaqiloheal/ros2_ws/install/custom_action_interfaces/share/custom_action_interfaces/cmake/custom_action_interfaces__rosidl_typesupport_cExport-noconfig.cmake
[4.407s] -- Installing: /home/shaqiloheal/ros2_ws/install/custom_action_interfaces/share/custom_action_interfaces/cmake/export_custom_action_interfaces__rosidl_generator_cppExport.cmake
[4.407s] -- Installing: /home/shaqiloheal/ros2_ws/install/custom_action_interfaces/share/custom_action_interfaces/cmake/export_custom_action_interfaces__rosidl_typesupport_fastrtps_cppExport.cmake
[4.407s] -- Installing: /home/shaqiloheal/ros2_ws/install/custom_action_interfaces/share/custom_action_interfaces/cmake/export_custom_action_interfaces__rosidl_typesupport_fastrtps_cppExport-noconfig.cmake
[4.407s] -- Installing: /home/shaqiloheal/ros2_ws/install/custom_action_interfaces/share/custom_action_interfaces/cmake/custom_action_interfaces__rosidl_typesupport_introspection_cppExport.cmake
[4.407s] -- Installing: /home/shaqiloheal/ros2_ws/install/custom_action_interfaces/share/custom_action_interfaces/cmake/custom_action_interfaces__rosidl_typesupport_introspection_cppExport-noconfig.cmake
[4.408s] -- Installing: /home/shaqiloheal/ros2_ws/install/custom_action_interfaces/share/custom_action_interfaces/cmake/custom_action_interfaces__rosidl_typesupport_cppExport.cmake
[4.408s] -- Installing: /home/shaqiloheal/ros2_ws/install/custom_action_interfaces/share/custom_action_interfaces/cmake/custom_action_interfaces__rosidl_typesupport_cppExport-noconfig.cmake
[4.408s] -- Installing: /home/shaqiloheal/ros2_ws/install/custom_action_interfaces/share/custom_action_interfaces/cmake/export_custom_action_interfaces__rosidl_generator_pyExport.cmake
[4.408s] -- Installing: /home/shaqiloheal/ros2_ws/install/custom_action_interfaces/share/custom_action_interfaces/cmake/export_custom_action_interfaces__rosidl_generator_pyExport-noconfig.cmake
[4.408s] -- Installing: /home/shaqiloheal/ros2_ws/install/custom_action_interfaces/share/custom_action_interfaces/cmake/rosidl_cmake-extras.cmake
[4.408s] -- Installing: /home/shaqiloheal/ros2_ws/install/custom_action_interfaces/share/custom_action_interfaces/cmake/ament_cmake_export_dependencies-extras.cmake
[4.408s] -- Installing: /home/shaqiloheal/ros2_ws/install/custom_action_interfaces/share/custom_action_interfaces/cmake/ament_cmake_export_include_directories-extras.cmake
[4.408s] -- Installing: /home/shaqiloheal/ros2_ws/install/custom_action_interfaces/share/custom_action_interfaces/cmake/ament_cmake_export_libraries-extras.cmake
[4.408s] -- Installing: /home/shaqiloheal/ros2_ws/install/custom_action_interfaces/share/custom_action_interfaces/cmake/ament_cmake_export_targets-extras.cmake
[4.408s] -- Installing: /home/shaqiloheal/ros2_ws/install/custom_action_interfaces/share/custom_action_interfaces/cmake/rosidl_cmake_export_typesupport_targets-extras.cmake
[4.408s] -- Installing: /home/shaqiloheal/ros2_ws/install/custom_action_interfaces/share/custom_action_interfaces/cmake/rosidl_cmake_export_typesupport_libraries-extras.cmake
[4.408s] -- Installing: /home/shaqiloheal/ros2_ws/install/custom_action_interfaces/share/custom_action_interfaces/cmake/custom_action_interfacesConfig.cmake
[4.409s] -- Installing: /home/shaqiloheal/ros2_ws/install/custom_action_interfaces/share/custom_action_interfaces/cmake/custom_action_interfacesConfig-version.cmake
[4.409s] -- Installing: /home/shaqiloheal/ros2_ws/install/custom_action_interfaces/share/custom_action_interfaces/package.xml
[4.410s] Invoked command in '/home/shaqiloheal/ros2_ws/build/custom_action_interfaces' returned '0': CMAKE_PREFIX_PATH=${CMAKE_PREFIX_PATH}:/home/shaqiloheal/ros2_ws/install/temperature_sensor:/home/shaqiloheal/ros2_ws/install/monitor:/home/shaqiloheal/ros2_ws/install/py_srvcli:/home/shaqiloheal/ros2_ws/install/py_pubsub:/home/shaqiloheal/ros2_ws/install/fibonacci:/opt/ros/jazzy DEBUGINFOD_URLS=https://debuginfod.ubuntu.com PS1=(ros2_env) \[\e]0;\u@\h: \w\a\]${debian_chroot:+($debian_chroot)}\[\033[01;32m\]\u@\h\[\033[00m\]:\[\033[01;34m\]\w\[\033[00m\]\$ VIRTUAL_ENV_PROMPT=(ros2_env) /usr/bin/cmake --install /home/shaqiloheal/ros2_ws/build/custom_action_interfaces
