[0.945s] Invoking command in '/home/shaqiloheal/ros2_ws/src/temperature_sensor': DEBUGINFOD_URLS=https://debuginfod.ubuntu.com PS1=(ros2_env) \[\e]0;\u@\h: \w\a\]${debian_chroot:+($debian_chroot)}\[\033[01;32m\]\u@\h\[\033[00m\]:\[\033[01;34m\]\w\[\033[00m\]\$ PYTHONPATH=/home/shaqiloheal/ros2_ws/build/temperature_sensor/prefix_override:/usr/lib/python3/dist-packages/colcon_core/task/python/colcon_distutils_commands:/home/shaqiloheal/ros2_ws/install/temperature_sensor/lib/python3.12/site-packages:${PYTHONPATH} VIRTUAL_ENV_PROMPT=(ros2_env) /usr/bin/python3 -W ignore:setup.py install is deprecated -W ignore:easy_install command is deprecated setup.py egg_info --egg-base ../../build/temperature_sensor build --build-base /home/shaqiloheal/ros2_ws/build/temperature_sensor/build install --record /home/shaqiloheal/ros2_ws/build/temperature_sensor/install.log --single-version-externally-managed install_data
[1.068s] running egg_info
[1.068s] creating ../../build/temperature_sensor/temperature_sensor.egg-info
[1.076s] writing ../../build/temperature_sensor/temperature_sensor.egg-info/PKG-INFO
[1.076s] writing dependency_links to ../../build/temperature_sensor/temperature_sensor.egg-info/dependency_links.txt
[1.076s] writing entry points to ../../build/temperature_sensor/temperature_sensor.egg-info/entry_points.txt
[1.076s] writing requirements to ../../build/temperature_sensor/temperature_sensor.egg-info/requires.txt
[1.076s] writing top-level names to ../../build/temperature_sensor/temperature_sensor.egg-info/top_level.txt
[1.076s] writing manifest file '../../build/temperature_sensor/temperature_sensor.egg-info/SOURCES.txt'
[1.091s] reading manifest file '../../build/temperature_sensor/temperature_sensor.egg-info/SOURCES.txt'
[1.091s] adding license file 'LICENSE'
[1.092s] writing manifest file '../../build/temperature_sensor/temperature_sensor.egg-info/SOURCES.txt'
[1.092s] running build
[1.092s] running build_py
[1.092s] creating /home/shaqiloheal/ros2_ws/build/temperature_sensor/build
[1.092s] creating /home/shaqiloheal/ros2_ws/build/temperature_sensor/build/lib
[1.092s] creating /home/shaqiloheal/ros2_ws/build/temperature_sensor/build/lib/temperature_sensor
[1.092s] copying temperature_sensor/temperature_subscriber.py -> /home/shaqiloheal/ros2_ws/build/temperature_sensor/build/lib/temperature_sensor
[1.092s] copying temperature_sensor/temperature_publisher.py -> /home/shaqiloheal/ros2_ws/build/temperature_sensor/build/lib/temperature_sensor
[1.092s] copying temperature_sensor/__init__.py -> /home/shaqiloheal/ros2_ws/build/temperature_sensor/build/lib/temperature_sensor
[1.092s] running install
[1.095s] running install_lib
[1.103s] creating /home/shaqiloheal/ros2_ws/install/temperature_sensor/lib/python3.12/site-packages/temperature_sensor
[1.103s] copying /home/shaqiloheal/ros2_ws/build/temperature_sensor/build/lib/temperature_sensor/temperature_subscriber.py -> /home/shaqiloheal/ros2_ws/install/temperature_sensor/lib/python3.12/site-packages/temperature_sensor
[1.103s] copying /home/shaqiloheal/ros2_ws/build/temperature_sensor/build/lib/temperature_sensor/temperature_publisher.py -> /home/shaqiloheal/ros2_ws/install/temperature_sensor/lib/python3.12/site-packages/temperature_sensor
[1.103s] copying /home/shaqiloheal/ros2_ws/build/temperature_sensor/build/lib/temperature_sensor/__init__.py -> /home/shaqiloheal/ros2_ws/install/temperature_sensor/lib/python3.12/site-packages/temperature_sensor
[1.103s] byte-compiling /home/shaqiloheal/ros2_ws/install/temperature_sensor/lib/python3.12/site-packages/temperature_sensor/temperature_subscriber.py to temperature_subscriber.cpython-312.pyc
[1.104s] byte-compiling /home/shaqiloheal/ros2_ws/install/temperature_sensor/lib/python3.12/site-packages/temperature_sensor/temperature_publisher.py to temperature_publisher.cpython-312.pyc
[1.105s] byte-compiling /home/shaqiloheal/ros2_ws/install/temperature_sensor/lib/python3.12/site-packages/temperature_sensor/__init__.py to __init__.cpython-312.pyc
[1.105s] running install_data
[1.105s] creating /home/shaqiloheal/ros2_ws/install/temperature_sensor/share/ament_index
[1.105s] creating /home/shaqiloheal/ros2_ws/install/temperature_sensor/share/ament_index/resource_index
[1.105s] creating /home/shaqiloheal/ros2_ws/install/temperature_sensor/share/ament_index/resource_index/packages
[1.105s] copying resource/temperature_sensor -> /home/shaqiloheal/ros2_ws/install/temperature_sensor/share/ament_index/resource_index/packages
[1.105s] copying package.xml -> /home/shaqiloheal/ros2_ws/install/temperature_sensor/share/temperature_sensor
[1.105s] running install_egg_info
[1.113s] Copying ../../build/temperature_sensor/temperature_sensor.egg-info to /home/shaqiloheal/ros2_ws/install/temperature_sensor/lib/python3.12/site-packages/temperature_sensor-0.0.0-py3.12.egg-info
[1.113s] running install_scripts
[1.172s] Installing temperature_publisher script to /home/shaqiloheal/ros2_ws/install/temperature_sensor/lib/temperature_sensor
[1.172s] Installing temperature_subscriber script to /home/shaqiloheal/ros2_ws/install/temperature_sensor/lib/temperature_sensor
[1.172s] writing list of installed files to '/home/shaqiloheal/ros2_ws/build/temperature_sensor/install.log'
[1.189s] Invoked command in '/home/shaqiloheal/ros2_ws/src/temperature_sensor' returned '0': DEBUGINFOD_URLS=https://debuginfod.ubuntu.com PS1=(ros2_env) \[\e]0;\u@\h: \w\a\]${debian_chroot:+($debian_chroot)}\[\033[01;32m\]\u@\h\[\033[00m\]:\[\033[01;34m\]\w\[\033[00m\]\$ PYTHONPATH=/home/shaqiloheal/ros2_ws/build/temperature_sensor/prefix_override:/usr/lib/python3/dist-packages/colcon_core/task/python/colcon_distutils_commands:/home/shaqiloheal/ros2_ws/install/temperature_sensor/lib/python3.12/site-packages:${PYTHONPATH} VIRTUAL_ENV_PROMPT=(ros2_env) /usr/bin/python3 -W ignore:setup.py install is deprecated -W ignore:easy_install command is deprecated setup.py egg_info --egg-base ../../build/temperature_sensor build --build-base /home/shaqiloheal/ros2_ws/build/temperature_sensor/build install --record /home/shaqiloheal/ros2_ws/build/temperature_sensor/install.log --single-version-externally-managed install_data
