[0.359s] Invoking command in '/home/shaqiloheal/ros2_ws/src/monitor': DEBUGINFOD_URLS=https://debuginfod.ubuntu.com PS1=(ros2_env) \[\e]0;\u@\h: \w\a\]${debian_chroot:+($debian_chroot)}\[\033[01;32m\]\u@\h\[\033[00m\]:\[\033[01;34m\]\w\[\033[00m\]\$ PYTHONPATH=/home/shaqiloheal/ros2_ws/build/monitor/prefix_override:/usr/lib/python3/dist-packages/colcon_core/task/python/colcon_distutils_commands:/home/shaqiloheal/ros2_ws/install/monitor/lib/python3.12/site-packages:/home/shaqiloheal/ros2_ws/install/rosmonitoring_interfaces/lib/python3.12/site-packages:/home/shaqiloheal/ros2_ws/install/custom_action_interfaces/lib/python3.12/site-packages:/home/shaqiloheal/ros2_ws/install/temperature_sensor/lib/python3.12/site-packages:/home/shaqiloheal/ros2_ws/install/monitor/lib/python3.12/site-packages:/home/shaqiloheal/ros2_ws/install/py_srvcli/lib/python3.12/site-packages:/home/shaqiloheal/ros2_ws/install/py_pubsub/lib/python3.12/site-packages:/home/shaqiloheal/ros2_ws/install/fibonacci/lib/python3.12/site-packages:/opt/ros/jazzy/lib/python3.12/site-packages VIRTUAL_ENV_PROMPT=(ros2_env) /usr/bin/python3 -W ignore:setup.py install is deprecated -W ignore:easy_install command is deprecated setup.py egg_info --egg-base ../../build/monitor build --build-base /home/shaqiloheal/ros2_ws/build/monitor/build install --record /home/shaqiloheal/ros2_ws/build/monitor/install.log --single-version-externally-managed install_data
[0.473s] running egg_info
[0.473s] creating ../../build/monitor/monitor.egg-info
[0.480s] writing ../../build/monitor/monitor.egg-info/PKG-INFO
[0.480s] writing dependency_links to ../../build/monitor/monitor.egg-info/dependency_links.txt
[0.480s] writing entry points to ../../build/monitor/monitor.egg-info/entry_points.txt
[0.481s] writing requirements to ../../build/monitor/monitor.egg-info/requires.txt
[0.481s] writing top-level names to ../../build/monitor/monitor.egg-info/top_level.txt
[0.481s] writing manifest file '../../build/monitor/monitor.egg-info/SOURCES.txt'
[0.496s] reading manifest file '../../build/monitor/monitor.egg-info/SOURCES.txt'
[0.496s] writing manifest file '../../build/monitor/monitor.egg-info/SOURCES.txt'
[0.496s] running build
[0.496s] running build_py
[0.496s] creating /home/shaqiloheal/ros2_ws/build/monitor/build
[0.496s] creating /home/shaqiloheal/ros2_ws/build/monitor/build/lib
[0.496s] creating /home/shaqiloheal/ros2_ws/build/monitor/build/lib/monitor
[0.496s] copying monitor/monitor_fibonacci.py -> /home/shaqiloheal/ros2_ws/build/monitor/build/lib/monitor
[0.496s] copying monitor/monitor_action.py -> /home/shaqiloheal/ros2_ws/build/monitor/build/lib/monitor
[0.497s] copying monitor/monitor_battery_status.py -> /home/shaqiloheal/ros2_ws/build/monitor/build/lib/monitor
[0.497s] copying monitor/monitor_services.py -> /home/shaqiloheal/ros2_ws/build/monitor/build/lib/monitor
[0.497s] copying monitor/monitor_pubsub.py -> /home/shaqiloheal/ros2_ws/build/monitor/build/lib/monitor
[0.497s] copying monitor/monitor.py -> /home/shaqiloheal/ros2_ws/build/monitor/build/lib/monitor
[0.497s] copying monitor/monitor_temperature.py -> /home/shaqiloheal/ros2_ws/build/monitor/build/lib/monitor
[0.497s] copying monitor/__init__.py -> /home/shaqiloheal/ros2_ws/build/monitor/build/lib/monitor
[0.497s] copying monitor/monitor_bat.py -> /home/shaqiloheal/ros2_ws/build/monitor/build/lib/monitor
[0.497s] copying monitor/monitor_battery.py -> /home/shaqiloheal/ros2_ws/build/monitor/build/lib/monitor
[0.497s] copying monitor/monitor_0.py -> /home/shaqiloheal/ros2_ws/build/monitor/build/lib/monitor
[0.497s] copying monitor/monitor_everything.py -> /home/shaqiloheal/ros2_ws/build/monitor/build/lib/monitor
[0.497s] running install
[0.500s] running install_lib
[0.508s] creating /home/shaqiloheal/ros2_ws/install/monitor/lib/python3.12/site-packages/monitor
[0.508s] copying /home/shaqiloheal/ros2_ws/build/monitor/build/lib/monitor/monitor_fibonacci.py -> /home/shaqiloheal/ros2_ws/install/monitor/lib/python3.12/site-packages/monitor
[0.508s] copying /home/shaqiloheal/ros2_ws/build/monitor/build/lib/monitor/monitor_action.py -> /home/shaqiloheal/ros2_ws/install/monitor/lib/python3.12/site-packages/monitor
[0.508s] copying /home/shaqiloheal/ros2_ws/build/monitor/build/lib/monitor/monitor_battery_status.py -> /home/shaqiloheal/ros2_ws/install/monitor/lib/python3.12/site-packages/monitor
[0.508s] copying /home/shaqiloheal/ros2_ws/build/monitor/build/lib/monitor/monitor_services.py -> /home/shaqiloheal/ros2_ws/install/monitor/lib/python3.12/site-packages/monitor
[0.508s] copying /home/shaqiloheal/ros2_ws/build/monitor/build/lib/monitor/monitor_pubsub.py -> /home/shaqiloheal/ros2_ws/install/monitor/lib/python3.12/site-packages/monitor
[0.508s] copying /home/shaqiloheal/ros2_ws/build/monitor/build/lib/monitor/monitor.py -> /home/shaqiloheal/ros2_ws/install/monitor/lib/python3.12/site-packages/monitor
[0.508s] copying /home/shaqiloheal/ros2_ws/build/monitor/build/lib/monitor/monitor_temperature.py -> /home/shaqiloheal/ros2_ws/install/monitor/lib/python3.12/site-packages/monitor
[0.508s] copying /home/shaqiloheal/ros2_ws/build/monitor/build/lib/monitor/__init__.py -> /home/shaqiloheal/ros2_ws/install/monitor/lib/python3.12/site-packages/monitor
[0.509s] copying /home/shaqiloheal/ros2_ws/build/monitor/build/lib/monitor/monitor_bat.py -> /home/shaqiloheal/ros2_ws/install/monitor/lib/python3.12/site-packages/monitor
[0.509s] copying /home/shaqiloheal/ros2_ws/build/monitor/build/lib/monitor/monitor_battery.py -> /home/shaqiloheal/ros2_ws/install/monitor/lib/python3.12/site-packages/monitor
[0.509s] copying /home/shaqiloheal/ros2_ws/build/monitor/build/lib/monitor/monitor_0.py -> /home/shaqiloheal/ros2_ws/install/monitor/lib/python3.12/site-packages/monitor
[0.509s] copying /home/shaqiloheal/ros2_ws/build/monitor/build/lib/monitor/monitor_everything.py -> /home/shaqiloheal/ros2_ws/install/monitor/lib/python3.12/site-packages/monitor
[0.509s] byte-compiling /home/shaqiloheal/ros2_ws/install/monitor/lib/python3.12/site-packages/monitor/monitor_fibonacci.py to monitor_fibonacci.cpython-312.pyc
[0.510s] byte-compiling /home/shaqiloheal/ros2_ws/install/monitor/lib/python3.12/site-packages/monitor/monitor_action.py to monitor_action.cpython-312.pyc
[0.510s] byte-compiling /home/shaqiloheal/ros2_ws/install/monitor/lib/python3.12/site-packages/monitor/monitor_battery_status.py to monitor_battery_status.cpython-312.pyc
[0.512s] byte-compiling /home/shaqiloheal/ros2_ws/install/monitor/lib/python3.12/site-packages/monitor/monitor_services.py to monitor_services.cpython-312.pyc
[0.513s] byte-compiling /home/shaqiloheal/ros2_ws/install/monitor/lib/python3.12/site-packages/monitor/monitor_pubsub.py to monitor_pubsub.cpython-312.pyc
[0.513s] byte-compiling /home/shaqiloheal/ros2_ws/install/monitor/lib/python3.12/site-packages/monitor/monitor.py to monitor.cpython-312.pyc
[0.514s] byte-compiling /home/shaqiloheal/ros2_ws/install/monitor/lib/python3.12/site-packages/monitor/monitor_temperature.py to monitor_temperature.cpython-312.pyc
[0.514s] byte-compiling /home/shaqiloheal/ros2_ws/install/monitor/lib/python3.12/site-packages/monitor/__init__.py to __init__.cpython-312.pyc
[0.514s] byte-compiling /home/shaqiloheal/ros2_ws/install/monitor/lib/python3.12/site-packages/monitor/monitor_bat.py to monitor_bat.cpython-312.pyc
[0.515s] byte-compiling /home/shaqiloheal/ros2_ws/install/monitor/lib/python3.12/site-packages/monitor/monitor_battery.py to monitor_battery.cpython-312.pyc
[0.515s] byte-compiling /home/shaqiloheal/ros2_ws/install/monitor/lib/python3.12/site-packages/monitor/monitor_0.py to monitor_0.cpython-312.pyc
[0.516s] byte-compiling /home/shaqiloheal/ros2_ws/install/monitor/lib/python3.12/site-packages/monitor/monitor_everything.py to monitor_everything.cpython-312.pyc
[0.516s] running install_data
[0.516s] creating /home/shaqiloheal/ros2_ws/install/monitor/share/ament_index
[0.516s] creating /home/shaqiloheal/ros2_ws/install/monitor/share/ament_index/resource_index
[0.516s] creating /home/shaqiloheal/ros2_ws/install/monitor/share/ament_index/resource_index/packages
[0.516s] copying resource/monitor -> /home/shaqiloheal/ros2_ws/install/monitor/share/ament_index/resource_index/packages
[0.516s] copying package.xml -> /home/shaqiloheal/ros2_ws/install/monitor/share/monitor
[0.516s] running install_egg_info
[0.524s] Copying ../../build/monitor/monitor.egg-info to /home/shaqiloheal/ros2_ws/install/monitor/lib/python3.12/site-packages/monitor-0.0.0-py3.12.egg-info
[0.525s] running install_scripts
[0.580s] Installing monitor script to /home/shaqiloheal/ros2_ws/install/monitor/lib/monitor
[0.580s] Installing monitor_0 script to /home/shaqiloheal/ros2_ws/install/monitor/lib/monitor
[0.580s] Installing monitor_action script to /home/shaqiloheal/ros2_ws/install/monitor/lib/monitor
[0.580s] Installing monitor_bat script to /home/shaqiloheal/ros2_ws/install/monitor/lib/monitor
[0.580s] Installing monitor_battery script to /home/shaqiloheal/ros2_ws/install/monitor/lib/monitor
[0.581s] Installing monitor_battery_status script to /home/shaqiloheal/ros2_ws/install/monitor/lib/monitor
[0.581s] Installing monitor_everything script to /home/shaqiloheal/ros2_ws/install/monitor/lib/monitor
[0.581s] Installing monitor_fibonacci script to /home/shaqiloheal/ros2_ws/install/monitor/lib/monitor
[0.581s] Installing monitor_pubsub script to /home/shaqiloheal/ros2_ws/install/monitor/lib/monitor
[0.581s] Installing monitor_services script to /home/shaqiloheal/ros2_ws/install/monitor/lib/monitor
[0.581s] Installing monitor_temperature script to /home/shaqiloheal/ros2_ws/install/monitor/lib/monitor
[0.581s] writing list of installed files to '/home/shaqiloheal/ros2_ws/build/monitor/install.log'
[0.593s] Invoked command in '/home/shaqiloheal/ros2_ws/src/monitor' returned '0': DEBUGINFOD_URLS=https://debuginfod.ubuntu.com PS1=(ros2_env) \[\e]0;\u@\h: \w\a\]${debian_chroot:+($debian_chroot)}\[\033[01;32m\]\u@\h\[\033[00m\]:\[\033[01;34m\]\w\[\033[00m\]\$ PYTHONPATH=/home/shaqiloheal/ros2_ws/build/monitor/prefix_override:/usr/lib/python3/dist-packages/colcon_core/task/python/colcon_distutils_commands:/home/shaqiloheal/ros2_ws/install/monitor/lib/python3.12/site-packages:/home/shaqiloheal/ros2_ws/install/rosmonitoring_interfaces/lib/python3.12/site-packages:/home/shaqiloheal/ros2_ws/install/custom_action_interfaces/lib/python3.12/site-packages:/home/shaqiloheal/ros2_ws/install/temperature_sensor/lib/python3.12/site-packages:/home/shaqiloheal/ros2_ws/install/monitor/lib/python3.12/site-packages:/home/shaqiloheal/ros2_ws/install/py_srvcli/lib/python3.12/site-packages:/home/shaqiloheal/ros2_ws/install/py_pubsub/lib/python3.12/site-packages:/home/shaqiloheal/ros2_ws/install/fibonacci/lib/python3.12/site-packages:/opt/ros/jazzy/lib/python3.12/site-packages VIRTUAL_ENV_PROMPT=(ros2_env) /usr/bin/python3 -W ignore:setup.py install is deprecated -W ignore:easy_install command is deprecated setup.py egg_info --egg-base ../../build/monitor build --build-base /home/shaqiloheal/ros2_ws/build/monitor/build install --record /home/shaqiloheal/ros2_ws/build/monitor/install.log --single-version-externally-managed install_data
