[0.029s] Invoking command in '/home/shaqiloheal/ros2_ws/build/rosmonitoring_interfaces': CMAKE_PREFIX_PATH=${CMAKE_PREFIX_PATH}:/home/shaqiloheal/ros2_ws/install/temperature_sensor:/home/shaqiloheal/ros2_ws/install/monitor:/home/shaqiloheal/ros2_ws/install/py_srvcli:/home/shaqiloheal/ros2_ws/install/py_pubsub:/home/shaqiloheal/ros2_ws/install/my_turtlesim:/home/shaqiloheal/ros2_ws/install/fibonacci:/home/shaqiloheal/ros2_ws/install/battery_simulator:/home/shaqiloheal/ros2_ws/install/battery:/opt/ros/jazzy DEBUGINFOD_URLS=https://debuginfod.ubuntu.com PS1=(ros2_env) \[\e]0;\u@\h: \w\a\]${debian_chroot:+($debian_chroot)}\[\033[01;32m\]\u@\h\[\033[00m\]:\[\033[01;34m\]\w\[\033[00m\]\$ VIRTUAL_ENV_PROMPT=(ros2_env) /usr/bin/cmake --build /home/shaqiloheal/ros2_ws/build/rosmonitoring_interfaces -- -j16 -l16
[0.702s] [  2%] Built target rosmonitoring_interfaces__rosidl_generator_type_description
[0.702s] [  2%] Built target ament_cmake_python_copy_rosmonitoring_interfaces
[0.702s] [ 20%] Built target rosmonitoring_interfaces__cpp
[0.703s] [ 20%] Built target rosmonitoring_interfaces__rosidl_generator_c
[0.703s] [ 55%] Built target rosmonitoring_interfaces__rosidl_typesupport_c
[0.703s] [ 55%] Built target rosmonitoring_interfaces__rosidl_typesupport_fastrtps_c
[0.703s] [ 55%] Built target rosmonitoring_interfaces__rosidl_typesupport_introspection_cpp
[0.703s] [ 55%] Built target rosmonitoring_interfaces__rosidl_typesupport_introspection_c
[0.703s] [ 64%] Built target rosmonitoring_interfaces__rosidl_typesupport_fastrtps_cpp
[0.703s] [ 73%] Built target rosmonitoring_interfaces__rosidl_typesupport_cpp
[0.703s] [ 73%] Built target rosmonitoring_interfaces
[0.703s] [ 76%] Built target rosmonitoring_interfaces__py
[0.703s] [ 82%] Built target rosmonitoring_interfaces__rosidl_generator_py
[0.703s] [ 94%] Built target rosmonitoring_interfaces_s__rosidl_typesupport_c
[0.703s] [ 94%] Built target rosmonitoring_interfaces_s__rosidl_typesupport_introspection_c
[0.703s] [100%] Built target rosmonitoring_interfaces_s__rosidl_typesupport_fastrtps_c
[0.703s] running egg_info
[0.703s] writing rosmonitoring_interfaces.egg-info/PKG-INFO
[0.703s] writing dependency_links to rosmonitoring_interfaces.egg-info/dependency_links.txt
[0.703s] writing top-level names to rosmonitoring_interfaces.egg-info/top_level.txt
[0.703s] reading manifest file 'rosmonitoring_interfaces.egg-info/SOURCES.txt'
[0.703s] writing manifest file 'rosmonitoring_interfaces.egg-info/SOURCES.txt'
[0.703s] [100%] Built target ament_cmake_python_build_rosmonitoring_interfaces_egg
[0.812s] Invoked command in '/home/shaqiloheal/ros2_ws/build/rosmonitoring_interfaces' returned '0': CMAKE_PREFIX_PATH=${CMAKE_PREFIX_PATH}:/home/shaqiloheal/ros2_ws/install/temperature_sensor:/home/shaqiloheal/ros2_ws/install/monitor:/home/shaqiloheal/ros2_ws/install/py_srvcli:/home/shaqiloheal/ros2_ws/install/py_pubsub:/home/shaqiloheal/ros2_ws/install/my_turtlesim:/home/shaqiloheal/ros2_ws/install/fibonacci:/home/shaqiloheal/ros2_ws/install/battery_simulator:/home/shaqiloheal/ros2_ws/install/battery:/opt/ros/jazzy DEBUGINFOD_URLS=https://debuginfod.ubuntu.com PS1=(ros2_env) \[\e]0;\u@\h: \w\a\]${debian_chroot:+($debian_chroot)}\[\033[01;32m\]\u@\h\[\033[00m\]:\[\033[01;34m\]\w\[\033[00m\]\$ VIRTUAL_ENV_PROMPT=(ros2_env) /usr/bin/cmake --build /home/shaqiloheal/ros2_ws/build/rosmonitoring_interfaces -- -j16 -l16
[0.812s] Invoking command in '/home/shaqiloheal/ros2_ws/build/rosmonitoring_interfaces': CMAKE_PREFIX_PATH=${CMAKE_PREFIX_PATH}:/home/shaqiloheal/ros2_ws/install/temperature_sensor:/home/shaqiloheal/ros2_ws/install/monitor:/home/shaqiloheal/ros2_ws/install/py_srvcli:/home/shaqiloheal/ros2_ws/install/py_pubsub:/home/shaqiloheal/ros2_ws/install/my_turtlesim:/home/shaqiloheal/ros2_ws/install/fibonacci:/home/shaqiloheal/ros2_ws/install/battery_simulator:/home/shaqiloheal/ros2_ws/install/battery:/opt/ros/jazzy DEBUGINFOD_URLS=https://debuginfod.ubuntu.com PS1=(ros2_env) \[\e]0;\u@\h: \w\a\]${debian_chroot:+($debian_chroot)}\[\033[01;32m\]\u@\h\[\033[00m\]:\[\033[01;34m\]\w\[\033[00m\]\$ VIRTUAL_ENV_PROMPT=(ros2_env) /usr/bin/cmake --install /home/shaqiloheal/ros2_ws/build/rosmonitoring_interfaces
[0.822s] -- Install configuration: ""
[0.822s] -- Up-to-date: /home/shaqiloheal/ros2_ws/install/rosmonitoring_interfaces/share/ament_index/resource_index/rosidl_interfaces/rosmonitoring_interfaces
[0.822s] -- Up-to-date: /home/shaqiloheal/ros2_ws/install/rosmonitoring_interfaces/share/rosmonitoring_interfaces/msg/MonitorError.json
[0.822s] -- Up-to-date: /home/shaqiloheal/ros2_ws/install/rosmonitoring_interfaces/include/rosmonitoring_interfaces/rosmonitoring_interfaces
[0.822s] -- Up-to-date: /home/shaqiloheal/ros2_ws/install/rosmonitoring_interfaces/include/rosmonitoring_interfaces/rosmonitoring_interfaces/msg
[0.822s] -- Up-to-date: /home/shaqiloheal/ros2_ws/install/rosmonitoring_interfaces/include/rosmonitoring_interfaces/rosmonitoring_interfaces/msg/detail
[0.822s] -- Up-to-date: /home/shaqiloheal/ros2_ws/install/rosmonitoring_interfaces/include/rosmonitoring_interfaces/rosmonitoring_interfaces/msg/detail/monitor_error__description.c
[0.822s] -- Up-to-date: /home/shaqiloheal/ros2_ws/install/rosmonitoring_interfaces/include/rosmonitoring_interfaces/rosmonitoring_interfaces/msg/detail/monitor_error__type_support.c
[0.822s] -- Up-to-date: /home/shaqiloheal/ros2_ws/install/rosmonitoring_interfaces/include/rosmonitoring_interfaces/rosmonitoring_interfaces/msg/detail/monitor_error__struct.h
[0.822s] -- Up-to-date: /home/shaqiloheal/ros2_ws/install/rosmonitoring_interfaces/include/rosmonitoring_interfaces/rosmonitoring_interfaces/msg/detail/monitor_error__functions.h
[0.822s] -- Up-to-date: /home/shaqiloheal/ros2_ws/install/rosmonitoring_interfaces/include/rosmonitoring_interfaces/rosmonitoring_interfaces/msg/detail/monitor_error__type_support.h
[0.822s] -- Up-to-date: /home/shaqiloheal/ros2_ws/install/rosmonitoring_interfaces/include/rosmonitoring_interfaces/rosmonitoring_interfaces/msg/detail/monitor_error__functions.c
[0.822s] -- Up-to-date: /home/shaqiloheal/ros2_ws/install/rosmonitoring_interfaces/include/rosmonitoring_interfaces/rosmonitoring_interfaces/msg/rosidl_generator_c__visibility_control.h
[0.822s] -- Up-to-date: /home/shaqiloheal/ros2_ws/install/rosmonitoring_interfaces/include/rosmonitoring_interfaces/rosmonitoring_interfaces/msg/monitor_error.h
[0.822s] -- Up-to-date: /home/shaqiloheal/ros2_ws/install/rosmonitoring_interfaces/share/rosmonitoring_interfaces/environment/library_path.sh
[0.822s] -- Up-to-date: /home/shaqiloheal/ros2_ws/install/rosmonitoring_interfaces/share/rosmonitoring_interfaces/environment/library_path.dsv
[0.822s] -- Up-to-date: /home/shaqiloheal/ros2_ws/install/rosmonitoring_interfaces/lib/librosmonitoring_interfaces__rosidl_generator_c.so
[0.823s] -- Up-to-date: /home/shaqiloheal/ros2_ws/install/rosmonitoring_interfaces/include/rosmonitoring_interfaces/rosmonitoring_interfaces
[0.823s] -- Up-to-date: /home/shaqiloheal/ros2_ws/install/rosmonitoring_interfaces/include/rosmonitoring_interfaces/rosmonitoring_interfaces/msg
[0.823s] -- Up-to-date: /home/shaqiloheal/ros2_ws/install/rosmonitoring_interfaces/include/rosmonitoring_interfaces/rosmonitoring_interfaces/msg/rosidl_typesupport_fastrtps_c__visibility_control.h
[0.823s] -- Up-to-date: /home/shaqiloheal/ros2_ws/install/rosmonitoring_interfaces/include/rosmonitoring_interfaces/rosmonitoring_interfaces/msg/detail
[0.823s] -- Up-to-date: /home/shaqiloheal/ros2_ws/install/rosmonitoring_interfaces/include/rosmonitoring_interfaces/rosmonitoring_interfaces/msg/detail/monitor_error__rosidl_typesupport_fastrtps_c.h
[0.823s] -- Up-to-date: /home/shaqiloheal/ros2_ws/install/rosmonitoring_interfaces/lib/librosmonitoring_interfaces__rosidl_typesupport_fastrtps_c.so
[0.823s] -- Up-to-date: /home/shaqiloheal/ros2_ws/install/rosmonitoring_interfaces/include/rosmonitoring_interfaces/rosmonitoring_interfaces
[0.823s] -- Up-to-date: /home/shaqiloheal/ros2_ws/install/rosmonitoring_interfaces/include/rosmonitoring_interfaces/rosmonitoring_interfaces/msg
[0.823s] -- Up-to-date: /home/shaqiloheal/ros2_ws/install/rosmonitoring_interfaces/include/rosmonitoring_interfaces/rosmonitoring_interfaces/msg/detail
[0.823s] -- Up-to-date: /home/shaqiloheal/ros2_ws/install/rosmonitoring_interfaces/include/rosmonitoring_interfaces/rosmonitoring_interfaces/msg/detail/monitor_error__type_support.c
[0.823s] -- Up-to-date: /home/shaqiloheal/ros2_ws/install/rosmonitoring_interfaces/include/rosmonitoring_interfaces/rosmonitoring_interfaces/msg/detail/monitor_error__rosidl_typesupport_introspection_c.h
[0.823s] -- Up-to-date: /home/shaqiloheal/ros2_ws/install/rosmonitoring_interfaces/include/rosmonitoring_interfaces/rosmonitoring_interfaces/msg/rosidl_typesupport_introspection_c__visibility_control.h
[0.823s] -- Up-to-date: /home/shaqiloheal/ros2_ws/install/rosmonitoring_interfaces/lib/librosmonitoring_interfaces__rosidl_typesupport_introspection_c.so
[0.823s] -- Up-to-date: /home/shaqiloheal/ros2_ws/install/rosmonitoring_interfaces/lib/librosmonitoring_interfaces__rosidl_typesupport_c.so
[0.823s] -- Up-to-date: /home/shaqiloheal/ros2_ws/install/rosmonitoring_interfaces/include/rosmonitoring_interfaces/rosmonitoring_interfaces
[0.823s] -- Up-to-date: /home/shaqiloheal/ros2_ws/install/rosmonitoring_interfaces/include/rosmonitoring_interfaces/rosmonitoring_interfaces/msg
[0.823s] -- Up-to-date: /home/shaqiloheal/ros2_ws/install/rosmonitoring_interfaces/include/rosmonitoring_interfaces/rosmonitoring_interfaces/msg/rosidl_generator_cpp__visibility_control.hpp
[0.823s] -- Up-to-date: /home/shaqiloheal/ros2_ws/install/rosmonitoring_interfaces/include/rosmonitoring_interfaces/rosmonitoring_interfaces/msg/detail
[0.824s] -- Up-to-date: /home/shaqiloheal/ros2_ws/install/rosmonitoring_interfaces/include/rosmonitoring_interfaces/rosmonitoring_interfaces/msg/detail/monitor_error__builder.hpp
[0.824s] -- Up-to-date: /home/shaqiloheal/ros2_ws/install/rosmonitoring_interfaces/include/rosmonitoring_interfaces/rosmonitoring_interfaces/msg/detail/monitor_error__type_support.hpp
[0.824s] -- Up-to-date: /home/shaqiloheal/ros2_ws/install/rosmonitoring_interfaces/include/rosmonitoring_interfaces/rosmonitoring_interfaces/msg/detail/monitor_error__traits.hpp
[0.824s] -- Up-to-date: /home/shaqiloheal/ros2_ws/install/rosmonitoring_interfaces/include/rosmonitoring_interfaces/rosmonitoring_interfaces/msg/detail/monitor_error__struct.hpp
[0.824s] -- Up-to-date: /home/shaqiloheal/ros2_ws/install/rosmonitoring_interfaces/include/rosmonitoring_interfaces/rosmonitoring_interfaces/msg/monitor_error.hpp
[0.824s] -- Up-to-date: /home/shaqiloheal/ros2_ws/install/rosmonitoring_interfaces/include/rosmonitoring_interfaces/rosmonitoring_interfaces
[0.824s] -- Up-to-date: /home/shaqiloheal/ros2_ws/install/rosmonitoring_interfaces/include/rosmonitoring_interfaces/rosmonitoring_interfaces/msg
[0.824s] -- Up-to-date: /home/shaqiloheal/ros2_ws/install/rosmonitoring_interfaces/include/rosmonitoring_interfaces/rosmonitoring_interfaces/msg/detail
[0.824s] -- Up-to-date: /home/shaqiloheal/ros2_ws/install/rosmonitoring_interfaces/include/rosmonitoring_interfaces/rosmonitoring_interfaces/msg/detail/monitor_error__rosidl_typesupport_fastrtps_cpp.hpp
[0.824s] -- Up-to-date: /home/shaqiloheal/ros2_ws/install/rosmonitoring_interfaces/include/rosmonitoring_interfaces/rosmonitoring_interfaces/msg/detail/dds_fastrtps
[0.824s] -- Up-to-date: /home/shaqiloheal/ros2_ws/install/rosmonitoring_interfaces/include/rosmonitoring_interfaces/rosmonitoring_interfaces/msg/rosidl_typesupport_fastrtps_cpp__visibility_control.h
[0.824s] -- Up-to-date: /home/shaqiloheal/ros2_ws/install/rosmonitoring_interfaces/lib/librosmonitoring_interfaces__rosidl_typesupport_fastrtps_cpp.so
[0.824s] -- Up-to-date: /home/shaqiloheal/ros2_ws/install/rosmonitoring_interfaces/include/rosmonitoring_interfaces/rosmonitoring_interfaces
[0.824s] -- Up-to-date: /home/shaqiloheal/ros2_ws/install/rosmonitoring_interfaces/include/rosmonitoring_interfaces/rosmonitoring_interfaces/msg
[0.824s] -- Up-to-date: /home/shaqiloheal/ros2_ws/install/rosmonitoring_interfaces/include/rosmonitoring_interfaces/rosmonitoring_interfaces/msg/detail
[0.825s] -- Up-to-date: /home/shaqiloheal/ros2_ws/install/rosmonitoring_interfaces/include/rosmonitoring_interfaces/rosmonitoring_interfaces/msg/detail/monitor_error__rosidl_typesupport_introspection_cpp.hpp
[0.825s] -- Up-to-date: /home/shaqiloheal/ros2_ws/install/rosmonitoring_interfaces/include/rosmonitoring_interfaces/rosmonitoring_interfaces/msg/detail/monitor_error__type_support.cpp
[0.825s] -- Up-to-date: /home/shaqiloheal/ros2_ws/install/rosmonitoring_interfaces/lib/librosmonitoring_interfaces__rosidl_typesupport_introspection_cpp.so
[0.825s] -- Up-to-date: /home/shaqiloheal/ros2_ws/install/rosmonitoring_interfaces/lib/librosmonitoring_interfaces__rosidl_typesupport_cpp.so
[0.825s] -- Up-to-date: /home/shaqiloheal/ros2_ws/install/rosmonitoring_interfaces/share/rosmonitoring_interfaces/environment/pythonpath.sh
[0.825s] -- Up-to-date: /home/shaqiloheal/ros2_ws/install/rosmonitoring_interfaces/share/rosmonitoring_interfaces/environment/pythonpath.dsv
[0.825s] -- Up-to-date: /home/shaqiloheal/ros2_ws/install/rosmonitoring_interfaces/lib/python3.12/site-packages/rosmonitoring_interfaces-0.0.0-py3.12.egg-info
[0.825s] -- Installing: /home/shaqiloheal/ros2_ws/install/rosmonitoring_interfaces/lib/python3.12/site-packages/rosmonitoring_interfaces-0.0.0-py3.12.egg-info/top_level.txt
[0.825s] -- Installing: /home/shaqiloheal/ros2_ws/install/rosmonitoring_interfaces/lib/python3.12/site-packages/rosmonitoring_interfaces-0.0.0-py3.12.egg-info/PKG-INFO
[0.825s] -- Installing: /home/shaqiloheal/ros2_ws/install/rosmonitoring_interfaces/lib/python3.12/site-packages/rosmonitoring_interfaces-0.0.0-py3.12.egg-info/SOURCES.txt
[0.825s] -- Installing: /home/shaqiloheal/ros2_ws/install/rosmonitoring_interfaces/lib/python3.12/site-packages/rosmonitoring_interfaces-0.0.0-py3.12.egg-info/dependency_links.txt
[0.825s] -- Up-to-date: /home/shaqiloheal/ros2_ws/install/rosmonitoring_interfaces/lib/python3.12/site-packages/rosmonitoring_interfaces
[0.825s] -- Up-to-date: /home/shaqiloheal/ros2_ws/install/rosmonitoring_interfaces/lib/python3.12/site-packages/rosmonitoring_interfaces/msg
[0.825s] -- Up-to-date: /home/shaqiloheal/ros2_ws/install/rosmonitoring_interfaces/lib/python3.12/site-packages/rosmonitoring_interfaces/msg/_monitor_error_s.c
[0.825s] -- Up-to-date: /home/shaqiloheal/ros2_ws/install/rosmonitoring_interfaces/lib/python3.12/site-packages/rosmonitoring_interfaces/msg/__init__.py
[0.825s] -- Up-to-date: /home/shaqiloheal/ros2_ws/install/rosmonitoring_interfaces/lib/python3.12/site-packages/rosmonitoring_interfaces/msg/_monitor_error.py
[0.825s] -- Up-to-date: /home/shaqiloheal/ros2_ws/install/rosmonitoring_interfaces/lib/python3.12/site-packages/rosmonitoring_interfaces/rosmonitoring_interfaces_s__rosidl_typesupport_fastrtps_c.so
[0.825s] -- Up-to-date: /home/shaqiloheal/ros2_ws/install/rosmonitoring_interfaces/lib/python3.12/site-packages/rosmonitoring_interfaces/_rosmonitoring_interfaces_s.ep.rosidl_typesupport_c.c
[0.825s] -- Up-to-date: /home/shaqiloheal/ros2_ws/install/rosmonitoring_interfaces/lib/python3.12/site-packages/rosmonitoring_interfaces/__init__.py
[0.826s] -- Up-to-date: /home/shaqiloheal/ros2_ws/install/rosmonitoring_interfaces/lib/python3.12/site-packages/rosmonitoring_interfaces/_rosmonitoring_interfaces_s.ep.rosidl_typesupport_introspection_c.c
[0.826s] -- Up-to-date: /home/shaqiloheal/ros2_ws/install/rosmonitoring_interfaces/lib/python3.12/site-packages/rosmonitoring_interfaces/rosmonitoring_interfaces_s__rosidl_typesupport_introspection_c.so
[0.826s] -- Up-to-date: /home/shaqiloheal/ros2_ws/install/rosmonitoring_interfaces/lib/python3.12/site-packages/rosmonitoring_interfaces/_rosmonitoring_interfaces_s.ep.rosidl_typesupport_fastrtps_c.c
[0.826s] -- Up-to-date: /home/shaqiloheal/ros2_ws/install/rosmonitoring_interfaces/lib/python3.12/site-packages/rosmonitoring_interfaces/rosmonitoring_interfaces_s__rosidl_typesupport_c.so
[0.843s] Listing '/home/shaqiloheal/ros2_ws/install/rosmonitoring_interfaces/lib/python3.12/site-packages/rosmonitoring_interfaces'...
[0.843s] Listing '/home/shaqiloheal/ros2_ws/install/rosmonitoring_interfaces/lib/python3.12/site-packages/rosmonitoring_interfaces/msg'...
[0.847s] -- Up-to-date: /home/shaqiloheal/ros2_ws/install/rosmonitoring_interfaces/lib/python3.12/site-packages/rosmonitoring_interfaces/rosmonitoring_interfaces_s__rosidl_typesupport_fastrtps_c.so
[0.847s] -- Up-to-date: /home/shaqiloheal/ros2_ws/install/rosmonitoring_interfaces/lib/python3.12/site-packages/rosmonitoring_interfaces/rosmonitoring_interfaces_s__rosidl_typesupport_introspection_c.so
[0.847s] -- Up-to-date: /home/shaqiloheal/ros2_ws/install/rosmonitoring_interfaces/lib/python3.12/site-packages/rosmonitoring_interfaces/rosmonitoring_interfaces_s__rosidl_typesupport_c.so
[0.847s] -- Up-to-date: /home/shaqiloheal/ros2_ws/install/rosmonitoring_interfaces/lib/librosmonitoring_interfaces__rosidl_generator_py.so
[0.847s] -- Up-to-date: /home/shaqiloheal/ros2_ws/install/rosmonitoring_interfaces/share/rosmonitoring_interfaces/msg/MonitorError.idl
[0.847s] -- Up-to-date: /home/shaqiloheal/ros2_ws/install/rosmonitoring_interfaces/share/rosmonitoring_interfaces/msg/MonitorError.msg
[0.847s] -- Up-to-date: /home/shaqiloheal/ros2_ws/install/rosmonitoring_interfaces/share/ament_index/resource_index/package_run_dependencies/rosmonitoring_interfaces
[0.847s] -- Up-to-date: /home/shaqiloheal/ros2_ws/install/rosmonitoring_interfaces/share/ament_index/resource_index/parent_prefix_path/rosmonitoring_interfaces
[0.848s] -- Up-to-date: /home/shaqiloheal/ros2_ws/install/rosmonitoring_interfaces/share/rosmonitoring_interfaces/environment/ament_prefix_path.sh
[0.848s] -- Up-to-date: /home/shaqiloheal/ros2_ws/install/rosmonitoring_interfaces/share/rosmonitoring_interfaces/environment/ament_prefix_path.dsv
[0.848s] -- Up-to-date: /home/shaqiloheal/ros2_ws/install/rosmonitoring_interfaces/share/rosmonitoring_interfaces/environment/path.sh
[0.848s] -- Up-to-date: /home/shaqiloheal/ros2_ws/install/rosmonitoring_interfaces/share/rosmonitoring_interfaces/environment/path.dsv
[0.848s] -- Up-to-date: /home/shaqiloheal/ros2_ws/install/rosmonitoring_interfaces/share/rosmonitoring_interfaces/local_setup.bash
[0.848s] -- Up-to-date: /home/shaqiloheal/ros2_ws/install/rosmonitoring_interfaces/share/rosmonitoring_interfaces/local_setup.sh
[0.848s] -- Up-to-date: /home/shaqiloheal/ros2_ws/install/rosmonitoring_interfaces/share/rosmonitoring_interfaces/local_setup.zsh
[0.848s] -- Up-to-date: /home/shaqiloheal/ros2_ws/install/rosmonitoring_interfaces/share/rosmonitoring_interfaces/local_setup.dsv
[0.848s] -- Installing: /home/shaqiloheal/ros2_ws/install/rosmonitoring_interfaces/share/rosmonitoring_interfaces/package.dsv
[0.848s] -- Up-to-date: /home/shaqiloheal/ros2_ws/install/rosmonitoring_interfaces/share/ament_index/resource_index/packages/rosmonitoring_interfaces
[0.848s] -- Up-to-date: /home/shaqiloheal/ros2_ws/install/rosmonitoring_interfaces/share/rosmonitoring_interfaces/cmake/export_rosmonitoring_interfaces__rosidl_generator_cExport.cmake
[0.848s] -- Up-to-date: /home/shaqiloheal/ros2_ws/install/rosmonitoring_interfaces/share/rosmonitoring_interfaces/cmake/export_rosmonitoring_interfaces__rosidl_generator_cExport-noconfig.cmake
[0.848s] -- Up-to-date: /home/shaqiloheal/ros2_ws/install/rosmonitoring_interfaces/share/rosmonitoring_interfaces/cmake/export_rosmonitoring_interfaces__rosidl_typesupport_fastrtps_cExport.cmake
[0.848s] -- Up-to-date: /home/shaqiloheal/ros2_ws/install/rosmonitoring_interfaces/share/rosmonitoring_interfaces/cmake/export_rosmonitoring_interfaces__rosidl_typesupport_fastrtps_cExport-noconfig.cmake
[0.848s] -- Up-to-date: /home/shaqiloheal/ros2_ws/install/rosmonitoring_interfaces/share/rosmonitoring_interfaces/cmake/rosmonitoring_interfaces__rosidl_typesupport_introspection_cExport.cmake
[0.848s] -- Up-to-date: /home/shaqiloheal/ros2_ws/install/rosmonitoring_interfaces/share/rosmonitoring_interfaces/cmake/rosmonitoring_interfaces__rosidl_typesupport_introspection_cExport-noconfig.cmake
[0.849s] -- Up-to-date: /home/shaqiloheal/ros2_ws/install/rosmonitoring_interfaces/share/rosmonitoring_interfaces/cmake/rosmonitoring_interfaces__rosidl_typesupport_cExport.cmake
[0.849s] -- Up-to-date: /home/shaqiloheal/ros2_ws/install/rosmonitoring_interfaces/share/rosmonitoring_interfaces/cmake/rosmonitoring_interfaces__rosidl_typesupport_cExport-noconfig.cmake
[0.849s] -- Up-to-date: /home/shaqiloheal/ros2_ws/install/rosmonitoring_interfaces/share/rosmonitoring_interfaces/cmake/export_rosmonitoring_interfaces__rosidl_generator_cppExport.cmake
[0.849s] -- Up-to-date: /home/shaqiloheal/ros2_ws/install/rosmonitoring_interfaces/share/rosmonitoring_interfaces/cmake/export_rosmonitoring_interfaces__rosidl_typesupport_fastrtps_cppExport.cmake
[0.849s] -- Up-to-date: /home/shaqiloheal/ros2_ws/install/rosmonitoring_interfaces/share/rosmonitoring_interfaces/cmake/export_rosmonitoring_interfaces__rosidl_typesupport_fastrtps_cppExport-noconfig.cmake
[0.849s] -- Up-to-date: /home/shaqiloheal/ros2_ws/install/rosmonitoring_interfaces/share/rosmonitoring_interfaces/cmake/rosmonitoring_interfaces__rosidl_typesupport_introspection_cppExport.cmake
[0.849s] -- Up-to-date: /home/shaqiloheal/ros2_ws/install/rosmonitoring_interfaces/share/rosmonitoring_interfaces/cmake/rosmonitoring_interfaces__rosidl_typesupport_introspection_cppExport-noconfig.cmake
[0.849s] -- Up-to-date: /home/shaqiloheal/ros2_ws/install/rosmonitoring_interfaces/share/rosmonitoring_interfaces/cmake/rosmonitoring_interfaces__rosidl_typesupport_cppExport.cmake
[0.849s] -- Up-to-date: /home/shaqiloheal/ros2_ws/install/rosmonitoring_interfaces/share/rosmonitoring_interfaces/cmake/rosmonitoring_interfaces__rosidl_typesupport_cppExport-noconfig.cmake
[0.849s] -- Up-to-date: /home/shaqiloheal/ros2_ws/install/rosmonitoring_interfaces/share/rosmonitoring_interfaces/cmake/export_rosmonitoring_interfaces__rosidl_generator_pyExport.cmake
[0.849s] -- Up-to-date: /home/shaqiloheal/ros2_ws/install/rosmonitoring_interfaces/share/rosmonitoring_interfaces/cmake/export_rosmonitoring_interfaces__rosidl_generator_pyExport-noconfig.cmake
[0.849s] -- Up-to-date: /home/shaqiloheal/ros2_ws/install/rosmonitoring_interfaces/share/rosmonitoring_interfaces/cmake/rosidl_cmake-extras.cmake
[0.849s] -- Up-to-date: /home/shaqiloheal/ros2_ws/install/rosmonitoring_interfaces/share/rosmonitoring_interfaces/cmake/ament_cmake_export_include_directories-extras.cmake
[0.849s] -- Up-to-date: /home/shaqiloheal/ros2_ws/install/rosmonitoring_interfaces/share/rosmonitoring_interfaces/cmake/ament_cmake_export_libraries-extras.cmake
[0.849s] -- Up-to-date: /home/shaqiloheal/ros2_ws/install/rosmonitoring_interfaces/share/rosmonitoring_interfaces/cmake/ament_cmake_export_targets-extras.cmake
[0.849s] -- Up-to-date: /home/shaqiloheal/ros2_ws/install/rosmonitoring_interfaces/share/rosmonitoring_interfaces/cmake/rosidl_cmake_export_typesupport_targets-extras.cmake
[0.849s] -- Up-to-date: /home/shaqiloheal/ros2_ws/install/rosmonitoring_interfaces/share/rosmonitoring_interfaces/cmake/ament_cmake_export_dependencies-extras.cmake
[0.849s] -- Up-to-date: /home/shaqiloheal/ros2_ws/install/rosmonitoring_interfaces/share/rosmonitoring_interfaces/cmake/rosidl_cmake_export_typesupport_libraries-extras.cmake
[0.849s] -- Up-to-date: /home/shaqiloheal/ros2_ws/install/rosmonitoring_interfaces/share/rosmonitoring_interfaces/cmake/rosmonitoring_interfacesConfig.cmake
[0.849s] -- Up-to-date: /home/shaqiloheal/ros2_ws/install/rosmonitoring_interfaces/share/rosmonitoring_interfaces/cmake/rosmonitoring_interfacesConfig-version.cmake
[0.849s] -- Up-to-date: /home/shaqiloheal/ros2_ws/install/rosmonitoring_interfaces/share/rosmonitoring_interfaces/package.xml
[0.859s] Invoked command in '/home/shaqiloheal/ros2_ws/build/rosmonitoring_interfaces' returned '0': CMAKE_PREFIX_PATH=${CMAKE_PREFIX_PATH}:/home/shaqiloheal/ros2_ws/install/temperature_sensor:/home/shaqiloheal/ros2_ws/install/monitor:/home/shaqiloheal/ros2_ws/install/py_srvcli:/home/shaqiloheal/ros2_ws/install/py_pubsub:/home/shaqiloheal/ros2_ws/install/my_turtlesim:/home/shaqiloheal/ros2_ws/install/fibonacci:/home/shaqiloheal/ros2_ws/install/battery_simulator:/home/shaqiloheal/ros2_ws/install/battery:/opt/ros/jazzy DEBUGINFOD_URLS=https://debuginfod.ubuntu.com PS1=(ros2_env) \[\e]0;\u@\h: \w\a\]${debian_chroot:+($debian_chroot)}\[\033[01;32m\]\u@\h\[\033[00m\]:\[\033[01;34m\]\w\[\033[00m\]\$ VIRTUAL_ENV_PROMPT=(ros2_env) /usr/bin/cmake --install /home/shaqiloheal/ros2_ws/build/rosmonitoring_interfaces
