running egg_info
writing ../../build/monitor/monitor.egg-info/PKG-INFO
writing dependency_links to ../../build/monitor/monitor.egg-info/dependency_links.txt
writing entry points to ../../build/monitor/monitor.egg-info/entry_points.txt
writing requirements to ../../build/monitor/monitor.egg-info/requires.txt
writing top-level names to ../../build/monitor/monitor.egg-info/top_level.txt
reading manifest file '../../build/monitor/monitor.egg-info/SOURCES.txt'
writing manifest file '../../build/monitor/monitor.egg-info/SOURCES.txt'
running build
running build_py
running install
running install_lib
running install_data
running install_egg_info
removing '/home/shaqiloheal/ros2_ws/install/monitor/lib/python3.12/site-packages/monitor-0.0.0-py3.12.egg-info' (and everything under it)
Copying ../../build/monitor/monitor.egg-info to /home/shaqiloheal/ros2_ws/install/monitor/lib/python3.12/site-packages/monitor-0.0.0-py3.12.egg-info
running install_scripts
Installing battery_node_monitor script to /home/shaqiloheal/ros2_ws/install/monitor/lib/monitor
Installing monitor_0 script to /home/shaqiloheal/ros2_ws/install/monitor/lib/monitor
Installing monitor_action script to /home/shaqiloheal/ros2_ws/install/monitor/lib/monitor
Installing monitor_bat script to /home/shaqiloheal/ros2_ws/install/monitor/lib/monitor
Installing monitor_battery script to /home/shaqiloheal/ros2_ws/install/monitor/lib/monitor
Installing monitor_battery_status script to /home/shaqiloheal/ros2_ws/install/monitor/lib/monitor
Installing monitor_everything script to /home/shaqiloheal/ros2_ws/install/monitor/lib/monitor
Installing monitor_fibonacci script to /home/shaqiloheal/ros2_ws/install/monitor/lib/monitor
Installing monitor_pubsub script to /home/shaqiloheal/ros2_ws/install/monitor/lib/monitor
Installing monitor_services script to /home/shaqiloheal/ros2_ws/install/monitor/lib/monitor
Installing monitor_temperature script to /home/shaqiloheal/ros2_ws/install/monitor/lib/monitor
writing list of installed files to '/home/shaqiloheal/ros2_ws/build/monitor/install.log'
