[0.390s] Invoking command in '/home/shaqiloheal/ros2_ws/src/monitor': DEBUGINFOD_URLS=https://debuginfod.ubuntu.com PS1=(ros2_env) \[\e]0;\u@\h: \w\a\]${debian_chroot:+($debian_chroot)}\[\033[01;32m\]\u@\h\[\033[00m\]:\[\033[01;34m\]\w\[\033[00m\]\$ PYTHONPATH=/home/shaqiloheal/ros2_ws/build/monitor/prefix_override:/usr/lib/python3/dist-packages/colcon_core/task/python/colcon_distutils_commands:/home/shaqiloheal/ros2_ws/install/monitor/lib/python3.12/site-packages:/home/shaqiloheal/ros2_ws/install/rosmonitoring_interfaces/lib/python3.12/site-packages:/home/shaqiloheal/ros2_ws/install/custom_action_interfaces/lib/python3.12/site-packages:/home/shaqiloheal/ros2_ws/install/temperature_sensor/lib/python3.12/site-packages:/home/shaqiloheal/ros2_ws/install/monitor/lib/python3.12/site-packages:/home/shaqiloheal/ros2_ws/install/py_srvcli/lib/python3.12/site-packages:/home/shaqiloheal/ros2_ws/install/py_pubsub/lib/python3.12/site-packages:/home/shaqiloheal/ros2_ws/install/fibonacci/lib/python3.12/site-packages:/home/shaqiloheal/ros2_ws/install/battery_simulator/lib/python3.12/site-packages:/home/shaqiloheal/ros2_ws/install/battery/lib/python3.12/site-packages:/opt/ros/jazzy/lib/python3.12/site-packages VIRTUAL_ENV_PROMPT=(ros2_env) /usr/bin/python3 -W ignore:setup.py install is deprecated -W ignore:easy_install command is deprecated setup.py egg_info --egg-base ../../build/monitor build --build-base /home/shaqiloheal/ros2_ws/build/monitor/build install --record /home/shaqiloheal/ros2_ws/build/monitor/install.log --single-version-externally-managed install_data
[0.516s] running egg_info
[0.524s] writing ../../build/monitor/monitor.egg-info/PKG-INFO
[0.524s] writing dependency_links to ../../build/monitor/monitor.egg-info/dependency_links.txt
[0.524s] writing entry points to ../../build/monitor/monitor.egg-info/entry_points.txt
[0.524s] writing requirements to ../../build/monitor/monitor.egg-info/requires.txt
[0.524s] writing top-level names to ../../build/monitor/monitor.egg-info/top_level.txt
[0.540s] reading manifest file '../../build/monitor/monitor.egg-info/SOURCES.txt'
[0.540s] writing manifest file '../../build/monitor/monitor.egg-info/SOURCES.txt'
[0.541s] running build
[0.541s] running build_py
[0.541s] running install
[0.544s] running install_lib
[0.552s] running install_data
[0.552s] running install_egg_info
[0.561s] removing '/home/shaqiloheal/ros2_ws/install/monitor/lib/python3.12/site-packages/monitor-0.0.0-py3.12.egg-info' (and everything under it)
[0.561s] Copying ../../build/monitor/monitor.egg-info to /home/shaqiloheal/ros2_ws/install/monitor/lib/python3.12/site-packages/monitor-0.0.0-py3.12.egg-info
[0.561s] running install_scripts
[0.619s] Installing battery_node_monitor script to /home/shaqiloheal/ros2_ws/install/monitor/lib/monitor
[0.619s] Installing monitor_0 script to /home/shaqiloheal/ros2_ws/install/monitor/lib/monitor
[0.619s] Installing monitor_action script to /home/shaqiloheal/ros2_ws/install/monitor/lib/monitor
[0.619s] Installing monitor_bat script to /home/shaqiloheal/ros2_ws/install/monitor/lib/monitor
[0.619s] Installing monitor_battery script to /home/shaqiloheal/ros2_ws/install/monitor/lib/monitor
[0.619s] Installing monitor_battery_status script to /home/shaqiloheal/ros2_ws/install/monitor/lib/monitor
[0.619s] Installing monitor_everything script to /home/shaqiloheal/ros2_ws/install/monitor/lib/monitor
[0.619s] Installing monitor_fibonacci script to /home/shaqiloheal/ros2_ws/install/monitor/lib/monitor
[0.619s] Installing monitor_pubsub script to /home/shaqiloheal/ros2_ws/install/monitor/lib/monitor
[0.619s] Installing monitor_services script to /home/shaqiloheal/ros2_ws/install/monitor/lib/monitor
[0.619s] Installing monitor_temperature script to /home/shaqiloheal/ros2_ws/install/monitor/lib/monitor
[0.619s] writing list of installed files to '/home/shaqiloheal/ros2_ws/build/monitor/install.log'
[0.634s] Invoked command in '/home/shaqiloheal/ros2_ws/src/monitor' returned '0': DEBUGINFOD_URLS=https://debuginfod.ubuntu.com PS1=(ros2_env) \[\e]0;\u@\h: \w\a\]${debian_chroot:+($debian_chroot)}\[\033[01;32m\]\u@\h\[\033[00m\]:\[\033[01;34m\]\w\[\033[00m\]\$ PYTHONPATH=/home/shaqiloheal/ros2_ws/build/monitor/prefix_override:/usr/lib/python3/dist-packages/colcon_core/task/python/colcon_distutils_commands:/home/shaqiloheal/ros2_ws/install/monitor/lib/python3.12/site-packages:/home/shaqiloheal/ros2_ws/install/rosmonitoring_interfaces/lib/python3.12/site-packages:/home/shaqiloheal/ros2_ws/install/custom_action_interfaces/lib/python3.12/site-packages:/home/shaqiloheal/ros2_ws/install/temperature_sensor/lib/python3.12/site-packages:/home/shaqiloheal/ros2_ws/install/monitor/lib/python3.12/site-packages:/home/shaqiloheal/ros2_ws/install/py_srvcli/lib/python3.12/site-packages:/home/shaqiloheal/ros2_ws/install/py_pubsub/lib/python3.12/site-packages:/home/shaqiloheal/ros2_ws/install/fibonacci/lib/python3.12/site-packages:/home/shaqiloheal/ros2_ws/install/battery_simulator/lib/python3.12/site-packages:/home/shaqiloheal/ros2_ws/install/battery/lib/python3.12/site-packages:/opt/ros/jazzy/lib/python3.12/site-packages VIRTUAL_ENV_PROMPT=(ros2_env) /usr/bin/python3 -W ignore:setup.py install is deprecated -W ignore:easy_install command is deprecated setup.py egg_info --egg-base ../../build/monitor build --build-base /home/shaqiloheal/ros2_ws/build/monitor/build install --record /home/shaqiloheal/ros2_ws/build/monitor/install.log --single-version-externally-managed install_data
