[1.095s] Invoking command in '/home/shaqiloheal/ros2_ws/Backup Packages/temperature_sensor': DEBUGINFOD_URLS=https://debuginfod.ubuntu.com PS1=(ros2_env) \[\e]0;\u@\h: \w\a\]${debian_chroot:+($debian_chroot)}\[\033[01;32m\]\u@\h\[\033[00m\]:\[\033[01;34m\]\w\[\033[00m\]\$ PYTHONPATH=/home/shaqiloheal/ros2_ws/build/temperature_sensor/prefix_override:/usr/lib/python3/dist-packages/colcon_core/task/python/colcon_distutils_commands:/home/shaqiloheal/ros2_ws/install/temperature_sensor/lib/python3.12/site-packages:${PYTHONPATH} VIRTUAL_ENV_PROMPT=(ros2_env) /usr/bin/python3 -W ignore:setup.py install is deprecated -W ignore:easy_install command is deprecated setup.py egg_info --egg-base ../../build/temperature_sensor build --build-base /home/shaqiloheal/ros2_ws/build/temperature_sensor/build install --record /home/shaqiloheal/ros2_ws/build/temperature_sensor/install.log --single-version-externally-managed install_data
[1.219s] running egg_info
[1.228s] writing ../../build/temperature_sensor/temperature_sensor.egg-info/PKG-INFO
[1.228s] writing dependency_links to ../../build/temperature_sensor/temperature_sensor.egg-info/dependency_links.txt
[1.228s] writing entry points to ../../build/temperature_sensor/temperature_sensor.egg-info/entry_points.txt
[1.228s] writing requirements to ../../build/temperature_sensor/temperature_sensor.egg-info/requires.txt
[1.228s] writing top-level names to ../../build/temperature_sensor/temperature_sensor.egg-info/top_level.txt
[1.245s] reading manifest file '../../build/temperature_sensor/temperature_sensor.egg-info/SOURCES.txt'
[1.245s] adding license file 'LICENSE'
[1.245s] writing manifest file '../../build/temperature_sensor/temperature_sensor.egg-info/SOURCES.txt'
[1.245s] running build
[1.245s] running build_py
[1.246s] running install
[1.249s] running install_lib
[1.258s] running install_data
[1.258s] running install_egg_info
[1.267s] removing '/home/shaqiloheal/ros2_ws/install/temperature_sensor/lib/python3.12/site-packages/temperature_sensor-0.0.0-py3.12.egg-info' (and everything under it)
[1.267s] Copying ../../build/temperature_sensor/temperature_sensor.egg-info to /home/shaqiloheal/ros2_ws/install/temperature_sensor/lib/python3.12/site-packages/temperature_sensor-0.0.0-py3.12.egg-info
[1.267s] running install_scripts
[1.330s] Installing temperature_publisher script to /home/shaqiloheal/ros2_ws/install/temperature_sensor/lib/temperature_sensor
[1.330s] Installing temperature_subscriber script to /home/shaqiloheal/ros2_ws/install/temperature_sensor/lib/temperature_sensor
[1.330s] writing list of installed files to '/home/shaqiloheal/ros2_ws/build/temperature_sensor/install.log'
[1.356s] Invoked command in '/home/shaqiloheal/ros2_ws/Backup Packages/temperature_sensor' returned '0': DEBUGINFOD_URLS=https://debuginfod.ubuntu.com PS1=(ros2_env) \[\e]0;\u@\h: \w\a\]${debian_chroot:+($debian_chroot)}\[\033[01;32m\]\u@\h\[\033[00m\]:\[\033[01;34m\]\w\[\033[00m\]\$ PYTHONPATH=/home/shaqiloheal/ros2_ws/build/temperature_sensor/prefix_override:/usr/lib/python3/dist-packages/colcon_core/task/python/colcon_distutils_commands:/home/shaqiloheal/ros2_ws/install/temperature_sensor/lib/python3.12/site-packages:${PYTHONPATH} VIRTUAL_ENV_PROMPT=(ros2_env) /usr/bin/python3 -W ignore:setup.py install is deprecated -W ignore:easy_install command is deprecated setup.py egg_info --egg-base ../../build/temperature_sensor build --build-base /home/shaqiloheal/ros2_ws/build/temperature_sensor/build install --record /home/shaqiloheal/ros2_ws/build/temperature_sensor/install.log --single-version-externally-managed install_data
