[0.820s] Invoking command in '/home/shaqiloheal/ros2_ws/src/py_srvcli': DEBUGINFOD_URLS=https://debuginfod.ubuntu.com PS1=(ros2_env) \[\e]0;\u@\h: \w\a\]${debian_chroot:+($debian_chroot)}\[\033[01;32m\]\u@\h\[\033[00m\]:\[\033[01;34m\]\w\[\033[00m\]\$ PYTHONPATH=/home/shaqiloheal/ros2_ws/build/py_srvcli/prefix_override:/usr/lib/python3/dist-packages/colcon_core/task/python/colcon_distutils_commands:/home/shaqiloheal/ros2_ws/install/py_srvcli/lib/python3.12/site-packages:${PYTHONPATH} VIRTUAL_ENV_PROMPT=(ros2_env) /usr/bin/python3 -W ignore:setup.py install is deprecated -W ignore:easy_install command is deprecated setup.py egg_info --egg-base ../../build/py_srvcli build --build-base /home/shaqiloheal/ros2_ws/build/py_srvcli/build install --record /home/shaqiloheal/ros2_ws/build/py_srvcli/install.log --single-version-externally-managed install_data
[0.940s] running egg_info
[0.940s] creating ../../build/py_srvcli/py_srvcli.egg-info
[0.948s] writing ../../build/py_srvcli/py_srvcli.egg-info/PKG-INFO
[0.948s] writing dependency_links to ../../build/py_srvcli/py_srvcli.egg-info/dependency_links.txt
[0.948s] writing entry points to ../../build/py_srvcli/py_srvcli.egg-info/entry_points.txt
[0.948s] writing requirements to ../../build/py_srvcli/py_srvcli.egg-info/requires.txt
[0.948s] writing top-level names to ../../build/py_srvcli/py_srvcli.egg-info/top_level.txt
[0.948s] writing manifest file '../../build/py_srvcli/py_srvcli.egg-info/SOURCES.txt'
[0.964s] reading manifest file '../../build/py_srvcli/py_srvcli.egg-info/SOURCES.txt'
[0.964s] adding license file 'LICENSE'
[0.964s] writing manifest file '../../build/py_srvcli/py_srvcli.egg-info/SOURCES.txt'
[0.964s] running build
[0.964s] running build_py
[0.964s] creating /home/shaqiloheal/ros2_ws/build/py_srvcli/build
[0.964s] creating /home/shaqiloheal/ros2_ws/build/py_srvcli/build/lib
[0.964s] creating /home/shaqiloheal/ros2_ws/build/py_srvcli/build/lib/py_srvcli
[0.964s] copying py_srvcli/client_member_function.py -> /home/shaqiloheal/ros2_ws/build/py_srvcli/build/lib/py_srvcli
[0.964s] copying py_srvcli/__init__.py -> /home/shaqiloheal/ros2_ws/build/py_srvcli/build/lib/py_srvcli
[0.964s] copying py_srvcli/service_member_function.py -> /home/shaqiloheal/ros2_ws/build/py_srvcli/build/lib/py_srvcli
[0.965s] running install
[0.968s] running install_lib
[0.976s] creating /home/shaqiloheal/ros2_ws/install/py_srvcli/lib/python3.12/site-packages/py_srvcli
[0.976s] copying /home/shaqiloheal/ros2_ws/build/py_srvcli/build/lib/py_srvcli/client_member_function.py -> /home/shaqiloheal/ros2_ws/install/py_srvcli/lib/python3.12/site-packages/py_srvcli
[0.976s] copying /home/shaqiloheal/ros2_ws/build/py_srvcli/build/lib/py_srvcli/__init__.py -> /home/shaqiloheal/ros2_ws/install/py_srvcli/lib/python3.12/site-packages/py_srvcli
[0.976s] copying /home/shaqiloheal/ros2_ws/build/py_srvcli/build/lib/py_srvcli/service_member_function.py -> /home/shaqiloheal/ros2_ws/install/py_srvcli/lib/python3.12/site-packages/py_srvcli
[0.976s] byte-compiling /home/shaqiloheal/ros2_ws/install/py_srvcli/lib/python3.12/site-packages/py_srvcli/client_member_function.py to client_member_function.cpython-312.pyc
[0.977s] byte-compiling /home/shaqiloheal/ros2_ws/install/py_srvcli/lib/python3.12/site-packages/py_srvcli/__init__.py to __init__.cpython-312.pyc
[0.977s] byte-compiling /home/shaqiloheal/ros2_ws/install/py_srvcli/lib/python3.12/site-packages/py_srvcli/service_member_function.py to service_member_function.cpython-312.pyc
[0.977s] running install_data
[0.977s] creating /home/shaqiloheal/ros2_ws/install/py_srvcli/share/ament_index
[0.977s] creating /home/shaqiloheal/ros2_ws/install/py_srvcli/share/ament_index/resource_index
[0.977s] creating /home/shaqiloheal/ros2_ws/install/py_srvcli/share/ament_index/resource_index/packages
[0.978s] copying resource/py_srvcli -> /home/shaqiloheal/ros2_ws/install/py_srvcli/share/ament_index/resource_index/packages
[0.978s] copying package.xml -> /home/shaqiloheal/ros2_ws/install/py_srvcli/share/py_srvcli
[0.978s] running install_egg_info
[0.986s] Copying ../../build/py_srvcli/py_srvcli.egg-info to /home/shaqiloheal/ros2_ws/install/py_srvcli/lib/python3.12/site-packages/py_srvcli-0.0.0-py3.12.egg-info
[0.986s] running install_scripts
[1.047s] Installing client script to /home/shaqiloheal/ros2_ws/install/py_srvcli/lib/py_srvcli
[1.047s] Installing service script to /home/shaqiloheal/ros2_ws/install/py_srvcli/lib/py_srvcli
[1.047s] writing list of installed files to '/home/shaqiloheal/ros2_ws/build/py_srvcli/install.log'
[1.073s] Invoked command in '/home/shaqiloheal/ros2_ws/src/py_srvcli' returned '0': DEBUGINFOD_URLS=https://debuginfod.ubuntu.com PS1=(ros2_env) \[\e]0;\u@\h: \w\a\]${debian_chroot:+($debian_chroot)}\[\033[01;32m\]\u@\h\[\033[00m\]:\[\033[01;34m\]\w\[\033[00m\]\$ PYTHONPATH=/home/shaqiloheal/ros2_ws/build/py_srvcli/prefix_override:/usr/lib/python3/dist-packages/colcon_core/task/python/colcon_distutils_commands:/home/shaqiloheal/ros2_ws/install/py_srvcli/lib/python3.12/site-packages:${PYTHONPATH} VIRTUAL_ENV_PROMPT=(ros2_env) /usr/bin/python3 -W ignore:setup.py install is deprecated -W ignore:easy_install command is deprecated setup.py egg_info --egg-base ../../build/py_srvcli build --build-base /home/shaqiloheal/ros2_ws/build/py_srvcli/build install --record /home/shaqiloheal/ros2_ws/build/py_srvcli/install.log --single-version-externally-managed install_data
