running egg_info
creating ../../build/my_turtlesim/my_turtlesim.egg-info
writing ../../build/my_turtlesim/my_turtlesim.egg-info/PKG-INFO
writing dependency_links to ../../build/my_turtlesim/my_turtlesim.egg-info/dependency_links.txt
writing requirements to ../../build/my_turtlesim/my_turtlesim.egg-info/requires.txt
writing top-level names to ../../build/my_turtlesim/my_turtlesim.egg-info/top_level.txt
writing manifest file '../../build/my_turtlesim/my_turtlesim.egg-info/SOURCES.txt'
reading manifest file '../../build/my_turtlesim/my_turtlesim.egg-info/SOURCES.txt'
adding license file 'LICENSE'
writing manifest file '../../build/my_turtlesim/my_turtlesim.egg-info/SOURCES.txt'
running build
running build_py
creating /home/shaqiloheal/ros2_ws/build/my_turtlesim/build
creating /home/shaqiloheal/ros2_ws/build/my_turtlesim/build/lib
creating /home/shaqiloheal/ros2_ws/build/my_turtlesim/build/lib/my_turtlesim
copying my_turtlesim/__init__.py -> /home/shaqiloheal/ros2_ws/build/my_turtlesim/build/lib/my_turtlesim
running install
running install_lib
creating /home/shaqiloheal/ros2_ws/install/my_turtlesim/lib/python3.12/site-packages/my_turtlesim
copying /home/shaqiloheal/ros2_ws/build/my_turtlesim/build/lib/my_turtlesim/__init__.py -> /home/shaqiloheal/ros2_ws/install/my_turtlesim/lib/python3.12/site-packages/my_turtlesim
byte-compiling /home/shaqiloheal/ros2_ws/install/my_turtlesim/lib/python3.12/site-packages/my_turtlesim/__init__.py to __init__.cpython-312.pyc
running install_data
creating /home/shaqiloheal/ros2_ws/install/my_turtlesim/share/ament_index
creating /home/shaqiloheal/ros2_ws/install/my_turtlesim/share/ament_index/resource_index
creating /home/shaqiloheal/ros2_ws/install/my_turtlesim/share/ament_index/resource_index/packages
copying resource/my_turtlesim -> /home/shaqiloheal/ros2_ws/install/my_turtlesim/share/ament_index/resource_index/packages
copying package.xml -> /home/shaqiloheal/ros2_ws/install/my_turtlesim/share/my_turtlesim
running install_egg_info
Copying ../../build/my_turtlesim/my_turtlesim.egg-info to /home/shaqiloheal/ros2_ws/install/my_turtlesim/lib/python3.12/site-packages/my_turtlesim-0.0.0-py3.12.egg-info
running install_scripts
writing list of installed files to '/home/shaqiloheal/ros2_ws/build/my_turtlesim/install.log'
