[1.157s] Invoking command in '/home/shaqiloheal/ros2_ws/src/my_turtlesim': DEBUGINFOD_URLS=https://debuginfod.ubuntu.com PS1=(ros2_env) \[\e]0;\u@\h: \w\a\]${debian_chroot:+($debian_chroot)}\[\033[01;32m\]\u@\h\[\033[00m\]:\[\033[01;34m\]\w\[\033[00m\]\$ PYTHONPATH=/home/shaqiloheal/ros2_ws/build/my_turtlesim/prefix_override:/usr/lib/python3/dist-packages/colcon_core/task/python/colcon_distutils_commands:/home/shaqiloheal/ros2_ws/install/my_turtlesim/lib/python3.12/site-packages:${PYTHONPATH} VIRTUAL_ENV_PROMPT=(ros2_env) /usr/bin/python3 -W ignore:setup.py install is deprecated -W ignore:easy_install command is deprecated setup.py egg_info --egg-base ../../build/my_turtlesim build --build-base /home/shaqiloheal/ros2_ws/build/my_turtlesim/build install --record /home/shaqiloheal/ros2_ws/build/my_turtlesim/install.log --single-version-externally-managed install_data
[1.274s] running egg_info
[1.274s] creating ../../build/my_turtlesim/my_turtlesim.egg-info
[1.282s] writing ../../build/my_turtlesim/my_turtlesim.egg-info/PKG-INFO
[1.282s] writing dependency_links to ../../build/my_turtlesim/my_turtlesim.egg-info/dependency_links.txt
[1.282s] writing requirements to ../../build/my_turtlesim/my_turtlesim.egg-info/requires.txt
[1.282s] writing top-level names to ../../build/my_turtlesim/my_turtlesim.egg-info/top_level.txt
[1.282s] writing manifest file '../../build/my_turtlesim/my_turtlesim.egg-info/SOURCES.txt'
[1.297s] reading manifest file '../../build/my_turtlesim/my_turtlesim.egg-info/SOURCES.txt'
[1.298s] adding license file 'LICENSE'
[1.298s] writing manifest file '../../build/my_turtlesim/my_turtlesim.egg-info/SOURCES.txt'
[1.298s] running build
[1.298s] running build_py
[1.298s] creating /home/shaqiloheal/ros2_ws/build/my_turtlesim/build
[1.298s] creating /home/shaqiloheal/ros2_ws/build/my_turtlesim/build/lib
[1.298s] creating /home/shaqiloheal/ros2_ws/build/my_turtlesim/build/lib/my_turtlesim
[1.298s] copying my_turtlesim/__init__.py -> /home/shaqiloheal/ros2_ws/build/my_turtlesim/build/lib/my_turtlesim
[1.298s] running install
[1.301s] running install_lib
[1.309s] creating /home/shaqiloheal/ros2_ws/install/my_turtlesim/lib/python3.12/site-packages/my_turtlesim
[1.309s] copying /home/shaqiloheal/ros2_ws/build/my_turtlesim/build/lib/my_turtlesim/__init__.py -> /home/shaqiloheal/ros2_ws/install/my_turtlesim/lib/python3.12/site-packages/my_turtlesim
[1.309s] byte-compiling /home/shaqiloheal/ros2_ws/install/my_turtlesim/lib/python3.12/site-packages/my_turtlesim/__init__.py to __init__.cpython-312.pyc
[1.309s] running install_data
[1.309s] creating /home/shaqiloheal/ros2_ws/install/my_turtlesim/share/ament_index
[1.309s] creating /home/shaqiloheal/ros2_ws/install/my_turtlesim/share/ament_index/resource_index
[1.310s] creating /home/shaqiloheal/ros2_ws/install/my_turtlesim/share/ament_index/resource_index/packages
[1.310s] copying resource/my_turtlesim -> /home/shaqiloheal/ros2_ws/install/my_turtlesim/share/ament_index/resource_index/packages
[1.310s] copying package.xml -> /home/shaqiloheal/ros2_ws/install/my_turtlesim/share/my_turtlesim
[1.310s] running install_egg_info
[1.318s] Copying ../../build/my_turtlesim/my_turtlesim.egg-info to /home/shaqiloheal/ros2_ws/install/my_turtlesim/lib/python3.12/site-packages/my_turtlesim-0.0.0-py3.12.egg-info
[1.318s] running install_scripts
[1.376s] writing list of installed files to '/home/shaqiloheal/ros2_ws/build/my_turtlesim/install.log'
[1.410s] Invoked command in '/home/shaqiloheal/ros2_ws/src/my_turtlesim' returned '0': DEBUGINFOD_URLS=https://debuginfod.ubuntu.com PS1=(ros2_env) \[\e]0;\u@\h: \w\a\]${debian_chroot:+($debian_chroot)}\[\033[01;32m\]\u@\h\[\033[00m\]:\[\033[01;34m\]\w\[\033[00m\]\$ PYTHONPATH=/home/shaqiloheal/ros2_ws/build/my_turtlesim/prefix_override:/usr/lib/python3/dist-packages/colcon_core/task/python/colcon_distutils_commands:/home/shaqiloheal/ros2_ws/install/my_turtlesim/lib/python3.12/site-packages:${PYTHONPATH} VIRTUAL_ENV_PROMPT=(ros2_env) /usr/bin/python3 -W ignore:setup.py install is deprecated -W ignore:easy_install command is deprecated setup.py egg_info --egg-base ../../build/my_turtlesim build --build-base /home/shaqiloheal/ros2_ws/build/my_turtlesim/build install --record /home/shaqiloheal/ros2_ws/build/my_turtlesim/install.log --single-version-externally-managed install_data
