running egg_info
writing ../../build/temperature_sensor/temperature_sensor.egg-info/PKG-INFO
writing dependency_links to ../../build/temperature_sensor/temperature_sensor.egg-info/dependency_links.txt
writing entry points to ../../build/temperature_sensor/temperature_sensor.egg-info/entry_points.txt
writing requirements to ../../build/temperature_sensor/temperature_sensor.egg-info/requires.txt
writing top-level names to ../../build/temperature_sensor/temperature_sensor.egg-info/top_level.txt
reading manifest file '../../build/temperature_sensor/temperature_sensor.egg-info/SOURCES.txt'
adding license file 'LICENSE'
writing manifest file '../../build/temperature_sensor/temperature_sensor.egg-info/SOURCES.txt'
running build
running build_py
running install
running install_lib
running install_data
running install_egg_info
removing '/home/shaqiloheal/ros2_ws/install/temperature_sensor/lib/python3.12/site-packages/temperature_sensor-0.0.0-py3.12.egg-info' (and everything under it)
Copying ../../build/temperature_sensor/temperature_sensor.egg-info to /home/shaqiloheal/ros2_ws/install/temperature_sensor/lib/python3.12/site-packages/temperature_sensor-0.0.0-py3.12.egg-info
running install_scripts
Installing temperature_publisher script to /home/shaqiloheal/ros2_ws/install/temperature_sensor/lib/temperature_sensor
Installing temperature_subscriber script to /home/shaqiloheal/ros2_ws/install/temperature_sensor/lib/temperature_sensor
writing list of installed files to '/home/shaqiloheal/ros2_ws/build/temperature_sensor/install.log'
