[0.877s] Invoking command in '/home/shaqiloheal/ros2_ws/src/py_pubsub': DEBUGINFOD_URLS=https://debuginfod.ubuntu.com PS1=(ros2_env) \[\e]0;\u@\h: \w\a\]${debian_chroot:+($debian_chroot)}\[\033[01;32m\]\u@\h\[\033[00m\]:\[\033[01;34m\]\w\[\033[00m\]\$ PYTHONPATH=/home/shaqiloheal/ros2_ws/build/py_pubsub/prefix_override:/usr/lib/python3/dist-packages/colcon_core/task/python/colcon_distutils_commands:/home/shaqiloheal/ros2_ws/install/py_pubsub/lib/python3.12/site-packages:${PYTHONPATH} VIRTUAL_ENV_PROMPT=(ros2_env) /usr/bin/python3 -W ignore:setup.py install is deprecated -W ignore:easy_install command is deprecated setup.py egg_info --egg-base ../../build/py_pubsub build --build-base /home/shaqiloheal/ros2_ws/build/py_pubsub/build install --record /home/shaqiloheal/ros2_ws/build/py_pubsub/install.log --single-version-externally-managed install_data
[0.997s] running egg_info
[1.005s] writing ../../build/py_pubsub/py_pubsub.egg-info/PKG-INFO
[1.005s] writing dependency_links to ../../build/py_pubsub/py_pubsub.egg-info/dependency_links.txt
[1.005s] writing entry points to ../../build/py_pubsub/py_pubsub.egg-info/entry_points.txt
[1.005s] writing requirements to ../../build/py_pubsub/py_pubsub.egg-info/requires.txt
[1.005s] writing top-level names to ../../build/py_pubsub/py_pubsub.egg-info/top_level.txt
[1.021s] reading manifest file '../../build/py_pubsub/py_pubsub.egg-info/SOURCES.txt'
[1.021s] adding license file 'LICENSE'
[1.022s] writing manifest file '../../build/py_pubsub/py_pubsub.egg-info/SOURCES.txt'
[1.022s] running build
[1.022s] running build_py
[1.022s] running install
[1.026s] running install_lib
[1.033s] running install_data
[1.034s] running install_egg_info
[1.042s] removing '/home/shaqiloheal/ros2_ws/install/py_pubsub/lib/python3.12/site-packages/py_pubsub-0.0.0-py3.12.egg-info' (and everything under it)
[1.042s] Copying ../../build/py_pubsub/py_pubsub.egg-info to /home/shaqiloheal/ros2_ws/install/py_pubsub/lib/python3.12/site-packages/py_pubsub-0.0.0-py3.12.egg-info
[1.043s] running install_scripts
[1.102s] Installing listener script to /home/shaqiloheal/ros2_ws/install/py_pubsub/lib/py_pubsub
[1.102s] Installing talker script to /home/shaqiloheal/ros2_ws/install/py_pubsub/lib/py_pubsub
[1.103s] writing list of installed files to '/home/shaqiloheal/ros2_ws/build/py_pubsub/install.log'
[1.127s] Invoked command in '/home/shaqiloheal/ros2_ws/src/py_pubsub' returned '0': DEBUGINFOD_URLS=https://debuginfod.ubuntu.com PS1=(ros2_env) \[\e]0;\u@\h: \w\a\]${debian_chroot:+($debian_chroot)}\[\033[01;32m\]\u@\h\[\033[00m\]:\[\033[01;34m\]\w\[\033[00m\]\$ PYTHONPATH=/home/shaqiloheal/ros2_ws/build/py_pubsub/prefix_override:/usr/lib/python3/dist-packages/colcon_core/task/python/colcon_distutils_commands:/home/shaqiloheal/ros2_ws/install/py_pubsub/lib/python3.12/site-packages:${PYTHONPATH} VIRTUAL_ENV_PROMPT=(ros2_env) /usr/bin/python3 -W ignore:setup.py install is deprecated -W ignore:easy_install command is deprecated setup.py egg_info --egg-base ../../build/py_pubsub build --build-base /home/shaqiloheal/ros2_ws/build/py_pubsub/build install --record /home/shaqiloheal/ros2_ws/build/py_pubsub/install.log --single-version-externally-managed install_data
