[0.966s] Invoking command in '/home/shaqiloheal/ros2_ws/src/py_srvcli': DEBUGINFOD_URLS=https://debuginfod.ubuntu.com PS1=(ros2_env) \[\e]0;\u@\h: \w\a\]${debian_chroot:+($debian_chroot)}\[\033[01;32m\]\u@\h\[\033[00m\]:\[\033[01;34m\]\w\[\033[00m\]\$ PYTHONPATH=/home/shaqiloheal/ros2_ws/build/py_srvcli/prefix_override:/usr/lib/python3/dist-packages/colcon_core/task/python/colcon_distutils_commands:/home/shaqiloheal/ros2_ws/install/py_srvcli/lib/python3.12/site-packages:${PYTHONPATH} VIRTUAL_ENV_PROMPT=(ros2_env) /usr/bin/python3 -W ignore:setup.py install is deprecated -W ignore:easy_install command is deprecated setup.py egg_info --egg-base ../../build/py_srvcli build --build-base /home/shaqiloheal/ros2_ws/build/py_srvcli/build install --record /home/shaqiloheal/ros2_ws/build/py_srvcli/install.log --single-version-externally-managed install_data
[1.088s] running egg_info
[1.088s] creating ../../build/py_srvcli/py_srvcli.egg-info
[1.095s] writing ../../build/py_srvcli/py_srvcli.egg-info/PKG-INFO
[1.095s] writing dependency_links to ../../build/py_srvcli/py_srvcli.egg-info/dependency_links.txt
[1.095s] writing entry points to ../../build/py_srvcli/py_srvcli.egg-info/entry_points.txt
[1.096s] writing requirements to ../../build/py_srvcli/py_srvcli.egg-info/requires.txt
[1.096s] writing top-level names to ../../build/py_srvcli/py_srvcli.egg-info/top_level.txt
[1.096s] writing manifest file '../../build/py_srvcli/py_srvcli.egg-info/SOURCES.txt'
[1.111s] reading manifest file '../../build/py_srvcli/py_srvcli.egg-info/SOURCES.txt'
[1.111s] adding license file 'LICENSE'
[1.112s] writing manifest file '../../build/py_srvcli/py_srvcli.egg-info/SOURCES.txt'
[1.112s] running build
[1.112s] running build_py
[1.112s] creating /home/shaqiloheal/ros2_ws/build/py_srvcli/build
[1.112s] creating /home/shaqiloheal/ros2_ws/build/py_srvcli/build/lib
[1.112s] creating /home/shaqiloheal/ros2_ws/build/py_srvcli/build/lib/py_srvcli
[1.112s] copying py_srvcli/client_member_function.py -> /home/shaqiloheal/ros2_ws/build/py_srvcli/build/lib/py_srvcli
[1.112s] copying py_srvcli/__init__.py -> /home/shaqiloheal/ros2_ws/build/py_srvcli/build/lib/py_srvcli
[1.112s] copying py_srvcli/service_member_function.py -> /home/shaqiloheal/ros2_ws/build/py_srvcli/build/lib/py_srvcli
[1.112s] running install
[1.115s] running install_lib
[1.123s] creating /home/shaqiloheal/ros2_ws/install/py_srvcli/lib/python3.12/site-packages/py_srvcli
[1.123s] copying /home/shaqiloheal/ros2_ws/build/py_srvcli/build/lib/py_srvcli/client_member_function.py -> /home/shaqiloheal/ros2_ws/install/py_srvcli/lib/python3.12/site-packages/py_srvcli
[1.123s] copying /home/shaqiloheal/ros2_ws/build/py_srvcli/build/lib/py_srvcli/__init__.py -> /home/shaqiloheal/ros2_ws/install/py_srvcli/lib/python3.12/site-packages/py_srvcli
[1.123s] copying /home/shaqiloheal/ros2_ws/build/py_srvcli/build/lib/py_srvcli/service_member_function.py -> /home/shaqiloheal/ros2_ws/install/py_srvcli/lib/python3.12/site-packages/py_srvcli
[1.124s] byte-compiling /home/shaqiloheal/ros2_ws/install/py_srvcli/lib/python3.12/site-packages/py_srvcli/client_member_function.py to client_member_function.cpython-312.pyc
[1.124s] byte-compiling /home/shaqiloheal/ros2_ws/install/py_srvcli/lib/python3.12/site-packages/py_srvcli/__init__.py to __init__.cpython-312.pyc
[1.124s] byte-compiling /home/shaqiloheal/ros2_ws/install/py_srvcli/lib/python3.12/site-packages/py_srvcli/service_member_function.py to service_member_function.cpython-312.pyc
[1.124s] running install_data
[1.124s] creating /home/shaqiloheal/ros2_ws/install/py_srvcli/share/ament_index
[1.124s] creating /home/shaqiloheal/ros2_ws/install/py_srvcli/share/ament_index/resource_index
[1.125s] creating /home/shaqiloheal/ros2_ws/install/py_srvcli/share/ament_index/resource_index/packages
[1.125s] copying resource/py_srvcli -> /home/shaqiloheal/ros2_ws/install/py_srvcli/share/ament_index/resource_index/packages
[1.125s] copying package.xml -> /home/shaqiloheal/ros2_ws/install/py_srvcli/share/py_srvcli
[1.125s] running install_egg_info
[1.133s] Copying ../../build/py_srvcli/py_srvcli.egg-info to /home/shaqiloheal/ros2_ws/install/py_srvcli/lib/python3.12/site-packages/py_srvcli-0.0.0-py3.12.egg-info
[1.134s] running install_scripts
[1.196s] Installing client script to /home/shaqiloheal/ros2_ws/install/py_srvcli/lib/py_srvcli
[1.196s] Installing service script to /home/shaqiloheal/ros2_ws/install/py_srvcli/lib/py_srvcli
[1.196s] writing list of installed files to '/home/shaqiloheal/ros2_ws/build/py_srvcli/install.log'
[1.225s] Invoked command in '/home/shaqiloheal/ros2_ws/src/py_srvcli' returned '0': DEBUGINFOD_URLS=https://debuginfod.ubuntu.com PS1=(ros2_env) \[\e]0;\u@\h: \w\a\]${debian_chroot:+($debian_chroot)}\[\033[01;32m\]\u@\h\[\033[00m\]:\[\033[01;34m\]\w\[\033[00m\]\$ PYTHONPATH=/home/shaqiloheal/ros2_ws/build/py_srvcli/prefix_override:/usr/lib/python3/dist-packages/colcon_core/task/python/colcon_distutils_commands:/home/shaqiloheal/ros2_ws/install/py_srvcli/lib/python3.12/site-packages:${PYTHONPATH} VIRTUAL_ENV_PROMPT=(ros2_env) /usr/bin/python3 -W ignore:setup.py install is deprecated -W ignore:easy_install command is deprecated setup.py egg_info --egg-base ../../build/py_srvcli build --build-base /home/shaqiloheal/ros2_ws/build/py_srvcli/build install --record /home/shaqiloheal/ros2_ws/build/py_srvcli/install.log --single-version-externally-managed install_data
