[1.109s] Invoking command in '/home/shaqiloheal/ros2_ws/src/my_turtlesim': DEBUGINFOD_URLS=https://debuginfod.ubuntu.com PS1=(ros2_env) \[\e]0;\u@\h: \w\a\]${debian_chroot:+($debian_chroot)}\[\033[01;32m\]\u@\h\[\033[00m\]:\[\033[01;34m\]\w\[\033[00m\]\$ PYTHONPATH=/home/shaqiloheal/ros2_ws/build/my_turtlesim/prefix_override:/usr/lib/python3/dist-packages/colcon_core/task/python/colcon_distutils_commands:/home/shaqiloheal/ros2_ws/install/my_turtlesim/lib/python3.12/site-packages:${PYTHONPATH} VIRTUAL_ENV_PROMPT=(ros2_env) /usr/bin/python3 -W ignore:setup.py install is deprecated -W ignore:easy_install command is deprecated setup.py egg_info --egg-base ../../build/my_turtlesim build --build-base /home/shaqiloheal/ros2_ws/build/my_turtlesim/build install --record /home/shaqiloheal/ros2_ws/build/my_turtlesim/install.log --single-version-externally-managed install_data
[1.235s] running egg_info
[1.243s] writing ../../build/my_turtlesim/my_turtlesim.egg-info/PKG-INFO
[1.243s] writing dependency_links to ../../build/my_turtlesim/my_turtlesim.egg-info/dependency_links.txt
[1.243s] writing requirements to ../../build/my_turtlesim/my_turtlesim.egg-info/requires.txt
[1.243s] writing top-level names to ../../build/my_turtlesim/my_turtlesim.egg-info/top_level.txt
[1.260s] reading manifest file '../../build/my_turtlesim/my_turtlesim.egg-info/SOURCES.txt'
[1.260s] adding license file 'LICENSE'
[1.260s] writing manifest file '../../build/my_turtlesim/my_turtlesim.egg-info/SOURCES.txt'
[1.260s] running build
[1.260s] running build_py
[1.260s] running install
[1.264s] running install_lib
[1.272s] running install_data
[1.272s] running install_egg_info
[1.281s] removing '/home/shaqiloheal/ros2_ws/install/my_turtlesim/lib/python3.12/site-packages/my_turtlesim-0.0.0-py3.12.egg-info' (and everything under it)
[1.281s] Copying ../../build/my_turtlesim/my_turtlesim.egg-info to /home/shaqiloheal/ros2_ws/install/my_turtlesim/lib/python3.12/site-packages/my_turtlesim-0.0.0-py3.12.egg-info
[1.281s] running install_scripts
[1.343s] writing list of installed files to '/home/shaqiloheal/ros2_ws/build/my_turtlesim/install.log'
[1.369s] Invoked command in '/home/shaqiloheal/ros2_ws/src/my_turtlesim' returned '0': DEBUGINFOD_URLS=https://debuginfod.ubuntu.com PS1=(ros2_env) \[\e]0;\u@\h: \w\a\]${debian_chroot:+($debian_chroot)}\[\033[01;32m\]\u@\h\[\033[00m\]:\[\033[01;34m\]\w\[\033[00m\]\$ PYTHONPATH=/home/shaqiloheal/ros2_ws/build/my_turtlesim/prefix_override:/usr/lib/python3/dist-packages/colcon_core/task/python/colcon_distutils_commands:/home/shaqiloheal/ros2_ws/install/my_turtlesim/lib/python3.12/site-packages:${PYTHONPATH} VIRTUAL_ENV_PROMPT=(ros2_env) /usr/bin/python3 -W ignore:setup.py install is deprecated -W ignore:easy_install command is deprecated setup.py egg_info --egg-base ../../build/my_turtlesim build --build-base /home/shaqiloheal/ros2_ws/build/my_turtlesim/build install --record /home/shaqiloheal/ros2_ws/build/my_turtlesim/install.log --single-version-externally-managed install_data
