running egg_info
writing ../../build/battery_simulator/battery_simulator.egg-info/PKG-INFO
writing dependency_links to ../../build/battery_simulator/battery_simulator.egg-info/dependency_links.txt
writing entry points to ../../build/battery_simulator/battery_simulator.egg-info/entry_points.txt
writing requirements to ../../build/battery_simulator/battery_simulator.egg-info/requires.txt
writing top-level names to ../../build/battery_simulator/battery_simulator.egg-info/top_level.txt
reading manifest file '../../build/battery_simulator/battery_simulator.egg-info/SOURCES.txt'
writing manifest file '../../build/battery_simulator/battery_simulator.egg-info/SOURCES.txt'
running build
running build_py
running install
running install_lib
running install_data
running install_egg_info
removing '/home/shaqiloheal/ros2_ws/install/battery_simulator/lib/python3.12/site-packages/battery_simulator-0.0.0-py3.12.egg-info' (and everything under it)
Copying ../../build/battery_simulator/battery_simulator.egg-info to /home/shaqiloheal/ros2_ws/install/battery_simulator/lib/python3.12/site-packages/battery_simulator-0.0.0-py3.12.egg-info
running install_scripts
Installing battery_charge_server script to /home/shaqiloheal/ros2_ws/install/battery_simulator/lib/battery_simulator
Installing battery_cmd_vel_filter script to /home/shaqiloheal/ros2_ws/install/battery_simulator/lib/battery_simulator
Installing battery_node script to /home/shaqiloheal/ros2_ws/install/battery_simulator/lib/battery_simulator
writing list of installed files to '/home/shaqiloheal/ros2_ws/build/battery_simulator/install.log'
