running egg_info
writing ../../build/my_turtlesim/my_turtlesim.egg-info/PKG-INFO
writing dependency_links to ../../build/my_turtlesim/my_turtlesim.egg-info/dependency_links.txt
writing requirements to ../../build/my_turtlesim/my_turtlesim.egg-info/requires.txt
writing top-level names to ../../build/my_turtlesim/my_turtlesim.egg-info/top_level.txt
reading manifest file '../../build/my_turtlesim/my_turtlesim.egg-info/SOURCES.txt'
adding license file 'LICENSE'
writing manifest file '../../build/my_turtlesim/my_turtlesim.egg-info/SOURCES.txt'
running build
running build_py
running install
running install_lib
running install_data
creating /home/shaqiloheal/ros2_ws/install/my_turtlesim/share/my_turtlesim/launch
copying launch/turtlesim_mimic_launch.py -> /home/shaqiloheal/ros2_ws/install/my_turtlesim/share/my_turtlesim/launch
running install_egg_info
removing '/home/shaqiloheal/ros2_ws/install/my_turtlesim/lib/python3.12/site-packages/my_turtlesim-0.0.0-py3.12.egg-info' (and everything under it)
Copying ../../build/my_turtlesim/my_turtlesim.egg-info to /home/shaqiloheal/ros2_ws/install/my_turtlesim/lib/python3.12/site-packages/my_turtlesim-0.0.0-py3.12.egg-info
running install_scripts
writing list of installed files to '/home/shaqiloheal/ros2_ws/build/my_turtlesim/install.log'
