[1.119s] Invoking command in '/home/shaqiloheal/ros2_ws/src/my_turtlesim': DEBUGINFOD_URLS=https://debuginfod.ubuntu.com PS1=(ros2_env) \[\e]0;\u@\h: \w\a\]${debian_chroot:+($debian_chroot)}\[\033[01;32m\]\u@\h\[\033[00m\]:\[\033[01;34m\]\w\[\033[00m\]\$ PYTHONPATH=/home/shaqiloheal/ros2_ws/build/my_turtlesim/prefix_override:/usr/lib/python3/dist-packages/colcon_core/task/python/colcon_distutils_commands:/home/shaqiloheal/ros2_ws/install/my_turtlesim/lib/python3.12/site-packages:${PYTHONPATH} VIRTUAL_ENV_PROMPT=(ros2_env) /usr/bin/python3 -W ignore:setup.py install is deprecated -W ignore:easy_install command is deprecated setup.py egg_info --egg-base ../../build/my_turtlesim build --build-base /home/shaqiloheal/ros2_ws/build/my_turtlesim/build install --record /home/shaqiloheal/ros2_ws/build/my_turtlesim/install.log --single-version-externally-managed install_data
[1.257s] running egg_info
[1.266s] writing ../../build/my_turtlesim/my_turtlesim.egg-info/PKG-INFO
[1.266s] writing dependency_links to ../../build/my_turtlesim/my_turtlesim.egg-info/dependency_links.txt
[1.266s] writing requirements to ../../build/my_turtlesim/my_turtlesim.egg-info/requires.txt
[1.266s] writing top-level names to ../../build/my_turtlesim/my_turtlesim.egg-info/top_level.txt
[1.283s] reading manifest file '../../build/my_turtlesim/my_turtlesim.egg-info/SOURCES.txt'
[1.283s] adding license file 'LICENSE'
[1.284s] writing manifest file '../../build/my_turtlesim/my_turtlesim.egg-info/SOURCES.txt'
[1.284s] running build
[1.284s] running build_py
[1.284s] running install
[1.287s] running install_lib
[1.296s] running install_data
[1.296s] creating /home/shaqiloheal/ros2_ws/install/my_turtlesim/share/my_turtlesim/launch
[1.297s] copying launch/turtlesim_mimic_launch.py -> /home/shaqiloheal/ros2_ws/install/my_turtlesim/share/my_turtlesim/launch
[1.297s] running install_egg_info
[1.306s] removing '/home/shaqiloheal/ros2_ws/install/my_turtlesim/lib/python3.12/site-packages/my_turtlesim-0.0.0-py3.12.egg-info' (and everything under it)
[1.306s] Copying ../../build/my_turtlesim/my_turtlesim.egg-info to /home/shaqiloheal/ros2_ws/install/my_turtlesim/lib/python3.12/site-packages/my_turtlesim-0.0.0-py3.12.egg-info
[1.306s] running install_scripts
[1.371s] writing list of installed files to '/home/shaqiloheal/ros2_ws/build/my_turtlesim/install.log'
[1.388s] Invoked command in '/home/shaqiloheal/ros2_ws/src/my_turtlesim' returned '0': DEBUGINFOD_URLS=https://debuginfod.ubuntu.com PS1=(ros2_env) \[\e]0;\u@\h: \w\a\]${debian_chroot:+($debian_chroot)}\[\033[01;32m\]\u@\h\[\033[00m\]:\[\033[01;34m\]\w\[\033[00m\]\$ PYTHONPATH=/home/shaqiloheal/ros2_ws/build/my_turtlesim/prefix_override:/usr/lib/python3/dist-packages/colcon_core/task/python/colcon_distutils_commands:/home/shaqiloheal/ros2_ws/install/my_turtlesim/lib/python3.12/site-packages:${PYTHONPATH} VIRTUAL_ENV_PROMPT=(ros2_env) /usr/bin/python3 -W ignore:setup.py install is deprecated -W ignore:easy_install command is deprecated setup.py egg_info --egg-base ../../build/my_turtlesim build --build-base /home/shaqiloheal/ros2_ws/build/my_turtlesim/build install --record /home/shaqiloheal/ros2_ws/build/my_turtlesim/install.log --single-version-externally-managed install_data
