running egg_info
creating ../../build/temperature_sensor/temperature_sensor.egg-info
writing ../../build/temperature_sensor/temperature_sensor.egg-info/PKG-INFO
writing dependency_links to ../../build/temperature_sensor/temperature_sensor.egg-info/dependency_links.txt
writing entry points to ../../build/temperature_sensor/temperature_sensor.egg-info/entry_points.txt
writing requirements to ../../build/temperature_sensor/temperature_sensor.egg-info/requires.txt
writing top-level names to ../../build/temperature_sensor/temperature_sensor.egg-info/top_level.txt
writing manifest file '../../build/temperature_sensor/temperature_sensor.egg-info/SOURCES.txt'
reading manifest file '../../build/temperature_sensor/temperature_sensor.egg-info/SOURCES.txt'
adding license file 'LICENSE'
writing manifest file '../../build/temperature_sensor/temperature_sensor.egg-info/SOURCES.txt'
running build
running build_py
creating /home/shaqiloheal/ros2_ws/build/temperature_sensor/build
creating /home/shaqiloheal/ros2_ws/build/temperature_sensor/build/lib
creating /home/shaqiloheal/ros2_ws/build/temperature_sensor/build/lib/temperature_sensor
copying temperature_sensor/temperature_subscriber.py -> /home/shaqiloheal/ros2_ws/build/temperature_sensor/build/lib/temperature_sensor
copying temperature_sensor/temperature_publisher.py -> /home/shaqiloheal/ros2_ws/build/temperature_sensor/build/lib/temperature_sensor
copying temperature_sensor/__init__.py -> /home/shaqiloheal/ros2_ws/build/temperature_sensor/build/lib/temperature_sensor
running install
running install_lib
creating /home/shaqiloheal/ros2_ws/install/temperature_sensor/lib/python3.12/site-packages/temperature_sensor
copying /home/shaqiloheal/ros2_ws/build/temperature_sensor/build/lib/temperature_sensor/temperature_subscriber.py -> /home/shaqiloheal/ros2_ws/install/temperature_sensor/lib/python3.12/site-packages/temperature_sensor
copying /home/shaqiloheal/ros2_ws/build/temperature_sensor/build/lib/temperature_sensor/temperature_publisher.py -> /home/shaqiloheal/ros2_ws/install/temperature_sensor/lib/python3.12/site-packages/temperature_sensor
copying /home/shaqiloheal/ros2_ws/build/temperature_sensor/build/lib/temperature_sensor/__init__.py -> /home/shaqiloheal/ros2_ws/install/temperature_sensor/lib/python3.12/site-packages/temperature_sensor
byte-compiling /home/shaqiloheal/ros2_ws/install/temperature_sensor/lib/python3.12/site-packages/temperature_sensor/temperature_subscriber.py to temperature_subscriber.cpython-312.pyc
byte-compiling /home/shaqiloheal/ros2_ws/install/temperature_sensor/lib/python3.12/site-packages/temperature_sensor/temperature_publisher.py to temperature_publisher.cpython-312.pyc
byte-compiling /home/shaqiloheal/ros2_ws/install/temperature_sensor/lib/python3.12/site-packages/temperature_sensor/__init__.py to __init__.cpython-312.pyc
running install_data
creating /home/shaqiloheal/ros2_ws/install/temperature_sensor/share/ament_index
creating /home/shaqiloheal/ros2_ws/install/temperature_sensor/share/ament_index/resource_index
creating /home/shaqiloheal/ros2_ws/install/temperature_sensor/share/ament_index/resource_index/packages
copying resource/temperature_sensor -> /home/shaqiloheal/ros2_ws/install/temperature_sensor/share/ament_index/resource_index/packages
copying package.xml -> /home/shaqiloheal/ros2_ws/install/temperature_sensor/share/temperature_sensor
running install_egg_info
Copying ../../build/temperature_sensor/temperature_sensor.egg-info to /home/shaqiloheal/ros2_ws/install/temperature_sensor/lib/python3.12/site-packages/temperature_sensor-0.0.0-py3.12.egg-info
running install_scripts
Installing temperature_publisher script to /home/shaqiloheal/ros2_ws/install/temperature_sensor/lib/temperature_sensor
Installing temperature_subscriber script to /home/shaqiloheal/ros2_ws/install/temperature_sensor/lib/temperature_sensor
writing list of installed files to '/home/shaqiloheal/ros2_ws/build/temperature_sensor/install.log'
