[0.821s] Invoking command in '/home/shaqiloheal/ros2_ws/src/temperature_sensor': DEBUGINFOD_URLS=https://debuginfod.ubuntu.com PS1=(ros2_env) \[\e]0;\u@\h: \w\a\]${debian_chroot:+($debian_chroot)}\[\033[01;32m\]\u@\h\[\033[00m\]:\[\033[01;34m\]\w\[\033[00m\]\$ PYTHONPATH=/home/shaqiloheal/ros2_ws/build/temperature_sensor/prefix_override:/usr/lib/python3/dist-packages/colcon_core/task/python/colcon_distutils_commands:/home/shaqiloheal/ros2_ws/install/temperature_sensor/lib/python3.12/site-packages:${PYTHONPATH} VIRTUAL_ENV_PROMPT=(ros2_env) /usr/bin/python3 -W ignore:setup.py install is deprecated -W ignore:easy_install command is deprecated setup.py egg_info --egg-base ../../build/temperature_sensor build --build-base /home/shaqiloheal/ros2_ws/build/temperature_sensor/build install --record /home/shaqiloheal/ros2_ws/build/temperature_sensor/install.log --single-version-externally-managed install_data
[0.945s] running egg_info
[0.945s] creating ../../build/temperature_sensor/temperature_sensor.egg-info
[0.952s] writing ../../build/temperature_sensor/temperature_sensor.egg-info/PKG-INFO
[0.952s] writing dependency_links to ../../build/temperature_sensor/temperature_sensor.egg-info/dependency_links.txt
[0.952s] writing entry points to ../../build/temperature_sensor/temperature_sensor.egg-info/entry_points.txt
[0.952s] writing requirements to ../../build/temperature_sensor/temperature_sensor.egg-info/requires.txt
[0.952s] writing top-level names to ../../build/temperature_sensor/temperature_sensor.egg-info/top_level.txt
[0.952s] writing manifest file '../../build/temperature_sensor/temperature_sensor.egg-info/SOURCES.txt'
[0.968s] reading manifest file '../../build/temperature_sensor/temperature_sensor.egg-info/SOURCES.txt'
[0.968s] adding license file 'LICENSE'
[0.968s] writing manifest file '../../build/temperature_sensor/temperature_sensor.egg-info/SOURCES.txt'
[0.969s] running build
[0.969s] running build_py
[0.969s] creating /home/shaqiloheal/ros2_ws/build/temperature_sensor/build
[0.969s] creating /home/shaqiloheal/ros2_ws/build/temperature_sensor/build/lib
[0.969s] creating /home/shaqiloheal/ros2_ws/build/temperature_sensor/build/lib/temperature_sensor
[0.969s] copying temperature_sensor/temperature_subscriber.py -> /home/shaqiloheal/ros2_ws/build/temperature_sensor/build/lib/temperature_sensor
[0.969s] copying temperature_sensor/temperature_publisher.py -> /home/shaqiloheal/ros2_ws/build/temperature_sensor/build/lib/temperature_sensor
[0.969s] copying temperature_sensor/__init__.py -> /home/shaqiloheal/ros2_ws/build/temperature_sensor/build/lib/temperature_sensor
[0.969s] running install
[0.972s] running install_lib
[0.980s] creating /home/shaqiloheal/ros2_ws/install/temperature_sensor/lib/python3.12/site-packages/temperature_sensor
[0.980s] copying /home/shaqiloheal/ros2_ws/build/temperature_sensor/build/lib/temperature_sensor/temperature_subscriber.py -> /home/shaqiloheal/ros2_ws/install/temperature_sensor/lib/python3.12/site-packages/temperature_sensor
[0.980s] copying /home/shaqiloheal/ros2_ws/build/temperature_sensor/build/lib/temperature_sensor/temperature_publisher.py -> /home/shaqiloheal/ros2_ws/install/temperature_sensor/lib/python3.12/site-packages/temperature_sensor
[0.980s] copying /home/shaqiloheal/ros2_ws/build/temperature_sensor/build/lib/temperature_sensor/__init__.py -> /home/shaqiloheal/ros2_ws/install/temperature_sensor/lib/python3.12/site-packages/temperature_sensor
[0.981s] byte-compiling /home/shaqiloheal/ros2_ws/install/temperature_sensor/lib/python3.12/site-packages/temperature_sensor/temperature_subscriber.py to temperature_subscriber.cpython-312.pyc
[0.981s] byte-compiling /home/shaqiloheal/ros2_ws/install/temperature_sensor/lib/python3.12/site-packages/temperature_sensor/temperature_publisher.py to temperature_publisher.cpython-312.pyc
[0.981s] byte-compiling /home/shaqiloheal/ros2_ws/install/temperature_sensor/lib/python3.12/site-packages/temperature_sensor/__init__.py to __init__.cpython-312.pyc
[0.981s] running install_data
[0.981s] creating /home/shaqiloheal/ros2_ws/install/temperature_sensor/share/ament_index
[0.981s] creating /home/shaqiloheal/ros2_ws/install/temperature_sensor/share/ament_index/resource_index
[0.981s] creating /home/shaqiloheal/ros2_ws/install/temperature_sensor/share/ament_index/resource_index/packages
[0.981s] copying resource/temperature_sensor -> /home/shaqiloheal/ros2_ws/install/temperature_sensor/share/ament_index/resource_index/packages
[0.981s] copying package.xml -> /home/shaqiloheal/ros2_ws/install/temperature_sensor/share/temperature_sensor
[0.981s] running install_egg_info
[0.990s] Copying ../../build/temperature_sensor/temperature_sensor.egg-info to /home/shaqiloheal/ros2_ws/install/temperature_sensor/lib/python3.12/site-packages/temperature_sensor-0.0.0-py3.12.egg-info
[0.991s] running install_scripts
[1.051s] Installing temperature_publisher script to /home/shaqiloheal/ros2_ws/install/temperature_sensor/lib/temperature_sensor
[1.051s] Installing temperature_subscriber script to /home/shaqiloheal/ros2_ws/install/temperature_sensor/lib/temperature_sensor
[1.051s] writing list of installed files to '/home/shaqiloheal/ros2_ws/build/temperature_sensor/install.log'
[1.076s] Invoked command in '/home/shaqiloheal/ros2_ws/src/temperature_sensor' returned '0': DEBUGINFOD_URLS=https://debuginfod.ubuntu.com PS1=(ros2_env) \[\e]0;\u@\h: \w\a\]${debian_chroot:+($debian_chroot)}\[\033[01;32m\]\u@\h\[\033[00m\]:\[\033[01;34m\]\w\[\033[00m\]\$ PYTHONPATH=/home/shaqiloheal/ros2_ws/build/temperature_sensor/prefix_override:/usr/lib/python3/dist-packages/colcon_core/task/python/colcon_distutils_commands:/home/shaqiloheal/ros2_ws/install/temperature_sensor/lib/python3.12/site-packages:${PYTHONPATH} VIRTUAL_ENV_PROMPT=(ros2_env) /usr/bin/python3 -W ignore:setup.py install is deprecated -W ignore:easy_install command is deprecated setup.py egg_info --egg-base ../../build/temperature_sensor build --build-base /home/shaqiloheal/ros2_ws/build/temperature_sensor/build install --record /home/shaqiloheal/ros2_ws/build/temperature_sensor/install.log --single-version-externally-managed install_data
