[0.968s] Invoking command in '/home/shaqiloheal/ros2_ws/src/fibonacci': DEBUGINFOD_URLS=https://debuginfod.ubuntu.com PS1=(ros2_env) \[\e]0;\u@\h: \w\a\]${debian_chroot:+($debian_chroot)}\[\033[01;32m\]\u@\h\[\033[00m\]:\[\033[01;34m\]\w\[\033[00m\]\$ PYTHONPATH=/home/shaqiloheal/ros2_ws/build/fibonacci/prefix_override:/usr/lib/python3/dist-packages/colcon_core/task/python/colcon_distutils_commands:/home/shaqiloheal/ros2_ws/install/fibonacci/lib/python3.12/site-packages:${PYTHONPATH} VIRTUAL_ENV_PROMPT=(ros2_env) /usr/bin/python3 -W ignore:setup.py install is deprecated -W ignore:easy_install command is deprecated setup.py egg_info --egg-base ../../build/fibonacci build --build-base /home/shaqiloheal/ros2_ws/build/fibonacci/build install --record /home/shaqiloheal/ros2_ws/build/fibonacci/install.log --single-version-externally-managed install_data
[1.090s] running egg_info
[1.090s] creating ../../build/fibonacci/fibonacci.egg-info
[1.098s] writing ../../build/fibonacci/fibonacci.egg-info/PKG-INFO
[1.098s] writing dependency_links to ../../build/fibonacci/fibonacci.egg-info/dependency_links.txt
[1.098s] writing entry points to ../../build/fibonacci/fibonacci.egg-info/entry_points.txt
[1.098s] writing requirements to ../../build/fibonacci/fibonacci.egg-info/requires.txt
[1.098s] writing top-level names to ../../build/fibonacci/fibonacci.egg-info/top_level.txt
[1.098s] writing manifest file '../../build/fibonacci/fibonacci.egg-info/SOURCES.txt'
[1.114s] reading manifest file '../../build/fibonacci/fibonacci.egg-info/SOURCES.txt'
[1.114s] adding license file 'LICENSE'
[1.114s] writing manifest file '../../build/fibonacci/fibonacci.egg-info/SOURCES.txt'
[1.114s] running build
[1.114s] running build_py
[1.114s] creating /home/shaqiloheal/ros2_ws/build/fibonacci/build
[1.114s] creating /home/shaqiloheal/ros2_ws/build/fibonacci/build/lib
[1.114s] creating /home/shaqiloheal/ros2_ws/build/fibonacci/build/lib/fibonacci
[1.114s] copying fibonacci/fibonacci_action_client.py -> /home/shaqiloheal/ros2_ws/build/fibonacci/build/lib/fibonacci
[1.115s] copying fibonacci/__init__.py -> /home/shaqiloheal/ros2_ws/build/fibonacci/build/lib/fibonacci
[1.115s] copying fibonacci/fibonacci_action_server.py -> /home/shaqiloheal/ros2_ws/build/fibonacci/build/lib/fibonacci
[1.115s] running install
[1.118s] running install_lib
[1.126s] creating /home/shaqiloheal/ros2_ws/install/fibonacci/lib/python3.12/site-packages/fibonacci
[1.126s] copying /home/shaqiloheal/ros2_ws/build/fibonacci/build/lib/fibonacci/fibonacci_action_client.py -> /home/shaqiloheal/ros2_ws/install/fibonacci/lib/python3.12/site-packages/fibonacci
[1.126s] copying /home/shaqiloheal/ros2_ws/build/fibonacci/build/lib/fibonacci/__init__.py -> /home/shaqiloheal/ros2_ws/install/fibonacci/lib/python3.12/site-packages/fibonacci
[1.126s] copying /home/shaqiloheal/ros2_ws/build/fibonacci/build/lib/fibonacci/fibonacci_action_server.py -> /home/shaqiloheal/ros2_ws/install/fibonacci/lib/python3.12/site-packages/fibonacci
[1.126s] byte-compiling /home/shaqiloheal/ros2_ws/install/fibonacci/lib/python3.12/site-packages/fibonacci/fibonacci_action_client.py to fibonacci_action_client.cpython-312.pyc
[1.127s] byte-compiling /home/shaqiloheal/ros2_ws/install/fibonacci/lib/python3.12/site-packages/fibonacci/__init__.py to __init__.cpython-312.pyc
[1.127s] byte-compiling /home/shaqiloheal/ros2_ws/install/fibonacci/lib/python3.12/site-packages/fibonacci/fibonacci_action_server.py to fibonacci_action_server.cpython-312.pyc
[1.127s] running install_data
[1.127s] creating /home/shaqiloheal/ros2_ws/install/fibonacci/share/ament_index
[1.127s] creating /home/shaqiloheal/ros2_ws/install/fibonacci/share/ament_index/resource_index
[1.127s] creating /home/shaqiloheal/ros2_ws/install/fibonacci/share/ament_index/resource_index/packages
[1.127s] copying resource/fibonacci -> /home/shaqiloheal/ros2_ws/install/fibonacci/share/ament_index/resource_index/packages
[1.127s] copying package.xml -> /home/shaqiloheal/ros2_ws/install/fibonacci/share/fibonacci
[1.128s] running install_egg_info
[1.136s] Copying ../../build/fibonacci/fibonacci.egg-info to /home/shaqiloheal/ros2_ws/install/fibonacci/lib/python3.12/site-packages/fibonacci-0.0.0-py3.12.egg-info
[1.137s] running install_scripts
[1.198s] Installing fibonacci_action_client script to /home/shaqiloheal/ros2_ws/install/fibonacci/lib/fibonacci
[1.198s] Installing fibonacci_action_server script to /home/shaqiloheal/ros2_ws/install/fibonacci/lib/fibonacci
[1.198s] writing list of installed files to '/home/shaqiloheal/ros2_ws/build/fibonacci/install.log'
[1.226s] Invoked command in '/home/shaqiloheal/ros2_ws/src/fibonacci' returned '0': DEBUGINFOD_URLS=https://debuginfod.ubuntu.com PS1=(ros2_env) \[\e]0;\u@\h: \w\a\]${debian_chroot:+($debian_chroot)}\[\033[01;32m\]\u@\h\[\033[00m\]:\[\033[01;34m\]\w\[\033[00m\]\$ PYTHONPATH=/home/shaqiloheal/ros2_ws/build/fibonacci/prefix_override:/usr/lib/python3/dist-packages/colcon_core/task/python/colcon_distutils_commands:/home/shaqiloheal/ros2_ws/install/fibonacci/lib/python3.12/site-packages:${PYTHONPATH} VIRTUAL_ENV_PROMPT=(ros2_env) /usr/bin/python3 -W ignore:setup.py install is deprecated -W ignore:easy_install command is deprecated setup.py egg_info --egg-base ../../build/fibonacci build --build-base /home/shaqiloheal/ros2_ws/build/fibonacci/build install --record /home/shaqiloheal/ros2_ws/build/fibonacci/install.log --single-version-externally-managed install_data
