[0.024s] Invoking command in '/home/shaqiloheal/ros2_ws/build/custom_action_interfaces': CMAKE_PREFIX_PATH=${CMAKE_PREFIX_PATH}:/home/shaqiloheal/ros2_ws/install/temperature_sensor:/home/shaqiloheal/ros2_ws/install/monitor:/home/shaqiloheal/ros2_ws/install/py_srvcli:/home/shaqiloheal/ros2_ws/install/py_pubsub:/home/shaqiloheal/ros2_ws/install/fibonacci:/opt/ros/jazzy DEBUGINFOD_URLS=https://debuginfod.ubuntu.com PS1=(ros2_env) \[\e]0;\u@\h: \w\a\]${debian_chroot:+($debian_chroot)}\[\033[01;32m\]\u@\h\[\033[00m\]:\[\033[01;34m\]\w\[\033[00m\]\$ VIRTUAL_ENV_PROMPT=(ros2_env) /usr/bin/cmake --build /home/shaqiloheal/ros2_ws/build/custom_action_interfaces -- -j16 -l16
[0.494s] [  2%] Built target custom_action_interfaces__rosidl_generator_type_description
[0.494s] [  2%] Built target ament_cmake_python_copy_custom_action_interfaces
[0.494s] [  4%] Built target custom_action_interfaces__cpp
[0.494s] [ 22%] Built target custom_action_interfaces__rosidl_generator_c
[0.494s] [ 31%] Built target custom_action_interfaces__rosidl_typesupport_c
[0.494s] [ 40%] Built target custom_action_interfaces__rosidl_typesupport_introspection_c
[0.494s] [ 50%] Built target custom_action_interfaces__rosidl_typesupport_fastrtps_c
[0.494s] [ 59%] Built target custom_action_interfaces__rosidl_typesupport_cpp
[0.494s] [ 68%] Built target custom_action_interfaces__rosidl_typesupport_introspection_cpp
[0.494s] [ 77%] Built target custom_action_interfaces__rosidl_typesupport_fastrtps_cpp
[0.494s] [ 77%] Built target custom_action_interfaces
[0.494s] [ 79%] Built target custom_action_interfaces__py
[0.494s] [ 86%] Built target custom_action_interfaces__rosidl_generator_py
[0.494s] [ 90%] Built target custom_action_interfaces_s__rosidl_typesupport_c
[0.494s] [ 95%] Built target custom_action_interfaces_s__rosidl_typesupport_fastrtps_c
[0.495s] [100%] Built target custom_action_interfaces_s__rosidl_typesupport_introspection_c
[0.495s] running egg_info
[0.495s] writing custom_action_interfaces.egg-info/PKG-INFO
[0.495s] writing dependency_links to custom_action_interfaces.egg-info/dependency_links.txt
[0.495s] writing top-level names to custom_action_interfaces.egg-info/top_level.txt
[0.495s] reading manifest file 'custom_action_interfaces.egg-info/SOURCES.txt'
[0.495s] writing manifest file 'custom_action_interfaces.egg-info/SOURCES.txt'
[0.495s] [100%] Built target ament_cmake_python_build_custom_action_interfaces_egg
[0.496s] Invoked command in '/home/shaqiloheal/ros2_ws/build/custom_action_interfaces' returned '0': CMAKE_PREFIX_PATH=${CMAKE_PREFIX_PATH}:/home/shaqiloheal/ros2_ws/install/temperature_sensor:/home/shaqiloheal/ros2_ws/install/monitor:/home/shaqiloheal/ros2_ws/install/py_srvcli:/home/shaqiloheal/ros2_ws/install/py_pubsub:/home/shaqiloheal/ros2_ws/install/fibonacci:/opt/ros/jazzy DEBUGINFOD_URLS=https://debuginfod.ubuntu.com PS1=(ros2_env) \[\e]0;\u@\h: \w\a\]${debian_chroot:+($debian_chroot)}\[\033[01;32m\]\u@\h\[\033[00m\]:\[\033[01;34m\]\w\[\033[00m\]\$ VIRTUAL_ENV_PROMPT=(ros2_env) /usr/bin/cmake --build /home/shaqiloheal/ros2_ws/build/custom_action_interfaces -- -j16 -l16
[0.504s] Invoking command in '/home/shaqiloheal/ros2_ws/build/custom_action_interfaces': CMAKE_PREFIX_PATH=${CMAKE_PREFIX_PATH}:/home/shaqiloheal/ros2_ws/install/temperature_sensor:/home/shaqiloheal/ros2_ws/install/monitor:/home/shaqiloheal/ros2_ws/install/py_srvcli:/home/shaqiloheal/ros2_ws/install/py_pubsub:/home/shaqiloheal/ros2_ws/install/fibonacci:/opt/ros/jazzy DEBUGINFOD_URLS=https://debuginfod.ubuntu.com PS1=(ros2_env) \[\e]0;\u@\h: \w\a\]${debian_chroot:+($debian_chroot)}\[\033[01;32m\]\u@\h\[\033[00m\]:\[\033[01;34m\]\w\[\033[00m\]\$ VIRTUAL_ENV_PROMPT=(ros2_env) /usr/bin/cmake --install /home/shaqiloheal/ros2_ws/build/custom_action_interfaces
[0.603s] -- Install configuration: ""
[0.603s] -- Up-to-date: /home/shaqiloheal/ros2_ws/install/custom_action_interfaces/share/ament_index/resource_index/rosidl_interfaces/custom_action_interfaces
[0.603s] -- Up-to-date: /home/shaqiloheal/ros2_ws/install/custom_action_interfaces/share/custom_action_interfaces/action/Fibonacci.json
[0.604s] -- Up-to-date: /home/shaqiloheal/ros2_ws/install/custom_action_interfaces/share/custom_action_interfaces/action/Battery.json
[0.604s] -- Up-to-date: /home/shaqiloheal/ros2_ws/install/custom_action_interfaces/include/custom_action_interfaces/custom_action_interfaces
[0.604s] -- Up-to-date: /home/shaqiloheal/ros2_ws/install/custom_action_interfaces/include/custom_action_interfaces/custom_action_interfaces/msg
[0.604s] -- Up-to-date: /home/shaqiloheal/ros2_ws/install/custom_action_interfaces/include/custom_action_interfaces/custom_action_interfaces/msg/rosidl_generator_c__visibility_control.h
[0.604s] -- Up-to-date: /home/shaqiloheal/ros2_ws/install/custom_action_interfaces/include/custom_action_interfaces/custom_action_interfaces/action
[0.604s] -- Up-to-date: /home/shaqiloheal/ros2_ws/install/custom_action_interfaces/include/custom_action_interfaces/custom_action_interfaces/action/detail
[0.604s] -- Up-to-date: /home/shaqiloheal/ros2_ws/install/custom_action_interfaces/include/custom_action_interfaces/custom_action_interfaces/action/detail/fibonacci__struct.h
[0.604s] -- Up-to-date: /home/shaqiloheal/ros2_ws/install/custom_action_interfaces/include/custom_action_interfaces/custom_action_interfaces/action/detail/fibonacci__type_support.h
[0.604s] -- Up-to-date: /home/shaqiloheal/ros2_ws/install/custom_action_interfaces/include/custom_action_interfaces/custom_action_interfaces/action/detail/fibonacci__description.c
[0.604s] -- Up-to-date: /home/shaqiloheal/ros2_ws/install/custom_action_interfaces/include/custom_action_interfaces/custom_action_interfaces/action/detail/fibonacci__functions.h
[0.604s] -- Up-to-date: /home/shaqiloheal/ros2_ws/install/custom_action_interfaces/include/custom_action_interfaces/custom_action_interfaces/action/detail/battery__type_support.c
[0.604s] -- Up-to-date: /home/shaqiloheal/ros2_ws/install/custom_action_interfaces/include/custom_action_interfaces/custom_action_interfaces/action/detail/fibonacci__functions.c
[0.604s] -- Up-to-date: /home/shaqiloheal/ros2_ws/install/custom_action_interfaces/include/custom_action_interfaces/custom_action_interfaces/action/detail/battery__type_support.h
[0.604s] -- Up-to-date: /home/shaqiloheal/ros2_ws/install/custom_action_interfaces/include/custom_action_interfaces/custom_action_interfaces/action/detail/battery__struct.h
[0.604s] -- Up-to-date: /home/shaqiloheal/ros2_ws/install/custom_action_interfaces/include/custom_action_interfaces/custom_action_interfaces/action/detail/battery__functions.c
[0.604s] -- Up-to-date: /home/shaqiloheal/ros2_ws/install/custom_action_interfaces/include/custom_action_interfaces/custom_action_interfaces/action/detail/battery__description.c
[0.604s] -- Up-to-date: /home/shaqiloheal/ros2_ws/install/custom_action_interfaces/include/custom_action_interfaces/custom_action_interfaces/action/detail/fibonacci__type_support.c
[0.604s] -- Up-to-date: /home/shaqiloheal/ros2_ws/install/custom_action_interfaces/include/custom_action_interfaces/custom_action_interfaces/action/detail/battery__functions.h
[0.604s] -- Up-to-date: /home/shaqiloheal/ros2_ws/install/custom_action_interfaces/include/custom_action_interfaces/custom_action_interfaces/action/battery.h
[0.604s] -- Up-to-date: /home/shaqiloheal/ros2_ws/install/custom_action_interfaces/include/custom_action_interfaces/custom_action_interfaces/action/fibonacci.h
[0.604s] -- Up-to-date: /home/shaqiloheal/ros2_ws/install/custom_action_interfaces/share/custom_action_interfaces/environment/library_path.sh
[0.604s] -- Up-to-date: /home/shaqiloheal/ros2_ws/install/custom_action_interfaces/share/custom_action_interfaces/environment/library_path.dsv
[0.604s] -- Up-to-date: /home/shaqiloheal/ros2_ws/install/custom_action_interfaces/lib/libcustom_action_interfaces__rosidl_generator_c.so
[0.604s] -- Up-to-date: /home/shaqiloheal/ros2_ws/install/custom_action_interfaces/include/custom_action_interfaces/custom_action_interfaces
[0.605s] -- Up-to-date: /home/shaqiloheal/ros2_ws/install/custom_action_interfaces/include/custom_action_interfaces/custom_action_interfaces/msg
[0.605s] -- Up-to-date: /home/shaqiloheal/ros2_ws/install/custom_action_interfaces/include/custom_action_interfaces/custom_action_interfaces/msg/rosidl_typesupport_fastrtps_c__visibility_control.h
[0.605s] -- Up-to-date: /home/shaqiloheal/ros2_ws/install/custom_action_interfaces/include/custom_action_interfaces/custom_action_interfaces/action
[0.605s] -- Up-to-date: /home/shaqiloheal/ros2_ws/install/custom_action_interfaces/include/custom_action_interfaces/custom_action_interfaces/action/detail
[0.605s] -- Up-to-date: /home/shaqiloheal/ros2_ws/install/custom_action_interfaces/include/custom_action_interfaces/custom_action_interfaces/action/detail/battery__rosidl_typesupport_fastrtps_c.h
[0.605s] -- Up-to-date: /home/shaqiloheal/ros2_ws/install/custom_action_interfaces/include/custom_action_interfaces/custom_action_interfaces/action/detail/fibonacci__rosidl_typesupport_fastrtps_c.h
[0.605s] -- Up-to-date: /home/shaqiloheal/ros2_ws/install/custom_action_interfaces/lib/libcustom_action_interfaces__rosidl_typesupport_fastrtps_c.so
[0.605s] -- Up-to-date: /home/shaqiloheal/ros2_ws/install/custom_action_interfaces/include/custom_action_interfaces/custom_action_interfaces
[0.605s] -- Up-to-date: /home/shaqiloheal/ros2_ws/install/custom_action_interfaces/include/custom_action_interfaces/custom_action_interfaces/msg
[0.605s] -- Up-to-date: /home/shaqiloheal/ros2_ws/install/custom_action_interfaces/include/custom_action_interfaces/custom_action_interfaces/msg/rosidl_typesupport_introspection_c__visibility_control.h
[0.605s] -- Up-to-date: /home/shaqiloheal/ros2_ws/install/custom_action_interfaces/include/custom_action_interfaces/custom_action_interfaces/action
[0.605s] -- Up-to-date: /home/shaqiloheal/ros2_ws/install/custom_action_interfaces/include/custom_action_interfaces/custom_action_interfaces/action/detail
[0.605s] -- Up-to-date: /home/shaqiloheal/ros2_ws/install/custom_action_interfaces/include/custom_action_interfaces/custom_action_interfaces/action/detail/battery__type_support.c
[0.605s] -- Up-to-date: /home/shaqiloheal/ros2_ws/install/custom_action_interfaces/include/custom_action_interfaces/custom_action_interfaces/action/detail/battery__rosidl_typesupport_introspection_c.h
[0.605s] -- Up-to-date: /home/shaqiloheal/ros2_ws/install/custom_action_interfaces/include/custom_action_interfaces/custom_action_interfaces/action/detail/fibonacci__rosidl_typesupport_introspection_c.h
[0.605s] -- Up-to-date: /home/shaqiloheal/ros2_ws/install/custom_action_interfaces/include/custom_action_interfaces/custom_action_interfaces/action/detail/fibonacci__type_support.c
[0.605s] -- Up-to-date: /home/shaqiloheal/ros2_ws/install/custom_action_interfaces/lib/libcustom_action_interfaces__rosidl_typesupport_introspection_c.so
[0.605s] -- Up-to-date: /home/shaqiloheal/ros2_ws/install/custom_action_interfaces/lib/libcustom_action_interfaces__rosidl_typesupport_c.so
[0.605s] -- Up-to-date: /home/shaqiloheal/ros2_ws/install/custom_action_interfaces/include/custom_action_interfaces/custom_action_interfaces
[0.605s] -- Up-to-date: /home/shaqiloheal/ros2_ws/install/custom_action_interfaces/include/custom_action_interfaces/custom_action_interfaces/msg
[0.605s] -- Up-to-date: /home/shaqiloheal/ros2_ws/install/custom_action_interfaces/include/custom_action_interfaces/custom_action_interfaces/msg/rosidl_generator_cpp__visibility_control.hpp
[0.605s] -- Up-to-date: /home/shaqiloheal/ros2_ws/install/custom_action_interfaces/include/custom_action_interfaces/custom_action_interfaces/action
[0.605s] -- Up-to-date: /home/shaqiloheal/ros2_ws/install/custom_action_interfaces/include/custom_action_interfaces/custom_action_interfaces/action/detail
[0.605s] -- Up-to-date: /home/shaqiloheal/ros2_ws/install/custom_action_interfaces/include/custom_action_interfaces/custom_action_interfaces/action/detail/fibonacci__struct.hpp
[0.605s] -- Up-to-date: /home/shaqiloheal/ros2_ws/install/custom_action_interfaces/include/custom_action_interfaces/custom_action_interfaces/action/detail/battery__struct.hpp
[0.605s] -- Up-to-date: /home/shaqiloheal/ros2_ws/install/custom_action_interfaces/include/custom_action_interfaces/custom_action_interfaces/action/detail/battery__traits.hpp
[0.605s] -- Up-to-date: /home/shaqiloheal/ros2_ws/install/custom_action_interfaces/include/custom_action_interfaces/custom_action_interfaces/action/detail/fibonacci__builder.hpp
[0.605s] -- Up-to-date: /home/shaqiloheal/ros2_ws/install/custom_action_interfaces/include/custom_action_interfaces/custom_action_interfaces/action/detail/battery__type_support.hpp
[0.605s] -- Up-to-date: /home/shaqiloheal/ros2_ws/install/custom_action_interfaces/include/custom_action_interfaces/custom_action_interfaces/action/detail/fibonacci__traits.hpp
[0.605s] -- Up-to-date: /home/shaqiloheal/ros2_ws/install/custom_action_interfaces/include/custom_action_interfaces/custom_action_interfaces/action/detail/battery__builder.hpp
[0.605s] -- Up-to-date: /home/shaqiloheal/ros2_ws/install/custom_action_interfaces/include/custom_action_interfaces/custom_action_interfaces/action/detail/fibonacci__type_support.hpp
[0.605s] -- Up-to-date: /home/shaqiloheal/ros2_ws/install/custom_action_interfaces/include/custom_action_interfaces/custom_action_interfaces/action/fibonacci.hpp
[0.605s] -- Up-to-date: /home/shaqiloheal/ros2_ws/install/custom_action_interfaces/include/custom_action_interfaces/custom_action_interfaces/action/battery.hpp
[0.605s] -- Up-to-date: /home/shaqiloheal/ros2_ws/install/custom_action_interfaces/include/custom_action_interfaces/custom_action_interfaces
[0.605s] -- Up-to-date: /home/shaqiloheal/ros2_ws/install/custom_action_interfaces/include/custom_action_interfaces/custom_action_interfaces/msg
[0.605s] -- Up-to-date: /home/shaqiloheal/ros2_ws/install/custom_action_interfaces/include/custom_action_interfaces/custom_action_interfaces/msg/rosidl_typesupport_fastrtps_cpp__visibility_control.h
[0.605s] -- Up-to-date: /home/shaqiloheal/ros2_ws/install/custom_action_interfaces/include/custom_action_interfaces/custom_action_interfaces/action
[0.605s] -- Up-to-date: /home/shaqiloheal/ros2_ws/install/custom_action_interfaces/include/custom_action_interfaces/custom_action_interfaces/action/detail
[0.606s] -- Up-to-date: /home/shaqiloheal/ros2_ws/install/custom_action_interfaces/include/custom_action_interfaces/custom_action_interfaces/action/detail/battery__rosidl_typesupport_fastrtps_cpp.hpp
[0.606s] -- Up-to-date: /home/shaqiloheal/ros2_ws/install/custom_action_interfaces/include/custom_action_interfaces/custom_action_interfaces/action/detail/fibonacci__rosidl_typesupport_fastrtps_cpp.hpp
[0.606s] -- Up-to-date: /home/shaqiloheal/ros2_ws/install/custom_action_interfaces/include/custom_action_interfaces/custom_action_interfaces/action/detail/dds_fastrtps
[0.606s] -- Up-to-date: /home/shaqiloheal/ros2_ws/install/custom_action_interfaces/lib/libcustom_action_interfaces__rosidl_typesupport_fastrtps_cpp.so
[0.606s] -- Up-to-date: /home/shaqiloheal/ros2_ws/install/custom_action_interfaces/include/custom_action_interfaces/custom_action_interfaces
[0.606s] -- Up-to-date: /home/shaqiloheal/ros2_ws/install/custom_action_interfaces/include/custom_action_interfaces/custom_action_interfaces/action
[0.606s] -- Up-to-date: /home/shaqiloheal/ros2_ws/install/custom_action_interfaces/include/custom_action_interfaces/custom_action_interfaces/action/detail
[0.606s] -- Up-to-date: /home/shaqiloheal/ros2_ws/install/custom_action_interfaces/include/custom_action_interfaces/custom_action_interfaces/action/detail/battery__rosidl_typesupport_introspection_cpp.hpp
[0.606s] -- Up-to-date: /home/shaqiloheal/ros2_ws/install/custom_action_interfaces/include/custom_action_interfaces/custom_action_interfaces/action/detail/battery__type_support.cpp
[0.606s] -- Up-to-date: /home/shaqiloheal/ros2_ws/install/custom_action_interfaces/include/custom_action_interfaces/custom_action_interfaces/action/detail/fibonacci__rosidl_typesupport_introspection_cpp.hpp
[0.606s] -- Up-to-date: /home/shaqiloheal/ros2_ws/install/custom_action_interfaces/include/custom_action_interfaces/custom_action_interfaces/action/detail/fibonacci__type_support.cpp
[0.606s] -- Up-to-date: /home/shaqiloheal/ros2_ws/install/custom_action_interfaces/lib/libcustom_action_interfaces__rosidl_typesupport_introspection_cpp.so
[0.606s] -- Up-to-date: /home/shaqiloheal/ros2_ws/install/custom_action_interfaces/lib/libcustom_action_interfaces__rosidl_typesupport_cpp.so
[0.606s] -- Up-to-date: /home/shaqiloheal/ros2_ws/install/custom_action_interfaces/share/custom_action_interfaces/environment/pythonpath.sh
[0.606s] -- Up-to-date: /home/shaqiloheal/ros2_ws/install/custom_action_interfaces/share/custom_action_interfaces/environment/pythonpath.dsv
[0.606s] -- Up-to-date: /home/shaqiloheal/ros2_ws/install/custom_action_interfaces/lib/python3.12/site-packages/custom_action_interfaces-0.0.0-py3.12.egg-info
[0.606s] -- Installing: /home/shaqiloheal/ros2_ws/install/custom_action_interfaces/lib/python3.12/site-packages/custom_action_interfaces-0.0.0-py3.12.egg-info/top_level.txt
[0.606s] -- Installing: /home/shaqiloheal/ros2_ws/install/custom_action_interfaces/lib/python3.12/site-packages/custom_action_interfaces-0.0.0-py3.12.egg-info/PKG-INFO
[0.606s] -- Installing: /home/shaqiloheal/ros2_ws/install/custom_action_interfaces/lib/python3.12/site-packages/custom_action_interfaces-0.0.0-py3.12.egg-info/SOURCES.txt
[0.606s] -- Installing: /home/shaqiloheal/ros2_ws/install/custom_action_interfaces/lib/python3.12/site-packages/custom_action_interfaces-0.0.0-py3.12.egg-info/dependency_links.txt
[0.606s] -- Up-to-date: /home/shaqiloheal/ros2_ws/install/custom_action_interfaces/lib/python3.12/site-packages/custom_action_interfaces
[0.606s] -- Up-to-date: /home/shaqiloheal/ros2_ws/install/custom_action_interfaces/lib/python3.12/site-packages/custom_action_interfaces/_custom_action_interfaces_s.ep.rosidl_typesupport_fastrtps_c.c
[0.606s] -- Up-to-date: /home/shaqiloheal/ros2_ws/install/custom_action_interfaces/lib/python3.12/site-packages/custom_action_interfaces/__init__.py
[0.606s] -- Up-to-date: /home/shaqiloheal/ros2_ws/install/custom_action_interfaces/lib/python3.12/site-packages/custom_action_interfaces/_custom_action_interfaces_s.ep.rosidl_typesupport_introspection_c.c
[0.606s] -- Up-to-date: /home/shaqiloheal/ros2_ws/install/custom_action_interfaces/lib/python3.12/site-packages/custom_action_interfaces/custom_action_interfaces_s__rosidl_typesupport_fastrtps_c.so
[0.606s] -- Up-to-date: /home/shaqiloheal/ros2_ws/install/custom_action_interfaces/lib/python3.12/site-packages/custom_action_interfaces/_custom_action_interfaces_s.ep.rosidl_typesupport_c.c
[0.606s] -- Up-to-date: /home/shaqiloheal/ros2_ws/install/custom_action_interfaces/lib/python3.12/site-packages/custom_action_interfaces/action
[0.607s] -- Up-to-date: /home/shaqiloheal/ros2_ws/install/custom_action_interfaces/lib/python3.12/site-packages/custom_action_interfaces/action/_fibonacci.py
[0.607s] -- Up-to-date: /home/shaqiloheal/ros2_ws/install/custom_action_interfaces/lib/python3.12/site-packages/custom_action_interfaces/action/_battery.py
[0.607s] -- Up-to-date: /home/shaqiloheal/ros2_ws/install/custom_action_interfaces/lib/python3.12/site-packages/custom_action_interfaces/action/__init__.py
[0.607s] -- Up-to-date: /home/shaqiloheal/ros2_ws/install/custom_action_interfaces/lib/python3.12/site-packages/custom_action_interfaces/action/_fibonacci_s.c
[0.607s] -- Up-to-date: /home/shaqiloheal/ros2_ws/install/custom_action_interfaces/lib/python3.12/site-packages/custom_action_interfaces/action/_battery_s.c
[0.607s] -- Up-to-date: /home/shaqiloheal/ros2_ws/install/custom_action_interfaces/lib/python3.12/site-packages/custom_action_interfaces/custom_action_interfaces_s__rosidl_typesupport_c.so
[0.607s] -- Up-to-date: /home/shaqiloheal/ros2_ws/install/custom_action_interfaces/lib/python3.12/site-packages/custom_action_interfaces/custom_action_interfaces_s__rosidl_typesupport_introspection_c.so
[0.607s] Listing '/home/shaqiloheal/ros2_ws/install/custom_action_interfaces/lib/python3.12/site-packages/custom_action_interfaces'...
[0.607s] Listing '/home/shaqiloheal/ros2_ws/install/custom_action_interfaces/lib/python3.12/site-packages/custom_action_interfaces/action'...
[0.607s] -- Up-to-date: /home/shaqiloheal/ros2_ws/install/custom_action_interfaces/lib/python3.12/site-packages/custom_action_interfaces/custom_action_interfaces_s__rosidl_typesupport_fastrtps_c.so
[0.607s] -- Up-to-date: /home/shaqiloheal/ros2_ws/install/custom_action_interfaces/lib/python3.12/site-packages/custom_action_interfaces/custom_action_interfaces_s__rosidl_typesupport_introspection_c.so
[0.607s] -- Up-to-date: /home/shaqiloheal/ros2_ws/install/custom_action_interfaces/lib/python3.12/site-packages/custom_action_interfaces/custom_action_interfaces_s__rosidl_typesupport_c.so
[0.607s] -- Up-to-date: /home/shaqiloheal/ros2_ws/install/custom_action_interfaces/lib/libcustom_action_interfaces__rosidl_generator_py.so
[0.607s] -- Up-to-date: /home/shaqiloheal/ros2_ws/install/custom_action_interfaces/share/custom_action_interfaces/action/Fibonacci.idl
[0.607s] -- Up-to-date: /home/shaqiloheal/ros2_ws/install/custom_action_interfaces/share/custom_action_interfaces/action/Battery.idl
[0.607s] -- Up-to-date: /home/shaqiloheal/ros2_ws/install/custom_action_interfaces/share/custom_action_interfaces/action/Fibonacci.action
[0.607s] -- Up-to-date: /home/shaqiloheal/ros2_ws/install/custom_action_interfaces/share/custom_action_interfaces/action/Battery.action
[0.607s] -- Up-to-date: /home/shaqiloheal/ros2_ws/install/custom_action_interfaces/share/ament_index/resource_index/package_run_dependencies/custom_action_interfaces
[0.607s] -- Up-to-date: /home/shaqiloheal/ros2_ws/install/custom_action_interfaces/share/ament_index/resource_index/parent_prefix_path/custom_action_interfaces
[0.607s] -- Up-to-date: /home/shaqiloheal/ros2_ws/install/custom_action_interfaces/share/custom_action_interfaces/environment/ament_prefix_path.sh
[0.607s] -- Up-to-date: /home/shaqiloheal/ros2_ws/install/custom_action_interfaces/share/custom_action_interfaces/environment/ament_prefix_path.dsv
[0.607s] -- Up-to-date: /home/shaqiloheal/ros2_ws/install/custom_action_interfaces/share/custom_action_interfaces/environment/path.sh
[0.607s] -- Up-to-date: /home/shaqiloheal/ros2_ws/install/custom_action_interfaces/share/custom_action_interfaces/environment/path.dsv
[0.607s] -- Up-to-date: /home/shaqiloheal/ros2_ws/install/custom_action_interfaces/share/custom_action_interfaces/local_setup.bash
[0.607s] -- Up-to-date: /home/shaqiloheal/ros2_ws/install/custom_action_interfaces/share/custom_action_interfaces/local_setup.sh
[0.607s] -- Up-to-date: /home/shaqiloheal/ros2_ws/install/custom_action_interfaces/share/custom_action_interfaces/local_setup.zsh
[0.607s] -- Up-to-date: /home/shaqiloheal/ros2_ws/install/custom_action_interfaces/share/custom_action_interfaces/local_setup.dsv
[0.607s] -- Installing: /home/shaqiloheal/ros2_ws/install/custom_action_interfaces/share/custom_action_interfaces/package.dsv
[0.607s] -- Up-to-date: /home/shaqiloheal/ros2_ws/install/custom_action_interfaces/share/ament_index/resource_index/packages/custom_action_interfaces
[0.607s] -- Up-to-date: /home/shaqiloheal/ros2_ws/install/custom_action_interfaces/share/custom_action_interfaces/cmake/export_custom_action_interfaces__rosidl_generator_cExport.cmake
[0.607s] -- Up-to-date: /home/shaqiloheal/ros2_ws/install/custom_action_interfaces/share/custom_action_interfaces/cmake/export_custom_action_interfaces__rosidl_generator_cExport-noconfig.cmake
[0.607s] -- Up-to-date: /home/shaqiloheal/ros2_ws/install/custom_action_interfaces/share/custom_action_interfaces/cmake/export_custom_action_interfaces__rosidl_typesupport_fastrtps_cExport.cmake
[0.607s] -- Up-to-date: /home/shaqiloheal/ros2_ws/install/custom_action_interfaces/share/custom_action_interfaces/cmake/export_custom_action_interfaces__rosidl_typesupport_fastrtps_cExport-noconfig.cmake
[0.607s] -- Up-to-date: /home/shaqiloheal/ros2_ws/install/custom_action_interfaces/share/custom_action_interfaces/cmake/custom_action_interfaces__rosidl_typesupport_introspection_cExport.cmake
[0.607s] -- Up-to-date: /home/shaqiloheal/ros2_ws/install/custom_action_interfaces/share/custom_action_interfaces/cmake/custom_action_interfaces__rosidl_typesupport_introspection_cExport-noconfig.cmake
[0.608s] -- Up-to-date: /home/shaqiloheal/ros2_ws/install/custom_action_interfaces/share/custom_action_interfaces/cmake/custom_action_interfaces__rosidl_typesupport_cExport.cmake
[0.608s] -- Up-to-date: /home/shaqiloheal/ros2_ws/install/custom_action_interfaces/share/custom_action_interfaces/cmake/custom_action_interfaces__rosidl_typesupport_cExport-noconfig.cmake
[0.608s] -- Up-to-date: /home/shaqiloheal/ros2_ws/install/custom_action_interfaces/share/custom_action_interfaces/cmake/export_custom_action_interfaces__rosidl_generator_cppExport.cmake
[0.608s] -- Up-to-date: /home/shaqiloheal/ros2_ws/install/custom_action_interfaces/share/custom_action_interfaces/cmake/export_custom_action_interfaces__rosidl_typesupport_fastrtps_cppExport.cmake
[0.608s] -- Up-to-date: /home/shaqiloheal/ros2_ws/install/custom_action_interfaces/share/custom_action_interfaces/cmake/export_custom_action_interfaces__rosidl_typesupport_fastrtps_cppExport-noconfig.cmake
[0.608s] -- Up-to-date: /home/shaqiloheal/ros2_ws/install/custom_action_interfaces/share/custom_action_interfaces/cmake/custom_action_interfaces__rosidl_typesupport_introspection_cppExport.cmake
[0.608s] -- Up-to-date: /home/shaqiloheal/ros2_ws/install/custom_action_interfaces/share/custom_action_interfaces/cmake/custom_action_interfaces__rosidl_typesupport_introspection_cppExport-noconfig.cmake
[0.608s] -- Up-to-date: /home/shaqiloheal/ros2_ws/install/custom_action_interfaces/share/custom_action_interfaces/cmake/custom_action_interfaces__rosidl_typesupport_cppExport.cmake
[0.608s] -- Up-to-date: /home/shaqiloheal/ros2_ws/install/custom_action_interfaces/share/custom_action_interfaces/cmake/custom_action_interfaces__rosidl_typesupport_cppExport-noconfig.cmake
[0.608s] -- Up-to-date: /home/shaqiloheal/ros2_ws/install/custom_action_interfaces/share/custom_action_interfaces/cmake/export_custom_action_interfaces__rosidl_generator_pyExport.cmake
[0.608s] -- Up-to-date: /home/shaqiloheal/ros2_ws/install/custom_action_interfaces/share/custom_action_interfaces/cmake/export_custom_action_interfaces__rosidl_generator_pyExport-noconfig.cmake
[0.608s] -- Up-to-date: /home/shaqiloheal/ros2_ws/install/custom_action_interfaces/share/custom_action_interfaces/cmake/rosidl_cmake-extras.cmake
[0.608s] -- Up-to-date: /home/shaqiloheal/ros2_ws/install/custom_action_interfaces/share/custom_action_interfaces/cmake/ament_cmake_export_dependencies-extras.cmake
[0.608s] -- Up-to-date: /home/shaqiloheal/ros2_ws/install/custom_action_interfaces/share/custom_action_interfaces/cmake/ament_cmake_export_include_directories-extras.cmake
[0.608s] -- Up-to-date: /home/shaqiloheal/ros2_ws/install/custom_action_interfaces/share/custom_action_interfaces/cmake/ament_cmake_export_libraries-extras.cmake
[0.608s] -- Up-to-date: /home/shaqiloheal/ros2_ws/install/custom_action_interfaces/share/custom_action_interfaces/cmake/ament_cmake_export_targets-extras.cmake
[0.608s] -- Up-to-date: /home/shaqiloheal/ros2_ws/install/custom_action_interfaces/share/custom_action_interfaces/cmake/rosidl_cmake_export_typesupport_targets-extras.cmake
[0.608s] -- Up-to-date: /home/shaqiloheal/ros2_ws/install/custom_action_interfaces/share/custom_action_interfaces/cmake/rosidl_cmake_export_typesupport_libraries-extras.cmake
[0.608s] -- Up-to-date: /home/shaqiloheal/ros2_ws/install/custom_action_interfaces/share/custom_action_interfaces/cmake/custom_action_interfacesConfig.cmake
[0.608s] -- Up-to-date: /home/shaqiloheal/ros2_ws/install/custom_action_interfaces/share/custom_action_interfaces/cmake/custom_action_interfacesConfig-version.cmake
[0.608s] -- Up-to-date: /home/shaqiloheal/ros2_ws/install/custom_action_interfaces/share/custom_action_interfaces/package.xml
[0.615s] Invoked command in '/home/shaqiloheal/ros2_ws/build/custom_action_interfaces' returned '0': CMAKE_PREFIX_PATH=${CMAKE_PREFIX_PATH}:/home/shaqiloheal/ros2_ws/install/temperature_sensor:/home/shaqiloheal/ros2_ws/install/monitor:/home/shaqiloheal/ros2_ws/install/py_srvcli:/home/shaqiloheal/ros2_ws/install/py_pubsub:/home/shaqiloheal/ros2_ws/install/fibonacci:/opt/ros/jazzy DEBUGINFOD_URLS=https://debuginfod.ubuntu.com PS1=(ros2_env) \[\e]0;\u@\h: \w\a\]${debian_chroot:+($debian_chroot)}\[\033[01;32m\]\u@\h\[\033[00m\]:\[\033[01;34m\]\w\[\033[00m\]\$ VIRTUAL_ENV_PROMPT=(ros2_env) /usr/bin/cmake --install /home/shaqiloheal/ros2_ws/build/custom_action_interfaces
