[0.973s] Invoking command in '/home/shaqiloheal/ros2_ws/src/battery_simulator': DEBUGINFOD_URLS=https://debuginfod.ubuntu.com PS1=(ros2_env) \[\e]0;\u@\h: \w\a\]${debian_chroot:+($debian_chroot)}\[\033[01;32m\]\u@\h\[\033[00m\]:\[\033[01;34m\]\w\[\033[00m\]\$ PYTHONPATH=/home/shaqiloheal/ros2_ws/build/battery_simulator/prefix_override:/usr/lib/python3/dist-packages/colcon_core/task/python/colcon_distutils_commands:/home/shaqiloheal/ros2_ws/install/battery_simulator/lib/python3.12/site-packages:${PYTHONPATH} VIRTUAL_ENV_PROMPT=(ros2_env) /usr/bin/python3 -W ignore:setup.py install is deprecated -W ignore:easy_install command is deprecated setup.py egg_info --egg-base ../../build/battery_simulator build --build-base /home/shaqiloheal/ros2_ws/build/battery_simulator/build install --record /home/shaqiloheal/ros2_ws/build/battery_simulator/install.log --single-version-externally-managed install_data
[1.094s] running egg_info
[1.094s] creating ../../build/battery_simulator/battery_simulator.egg-info
[1.103s] writing ../../build/battery_simulator/battery_simulator.egg-info/PKG-INFO
[1.103s] writing dependency_links to ../../build/battery_simulator/battery_simulator.egg-info/dependency_links.txt
[1.103s] writing entry points to ../../build/battery_simulator/battery_simulator.egg-info/entry_points.txt
[1.103s] writing requirements to ../../build/battery_simulator/battery_simulator.egg-info/requires.txt
[1.104s] writing top-level names to ../../build/battery_simulator/battery_simulator.egg-info/top_level.txt
[1.104s] writing manifest file '../../build/battery_simulator/battery_simulator.egg-info/SOURCES.txt'
[1.122s] reading manifest file '../../build/battery_simulator/battery_simulator.egg-info/SOURCES.txt'
[1.122s] writing manifest file '../../build/battery_simulator/battery_simulator.egg-info/SOURCES.txt'
[1.122s] running build
[1.122s] running build_py
[1.122s] creating /home/shaqiloheal/ros2_ws/build/battery_simulator/build
[1.122s] creating /home/shaqiloheal/ros2_ws/build/battery_simulator/build/lib
[1.122s] creating /home/shaqiloheal/ros2_ws/build/battery_simulator/build/lib/battery_simulator
[1.122s] copying battery_simulator/battery_charge_server.py -> /home/shaqiloheal/ros2_ws/build/battery_simulator/build/lib/battery_simulator
[1.123s] copying battery_simulator/__init__.py -> /home/shaqiloheal/ros2_ws/build/battery_simulator/build/lib/battery_simulator
[1.123s] copying battery_simulator/battery_node.py -> /home/shaqiloheal/ros2_ws/build/battery_simulator/build/lib/battery_simulator
[1.123s] running install
[1.126s] running install_lib
[1.136s] creating /home/shaqiloheal/ros2_ws/install/battery_simulator/lib/python3.12/site-packages/battery_simulator
[1.136s] copying /home/shaqiloheal/ros2_ws/build/battery_simulator/build/lib/battery_simulator/battery_charge_server.py -> /home/shaqiloheal/ros2_ws/install/battery_simulator/lib/python3.12/site-packages/battery_simulator
[1.136s] copying /home/shaqiloheal/ros2_ws/build/battery_simulator/build/lib/battery_simulator/__init__.py -> /home/shaqiloheal/ros2_ws/install/battery_simulator/lib/python3.12/site-packages/battery_simulator
[1.136s] copying /home/shaqiloheal/ros2_ws/build/battery_simulator/build/lib/battery_simulator/battery_node.py -> /home/shaqiloheal/ros2_ws/install/battery_simulator/lib/python3.12/site-packages/battery_simulator
[1.137s] byte-compiling /home/shaqiloheal/ros2_ws/install/battery_simulator/lib/python3.12/site-packages/battery_simulator/battery_charge_server.py to battery_charge_server.cpython-312.pyc
[1.137s] byte-compiling /home/shaqiloheal/ros2_ws/install/battery_simulator/lib/python3.12/site-packages/battery_simulator/__init__.py to __init__.cpython-312.pyc
[1.137s] byte-compiling /home/shaqiloheal/ros2_ws/install/battery_simulator/lib/python3.12/site-packages/battery_simulator/battery_node.py to battery_node.cpython-312.pyc
[1.138s] running install_data
[1.138s] creating /home/shaqiloheal/ros2_ws/install/battery_simulator/share/ament_index
[1.138s] creating /home/shaqiloheal/ros2_ws/install/battery_simulator/share/ament_index/resource_index
[1.138s] creating /home/shaqiloheal/ros2_ws/install/battery_simulator/share/ament_index/resource_index/packages
[1.138s] copying resource/battery_simulator -> /home/shaqiloheal/ros2_ws/install/battery_simulator/share/ament_index/resource_index/packages
[1.138s] copying package.xml -> /home/shaqiloheal/ros2_ws/install/battery_simulator/share/battery_simulator
[1.138s] running install_egg_info
[1.147s] Copying ../../build/battery_simulator/battery_simulator.egg-info to /home/shaqiloheal/ros2_ws/install/battery_simulator/lib/python3.12/site-packages/battery_simulator-0.0.0-py3.12.egg-info
[1.148s] running install_scripts
[1.210s] Installing battery_charge_server script to /home/shaqiloheal/ros2_ws/install/battery_simulator/lib/battery_simulator
[1.210s] Installing battery_node script to /home/shaqiloheal/ros2_ws/install/battery_simulator/lib/battery_simulator
[1.210s] writing list of installed files to '/home/shaqiloheal/ros2_ws/build/battery_simulator/install.log'
[1.236s] Invoked command in '/home/shaqiloheal/ros2_ws/src/battery_simulator' returned '0': DEBUGINFOD_URLS=https://debuginfod.ubuntu.com PS1=(ros2_env) \[\e]0;\u@\h: \w\a\]${debian_chroot:+($debian_chroot)}\[\033[01;32m\]\u@\h\[\033[00m\]:\[\033[01;34m\]\w\[\033[00m\]\$ PYTHONPATH=/home/shaqiloheal/ros2_ws/build/battery_simulator/prefix_override:/usr/lib/python3/dist-packages/colcon_core/task/python/colcon_distutils_commands:/home/shaqiloheal/ros2_ws/install/battery_simulator/lib/python3.12/site-packages:${PYTHONPATH} VIRTUAL_ENV_PROMPT=(ros2_env) /usr/bin/python3 -W ignore:setup.py install is deprecated -W ignore:easy_install command is deprecated setup.py egg_info --egg-base ../../build/battery_simulator build --build-base /home/shaqiloheal/ros2_ws/build/battery_simulator/build install --record /home/shaqiloheal/ros2_ws/build/battery_simulator/install.log --single-version-externally-managed install_data
