/home/shaqiloheal/ros2_ws/install/monitor/lib/python3.12/site-packages/monitor/monitor_fibonacci.py
/home/shaqiloheal/ros2_ws/install/monitor/lib/python3.12/site-packages/monitor/battery_node_monitor_online.py
/home/shaqiloheal/ros2_ws/install/monitor/lib/python3.12/site-packages/monitor/cmd_vel_monitor.py
/home/shaqiloheal/ros2_ws/install/monitor/lib/python3.12/site-packages/monitor/monitor_action.py
/home/shaqiloheal/ros2_ws/install/monitor/lib/python3.12/site-packages/monitor/monitor_battery_status.py
/home/shaqiloheal/ros2_ws/install/monitor/lib/python3.12/site-packages/monitor/monitor_services.py
/home/shaqiloheal/ros2_ws/install/monitor/lib/python3.12/site-packages/monitor/monitor_pubsub.py
/home/shaqiloheal/ros2_ws/install/monitor/lib/python3.12/site-packages/monitor/monitor_temperature.py
/home/shaqiloheal/ros2_ws/install/monitor/lib/python3.12/site-packages/monitor/__init__.py
/home/shaqiloheal/ros2_ws/install/monitor/lib/python3.12/site-packages/monitor/monitor_bat.py
/home/shaqiloheal/ros2_ws/install/monitor/lib/python3.12/site-packages/monitor/charge_monitor.py
/home/shaqiloheal/ros2_ws/install/monitor/lib/python3.12/site-packages/monitor/monitor_battery.py
/home/shaqiloheal/ros2_ws/install/monitor/lib/python3.12/site-packages/monitor/charge_monitor_online.py
/home/shaqiloheal/ros2_ws/install/monitor/lib/python3.12/site-packages/monitor/battery_node_monitor.py
/home/shaqiloheal/ros2_ws/install/monitor/lib/python3.12/site-packages/monitor/monitor_0.py
/home/shaqiloheal/ros2_ws/install/monitor/lib/python3.12/site-packages/monitor/monitor_everything.py
/home/shaqiloheal/ros2_ws/install/monitor/lib/python3.12/site-packages/monitor/__pycache__/monitor_fibonacci.cpython-312.pyc
/home/shaqiloheal/ros2_ws/install/monitor/lib/python3.12/site-packages/monitor/__pycache__/battery_node_monitor_online.cpython-312.pyc
/home/shaqiloheal/ros2_ws/install/monitor/lib/python3.12/site-packages/monitor/__pycache__/cmd_vel_monitor.cpython-312.pyc
/home/shaqiloheal/ros2_ws/install/monitor/lib/python3.12/site-packages/monitor/__pycache__/monitor_action.cpython-312.pyc
/home/shaqiloheal/ros2_ws/install/monitor/lib/python3.12/site-packages/monitor/__pycache__/monitor_battery_status.cpython-312.pyc
/home/shaqiloheal/ros2_ws/install/monitor/lib/python3.12/site-packages/monitor/__pycache__/monitor_services.cpython-312.pyc
/home/shaqiloheal/ros2_ws/install/monitor/lib/python3.12/site-packages/monitor/__pycache__/monitor_pubsub.cpython-312.pyc
/home/shaqiloheal/ros2_ws/install/monitor/lib/python3.12/site-packages/monitor/__pycache__/monitor_temperature.cpython-312.pyc
/home/shaqiloheal/ros2_ws/install/monitor/lib/python3.12/site-packages/monitor/__pycache__/__init__.cpython-312.pyc
/home/shaqiloheal/ros2_ws/install/monitor/lib/python3.12/site-packages/monitor/__pycache__/monitor_bat.cpython-312.pyc
/home/shaqiloheal/ros2_ws/install/monitor/lib/python3.12/site-packages/monitor/__pycache__/charge_monitor.cpython-312.pyc
/home/shaqiloheal/ros2_ws/install/monitor/lib/python3.12/site-packages/monitor/__pycache__/monitor_battery.cpython-312.pyc
/home/shaqiloheal/ros2_ws/install/monitor/lib/python3.12/site-packages/monitor/__pycache__/charge_monitor_online.cpython-312.pyc
/home/shaqiloheal/ros2_ws/install/monitor/lib/python3.12/site-packages/monitor/__pycache__/battery_node_monitor.cpython-312.pyc
/home/shaqiloheal/ros2_ws/install/monitor/lib/python3.12/site-packages/monitor/__pycache__/monitor_0.cpython-312.pyc
/home/shaqiloheal/ros2_ws/install/monitor/lib/python3.12/site-packages/monitor/__pycache__/monitor_everything.cpython-312.pyc
/home/shaqiloheal/ros2_ws/install/monitor/share/ament_index/resource_index/packages/monitor
/home/shaqiloheal/ros2_ws/install/monitor/share/monitor/package.xml
/home/shaqiloheal/ros2_ws/install/monitor/lib/python3.12/site-packages/monitor-0.0.0-py3.12.egg-info/requires.txt
/home/shaqiloheal/ros2_ws/install/monitor/lib/python3.12/site-packages/monitor-0.0.0-py3.12.egg-info/entry_points.txt
/home/shaqiloheal/ros2_ws/install/monitor/lib/python3.12/site-packages/monitor-0.0.0-py3.12.egg-info/top_level.txt
/home/shaqiloheal/ros2_ws/install/monitor/lib/python3.12/site-packages/monitor-0.0.0-py3.12.egg-info/PKG-INFO
/home/shaqiloheal/ros2_ws/install/monitor/lib/python3.12/site-packages/monitor-0.0.0-py3.12.egg-info/SOURCES.txt
/home/shaqiloheal/ros2_ws/install/monitor/lib/python3.12/site-packages/monitor-0.0.0-py3.12.egg-info/zip-safe
/home/shaqiloheal/ros2_ws/install/monitor/lib/python3.12/site-packages/monitor-0.0.0-py3.12.egg-info/dependency_links.txt
/home/shaqiloheal/ros2_ws/install/monitor/lib/monitor/battery_node_monitor
/home/shaqiloheal/ros2_ws/install/monitor/lib/monitor/battery_node_monitor_online
/home/shaqiloheal/ros2_ws/install/monitor/lib/monitor/charge_monitor
/home/shaqiloheal/ros2_ws/install/monitor/lib/monitor/charge_monitor_online
/home/shaqiloheal/ros2_ws/install/monitor/lib/monitor/cmd_vel_monitor
/home/shaqiloheal/ros2_ws/install/monitor/lib/monitor/monitor_0
/home/shaqiloheal/ros2_ws/install/monitor/lib/monitor/monitor_action
/home/shaqiloheal/ros2_ws/install/monitor/lib/monitor/monitor_bat
/home/shaqiloheal/ros2_ws/install/monitor/lib/monitor/monitor_battery
/home/shaqiloheal/ros2_ws/install/monitor/lib/monitor/monitor_battery_status
/home/shaqiloheal/ros2_ws/install/monitor/lib/monitor/monitor_everything
/home/shaqiloheal/ros2_ws/install/monitor/lib/monitor/monitor_fibonacci
/home/shaqiloheal/ros2_ws/install/monitor/lib/monitor/monitor_pubsub
/home/shaqiloheal/ros2_ws/install/monitor/lib/monitor/monitor_services
/home/shaqiloheal/ros2_ws/install/monitor/lib/monitor/monitor_temperature
