running egg_info
creating ../../build/battery/battery.egg-info
writing ../../build/battery/battery.egg-info/PKG-INFO
writing dependency_links to ../../build/battery/battery.egg-info/dependency_links.txt
writing entry points to ../../build/battery/battery.egg-info/entry_points.txt
writing requirements to ../../build/battery/battery.egg-info/requires.txt
writing top-level names to ../../build/battery/battery.egg-info/top_level.txt
writing manifest file '../../build/battery/battery.egg-info/SOURCES.txt'
reading manifest file '../../build/battery/battery.egg-info/SOURCES.txt'
adding license file 'LICENSE'
writing manifest file '../../build/battery/battery.egg-info/SOURCES.txt'
running build
running build_py
creating /home/shaqiloheal/ros2_ws/build/battery/build
creating /home/shaqiloheal/ros2_ws/build/battery/build/lib
creating /home/shaqiloheal/ros2_ws/build/battery/build/lib/battery
copying battery/battery_action_server.py -> /home/shaqiloheal/ros2_ws/build/battery/build/lib/battery
copying battery/battery_action_client.py -> /home/shaqiloheal/ros2_ws/build/battery/build/lib/battery
copying battery/__init__.py -> /home/shaqiloheal/ros2_ws/build/battery/build/lib/battery
running install
running install_lib
creating /home/shaqiloheal/ros2_ws/install/battery/lib/python3.12/site-packages/battery
copying /home/shaqiloheal/ros2_ws/build/battery/build/lib/battery/battery_action_server.py -> /home/shaqiloheal/ros2_ws/install/battery/lib/python3.12/site-packages/battery
copying /home/shaqiloheal/ros2_ws/build/battery/build/lib/battery/battery_action_client.py -> /home/shaqiloheal/ros2_ws/install/battery/lib/python3.12/site-packages/battery
copying /home/shaqiloheal/ros2_ws/build/battery/build/lib/battery/__init__.py -> /home/shaqiloheal/ros2_ws/install/battery/lib/python3.12/site-packages/battery
byte-compiling /home/shaqiloheal/ros2_ws/install/battery/lib/python3.12/site-packages/battery/battery_action_server.py to battery_action_server.cpython-312.pyc
byte-compiling /home/shaqiloheal/ros2_ws/install/battery/lib/python3.12/site-packages/battery/battery_action_client.py to battery_action_client.cpython-312.pyc
byte-compiling /home/shaqiloheal/ros2_ws/install/battery/lib/python3.12/site-packages/battery/__init__.py to __init__.cpython-312.pyc
running install_data
creating /home/shaqiloheal/ros2_ws/install/battery/share/ament_index
creating /home/shaqiloheal/ros2_ws/install/battery/share/ament_index/resource_index
creating /home/shaqiloheal/ros2_ws/install/battery/share/ament_index/resource_index/packages
copying resource/battery -> /home/shaqiloheal/ros2_ws/install/battery/share/ament_index/resource_index/packages
copying package.xml -> /home/shaqiloheal/ros2_ws/install/battery/share/battery
running install_egg_info
Copying ../../build/battery/battery.egg-info to /home/shaqiloheal/ros2_ws/install/battery/lib/python3.12/site-packages/battery-0.0.0-py3.12.egg-info
running install_scripts
Installing battery_action_client script to /home/shaqiloheal/ros2_ws/install/battery/lib/battery
Installing battery_action_server script to /home/shaqiloheal/ros2_ws/install/battery/lib/battery
writing list of installed files to '/home/shaqiloheal/ros2_ws/build/battery/install.log'
