[0.830s] Invoking command in '/home/shaqiloheal/ros2_ws/src/battery': DEBUGINFOD_URLS=https://debuginfod.ubuntu.com PS1=(ros2_env) \[\e]0;\u@\h: \w\a\]${debian_chroot:+($debian_chroot)}\[\033[01;32m\]\u@\h\[\033[00m\]:\[\033[01;34m\]\w\[\033[00m\]\$ PYTHONPATH=/home/shaqiloheal/ros2_ws/build/battery/prefix_override:/usr/lib/python3/dist-packages/colcon_core/task/python/colcon_distutils_commands:/home/shaqiloheal/ros2_ws/install/battery/lib/python3.12/site-packages:${PYTHONPATH} VIRTUAL_ENV_PROMPT=(ros2_env) /usr/bin/python3 -W ignore:setup.py install is deprecated -W ignore:easy_install command is deprecated setup.py egg_info --egg-base ../../build/battery build --build-base /home/shaqiloheal/ros2_ws/build/battery/build install --record /home/shaqiloheal/ros2_ws/build/battery/install.log --single-version-externally-managed install_data
[0.951s] running egg_info
[0.951s] creating ../../build/battery/battery.egg-info
[0.959s] writing ../../build/battery/battery.egg-info/PKG-INFO
[0.959s] writing dependency_links to ../../build/battery/battery.egg-info/dependency_links.txt
[0.959s] writing entry points to ../../build/battery/battery.egg-info/entry_points.txt
[0.959s] writing requirements to ../../build/battery/battery.egg-info/requires.txt
[0.959s] writing top-level names to ../../build/battery/battery.egg-info/top_level.txt
[0.959s] writing manifest file '../../build/battery/battery.egg-info/SOURCES.txt'
[0.975s] reading manifest file '../../build/battery/battery.egg-info/SOURCES.txt'
[0.975s] adding license file 'LICENSE'
[0.975s] writing manifest file '../../build/battery/battery.egg-info/SOURCES.txt'
[0.975s] running build
[0.975s] running build_py
[0.975s] creating /home/shaqiloheal/ros2_ws/build/battery/build
[0.975s] creating /home/shaqiloheal/ros2_ws/build/battery/build/lib
[0.975s] creating /home/shaqiloheal/ros2_ws/build/battery/build/lib/battery
[0.975s] copying battery/battery_action_server.py -> /home/shaqiloheal/ros2_ws/build/battery/build/lib/battery
[0.975s] copying battery/battery_action_client.py -> /home/shaqiloheal/ros2_ws/build/battery/build/lib/battery
[0.975s] copying battery/__init__.py -> /home/shaqiloheal/ros2_ws/build/battery/build/lib/battery
[0.975s] running install
[0.979s] running install_lib
[0.987s] creating /home/shaqiloheal/ros2_ws/install/battery/lib/python3.12/site-packages/battery
[0.987s] copying /home/shaqiloheal/ros2_ws/build/battery/build/lib/battery/battery_action_server.py -> /home/shaqiloheal/ros2_ws/install/battery/lib/python3.12/site-packages/battery
[0.987s] copying /home/shaqiloheal/ros2_ws/build/battery/build/lib/battery/battery_action_client.py -> /home/shaqiloheal/ros2_ws/install/battery/lib/python3.12/site-packages/battery
[0.987s] copying /home/shaqiloheal/ros2_ws/build/battery/build/lib/battery/__init__.py -> /home/shaqiloheal/ros2_ws/install/battery/lib/python3.12/site-packages/battery
[0.987s] byte-compiling /home/shaqiloheal/ros2_ws/install/battery/lib/python3.12/site-packages/battery/battery_action_server.py to battery_action_server.cpython-312.pyc
[0.988s] byte-compiling /home/shaqiloheal/ros2_ws/install/battery/lib/python3.12/site-packages/battery/battery_action_client.py to battery_action_client.cpython-312.pyc
[0.988s] byte-compiling /home/shaqiloheal/ros2_ws/install/battery/lib/python3.12/site-packages/battery/__init__.py to __init__.cpython-312.pyc
[0.988s] running install_data
[0.988s] creating /home/shaqiloheal/ros2_ws/install/battery/share/ament_index
[0.988s] creating /home/shaqiloheal/ros2_ws/install/battery/share/ament_index/resource_index
[0.988s] creating /home/shaqiloheal/ros2_ws/install/battery/share/ament_index/resource_index/packages
[0.988s] copying resource/battery -> /home/shaqiloheal/ros2_ws/install/battery/share/ament_index/resource_index/packages
[0.988s] copying package.xml -> /home/shaqiloheal/ros2_ws/install/battery/share/battery
[0.988s] running install_egg_info
[0.997s] Copying ../../build/battery/battery.egg-info to /home/shaqiloheal/ros2_ws/install/battery/lib/python3.12/site-packages/battery-0.0.0-py3.12.egg-info
[0.998s] running install_scripts
[1.059s] Installing battery_action_client script to /home/shaqiloheal/ros2_ws/install/battery/lib/battery
[1.059s] Installing battery_action_server script to /home/shaqiloheal/ros2_ws/install/battery/lib/battery
[1.059s] writing list of installed files to '/home/shaqiloheal/ros2_ws/build/battery/install.log'
[1.084s] Invoked command in '/home/shaqiloheal/ros2_ws/src/battery' returned '0': DEBUGINFOD_URLS=https://debuginfod.ubuntu.com PS1=(ros2_env) \[\e]0;\u@\h: \w\a\]${debian_chroot:+($debian_chroot)}\[\033[01;32m\]\u@\h\[\033[00m\]:\[\033[01;34m\]\w\[\033[00m\]\$ PYTHONPATH=/home/shaqiloheal/ros2_ws/build/battery/prefix_override:/usr/lib/python3/dist-packages/colcon_core/task/python/colcon_distutils_commands:/home/shaqiloheal/ros2_ws/install/battery/lib/python3.12/site-packages:${PYTHONPATH} VIRTUAL_ENV_PROMPT=(ros2_env) /usr/bin/python3 -W ignore:setup.py install is deprecated -W ignore:easy_install command is deprecated setup.py egg_info --egg-base ../../build/battery build --build-base /home/shaqiloheal/ros2_ws/build/battery/build install --record /home/shaqiloheal/ros2_ws/build/battery/install.log --single-version-externally-managed install_data
